SAMCEF: Running module bacon
 User requested workspace             131000000 words  (    1048 MBytes)
 Memory allocation / DB                65500000 /      65500000 words
@@@CSH:SMGINI: BACON
@@@CSH:SMGINT: PID =     2196 : Current Process ID
 Release : 18.1 (18.1-01) - Patch : c18101-170912 (LONG INTEGERS)
 Graphic driver used: Windows   
 
 >>> Sold-to info: 0001385912 <<<

 Input 1>!
 Input 1>!                    =====================================
 Input 1>!                    Programme   <BACON> : Version 18.1-01
 Input 1>!                    =====================================
 Input 1>!
 Input 1>!
 Input 1>MODE M 1
 Spy file :  9 - "Y:\NX\Rapports\T3 x 05\Intermediate\Half-Geometry-Intermediate_sim1-Solution_1.spy"
 Input 1>INPUT INIT
 Input 1>EXIT
 Input12>! $$$$$$$$$$$$$$$$$$$$$$$$$$$$$$$$$$$$$$$$$$$$$$$$$$$$$$$$$$$$$$$$$
 Input12>!
 Input12>!                     NX 12 TRANSLATOR
 Input12>!                     This file is compatible with Samcef 18 (18.0-03) and next versions
 Input12>!
 Input12>!              FEM FILE: Y:\NX\Rapports\T3 x 05\Intermediate\Half-Geometry-Intermediate_sim1.sim
 Input12>!              SIM FILE: Y:\NX\Rapports\T3 x 05\Intermediate\Half-Geometry-Intermediate_sim1.sim
 Input12>!         ANALYSIS TYPE: Samcef - Axisymmetric and Other 2D Structural
 Input12>!         SOLUTION NAME: Solution 1
 Input12>!         SOLUTION TYPE: Linear Static Analysis
 Input12>!     SOLVER INPUT FILE: Half-Geometry-Intermediate_sim1-Solution_1.dat
 Input12>!         CREATION DATE: 21-avril-2018
 Input12>!         CREATION TIME: 13:31:35
 Input12>!              HOSTNAME: ISMAELLOB5E2
 Input12>!              USERNAME: Ismael
 Input12>!
 Input12>! $$$$$$$$$$$$$$$$$$$$$$$$$$$$$$$$$$$$$$$$$$$$$$$$$$$$$$$$$$$$$$$$$
 Input12> 
 Input12>MODE M -1 LECTURE 256
 Input12>!User Prolog
 Input12>!-------------
 Input12>! No User Prolog defined for the current solution.
 Input12> 
 Input12>! Samcef Bank File: UNITS.
 Input12>! ------------------------
 Input12>.UNIT
 Input12> LENGTH 0.001 ! Unit = MilliMeter
 Input12> MASS 1 ! Unit = Kilogram
 Input12> CELSIUS
 Input12> TIME 1
 Input12> 
 Input12>! Samcef Bank File: Solution Parameters: .ALGO.
 Input12>! ---------------------------------------------
 Input12>.ALGO
 Input12> AXER 1 AXES 2
 Input12>.GEL
 Input12>TEMP 20 ! Default Temperature from Solution
 Input12> 
 Input12>! Samcef Bank File: NODES.
 Input12>! ------------------------
 Input12>.NOE
 Input12> I 2291 X 1500 Y -600 Z 0
 Input12> I 2292 X 1500 Y -500 Z 0
 Input12> I 2266 X 1442.68923 Y -600 Z 0
 Input12> I 2267 X 1389.39021 Y -600 Z 0
 Input12> I 2268 X 1339.82213 Y -600 Z 0
 Input12> I 2269 X 1293.72381 Y -600 Z 0
 Input12> I 2270 X 1250.85237 Y -600 Z 0
 Input12> I 2271 X 1210.98193 Y -600 Z 0
 Input12> I 2272 X 1173.90242 Y -600 Z 0
 Input12> I 2273 X 1139.41848 Y -600 Z 0
 Input12> I 2274 X 1107.34842 Y -600 Z 0
 Input12> I 2275 X 1077.52326 Y -600 Z 0
 Input12> I 2276 X 1049.78586 Y -600 Z 0
 Input12> I 2277 X 1023.99008 Y -600 Z 0
 Input12> I 2278 X 1023.99008 Y -500 Z 0
 Input12> I 2279 X 1049.78586 Y -500 Z 0
 Input12> I 2280 X 1077.52326 Y -500 Z 0
 Input12> I 2281 X 1107.34842 Y -500 Z 0
 Input12> I 2282 X 1139.41848 Y -500 Z 0
 Input12> I 2283 X 1173.90242 Y -500 Z 0
 Input12> I 2284 X 1210.98193 Y -500 Z 0
 Input12> I 2285 X 1250.85237 Y -500 Z 0
 Input12> I 2286 X 1293.72381 Y -500 Z 0
 Input12> I 2287 X 1339.82213 Y -500 Z 0
 Input12> I 2288 X 1389.39021 Y -500 Z 0
 Input12> I 2289 X 1442.68923 Y -500 Z 0
 Input12> I 2290 X 1500 Y -550 Z 0
 Input12> I 2242 X 1419.81644 Y -550.007974 Z 0
 Input12> I 2243 X 1064.61433 Y -526.390025 Z 0
 Input12> I 2244 X 1047.4163 Y -552.190433 Z 0
 Input12> I 2245 X 1037.86528 Y -577.919866 Z 0
 Input12> I 2246 X 1037.47724 Y -524.816249 Z 0
 Input12> I 2247 X 1016.63989 Y -526.794955 Z 0
 Input12> I 2248 X 1026.72051 Y -561.945705 Z 0
 Input12> I 2249 X 1023.13742 Y -544.316744 Z 0
 Input12> I 2250 X 1011.5117 Y -559.353367 Z 0
 Input12> I 2251 X 1016.45718 Y -576.358804 Z 0
 Input12> I 2252 X 1078.82795 Y -554.691889 Z 0
 Input12> I 2253 X 1087.96927 Y -579.54303 Z 0
 Input12> I 2254 X 1063.28454 Y -577.56457 Z 0
 Input12> I 2255 X 1096.71736 Y -528.73877 Z 0
 Input12> I 2256 X 1115.6503 Y -564.966683 Z 0
 Input12> I 2257 X 1159.35131 Y -565.18611 Z 0
 Input12> I 2258 X 1200.89112 Y -566.046769 Z 0
 Input12> I 2259 X 1250.24647 Y -567.705726 Z 0
 Input12> I 2260 X 1306.89093 Y -549.665705 Z 0
 Input12> I 2261 X 1364.24636 Y -549.944807 Z 0
 Input12> I 2262 X 1227.26798 Y -532.326901 Z 0
 Input12> I 2263 X 1265.10516 Y -529.558897 Z 0
 Input12> I 2264 X 1139.69176 Y -527.668622 Z 0
 Input12> I 2265 X 1185.62427 Y -531.9081 Z 0
 Input12> I 2203 X 547.73834 Y -328.643004 Z 0
 Input12> I 2204 X 592.612379 Y -355.567427 Z 0
 Input12> I 2205 X 634.793976 Y -380.876386 Z 0
 Input12> I 2206 X 674.444677 Y -404.666806 Z 0
 Input12> I 2207 X 711.716336 Y -427.029802 Z 0
 Input12> I 2208 X 746.751696 Y -448.051018 Z 0
 Input12> I 2209 X 779.684934 Y -467.81096 Z 0
 Input12> I 2210 X 810.642178 Y -486.385307 Z 0
 Input12> I 2211 X 839.741987 Y -503.845192 Z 0
 Input12> I 2212 X 867.095807 Y -520.257484 Z 0
 Input12> I 2213 X 892.808398 Y -535.685039 Z 0
 Input12> I 2214 X 916.978234 Y -550.186941 Z 0
 Input12> I 2215 X 939.69788 Y -563.818728 Z 0
 Input12> I 2216 X 961.054347 Y -576.632608 Z 0
 Input12> I 2217 X 981.129426 Y -588.677655 Z 0
 Input12> I 2218 X 982.658831 Y -472.25413 Z 0
 Input12> I 2219 X 964.404969 Y -443.04795 Z 0
 Input12> I 2220 X 945.190377 Y -412.304603 Z 0
 Input12> I 2221 X 924.964491 Y -379.943186 Z 0
 Input12> I 2222 X 903.674085 Y -345.878536 Z 0
 Input12> I 2223 X 881.263131 Y -310.021009 Z 0
 Input12> I 2224 X 857.672653 Y -272.276245 Z 0
 Input12> I 2225 X 832.840571 Y -232.544913 Z 0
 Input12> I 2226 X 806.701537 Y -190.72246 Z 0
 Input12> I 2227 X 779.186765 Y -146.698824 Z 0
 Input12> I 2228 X 750.223847 Y -100.358155 Z 0
 Input12> I 2229 X 719.736564 Y -51.5785029 Z 0
 Input12> I 2230 X 687.644688 Y -0.231501082 Z 0
 Input12> I 2231 X 653.863766 Y 53.8179745 Z 0
 Input12> I 2232 X 618.3049 Y 110.712159 Z 0
 Input12> I 2233 X 580.874516 Y 170.600775 Z 0
 Input12> I 2234 X 541.474111 Y 233.641423 Z 0
 Input12> I 2154 X 979.046308 Y -507.300245 Z 0
 Input12> I 2155 X 955.128515 Y -489.861847 Z 0
 Input12> I 2156 X 922.498086 Y -474.005419 Z 0
 Input12> I 2157 X 887.499266 Y -455.924555 Z 0
 Input12> I 2158 X 851.149817 Y -437.26914 Z 0
 Input12> I 2159 X 802.651371 Y -424.266954 Z 0
 Input12> I 2160 X 757.779423 Y -394.836047 Z 0
 Input12> I 2161 X 711.234368 Y -369.263549 Z 0
 Input12> I 2162 X 655.966026 Y -343.00554 Z 0
 Input12> I 2163 X 604.150002 Y -302.003973 Z 0
 Input12> I 2164 X 552.205173 Y -270.873792 Z 0
 Input12> I 2165 X 924.012932 Y -515.846047 Z 0
 Input12> I 2166 X 883.316631 Y -496.478581 Z 0
 Input12> I 2167 X 818.902008 Y -458.227078 Z 0
 Input12> I 2168 X 848.260015 Y -472.954928 Z 0
 Input12> I 2169 X 939.857828 Y -541.105314 Z 0
 Input12> I 2170 X 956.67214 Y -523.21563 Z 0
 Input12> I 2171 X 959.986222 Y -549.759533 Z 0
 Input12> I 2172 X 982.843858 Y -560.067115 Z 0
 Input12> I 2173 X 979.81671 Y -533.698154 Z 0
 Input12> I 2174 X 561.446595 Y -81.1884595 Z 0
 Input12> I 2175 X 645.469877 Y -70.5257717 Z 0
 Input12> I 2176 X 596.989649 Y -21.2625967 Z 0
 Input12> I 2177 X 549.014617 Y 16.1465458 Z 0
 Input12> I 2178 X 540.528285 Y -27.3709078 Z 0
 Input12> I 2179 X 606.921715 Y 37.5718171 Z 0
 Input12> I 2180 X 552.272328 Y 68.9394029 Z 0
 Input12> I 2181 X 533.531963 Y 163.864446 Z 0
 Input12> I 2182 X 546.36073 Y 122.385376 Z 0
 Input12> I 2183 X 551.578288 Y -209.398449 Z 0
 Input12> I 2184 X 537.665042 Y -147.937295 Z 0
 Input12> I 2185 X 611.672443 Y -236.170767 Z 0
 Input12> I 2186 X 612.445514 Y -152.387949 Z 0
 Input12> I 2187 X 685.936173 Y -200.880564 Z 0
 Input12> I 2188 X 755.553013 Y -201.632128 Z 0
 Input12> I 2189 X 733.592518 Y -153.355356 Z 0
 Input12> I 2190 X 691.777184 Y -120.771741 Z 0
 Input12> I 2191 X 665.167974 Y -277.40936 Z 0
 Input12> I 2192 X 728.59782 Y -263.407702 Z 0
 Input12> I 2193 X 795.747668 Y -257.674763 Z 0
 Input12> I 2194 X 704.530233 Y -316.096289 Z 0
 Input12> I 2195 X 762.726968 Y -326.7057 Z 0
 Input12> I 2196 X 829.285325 Y -314.948391 Z 0
 Input12> I 2197 X 811.593848 Y -368.404635 Z 0
 Input12> I 2198 X 861.418739 Y -352.097434 Z 0
 Input12> I 2199 X 852.255863 Y -395.353567 Z 0
 Input12> I 2200 X 887.869335 Y -377.26334 Z 0
 Input12> I 2201 X 896.000629 Y -413.997326 Z 0
 Input12> I 2202 X 923.215037 Y -439.8218 Z 0
 Input12> I 456 X 400 Y -300 Z 0
 Input12> I 457 X 400 Y 300 Z 0
 Input12> I 2152 X 450 Y -300 Z 0
 Input12> I 2153 X 450 Y 300 Z 0
 Input12> I 2140 X 450 Y 256.538849 Z 0
 Input12> I 2141 X 450 Y 212.661693 Z 0
 Input12> I 2142 X 450 Y 168.360042 Z 0
 Input12> I 2143 X 450 Y 123.625234 Z 0
 Input12> I 2144 X 450 Y 78.4484279 Z 0
 Input12> I 2145 X 450 Y 32.820604 Z 0
 Input12> I 2146 X 450 Y -13.2674424 Z 0
 Input12> I 2147 X 450 Y -59.8251036 Z 0
 Input12> I 2148 X 450 Y -106.861963 Z 0
 Input12> I 2149 X 450 Y -154.387802 Z 0
 Input12> I 2150 X 450 Y -202.412597 Z 0
 Input12> I 2151 X 450 Y -250.946533 Z 0
 Input12> I 2557 X 0 Y 300 Z 0
 Input12> I 2558 X -2.29621264e-14 Y 250 Z 0
 Input12> I 2520 X -7.20578241e-15 Y 284.309418 Z 0
 Input12> I 2521 X -1.33306975e-14 Y 270.972424 Z 0
 Input12> I 2522 X -1.85368753e-14 Y 259.635979 Z 0
 Input12> I 2523 X 9.87888356 Y 249.804338 Z 0
 Input12> I 2524 X 20.0469817 Y 249.194944 Z 0
 Input12> I 2525 X 30.4945267 Y 248.133168 Z 0
 Input12> I 2526 X 41.2086732 Y 246.580298 Z 0
 Input12> I 2527 X 52.1730613 Y 244.495309 Z 0
 Input12> I 2528 X 63.3674744 Y 241.835817 Z 0
 Input12> I 2529 X 74.7673256 Y 238.557828 Z 0
 Input12> I 2530 X 86.3432733 Y 234.61635 Z 0
 Input12> I 2531 X 98.0606829 Y 229.965439 Z 0
 Input12> I 2532 X 109.879108 Y 224.558604 Z 0
 Input12> I 2533 X 121.751863 Y 218.349436 Z 0
 Input12> I 2534 X 133.625357 Y 211.291878 Z 0
 Input12> I 2535 X 145.438653 Y 203.341051 Z 0
 Input12> I 2536 X 157.122962 Y 194.454022 Z 0
 Input12> I 2537 X 168.601063 Y 184.590573 Z 0
 Input12> I 2538 X 179.786896 Y 173.714311 Z 0
 Input12> I 2539 X 190.585209 Y 161.793887 Z 0
 Input12> I 2540 X 200.891206 Y 148.804272 Z 0
 Input12> I 2541 X 210.59029 Y 134.728255 Z 0
 Input12> I 2542 X 359.465531 Y 300 Z 0
 Input12> I 2543 X 320.147573 Y 300 Z 0
 Input12> I 2544 X 283.021815 Y 300 Z 0
 Input12> I 2545 X 248.686794 Y 300 Z 0
 Input12> I 2546 X 217.361886 Y 300 Z 0
 Input12> I 2547 X 188.975078 Y 300 Z 0
 Input12> I 2548 X 163.275606 Y 300 Z 0
 Input12> I 2549 X 139.928633 Y 300 Z 0
 Input12> I 2550 X 118.578248 Y 300 Z 0
 Input12> I 2551 X 98.8822282 Y 300 Z 0
 Input12> I 2552 X 80.5273166 Y 300 Z 0
 Input12> I 2553 X 63.2329607 Y 300 Z 0
 Input12> I 2554 X 46.7490016 Y 300 Z 0
 Input12> I 2555 X 30.8505696 Y 300 Z 0
 Input12> I 2556 X 15.3319181 Y 300 Z 0
 Input12> I 2460 X 109.95617 Y 239.480673 Z 0
 Input12> I 2461 X 112.089682 Y 260.231497 Z 0
 Input12> I 2462 X 105.869572 Y 281.908803 Z 0
 Input12> I 2463 X 49.7572657 Y 256.886739 Z 0
 Input12> I 2464 X 45.3197034 Y 270.773831 Z 0
 Input12> I 2465 X 38.7768546 Y 285.043305 Z 0
 Input12> I 2466 X 31.6102131 Y 271.177646 Z 0
 Input12> I 2467 X 25.3588597 Y 259.305845 Z 0
 Input12> I 2468 X 37.2641329 Y 258.737942 Z 0
 Input12> I 2469 X 24.4459153 Y 284.041577 Z 0
 Input12> I 2470 X 11.2229799 Y 278.909966 Z 0
 Input12> I 2471 X 19.2032353 Y 269.920511 Z 0
 Input12> I 2472 X 14.0754115 Y 259.213036 Z 0
 Input12> I 2473 X 8.94822447 Y 267.745213 Z 0
 Input12> I 2474 X 93.7356992 Y 248.261876 Z 0
 Input12> I 2475 X 92.8919586 Y 267.424877 Z 0
 Input12> I 2476 X 82.0262931 Y 258.949569 Z 0
 Input12> I 2477 X 76.2327429 Y 248.093866 Z 0
 Input12> I 2478 X 54.3256121 Y 284.86863 Z 0
 Input12> I 2479 X 62.3646643 Y 253.173561 Z 0
 Input12> I 2480 X 70.7691436 Y 284.687149 Z 0
 Input12> I 2481 X 77.7879098 Y 270.537444 Z 0
 Input12> I 2482 X 87.7279897 Y 284.033593 Z 0
 Input12> I 2483 X 72.1090185 Y 259.794027 Z 0
 Input12> I 2484 X 61.771621 Y 268.671564 Z 0
 Input12> I 2485 X 204.685695 Y 273.013092 Z 0
 Input12> I 2486 X 190.034165 Y 244.7372 Z 0
 Input12> I 2487 X 183.218697 Y 218.815697 Z 0
 Input12> I 2488 X 175.188038 Y 200.856095 Z 0
 Input12> I 2489 X 233.553176 Y 272.735056 Z 0
 Input12> I 2490 X 220.371716 Y 246.764387 Z 0
 Input12> I 2491 X 208.165054 Y 218.21791 Z 0
 Input12> I 2492 X 204.335074 Y 193.268982 Z 0
 Input12> I 2493 X 196.978585 Y 176.423798 Z 0
 Input12> I 2494 X 300.729138 Y 260.010447 Z 0
 Input12> I 2495 X 274.554381 Y 230.253121 Z 0
 Input12> I 2496 X 258.500403 Y 199.062832 Z 0
 Input12> I 2497 X 242.249706 Y 176.218859 Z 0
 Input12> I 2498 X 223.611954 Y 155.813354 Z 0
 Input12> I 2499 X 228.018739 Y 197.710172 Z 0
 Input12> I 2500 X 205.325076 Y 164.124995 Z 0
 Input12> I 2501 X 216.478912 Y 177.319319 Z 0
 Input12> I 2502 X 238.923621 Y 223.349652 Z 0
 Input12> I 2503 X 245.736671 Y 248.67193 Z 0
 Input12> I 2504 X 264.211436 Y 268.910815 Z 0
 Input12> I 2505 X 190.924984 Y 203.570815 Z 0
 Input12> I 2506 X 185.890017 Y 188.716729 Z 0
 Input12> I 2507 X 135.577002 Y 228.386988 Z 0
 Input12> I 2508 X 143.49033 Y 247.790179 Z 0
 Input12> I 2509 X 149.368586 Y 273.161717 Z 0
 Input12> I 2510 X 126.074118 Y 279.423037 Z 0
 Input12> I 2511 X 131.181898 Y 260.782514 Z 0
 Input12> I 2512 X 120.342465 Y 230.97788 Z 0
 Input12> I 2513 X 125.465806 Y 244.565887 Z 0
 Input12> I 2514 X 154.789404 Y 231.293087 Z 0
 Input12> I 2515 X 171.185021 Y 231.767976 Z 0
 Input12> I 2516 X 176.716224 Y 273.635416 Z 0
 Input12> I 2517 X 164.090962 Y 250.213429 Z 0
 Input12> I 2518 X 148.654547 Y 214.496138 Z 0
 Input12> I 2519 X 165.098202 Y 215.450808 Z 0
 Input12> I 2375 X 227.015768 Y -104.70716 Z 0
 Input12> I 2376 X 233.471006 Y -89.39387 Z 0
 Input12> I 2377 X 238.894258 Y -73.6853677 Z 0
 Input12> I 2378 X 243.261811 Y -57.6512418 Z 0
 Input12> I 2379 X 246.554511 Y -41.3623897 Z 0
 Input12> I 2380 X 248.757813 Y -24.8907725 Z 0
 Input12> I 2381 X 249.861827 Y -8.30916031 Z 0
 Input12> I 2382 X 249.861827 Y 8.30916031 Z 0
 Input12> I 2383 X 248.757813 Y 24.8907725 Z 0
 Input12> I 2384 X 246.554511 Y 41.3623897 Z 0
 Input12> I 2385 X 243.261811 Y 57.6512418 Z 0
 Input12> I 2386 X 238.894258 Y 73.6853677 Z 0
 Input12> I 2387 X 233.471006 Y 89.39387 Z 0
 Input12> I 2388 X 227.015768 Y 104.70716 Z 0
 Input12> I 2309 X 265.955206 Y -1.68757836 Z 0
 Input12> I 2310 X 284.426708 Y 7.50603751 Z 0
 Input12> I 2311 X 304.698253 Y 19.2547312 Z 0
 Input12> I 2312 X 329.587782 Y 32.4045162 Z 0
 Input12> I 2313 X 363.058635 Y 48.5292858 Z 0
 Input12> I 2314 X 255.084637 Y -71.0926297 Z 0
 Input12> I 2315 X 274.733819 Y -66.9752861 Z 0
 Input12> I 2316 X 299.884863 Y -61.148377 Z 0
 Input12> I 2317 X 329.813412 Y -52.9811089 Z 0
 Input12> I 2318 X 362.954289 Y -40.1468079 Z 0
 Input12> I 2319 X 266.324836 Y -88.6633147 Z 0
 Input12> I 2320 X 254.163073 Y -105.228906 Z 0
 Input12> I 2321 X 256.014335 Y -127.280644 Z 0
 Input12> I 2322 X 247.93618 Y -88.0879061 Z 0
 Input12> I 2323 X 240.226189 Y -100.483277 Z 0
 Input12> I 2324 X 238.811636 Y -115.424367 Z 0
 Input12> I 2325 X 328.453325 Y -185.574005 Z 0
 Input12> I 2326 X 337.188497 Y -151.360804 Z 0
 Input12> I 2327 X 348.937328 Y -116.613572 Z 0
 Input12> I 2328 X 360.2776 Y -79.6423724 Z 0
 Input12> I 2329 X 364.388382 Y -176.721218 Z 0
 Input12> I 2330 X 353.817898 Y -211.563685 Z 0
 Input12> I 2331 X 372.872189 Y -237.90824 Z 0
 Input12> I 2332 X 369.547494 Y -144.886489 Z 0
 Input12> I 2333 X 278.08675 Y -141.973963 Z 0
 Input12> I 2334 X 303.268574 Y -161.93335 Z 0
 Input12> I 2335 X 290.892369 Y -89.2872397 Z 0
 Input12> I 2336 X 275.131131 Y -112.316116 Z 0
 Input12> I 2337 X 322.879711 Y -86.8451933 Z 0
 Input12> I 2338 X 308.024034 Y -122.92878 Z 0
 Input12> I 2339 X 259.058093 Y -52.1917998 Z 0
 Input12> I 2340 X 263.789853 Y -20.715303 Z 0
 Input12> I 2341 X 258.73519 Y -35.7664181 Z 0
 Input12> I 2342 X 283.42314 Y -15.2772602 Z 0
 Input12> I 2343 X 277.707528 Y -40.578323 Z 0
 Input12> I 2344 X 305.192904 Y -5.63372107 Z 0
 Input12> I 2345 X 304.260718 Y -32.4948749 Z 0
 Input12> I 2346 X 330.520891 Y -20.2911309 Z 0
 Input12> I 2347 X 358.7712 Y 3.80508439 Z 0
 Input12> I 2348 X 324.888722 Y 5.93228678 Z 0
 Input12> I 2349 X 363.975943 Y 134.148694 Z 0
 Input12> I 2350 X 329.602556 Y 111.661231 Z 0
 Input12> I 2351 X 298.539291 Y 93.9861472 Z 0
 Input12> I 2352 X 275.161777 Y 79.2309125 Z 0
 Input12> I 2353 X 257.014868 Y 67.241089 Z 0
 Input12> I 2354 X 253.160131 Y 87.278955 Z 0
 Input12> I 2355 X 243.573218 Y 110.516108 Z 0
 Input12> I 2356 X 262.551922 Y 131.044073 Z 0
 Input12> I 2357 X 271.109612 Y 104.990281 Z 0
 Input12> I 2358 X 299.164044 Y 164.230874 Z 0
 Input12> I 2359 X 329.169736 Y 149.983417 Z 0
 Input12> I 2360 X 276.551989 Y 150.730506 Z 0
 Input12> I 2361 X 295.168417 Y 129.394938 Z 0
 Input12> I 2362 X 325.742667 Y 185.509418 Z 0
 Input12> I 2363 X 352.79348 Y 211.228792 Z 0
 Input12> I 2364 X 361.50885 Y 174.685964 Z 0
 Input12> I 2365 X 372.669107 Y 237.859928 Z 0
 Input12> I 2366 X 265.538818 Y 17.5531908 Z 0
 Input12> I 2367 X 275.889206 Y 54.0230164 Z 0
 Input12> I 2368 X 282.420679 Y 29.9121834 Z 0
 Input12> I 2369 X 256.634806 Y 51.2638094 Z 0
 Input12> I 2370 X 262.404542 Y 36.371953 Z 0
 Input12> I 2371 X 325.981889 Y 70.2723209 Z 0
 Input12> I 2372 X 363.737272 Y 91.5765513 Z 0
 Input12> I 2373 X 301.923549 Y 45.3854881 Z 0
 Input12> I 2374 X 294.83323 Y 68.4833769 Z 0
 Input12> I 2458 X 1.42108547e-14 Y -300 Z 0
 Input12> I 2459 X -2.0728513e-13 Y -250 Z 0
 Input12> I 2429 X -7.18905972e-14 Y -280.563654 Z 0
 Input12> I 2430 X -1.45076831e-13 Y -264.04276 Z 0
 Input12> I 2431 X 17.8540354 Y -249.361606 Z 0
 Input12> I 2432 X 35.616888 Y -247.449847 Z 0
 Input12> I 2433 X 53.1978544 Y -244.274383 Z 0
 Input12> I 2434 X 70.5071518 Y -239.851471 Z 0
 Input12> I 2435 X 87.4563868 Y -234.203695 Z 0
 Input12> I 2436 X 103.959003 Y -227.359894 Z 0
 Input12> I 2437 X 119.930721 Y -219.355005 Z 0
 Input12> I 2438 X 135.289979 Y -210.229919 Z 0
 Input12> I 2439 X 149.958336 Y -200.031227 Z 0
 Input12> I 2440 X 163.860881 Y -188.811013 Z 0
 Input12> I 2441 X 176.926629 Y -176.62659 Z 0
 Input12> I 2442 X 189.088856 Y -163.540178 Z 0
 Input12> I 2443 X 200.285453 Y -149.618606 Z 0
 Input12> I 2444 X 210.459204 Y -134.932949 Z 0
 Input12> I 2445 X 358.342709 Y -300 Z 0
 Input12> I 2446 X 317.8176 Y -300 Z 0
 Input12> I 2447 X 279.337556 Y -300 Z 0
 Input12> I 2448 X 243.468893 Y -300 Z 0
 Input12> I 2449 X 210.424198 Y -300 Z 0
 Input12> I 2450 X 180.138105 Y -300 Z 0
 Input12> I 2451 X 152.368825 Y -300 Z 0
 Input12> I 2452 X 126.785894 Y -300 Z 0
 Input12> I 2453 X 103.030038 Y -300 Z 0
 Input12> I 2454 X 80.7469858 Y -300 Z 0
 Input12> I 2455 X 59.6026563 Y -300 Z 0
 Input12> I 2456 X 39.2868407 Y -300 Z 0
 Input12> I 2457 X 19.5105265 Y -300 Z 0
 Input12> I 2389 X 117.119035 Y -237.432534 Z 0
 Input12> I 2390 X 114.051587 Y -257.204484 Z 0
 Input12> I 2391 X 110.259006 Y -279.567814 Z 0
 Input12> I 2392 X 50.7715638 Y -261.891923 Z 0
 Input12> I 2393 X 45.92723 Y -281.309982 Z 0
 Input12> I 2394 X 31.7686996 Y -265.150234 Z 0
 Input12> I 2395 X 25.5620906 Y -282.601913 Z 0
 Input12> I 2396 X 15.0055799 Y -268.440576 Z 0
 Input12> I 2397 X 99.4969614 Y -244.346105 Z 0
 Input12> I 2398 X 83.4858659 Y -247.302627 Z 0
 Input12> I 2399 X 69.6382998 Y -255.727459 Z 0
 Input12> I 2400 X 91.2032643 Y -263.819846 Z 0
 Input12> I 2401 X 69.7927671 Y -278.213804 Z 0
 Input12> I 2402 X 91.1657587 Y -284.466871 Z 0
 Input12> I 2403 X 229.550039 Y -268.625535 Z 0
 Input12> I 2404 X 214.571057 Y -239.412367 Z 0
 Input12> I 2405 X 198.276799 Y -210.463937 Z 0
 Input12> I 2406 X 177.678171 Y -196.683783 Z 0
 Input12> I 2407 X 264.408392 Y -265.993372 Z 0
 Input12> I 2408 X 247.038377 Y -236.023367 Z 0
 Input12> I 2409 X 230.091029 Y -209.020356 Z 0
 Input12> I 2410 X 215.478974 Y -184.626214 Z 0
 Input12> I 2411 X 203.990038 Y -167.741976 Z 0
 Input12> I 2412 X 339.529932 Y -275.138489 Z 0
 Input12> I 2413 X 306.265696 Y -261.665266 Z 0
 Input12> I 2414 X 243.044065 Y -180.480399 Z 0
 Input12> I 2415 X 223.327948 Y -158.109612 Z 0
 Input12> I 2416 X 261.738211 Y -203.86273 Z 0
 Input12> I 2417 X 281.974145 Y -229.855579 Z 0
 Input12> I 2418 X 193.418186 Y -182.842449 Z 0
 Input12> I 2419 X 162.85601 Y -204.067027 Z 0
 Input12> I 2420 X 197.717234 Y -270.301637 Z 0
 Input12> I 2421 X 136.543779 Y -271.33204 Z 0
 Input12> I 2422 X 167.533313 Y -271.121474 Z 0
 Input12> I 2423 X 183.928676 Y -242.165832 Z 0
 Input12> I 2424 X 130.879067 Y -247.03644 Z 0
 Input12> I 2425 X 153.940469 Y -242.132676 Z 0
 Input12> I 2426 X 134.535165 Y -228.721774 Z 0
 Input12> I 2427 X 151.294949 Y -216.914916 Z 0
 Input12> I 2428 X 171.314938 Y -218.574003 Z 0
 Input12> I 2293 X 219.558258 Y 119.55825 Z 0
 Input12> I 2302 X 236.101021 Y -136.101015 Z 0
 Input12> I 2303 X 254.082286 Y -154.08228 Z 0
 Input12> I 2304 X 273.627139 Y -173.627133 Z 0
 Input12> I 2305 X 294.871544 Y -194.871539 Z 0
 Input12> I 2306 X 317.963289 Y -217.963285 Z 0
 Input12> I 2307 X 343.063011 Y -243.063009 Z 0
 Input12> I 2308 X 370.345318 Y -270.345317 Z 0
 Input12> I 2294 X 236.101021 Y 136.101015 Z 0
 Input12> I 2295 X 254.082286 Y 154.08228 Z 0
 Input12> I 2296 X 273.627139 Y 173.627133 Z 0
 Input12> I 2297 X 294.871544 Y 194.871539 Z 0
 Input12> I 2298 X 317.963289 Y 217.963285 Z 0
 Input12> I 2299 X 343.063011 Y 243.063009 Z 0
 Input12> I 2300 X 370.345318 Y 270.345317 Z 0
 Input12> I 2301 X 219.558258 Y -119.55825 Z 0
 Input12> I 2240 X 1000 Y -600 Z 0
 Input12> I 2241 X 1000 Y -500 Z 0
 Input12> I 173 X 500 Y 259.231543 Z 0
 Input12> I 174 X 500 Y 217.631078 Z 0
 Input12> I 175 X 500 Y 175.181623 Z 0
 Input12> I 176 X 500 Y 131.865852 Z 0
 Input12> I 177 X 500 Y 87.6660866 Z 0
 Input12> I 178 X 500 Y 42.5642849 Z 0
 Input12> I 179 X 500 Y -3.45796174 Z 0
 Input12> I 180 X 500 Y -50.4194379 Z 0
 Input12> I 181 X 500 Y -98.3393115 Z 0
 Input12> I 182 X 500 Y -147.237142 Z 0
 Input12> I 183 X 500 Y -197.132887 Z 0
 Input12> I 184 X 500 Y -248.046913 Z 0
 Input12> I 262 X 500 Y 300 Z 0
 Input12> I 263 X 500 Y -300 Z 0
 Input12> I 2235 X 1000 Y -587.397745 Z 0
 Input12> I 2236 X 1000 Y -573.395239 Z 0
 Input12> I 2237 X 1000 Y -557.8369 Z 0
 Input12> I 2238 X 1000 Y -540.549856 Z 0
 Input12> I 2239 X 1000 Y -521.342029 Z 0
 Input12> I 440 X 400 Y -253.846154 Z 0
 Input12> I 441 X 400 Y -207.692308 Z 0
 Input12> I 442 X 400 Y -161.538462 Z 0
 Input12> I 443 X 400 Y -115.384615 Z 0
 Input12> I 444 X 400 Y -69.2307692 Z 0
 Input12> I 445 X 400 Y -23.0769231 Z 0
 Input12> I 446 X 400 Y 23.0769231 Z 0
 Input12> I 447 X 400 Y 69.2307692 Z 0
 Input12> I 448 X 400 Y 115.384615 Z 0
 Input12> I 449 X 400 Y 161.538462 Z 0
 Input12> I 450 X 400 Y 207.692308 Z 0
 Input12> I 451 X 400 Y 253.846154 Z 0
 Input12>! Samcef Bank File: ELEMENTS.
 Input12>! ---------------------------
 Input12>.MAI
 Input12> I 3867 AT 1 0 N 262 173 2234
 Input12> I 3868 AT 1 0 N 263 2164 184
 Input12> I 3869 AT 1 0 N 263 2203 2164
 Input12> I 3870 AT 1 0 N 2203 2163 2164
 Input12> I 3871 AT 1 0 N 2204 2163 2203
 Input12> I 3872 AT 1 0 N 2161 2206 2207
 Input12> I 3873 AT 1 0 N 2161 2162 2206
 Input12> I 3874 AT 1 0 N 2204 2162 2163
 Input12> I 3875 AT 1 0 N 2162 2205 2206
 Input12> I 3876 AT 1 0 N 2162 2204 2205
 Input12> I 3877 AT 1 0 N 2207 2160 2161
 Input12> I 3878 AT 1 0 N 2160 2208 2159
 Input12> I 3879 AT 1 0 N 2160 2207 2208
 Input12> I 3880 AT 1 0 N 2166 2156 2157
 Input12> I 3881 AT 1 0 N 2165 2166 2213
 Input12> I 3882 AT 1 0 N 2156 2165 2155
 Input12> I 3883 AT 1 0 N 2156 2166 2165
 Input12> I 3884 AT 1 0 N 2167 2209 2210
 Input12> I 3885 AT 1 0 N 2209 2159 2208
 Input12> I 3886 AT 1 0 N 2209 2167 2159
 Input12> I 3887 AT 1 0 N 2158 2167 2168
 Input12> I 3888 AT 1 0 N 2158 2159 2167
 Input12> I 3889 AT 1 0 N 2168 2210 2211
 Input12> I 3890 AT 1 0 N 2168 2167 2210
 Input12> I 3891 AT 1 0 N 2166 2212 2213
 Input12> I 3892 AT 1 0 N 2157 2168 2166
 Input12> I 3893 AT 1 0 N 2157 2158 2168
 Input12> I 3894 AT 1 0 N 2166 2211 2212
 Input12> I 3895 AT 1 0 N 2166 2168 2211
 Input12> I 3896 AT 1 0 N 2155 2170 2154
 Input12> I 3897 AT 1 0 N 2214 2165 2213
 Input12> I 3898 AT 1 0 N 2169 2165 2214
 Input12> I 3899 AT 1 0 N 2165 2170 2155
 Input12> I 3900 AT 1 0 N 2165 2169 2170
 Input12> I 3901 AT 1 0 N 2215 2169 2214
 Input12> I 3902 AT 1 0 N 2169 2171 2170
 Input12> I 3903 AT 1 0 N 2171 2215 2216
 Input12> I 3904 AT 1 0 N 2171 2169 2215
 Input12> I 3905 AT 1 0 N 2216 2172 2171
 Input12> I 3906 AT 1 0 N 2217 2172 2216
 Input12> I 3907 AT 1 0 N 2217 2236 2172
 Input12> I 3908 AT 1 0 N 2235 2217 2240
 Input12> I 3909 AT 1 0 N 2235 2236 2217
 Input12> I 3910 AT 1 0 N 2173 2154 2170
 Input12> I 3911 AT 1 0 N 2239 2173 2238
 Input12> I 3912 AT 1 0 N 2239 2154 2173
 Input12> I 3913 AT 1 0 N 2171 2173 2170
 Input12> I 3914 AT 1 0 N 2171 2172 2173
 Input12> I 3915 AT 1 0 N 2237 2172 2236
 Input12> I 3916 AT 1 0 N 2172 2238 2173
 Input12> I 3917 AT 1 0 N 2172 2237 2238
 Input12> I 3918 AT 1 0 N 2241 2154 2239
 Input12> I 3919 AT 1 0 N 179 2177 178
 Input12> I 3920 AT 1 0 N 2176 2174 2175
 Input12> I 3921 AT 1 0 N 2178 179 180
 Input12> I 3922 AT 1 0 N 2177 2178 2176
 Input12> I 3923 AT 1 0 N 2177 179 2178
 Input12> I 3924 AT 1 0 N 2178 2174 2176
 Input12> I 3925 AT 1 0 N 2174 180 181
 Input12> I 3926 AT 1 0 N 2174 2178 180
 Input12> I 3927 AT 1 0 N 2175 2230 2176
 Input12> I 3928 AT 1 0 N 2175 2229 2230
 Input12> I 3929 AT 1 0 N 2176 2179 2177
 Input12> I 3930 AT 1 0 N 2179 2230 2231
 Input12> I 3931 AT 1 0 N 2179 2176 2230
 Input12> I 3932 AT 1 0 N 178 2180 177
 Input12> I 3933 AT 1 0 N 2180 2177 2179
 Input12> I 3934 AT 1 0 N 2180 178 2177
 Input12> I 3935 AT 1 0 N 174 2234 173
 Input12> I 3936 AT 1 0 N 2181 175 176
 Input12> I 3937 AT 1 0 N 2234 2181 2233
 Input12> I 3938 AT 1 0 N 175 2234 174
 Input12> I 3939 AT 1 0 N 175 2181 2234
 Input12> I 3940 AT 1 0 N 2182 177 2180
 Input12> I 3941 AT 1 0 N 176 2182 2181
 Input12> I 3942 AT 1 0 N 176 177 2182
 Input12> I 3943 AT 1 0 N 2232 2179 2231
 Input12> I 3944 AT 1 0 N 2233 2182 2232
 Input12> I 3945 AT 1 0 N 2233 2181 2182
 Input12> I 3946 AT 1 0 N 2232 2180 2179
 Input12> I 3947 AT 1 0 N 2232 2182 2180
 Input12> I 3948 AT 1 0 N 2183 184 2164
 Input12> I 3949 AT 1 0 N 181 2184 2174
 Input12> I 3950 AT 1 0 N 2183 183 184
 Input12> I 3951 AT 1 0 N 2184 183 2183
 Input12> I 3952 AT 1 0 N 182 2184 181
 Input12> I 3953 AT 1 0 N 182 183 2184
 Input12> I 3954 AT 1 0 N 2174 2186 2175
 Input12> I 3955 AT 1 0 N 2185 2164 2163
 Input12> I 3956 AT 1 0 N 2185 2183 2164
 Input12> I 3957 AT 1 0 N 2184 2186 2174
 Input12> I 3958 AT 1 0 N 2186 2183 2185
 Input12> I 3959 AT 1 0 N 2186 2184 2183
 Input12> I 3960 AT 1 0 N 2227 2188 2226
 Input12> I 3961 AT 1 0 N 2189 2227 2228
 Input12> I 3962 AT 1 0 N 2188 2189 2187
 Input12> I 3963 AT 1 0 N 2188 2227 2189
 Input12> I 3964 AT 1 0 N 2187 2186 2185
 Input12> I 3965 AT 1 0 N 2228 2190 2189
 Input12> I 3966 AT 1 0 N 2190 2229 2175
 Input12> I 3967 AT 1 0 N 2190 2228 2229
 Input12> I 3968 AT 1 0 N 2186 2190 2175
 Input12> I 3969 AT 1 0 N 2190 2186 2187
 Input12> I 3970 AT 1 0 N 2189 2190 2187
 Input12> I 3971 AT 1 0 N 2185 2191 2187
 Input12> I 3972 AT 1 0 N 2191 2163 2162
 Input12> I 3973 AT 1 0 N 2191 2185 2163
 Input12> I 3974 AT 1 0 N 2192 2187 2191
 Input12> I 3975 AT 1 0 N 2192 2188 2187
 Input12> I 3976 AT 1 0 N 2193 2188 2192
 Input12> I 3977 AT 1 0 N 2226 2193 2225
 Input12> I 3978 AT 1 0 N 2226 2188 2193
 Input12> I 3979 AT 1 0 N 2191 2194 2192
 Input12> I 3980 AT 1 0 N 2194 2162 2161
 Input12> I 3981 AT 1 0 N 2194 2191 2162
 Input12> I 3982 AT 1 0 N 2192 2195 2193
 Input12> I 3983 AT 1 0 N 2194 2195 2192
 Input12> I 3984 AT 1 0 N 2195 2161 2160
 Input12> I 3985 AT 1 0 N 2195 2194 2161
 Input12> I 3986 AT 1 0 N 2224 2196 2223
 Input12> I 3987 AT 1 0 N 2196 2193 2195
 Input12> I 3988 AT 1 0 N 2193 2224 2225
 Input12> I 3989 AT 1 0 N 2193 2196 2224
 Input12> I 3990 AT 1 0 N 2195 2197 2196
 Input12> I 3991 AT 1 0 N 2197 2160 2159
 Input12> I 3992 AT 1 0 N 2197 2195 2160
 Input12> I 3993 AT 1 0 N 2198 2196 2197
 Input12> I 3994 AT 1 0 N 2223 2198 2222
 Input12> I 3995 AT 1 0 N 2223 2196 2198
 Input12> I 3996 AT 1 0 N 2197 2199 2198
 Input12> I 3997 AT 1 0 N 2199 2159 2158
 Input12> I 3998 AT 1 0 N 2199 2197 2159
 Input12> I 3999 AT 1 0 N 2200 2198 2199
 Input12> I 4000 AT 1 0 N 2222 2200 2221
 Input12> I 4001 AT 1 0 N 2222 2198 2200
 Input12> I 4002 AT 1 0 N 2199 2201 2200
 Input12> I 4003 AT 1 0 N 2201 2158 2157
 Input12> I 4004 AT 1 0 N 2201 2199 2158
 Input12> I 4005 AT 1 0 N 2221 2201 2220
 Input12> I 4006 AT 1 0 N 2221 2200 2201
 Input12> I 4007 AT 1 0 N 2154 2218 2155
 Input12> I 4008 AT 1 0 N 2154 2241 2218
 Input12> I 4009 AT 1 0 N 2155 2219 2156
 Input12> I 4010 AT 1 0 N 2155 2218 2219
 Input12> I 4011 AT 1 0 N 2156 2219 2202
 Input12> I 4012 AT 1 0 N 2220 2202 2219
 Input12> I 4013 AT 1 0 N 2202 2157 2156
 Input12> I 4014 AT 1 0 N 2201 2202 2220
 Input12> I 4015 AT 1 0 N 2201 2157 2202
 Input12> I 4016 AT 2 0 N 2242 2266 2267
 Input12> I 4017 AT 2 0 N 2289 2290 2242
 Input12> I 4018 AT 2 0 N 2289 2292 2290
 Input12> I 4019 AT 2 0 N 2266 2290 2291
 Input12> I 4020 AT 2 0 N 2266 2242 2290
 Input12> I 4021 AT 2 0 N 2246 2243 2244
 Input12> I 4022 AT 2 0 N 2243 2279 2280
 Input12> I 4023 AT 2 0 N 2279 2246 2278
 Input12> I 4024 AT 2 0 N 2279 2243 2246
 Input12> I 4025 AT 2 0 N 2278 2239 2241
 Input12> I 4026 AT 2 0 N 2247 2278 2246
 Input12> I 4027 AT 2 0 N 2247 2239 2278
 Input12> I 4028 AT 2 0 N 2246 2249 2247
 Input12> I 4029 AT 2 0 N 2248 2244 2245
 Input12> I 4030 AT 2 0 N 2244 2249 2246
 Input12> I 4031 AT 2 0 N 2244 2248 2249
 Input12> I 4032 AT 2 0 N 2238 2250 2237
 Input12> I 4033 AT 2 0 N 2247 2238 2239
 Input12> I 4034 AT 2 0 N 2238 2249 2250
 Input12> I 4035 AT 2 0 N 2238 2247 2249
 Input12> I 4036 AT 2 0 N 2245 2251 2248
 Input12> I 4037 AT 2 0 N 2277 2251 2245
 Input12> I 4038 AT 2 0 N 2235 2277 2240
 Input12> I 4039 AT 2 0 N 2235 2251 2277
 Input12> I 4040 AT 2 0 N 2248 2250 2249
 Input12> I 4041 AT 2 0 N 2248 2251 2250
 Input12> I 4042 AT 2 0 N 2236 2251 2235
 Input12> I 4043 AT 2 0 N 2236 2237 2250
 Input12> I 4044 AT 2 0 N 2251 2236 2250
 Input12> I 4045 AT 2 0 N 2254 2275 2276
 Input12> I 4046 AT 2 0 N 2253 2254 2252
 Input12> I 4047 AT 2 0 N 2275 2253 2274
 Input12> I 4048 AT 2 0 N 2275 2254 2253
 Input12> I 4049 AT 2 0 N 2245 2276 2277
 Input12> I 4050 AT 2 0 N 2245 2254 2276
 Input12> I 4051 AT 2 0 N 2244 2254 2245
 Input12> I 4052 AT 2 0 N 2252 2244 2243
 Input12> I 4053 AT 2 0 N 2252 2254 2244
 Input12> I 4054 AT 2 0 N 2255 2243 2280
 Input12> I 4055 AT 2 0 N 2274 2256 2273
 Input12> I 4056 AT 2 0 N 2253 2256 2274
 Input12> I 4057 AT 2 0 N 2255 2252 2243
 Input12> I 4058 AT 2 0 N 2252 2256 2253
 Input12> I 4059 AT 2 0 N 2252 2255 2256
 Input12> I 4060 AT 2 0 N 2257 2273 2256
 Input12> I 4061 AT 2 0 N 2267 2261 2242
 Input12> I 4062 AT 2 0 N 2257 2272 2273
 Input12> I 4063 AT 2 0 N 2268 2261 2267
 Input12> I 4064 AT 2 0 N 2258 2272 2257
 Input12> I 4065 AT 2 0 N 2268 2260 2261
 Input12> I 4066 AT 2 0 N 2258 2271 2272
 Input12> I 4067 AT 2 0 N 2269 2260 2268
 Input12> I 4068 AT 2 0 N 2259 2271 2258
 Input12> I 4069 AT 2 0 N 2259 2270 2271
 Input12> I 4070 AT 2 0 N 2269 2259 2260
 Input12> I 4071 AT 2 0 N 2269 2270 2259
 Input12> I 4072 AT 2 0 N 2242 2288 2289
 Input12> I 4073 AT 2 0 N 2261 2288 2242
 Input12> I 4074 AT 2 0 N 2261 2287 2288
 Input12> I 4075 AT 2 0 N 2261 2260 2287
 Input12> I 4076 AT 2 0 N 2285 2262 2284
 Input12> I 4077 AT 2 0 N 2263 2260 2259
 Input12> I 4078 AT 2 0 N 2260 2286 2287
 Input12> I 4079 AT 2 0 N 2260 2263 2286
 Input12> I 4080 AT 2 0 N 2262 2263 2259
 Input12> I 4081 AT 2 0 N 2263 2285 2286
 Input12> I 4082 AT 2 0 N 2263 2262 2285
 Input12> I 4083 AT 2 0 N 2262 2258 2265
 Input12> I 4084 AT 2 0 N 2262 2259 2258
 Input12> I 4085 AT 2 0 N 2256 2264 2257
 Input12> I 4086 AT 2 0 N 2256 2255 2264
 Input12> I 4087 AT 2 0 N 2257 2265 2258
 Input12> I 4088 AT 2 0 N 2257 2264 2265
 Input12> I 4089 AT 2 0 N 2281 2255 2280
 Input12> I 4090 AT 2 0 N 2284 2265 2283
 Input12> I 4091 AT 2 0 N 2284 2262 2265
 Input12> I 4092 AT 2 0 N 2281 2264 2255
 Input12> I 4093 AT 2 0 N 2281 2282 2264
 Input12> I 4094 AT 2 0 N 2264 2283 2265
 Input12> I 4095 AT 2 0 N 2264 2282 2283
 Input12> I 3815 AT 3 0 N 262 173 2153
 Input12> I 3816 AT 3 0 N 173 2140 2153
 Input12> I 3817 AT 3 0 N 173 174 2140
 Input12> I 3818 AT 3 0 N 174 2141 2140
 Input12> I 3819 AT 3 0 N 174 175 2141
 Input12> I 3820 AT 3 0 N 175 2142 2141
 Input12> I 3821 AT 3 0 N 175 176 2142
 Input12> I 3822 AT 3 0 N 176 2143 2142
 Input12> I 3823 AT 3 0 N 176 177 2143
 Input12> I 3824 AT 3 0 N 177 2144 2143
 Input12> I 3825 AT 3 0 N 177 178 2144
 Input12> I 3826 AT 3 0 N 178 2145 2144
 Input12> I 3827 AT 3 0 N 178 179 2145
 Input12> I 3828 AT 3 0 N 179 2146 2145
 Input12> I 3829 AT 3 0 N 179 180 2146
 Input12> I 3830 AT 3 0 N 180 2147 2146
 Input12> I 3831 AT 3 0 N 180 181 2147
 Input12> I 3832 AT 3 0 N 181 2148 2147
 Input12> I 3833 AT 3 0 N 181 182 2148
 Input12> I 3834 AT 3 0 N 182 2149 2148
 Input12> I 3835 AT 3 0 N 182 183 2149
 Input12> I 3836 AT 3 0 N 183 2150 2149
 Input12> I 3837 AT 3 0 N 183 184 2150
 Input12> I 3838 AT 3 0 N 184 2151 2150
 Input12> I 3839 AT 3 0 N 184 263 2151
 Input12> I 3840 AT 3 0 N 263 2152 2151
 Input12> I 3841 AT 3 0 N 2151 2152 440
 Input12> I 3842 AT 3 0 N 2152 456 440
 Input12> I 3843 AT 3 0 N 2150 2151 441
 Input12> I 3844 AT 3 0 N 2151 440 441
 Input12> I 3845 AT 3 0 N 2149 2150 442
 Input12> I 3846 AT 3 0 N 2150 441 442
 Input12> I 3847 AT 3 0 N 2148 2149 443
 Input12> I 3848 AT 3 0 N 2149 442 443
 Input12> I 3849 AT 3 0 N 2147 2148 444
 Input12> I 3850 AT 3 0 N 2148 443 444
 Input12> I 3851 AT 3 0 N 2146 2147 445
 Input12> I 3852 AT 3 0 N 2147 444 445
 Input12> I 3853 AT 3 0 N 2145 2146 446
 Input12> I 3854 AT 3 0 N 2146 445 446
 Input12> I 3855 AT 3 0 N 2144 2145 447
 Input12> I 3856 AT 3 0 N 2145 446 447
 Input12> I 3857 AT 3 0 N 2143 2144 448
 Input12> I 3858 AT 3 0 N 2144 447 448
 Input12> I 3859 AT 3 0 N 2142 2143 449
 Input12> I 3860 AT 3 0 N 2143 448 449
 Input12> I 3861 AT 3 0 N 2141 2142 450
 Input12> I 3862 AT 3 0 N 2142 449 450
 Input12> I 3863 AT 3 0 N 2140 2141 451
 Input12> I 3864 AT 3 0 N 2141 450 451
 Input12> I 3865 AT 3 0 N 2153 2140 457
 Input12> I 3866 AT 3 0 N 2140 451 457
 Input12> I 4096 AT 4 0 N 456 2308 440
 Input12> I 4097 AT 4 0 N 2302 2321 2303
 Input12> I 4098 AT 4 0 N 2377 2322 2376
 Input12> I 4099 AT 4 0 N 2314 2322 2377
 Input12> I 4100 AT 4 0 N 2319 2314 2315
 Input12> I 4101 AT 4 0 N 2319 2322 2314
 Input12> I 4102 AT 4 0 N 2376 2323 2375
 Input12> I 4103 AT 4 0 N 2376 2322 2323
 Input12> I 4104 AT 4 0 N 2324 2375 2323
 Input12> I 4105 AT 4 0 N 2301 2324 2302
 Input12> I 4106 AT 4 0 N 2301 2375 2324
 Input12> I 4107 AT 4 0 N 2320 2322 2319
 Input12> I 4108 AT 4 0 N 2324 2321 2302
 Input12> I 4109 AT 4 0 N 2324 2320 2321
 Input12> I 4110 AT 4 0 N 2320 2323 2322
 Input12> I 4111 AT 4 0 N 2320 2324 2323
 Input12> I 4112 AT 4 0 N 2306 2330 2307
 Input12> I 4113 AT 4 0 N 2330 2325 2329
 Input12> I 4114 AT 4 0 N 2330 2306 2325
 Input12> I 4115 AT 4 0 N 441 2329 442
 Input12> I 4116 AT 4 0 N 2331 2307 2330
 Input12> I 4117 AT 4 0 N 2308 2331 440
 Input12> I 4118 AT 4 0 N 2308 2307 2331
 Input12> I 4119 AT 4 0 N 2331 441 440
 Input12> I 4120 AT 4 0 N 441 2330 2329
 Input12> I 4121 AT 4 0 N 441 2331 2330
 Input12> I 4122 AT 4 0 N 2326 2329 2325
 Input12> I 4123 AT 4 0 N 444 2318 445
 Input12> I 4124 AT 4 0 N 2332 2329 2326
 Input12> I 4125 AT 4 0 N 442 2332 443
 Input12> I 4126 AT 4 0 N 442 2329 2332
 Input12> I 4127 AT 4 0 N 2327 2332 2326
 Input12> I 4128 AT 4 0 N 444 2328 2318
 Input12> I 4129 AT 4 0 N 444 443 2328
 Input12> I 4130 AT 4 0 N 2327 443 2332
 Input12> I 4131 AT 4 0 N 2327 2328 443
 Input12> I 4132 AT 4 0 N 2305 2325 2306
 Input12> I 4133 AT 4 0 N 2334 2305 2304
 Input12> I 4134 AT 4 0 N 2334 2325 2305
 Input12> I 4135 AT 4 0 N 2333 2303 2321
 Input12> I 4136 AT 4 0 N 2304 2333 2334
 Input12> I 4137 AT 4 0 N 2304 2303 2333
 Input12> I 4138 AT 4 0 N 2335 2315 2316
 Input12> I 4139 AT 4 0 N 2335 2319 2315
 Input12> I 4140 AT 4 0 N 2321 2336 2333
 Input12> I 4141 AT 4 0 N 2320 2336 2321
 Input12> I 4142 AT 4 0 N 2336 2319 2335
 Input12> I 4143 AT 4 0 N 2336 2320 2319
 Input12> I 4144 AT 4 0 N 2316 2337 2335
 Input12> I 4145 AT 4 0 N 2316 2317 2337
 Input12> I 4146 AT 4 0 N 2333 2338 2334
 Input12> I 4147 AT 4 0 N 2333 2336 2338
 Input12> I 4148 AT 4 0 N 2338 2335 2337
 Input12> I 4149 AT 4 0 N 2338 2336 2335
 Input12> I 4150 AT 4 0 N 2334 2326 2325
 Input12> I 4151 AT 4 0 N 2334 2338 2326
 Input12> I 4152 AT 4 0 N 2338 2327 2326
 Input12> I 4153 AT 4 0 N 2338 2337 2327
 Input12> I 4154 AT 4 0 N 2328 2317 2318
 Input12> I 4155 AT 4 0 N 2337 2328 2327
 Input12> I 4156 AT 4 0 N 2337 2317 2328
 Input12> I 4157 AT 4 0 N 2379 2341 2339
 Input12> I 4158 AT 4 0 N 2379 2380 2341
 Input12> I 4159 AT 4 0 N 2340 2381 2309
 Input12> I 4160 AT 4 0 N 2380 2340 2341
 Input12> I 4161 AT 4 0 N 2380 2381 2340
 Input12> I 4162 AT 4 0 N 2342 2309 2310
 Input12> I 4163 AT 4 0 N 2342 2340 2309
 Input12> I 4164 AT 4 0 N 2339 2343 2315
 Input12> I 4165 AT 4 0 N 2341 2343 2339
 Input12> I 4166 AT 4 0 N 2343 2340 2342
 Input12> I 4167 AT 4 0 N 2343 2341 2340
 Input12> I 4168 AT 4 0 N 2344 2310 2311
 Input12> I 4169 AT 4 0 N 2344 2342 2310
 Input12> I 4170 AT 4 0 N 2345 2342 2344
 Input12> I 4171 AT 4 0 N 2345 2343 2342
 Input12> I 4172 AT 4 0 N 2343 2316 2315
 Input12> I 4173 AT 4 0 N 2343 2345 2316
 Input12> I 4174 AT 4 0 N 2345 2317 2316
 Input12> I 4175 AT 4 0 N 2345 2346 2317
 Input12> I 4176 AT 4 0 N 445 2347 446
 Input12> I 4177 AT 4 0 N 445 2318 2347
 Input12> I 4178 AT 4 0 N 2346 2318 2317
 Input12> I 4179 AT 4 0 N 2346 2347 2318
 Input12> I 4180 AT 4 0 N 446 2313 447
 Input12> I 4181 AT 4 0 N 446 2347 2313
 Input12> I 4182 AT 4 0 N 2347 2312 2313
 Input12> I 4183 AT 4 0 N 2348 2347 2346
 Input12> I 4184 AT 4 0 N 2348 2312 2347
 Input12> I 4185 AT 4 0 N 2311 2348 2344
 Input12> I 4186 AT 4 0 N 2311 2312 2348
 Input12> I 4187 AT 4 0 N 2344 2346 2345
 Input12> I 4188 AT 4 0 N 2344 2348 2346
 Input12> I 4189 AT 4 0 N 2378 2314 2377
 Input12> I 4190 AT 4 0 N 2339 2378 2379
 Input12> I 4191 AT 4 0 N 2314 2339 2315
 Input12> I 4192 AT 4 0 N 2314 2378 2339
 Input12> I 4193 AT 4 0 N 457 451 2300
 Input12> I 4194 AT 4 0 N 2387 2355 2354
 Input12> I 4195 AT 4 0 N 2388 2355 2387
 Input12> I 4196 AT 4 0 N 2355 2293 2294
 Input12> I 4197 AT 4 0 N 2355 2388 2293
 Input12> I 4198 AT 4 0 N 2356 2294 2295
 Input12> I 4199 AT 4 0 N 2354 2357 2352
 Input12> I 4200 AT 4 0 N 2354 2355 2357
 Input12> I 4201 AT 4 0 N 2356 2355 2294
 Input12> I 4202 AT 4 0 N 2356 2357 2355
 Input12> I 4203 AT 4 0 N 2360 2296 2358
 Input12> I 4204 AT 4 0 N 2295 2360 2356
 Input12> I 4205 AT 4 0 N 2295 2296 2360
 Input12> I 4206 AT 4 0 N 2350 2359 2349
 Input12> I 4207 AT 4 0 N 2361 2359 2350
 Input12> I 4208 AT 4 0 N 2358 2361 2360
 Input12> I 4209 AT 4 0 N 2358 2359 2361
 Input12> I 4210 AT 4 0 N 2351 2361 2350
 Input12> I 4211 AT 4 0 N 2357 2351 2352
 Input12> I 4212 AT 4 0 N 2357 2361 2351
 Input12> I 4213 AT 4 0 N 2361 2356 2360
 Input12> I 4214 AT 4 0 N 2361 2357 2356
 Input12> I 4215 AT 4 0 N 2362 2297 2298
 Input12> I 4216 AT 4 0 N 2358 2362 2359
 Input12> I 4217 AT 4 0 N 2297 2358 2296
 Input12> I 4218 AT 4 0 N 2297 2362 2358
 Input12> I 4219 AT 4 0 N 2359 2364 2349
 Input12> I 4220 AT 4 0 N 2359 2362 2364
 Input12> I 4221 AT 4 0 N 2362 2363 2364
 Input12> I 4222 AT 4 0 N 2363 2298 2299
 Input12> I 4223 AT 4 0 N 2363 2362 2298
 Input12> I 4224 AT 4 0 N 449 2364 450
 Input12> I 4225 AT 4 0 N 449 2349 2364
 Input12> I 4226 AT 4 0 N 2299 2365 2363
 Input12> I 4227 AT 4 0 N 2365 2300 451
 Input12> I 4228 AT 4 0 N 2365 2299 2300
 Input12> I 4229 AT 4 0 N 450 2365 451
 Input12> I 4230 AT 4 0 N 2363 450 2364
 Input12> I 4231 AT 4 0 N 2363 2365 450
 Input12> I 4232 AT 4 0 N 2354 2386 2387
 Input12> I 4233 AT 4 0 N 2386 2353 2385
 Input12> I 4234 AT 4 0 N 2353 2354 2352
 Input12> I 4235 AT 4 0 N 2353 2386 2354
 Input12> I 4236 AT 4 0 N 2366 2382 2383
 Input12> I 4237 AT 4 0 N 2382 2309 2381
 Input12> I 4238 AT 4 0 N 2309 2366 2310
 Input12> I 4239 AT 4 0 N 2309 2382 2366
 Input12> I 4240 AT 4 0 N 2383 2370 2366
 Input12> I 4241 AT 4 0 N 2384 2370 2383
 Input12> I 4242 AT 4 0 N 2384 2369 2370
 Input12> I 4243 AT 4 0 N 2369 2385 2353
 Input12> I 4244 AT 4 0 N 2369 2384 2385
 Input12> I 4245 AT 4 0 N 2366 2368 2310
 Input12> I 4246 AT 4 0 N 2367 2353 2352
 Input12> I 4247 AT 4 0 N 2370 2368 2366
 Input12> I 4248 AT 4 0 N 2367 2369 2353
 Input12> I 4249 AT 4 0 N 2370 2367 2368
 Input12> I 4250 AT 4 0 N 2370 2369 2367
 Input12> I 4251 AT 4 0 N 448 2349 449
 Input12> I 4252 AT 4 0 N 2372 2349 448
 Input12> I 4253 AT 4 0 N 2350 2372 2371
 Input12> I 4254 AT 4 0 N 2350 2349 2372
 Input12> I 4255 AT 4 0 N 2371 2313 2312
 Input12> I 4256 AT 4 0 N 2371 2372 2313
 Input12> I 4257 AT 4 0 N 447 2372 448
 Input12> I 4258 AT 4 0 N 447 2313 2372
 Input12> I 4259 AT 4 0 N 2371 2351 2350
 Input12> I 4260 AT 4 0 N 2373 2312 2311
 Input12> I 4261 AT 4 0 N 2373 2371 2312
 Input12> I 4262 AT 4 0 N 2371 2374 2351
 Input12> I 4263 AT 4 0 N 2371 2373 2374
 Input12> I 4264 AT 4 0 N 2374 2352 2351
 Input12> I 4265 AT 4 0 N 2367 2374 2373
 Input12> I 4266 AT 4 0 N 2367 2352 2374
 Input12> I 4267 AT 4 0 N 2368 2311 2310
 Input12> I 4268 AT 4 0 N 2373 2368 2367
 Input12> I 4269 AT 4 0 N 2373 2311 2368
 Input12> I 4270 AT 5 0 N 2392 2432 2433
 Input12> I 4271 AT 5 0 N 2432 2394 2431
 Input12> I 4272 AT 5 0 N 2394 2392 2393
 Input12> I 4273 AT 5 0 N 2394 2432 2392
 Input12> I 4274 AT 5 0 N 2395 2456 2457
 Input12> I 4275 AT 5 0 N 2393 2395 2394
 Input12> I 4276 AT 5 0 N 2393 2456 2395
 Input12> I 4277 AT 5 0 N 2430 2431 2396
 Input12> I 4278 AT 5 0 N 2430 2459 2431
 Input12> I 4279 AT 5 0 N 2396 2394 2395
 Input12> I 4280 AT 5 0 N 2396 2431 2394
 Input12> I 4281 AT 5 0 N 2396 2429 2430
 Input12> I 4282 AT 5 0 N 2429 2457 2458
 Input12> I 4283 AT 5 0 N 2395 2429 2396
 Input12> I 4284 AT 5 0 N 2395 2457 2429
 Input12> I 4285 AT 5 0 N 2389 2436 2437
 Input12> I 4286 AT 5 0 N 2397 2389 2390
 Input12> I 4287 AT 5 0 N 2436 2397 2435
 Input12> I 4288 AT 5 0 N 2436 2389 2397
 Input12> I 4289 AT 5 0 N 2433 2399 2392
 Input12> I 4290 AT 5 0 N 2433 2434 2399
 Input12> I 4291 AT 5 0 N 2398 2435 2397
 Input12> I 4292 AT 5 0 N 2434 2398 2399
 Input12> I 4293 AT 5 0 N 2434 2435 2398
 Input12> I 4294 AT 5 0 N 2392 2401 2393
 Input12> I 4295 AT 5 0 N 2392 2399 2401
 Input12> I 4296 AT 5 0 N 2400 2397 2390
 Input12> I 4297 AT 5 0 N 2400 2398 2397
 Input12> I 4298 AT 5 0 N 2399 2400 2401
 Input12> I 4299 AT 5 0 N 2399 2398 2400
 Input12> I 4300 AT 5 0 N 2391 2400 2390
 Input12> I 4301 AT 5 0 N 2393 2455 2456
 Input12> I 4302 AT 5 0 N 2393 2401 2455
 Input12> I 4303 AT 5 0 N 2391 2402 2400
 Input12> I 4304 AT 5 0 N 2402 2453 2454
 Input12> I 4305 AT 5 0 N 2402 2391 2453
 Input12> I 4306 AT 5 0 N 2402 2401 2400
 Input12> I 4307 AT 5 0 N 2401 2454 2455
 Input12> I 4308 AT 5 0 N 2401 2402 2454
 Input12> I 4309 AT 5 0 N 456 2445 2308
 Input12> I 4310 AT 5 0 N 2308 2412 2307
 Input12> I 4311 AT 5 0 N 2412 2445 2446
 Input12> I 4312 AT 5 0 N 2412 2308 2445
 Input12> I 4313 AT 5 0 N 2413 2447 2407
 Input12> I 4314 AT 5 0 N 2446 2413 2412
 Input12> I 4315 AT 5 0 N 2446 2447 2413
 Input12> I 4316 AT 5 0 N 2307 2413 2306
 Input12> I 4317 AT 5 0 N 2307 2412 2413
 Input12> I 4318 AT 5 0 N 2414 2303 2304
 Input12> I 4319 AT 5 0 N 2410 2415 2414
 Input12> I 4320 AT 5 0 N 2410 2411 2415
 Input12> I 4321 AT 5 0 N 2415 2443 2444
 Input12> I 4322 AT 5 0 N 2415 2411 2443
 Input12> I 4323 AT 5 0 N 2303 2415 2302
 Input12> I 4324 AT 5 0 N 2303 2414 2415
 Input12> I 4325 AT 5 0 N 2302 2444 2301
 Input12> I 4326 AT 5 0 N 2302 2415 2444
 Input12> I 4327 AT 5 0 N 2414 2409 2410
 Input12> I 4328 AT 5 0 N 2416 2414 2304
 Input12> I 4329 AT 5 0 N 2409 2416 2408
 Input12> I 4330 AT 5 0 N 2409 2414 2416
 Input12> I 4331 AT 5 0 N 2305 2416 2304
 Input12> I 4332 AT 5 0 N 2306 2417 2305
 Input12> I 4333 AT 5 0 N 2417 2413 2407
 Input12> I 4334 AT 5 0 N 2417 2306 2413
 Input12> I 4335 AT 5 0 N 2417 2416 2305
 Input12> I 4336 AT 5 0 N 2408 2417 2407
 Input12> I 4337 AT 5 0 N 2408 2416 2417
 Input12> I 4338 AT 5 0 N 2448 2407 2447
 Input12> I 4339 AT 5 0 N 2403 2407 2448
 Input12> I 4340 AT 5 0 N 2403 2408 2407
 Input12> I 4341 AT 5 0 N 2408 2404 2409
 Input12> I 4342 AT 5 0 N 2408 2403 2404
 Input12> I 4343 AT 5 0 N 2409 2405 2410
 Input12> I 4344 AT 5 0 N 2409 2404 2405
 Input12> I 4345 AT 5 0 N 2411 2442 2443
 Input12> I 4346 AT 5 0 N 2410 2418 2411
 Input12> I 4347 AT 5 0 N 2418 2405 2406
 Input12> I 4348 AT 5 0 N 2418 2410 2405
 Input12> I 4349 AT 5 0 N 2441 2418 2406
 Input12> I 4350 AT 5 0 N 2418 2442 2411
 Input12> I 4351 AT 5 0 N 2418 2441 2442
 Input12> I 4352 AT 5 0 N 2440 2419 2439
 Input12> I 4353 AT 5 0 N 2406 2440 2441
 Input12> I 4354 AT 5 0 N 2419 2406 2428
 Input12> I 4355 AT 5 0 N 2419 2440 2406
 Input12> I 4356 AT 5 0 N 2449 2403 2448
 Input12> I 4357 AT 5 0 N 2403 2420 2404
 Input12> I 4358 AT 5 0 N 2420 2449 2450
 Input12> I 4359 AT 5 0 N 2420 2403 2449
 Input12> I 4360 AT 5 0 N 2450 2422 2420
 Input12> I 4361 AT 5 0 N 2451 2422 2450
 Input12> I 4362 AT 5 0 N 2451 2421 2422
 Input12> I 4363 AT 5 0 N 2452 2421 2451
 Input12> I 4364 AT 5 0 N 2391 2452 2453
 Input12> I 4365 AT 5 0 N 2391 2421 2452
 Input12> I 4366 AT 5 0 N 2423 2420 2422
 Input12> I 4367 AT 5 0 N 2404 2423 2405
 Input12> I 4368 AT 5 0 N 2404 2420 2423
 Input12> I 4369 AT 5 0 N 2390 2421 2391
 Input12> I 4370 AT 5 0 N 2424 2421 2390
 Input12> I 4371 AT 5 0 N 2422 2425 2423
 Input12> I 4372 AT 5 0 N 2425 2421 2424
 Input12> I 4373 AT 5 0 N 2425 2422 2421
 Input12> I 4374 AT 5 0 N 2389 2424 2390
 Input12> I 4375 AT 5 0 N 2424 2426 2425
 Input12> I 4376 AT 5 0 N 2426 2389 2437
 Input12> I 4377 AT 5 0 N 2426 2424 2389
 Input12> I 4378 AT 5 0 N 2438 2426 2437
 Input12> I 4379 AT 5 0 N 2427 2439 2419
 Input12> I 4380 AT 5 0 N 2438 2427 2426
 Input12> I 4381 AT 5 0 N 2438 2439 2427
 Input12> I 4382 AT 5 0 N 2427 2425 2426
 Input12> I 4383 AT 5 0 N 2423 2428 2405
 Input12> I 4384 AT 5 0 N 2428 2406 2405
 Input12> I 4385 AT 5 0 N 2428 2427 2419
 Input12> I 4386 AT 5 0 N 2425 2428 2423
 Input12> I 4387 AT 5 0 N 2425 2427 2428
 Input12> I 4388 AT 6 0 N 2463 2526 2527
 Input12> I 4389 AT 6 0 N 2525 2467 2524
 Input12> I 4390 AT 6 0 N 2466 2464 2465
 Input12> I 4391 AT 6 0 N 2468 2526 2463
 Input12> I 4392 AT 6 0 N 2525 2468 2467
 Input12> I 4393 AT 6 0 N 2525 2526 2468
 Input12> I 4394 AT 6 0 N 2468 2466 2467
 Input12> I 4395 AT 6 0 N 2464 2468 2463
 Input12> I 4396 AT 6 0 N 2464 2466 2468
 Input12> I 4397 AT 6 0 N 2465 2469 2466
 Input12> I 4398 AT 6 0 N 2469 2555 2556
 Input12> I 4399 AT 6 0 N 2469 2465 2555
 Input12> I 4400 AT 6 0 N 2470 2520 2521
 Input12> I 4401 AT 6 0 N 2520 2556 2557
 Input12> I 4402 AT 6 0 N 2556 2470 2469
 Input12> I 4403 AT 6 0 N 2556 2520 2470
 Input12> I 4404 AT 6 0 N 2466 2471 2467
 Input12> I 4405 AT 6 0 N 2471 2469 2470
 Input12> I 4406 AT 6 0 N 2471 2466 2469
 Input12> I 4407 AT 6 0 N 2472 2467 2471
 Input12> I 4408 AT 6 0 N 2524 2472 2523
 Input12> I 4409 AT 6 0 N 2524 2467 2472
 Input12> I 4410 AT 6 0 N 2471 2473 2472
 Input12> I 4411 AT 6 0 N 2473 2470 2521
 Input12> I 4412 AT 6 0 N 2473 2471 2470
 Input12> I 4413 AT 6 0 N 2522 2473 2521
 Input12> I 4414 AT 6 0 N 2523 2522 2558
 Input12> I 4415 AT 6 0 N 2522 2472 2473
 Input12> I 4416 AT 6 0 N 2522 2523 2472
 Input12> I 4417 AT 6 0 N 2474 2460 2461
 Input12> I 4418 AT 6 0 N 2460 2531 2532
 Input12> I 4419 AT 6 0 N 2530 2477 2529
 Input12> I 4420 AT 6 0 N 2474 2531 2460
 Input12> I 4421 AT 6 0 N 2474 2530 2531
 Input12> I 4422 AT 6 0 N 2529 2477 2528
 Input12> I 4423 AT 6 0 N 2475 2461 2462
 Input12> I 4424 AT 6 0 N 2475 2474 2461
 Input12> I 4425 AT 6 0 N 2475 2476 2474
 Input12> I 4426 AT 6 0 N 2474 2477 2530
 Input12> I 4427 AT 6 0 N 2474 2476 2477
 Input12> I 4428 AT 6 0 N 2478 2465 2464
 Input12> I 4429 AT 6 0 N 2465 2554 2555
 Input12> I 4430 AT 6 0 N 2554 2478 2553
 Input12> I 4431 AT 6 0 N 2554 2465 2478
 Input12> I 4432 AT 6 0 N 2527 2479 2463
 Input12> I 4433 AT 6 0 N 2479 2528 2477
 Input12> I 4434 AT 6 0 N 2479 2527 2528
 Input12> I 4435 AT 6 0 N 2475 2481 2476
 Input12> I 4436 AT 6 0 N 2480 2552 2553
 Input12> I 4437 AT 6 0 N 2482 2475 2462
 Input12> I 4438 AT 6 0 N 2481 2482 2480
 Input12> I 4439 AT 6 0 N 2481 2475 2482
 Input12> I 4440 AT 6 0 N 2482 2552 2480
 Input12> I 4441 AT 6 0 N 2551 2482 2462
 Input12> I 4442 AT 6 0 N 2551 2552 2482
 Input12> I 4443 AT 6 0 N 2483 2476 2481
 Input12> I 4444 AT 6 0 N 2477 2483 2479
 Input12> I 4445 AT 6 0 N 2477 2476 2483
 Input12> I 4446 AT 6 0 N 2484 2464 2463
 Input12> I 4447 AT 6 0 N 2484 2478 2464
 Input12> I 4448 AT 6 0 N 2478 2480 2553
 Input12> I 4449 AT 6 0 N 2478 2484 2480
 Input12> I 4450 AT 6 0 N 2479 2484 2463
 Input12> I 4451 AT 6 0 N 2484 2481 2480
 Input12> I 4452 AT 6 0 N 2481 2484 2483
 Input12> I 4453 AT 6 0 N 2484 2479 2483
 Input12> I 4454 AT 6 0 N 457 2542 2300
 Input12> I 4455 AT 6 0 N 2300 2543 2299
 Input12> I 4456 AT 6 0 N 2300 2542 2543
 Input12> I 4457 AT 6 0 N 2494 2543 2544
 Input12> I 4458 AT 6 0 N 2299 2494 2298
 Input12> I 4459 AT 6 0 N 2299 2543 2494
 Input12> I 4460 AT 6 0 N 2495 2298 2494
 Input12> I 4461 AT 6 0 N 2495 2297 2298
 Input12> I 4462 AT 6 0 N 2496 2297 2495
 Input12> I 4463 AT 6 0 N 2297 2496 2296
 Input12> I 4464 AT 6 0 N 2294 2541 2293
 Input12> I 4465 AT 6 0 N 2294 2498 2541
 Input12> I 4466 AT 6 0 N 2296 2497 2295
 Input12> I 4467 AT 6 0 N 2296 2496 2497
 Input12> I 4468 AT 6 0 N 2295 2498 2294
 Input12> I 4469 AT 6 0 N 2295 2497 2498
 Input12> I 4470 AT 6 0 N 2539 2500 2493
 Input12> I 4471 AT 6 0 N 2539 2540 2500
 Input12> I 4472 AT 6 0 N 2492 2501 2499
 Input12> I 4473 AT 6 0 N 2501 2493 2500
 Input12> I 4474 AT 6 0 N 2501 2492 2493
 Input12> I 4475 AT 6 0 N 2498 2540 2541
 Input12> I 4476 AT 6 0 N 2499 2497 2496
 Input12> I 4477 AT 6 0 N 2501 2497 2499
 Input12> I 4478 AT 6 0 N 2498 2500 2540
 Input12> I 4479 AT 6 0 N 2501 2498 2497
 Input12> I 4480 AT 6 0 N 2501 2500 2498
 Input12> I 4481 AT 6 0 N 2491 2502 2490
 Input12> I 4482 AT 6 0 N 2502 2499 2496
 Input12> I 4483 AT 6 0 N 2499 2491 2492
 Input12> I 4484 AT 6 0 N 2499 2502 2491
 Input12> I 4485 AT 6 0 N 2503 2490 2502
 Input12> I 4486 AT 6 0 N 2545 2504 2544
 Input12> I 4487 AT 6 0 N 2545 2489 2504
 Input12> I 4488 AT 6 0 N 2503 2489 2490
 Input12> I 4489 AT 6 0 N 2503 2504 2489
 Input12> I 4490 AT 6 0 N 2495 2502 2496
 Input12> I 4491 AT 6 0 N 2504 2494 2544
 Input12> I 4492 AT 6 0 N 2495 2503 2502
 Input12> I 4493 AT 6 0 N 2504 2495 2494
 Input12> I 4494 AT 6 0 N 2504 2503 2495
 Input12> I 4495 AT 6 0 N 2546 2489 2545
 Input12> I 4496 AT 6 0 N 2486 2490 2485
 Input12> I 4497 AT 6 0 N 2486 2491 2490
 Input12> I 4498 AT 6 0 N 2485 2489 2546
 Input12> I 4499 AT 6 0 N 2485 2490 2489
 Input12> I 4500 AT 6 0 N 2491 2505 2492
 Input12> I 4501 AT 6 0 N 2487 2491 2486
 Input12> I 4502 AT 6 0 N 2487 2505 2491
 Input12> I 4503 AT 6 0 N 2493 2538 2539
 Input12> I 4504 AT 6 0 N 2537 2506 2488
 Input12> I 4505 AT 6 0 N 2506 2538 2493
 Input12> I 4506 AT 6 0 N 2506 2537 2538
 Input12> I 4507 AT 6 0 N 2488 2505 2487
 Input12> I 4508 AT 6 0 N 2488 2506 2505
 Input12> I 4509 AT 6 0 N 2492 2506 2493
 Input12> I 4510 AT 6 0 N 2492 2505 2506
 Input12> I 4511 AT 6 0 N 2549 2509 2548
 Input12> I 4512 AT 6 0 N 2549 2510 2509
 Input12> I 4513 AT 6 0 N 2462 2550 2551
 Input12> I 4514 AT 6 0 N 2550 2510 2549
 Input12> I 4515 AT 6 0 N 2550 2462 2510
 Input12> I 4516 AT 6 0 N 2509 2511 2508
 Input12> I 4517 AT 6 0 N 2509 2510 2511
 Input12> I 4518 AT 6 0 N 2532 2512 2460
 Input12> I 4519 AT 6 0 N 2533 2512 2532
 Input12> I 4520 AT 6 0 N 2507 2533 2534
 Input12> I 4521 AT 6 0 N 2507 2512 2533
 Input12> I 4522 AT 6 0 N 2513 2508 2511
 Input12> I 4523 AT 6 0 N 2507 2513 2512
 Input12> I 4524 AT 6 0 N 2507 2508 2513
 Input12> I 4525 AT 6 0 N 2460 2513 2461
 Input12> I 4526 AT 6 0 N 2460 2512 2513
 Input12> I 4527 AT 6 0 N 2461 2510 2462
 Input12> I 4528 AT 6 0 N 2511 2461 2513
 Input12> I 4529 AT 6 0 N 2511 2510 2461
 Input12> I 4530 AT 6 0 N 2547 2485 2546
 Input12> I 4531 AT 6 0 N 2547 2516 2485
 Input12> I 4532 AT 6 0 N 2516 2548 2509
 Input12> I 4533 AT 6 0 N 2516 2547 2548
 Input12> I 4534 AT 6 0 N 2516 2486 2485
 Input12> I 4535 AT 6 0 N 2514 2508 2507
 Input12> I 4536 AT 6 0 N 2514 2515 2517
 Input12> I 4537 AT 6 0 N 2486 2517 2515
 Input12> I 4538 AT 6 0 N 2486 2516 2517
 Input12> I 4539 AT 6 0 N 2517 2508 2514
 Input12> I 4540 AT 6 0 N 2509 2517 2516
 Input12> I 4541 AT 6 0 N 2509 2508 2517
 Input12> I 4542 AT 6 0 N 2507 2518 2514
 Input12> I 4543 AT 6 0 N 2518 2534 2535
 Input12> I 4544 AT 6 0 N 2518 2507 2534
 Input12> I 4545 AT 6 0 N 2519 2514 2518
 Input12> I 4546 AT 6 0 N 2519 2515 2514
 Input12> I 4547 AT 6 0 N 2515 2487 2486
 Input12> I 4548 AT 6 0 N 2515 2519 2487
 Input12> I 4549 AT 6 0 N 2519 2488 2487
 Input12> I 4550 AT 6 0 N 2488 2536 2537
 Input12> I 4551 AT 6 0 N 2519 2536 2488
 Input12> I 4552 AT 6 0 N 2536 2518 2535
 Input12> I 4553 AT 6 0 N 2536 2519 2518
 Input12>! Samcef Bank File : GROUPS.
 Input12>! --------------------------
 Input12>.SEL
  Current accuracy =  2.40000000E-01
 Input12> GROUP 1 MAILLE NOM "2d_mesh(1)_0"
 Input12> I 3867 J 4015 K 1
 Input12> GROUP 2 MAILLE NOM "2d_mesh(2)_0"
 Input12> I 4016 J 4095 K 1
 Input12> GROUP 3 MAILLE NOM "2d_mesh(3)_0"
 Input12> I 3815 J 3866 K 1
 Input12> GROUP 4 MAILLE NOM "2d_mesh(4)_0"
 Input12> I 4096 J 4269 K 1
 Input12> GROUP 5 MAILLE NOM "2d_mesh(5)_0"
 Input12> I 4270 J 4387 K 1
 Input12> GROUP 6 MAILLE NOM "2d_mesh(6)_0"
 Input12> I 4388 J 4553 K 1
 Input12> GROUP 7 MAILLE NOM "Phys_Plane Stress XY(1)"
 Input12> I 3815 J 4553 K 1
 Input12> GROUP 8 NOEUDS NOM "Fixed(1)"
 Input12> I 2240
 Input12> I 2266 J 2277 K 1
 Input12> I 2291
 Input12> GROUP 9 NOEUDS NOM "UserDefined(1)"
 Input12> I 2429
 Input12> I 2430
 Input12> I 2458
 Input12> I 2459
 Input12> I 2520
 Input12> I 2521
 Input12> I 2522
 Input12> I 2557
 Input12> I 2558
 Input12>! Samcef Bank File: MATERIALS.
 Input12>! ----------------------------
 Input12>.MAT
 Input12>! Materiau 1::Half-Geometry-Intermediate_fem1::[1]
 Input12>   I 1 BEHA "ELASTIC"
 Input12>   YT 2.1e+08  ! Young's modulus (E)
 Input12>   NT 0.3  ! Poisson's ratio (NU)
 Input12>   M 7.85e-06  !  Mass Density (Rho)
 Input12> 
 Input12>! Samcef Bank File: HYPOTHESES
 Input12>! ----------------------------
 Input12>.HYP MEMB BIDIM GROUP "2d_mesh(1)_0"
 Input12>.HYP MEMB BIDIM GROUP "2d_mesh(2)_0"
 Input12>.HYP MEMB BIDIM GROUP "2d_mesh(3)_0"
 Input12>.HYP MEMB BIDIM GROUP "2d_mesh(4)_0"
 Input12>.HYP MEMB BIDIM GROUP "2d_mesh(5)_0"
 Input12>.HYP MEMB BIDIM GROUP "2d_mesh(6)_0"
 Input12>! Samcef Bank File: Physicals Properties
 Input12>! --------------------------------------
 Input12>.PHP
 Input12>!Plane Stress XY(1)
 Input12> GROUP "Phys_Plane Stress XY(1)" THICK VAL 30 ! Thickness
 Input12>! Samcef Bank File: CONSTRAINTS.
 Input12>! ------------------------------
 Input12>.CLM ADD
 Input12>!
 Input12>! Fixed(1)
 Input12> GROUP "Fixed(1)" FIX C 1 2 3 4 5 6
 Input12> 
 Input12>!
 Input12>! UserDefined(1)
 Input12> GROUP "UserDefined(1)" FIX C 1 6
 Input12> 
 Input12>! Samcef Bank File: LOADS.
 Input12>! ------------------------
 Input12>.CLM ADD
 Input12> NOEUD 2293 CHA  C 2 V 1.09011e+06
 Input12> NOEUD 2301 CHA  C 2 V 1.09785e+06
 Input12> NOEUD 2375 CHA  C 2 V 1.05814e+06
 Input12> NOEUD 2376 CHA  C 2 V 1.05814e+06
 Input12> NOEUD 2377 CHA  C 2 V 1.05814e+06
 Input12> NOEUD 2378 CHA  C 2 V 1.05814e+06
 Input12> NOEUD 2379 CHA  C 2 V 1.05814e+06
 Input12> NOEUD 2380 CHA  C 2 V 1.05814e+06
 Input12> NOEUD 2381 CHA  C 2 V 1.05814e+06
 Input12> NOEUD 2382 CHA  C 2 V 1.05814e+06
 Input12> NOEUD 2383 CHA  C 2 V 1.05814e+06
 Input12> NOEUD 2384 CHA  C 2 V 1.05814e+06
 Input12> NOEUD 2385 CHA  C 2 V 1.05814e+06
 Input12> NOEUD 2386 CHA  C 2 V 1.05814e+06
 Input12> NOEUD 2387 CHA  C 2 V 1.05814e+06
 Input12> NOEUD 2388 CHA  C 2 V 1.05814e+06
 Input12> NOEUD 2431 CHA  C 2 V 1.13755e+06
 Input12> NOEUD 2432 CHA  C 2 V 1.13755e+06
 Input12> NOEUD 2433 CHA  C 2 V 1.13755e+06
 Input12> NOEUD 2434 CHA  C 2 V 1.13755e+06
 Input12> NOEUD 2435 CHA  C 2 V 1.13755e+06
 Input12> NOEUD 2436 CHA  C 2 V 1.13755e+06
 Input12> NOEUD 2437 CHA  C 2 V 1.13755e+06
 Input12> NOEUD 2438 CHA  C 2 V 1.13755e+06
 Input12> NOEUD 2439 CHA  C 2 V 1.13755e+06
 Input12> NOEUD 2440 CHA  C 2 V 1.13755e+06
 Input12> NOEUD 2441 CHA  C 2 V 1.13755e+06
 Input12> NOEUD 2442 CHA  C 2 V 1.13755e+06
 Input12> NOEUD 2443 CHA  C 2 V 1.13755e+06
 Input12> NOEUD 2444 CHA  C 2 V 1.13755e+06
 Input12> NOEUD 2459 CHA  C 2 V 568775
 Input12> NOEUD 2523 CHA  C 2 V 638870
 Input12> NOEUD 2524 CHA  C 2 V 658626
 Input12> NOEUD 2525 CHA  C 2 V 678993
 Input12> NOEUD 2526 CHA  C 2 V 699990
 Input12> NOEUD 2527 CHA  C 2 V 721635
 Input12> NOEUD 2528 CHA  C 2 V 743950
 Input12> NOEUD 2529 CHA  C 2 V 766954
 Input12> NOEUD 2530 CHA  C 2 V 790670
 Input12> NOEUD 2531 CHA  C 2 V 815118
 Input12> NOEUD 2532 CHA  C 2 V 840322
 Input12> NOEUD 2533 CHA  C 2 V 866305
 Input12> NOEUD 2534 CHA  C 2 V 893091
 Input12> NOEUD 2535 CHA  C 2 V 920705
 Input12> NOEUD 2536 CHA  C 2 V 949172
 Input12> NOEUD 2537 CHA  C 2 V 978519
 Input12> NOEUD 2538 CHA  C 2 V 1.00877e+06
 Input12> NOEUD 2539 CHA  C 2 V 1.03996e+06
 Input12> NOEUD 2540 CHA  C 2 V 1.07211e+06
 Input12> NOEUD 2541 CHA  C 2 V 1.10526e+06
 Input12> NOEUD 2558 CHA  C 2 V 314572
 Input12> 
 Input12> ARETE I 4098 3 PRE V 1000
 Input12> ARETE I 4102 3 PRE V 1000
 Input12> ARETE I 4106 1 PRE V 1000
 Input12> ARETE I 4158 1 PRE V 1000
 Input12> ARETE I 4161 1 PRE V 1000
 Input12> ARETE I 4189 3 PRE V 1000
 Input12> ARETE I 4190 2 PRE V 1000
 Input12> ARETE I 4195 3 PRE V 1000
 Input12> ARETE I 4197 2 PRE V 1000
 Input12> ARETE I 4232 2 PRE V 1000
 Input12> ARETE I 4233 3 PRE V 1000
 Input12> ARETE I 4236 2 PRE V 1000
 Input12> ARETE I 4237 3 PRE V 1000
 Input12> ARETE I 4241 3 PRE V 1000
 Input12> ARETE I 4244 2 PRE V 1000
 Input12> ARETE I 4270 2 PRE V 1000
 Input12> ARETE I 4271 3 PRE V 1000
 Input12> ARETE I 4278 2 PRE V 1000
 Input12> ARETE I 4285 2 PRE V 1000
 Input12> ARETE I 4287 3 PRE V 1000
 Input12> ARETE I 4290 1 PRE V 1000
 Input12> ARETE I 4293 1 PRE V 1000
 Input12> ARETE I 4321 2 PRE V 1000
 Input12> ARETE I 4325 2 PRE V 1000
 Input12> ARETE I 4345 2 PRE V 1000
 Input12> ARETE I 4351 2 PRE V 1000
 Input12> ARETE I 4352 3 PRE V 1000
 Input12> ARETE I 4353 2 PRE V 1000
 Input12> ARETE I 4378 3 PRE V 1000
 Input12> ARETE I 4381 1 PRE V 1000
 Input12> ARETE I 4388 2 PRE V 1000
 Input12> ARETE I 4389 3 PRE V 1000
 Input12> ARETE I 4393 1 PRE V 1000
 Input12> ARETE I 4408 3 PRE V 1000
 Input12> ARETE I 4414 3 PRE V 1000
 Input12> ARETE I 4418 2 PRE V 1000
 Input12> ARETE I 4419 3 PRE V 1000
 Input12> ARETE I 4421 2 PRE V 1000
 Input12> ARETE I 4422 3 PRE V 1000
 Input12> ARETE I 4434 2 PRE V 1000
 Input12> ARETE I 4464 2 PRE V 1000
 Input12> ARETE I 4471 1 PRE V 1000
 Input12> ARETE I 4475 2 PRE V 1000
 Input12> ARETE I 4503 2 PRE V 1000
 Input12> ARETE I 4506 2 PRE V 1000
 Input12> ARETE I 4519 3 PRE V 1000
 Input12> ARETE I 4520 2 PRE V 1000
 Input12> ARETE I 4543 2 PRE V 1000
 Input12> ARETE I 4550 2 PRE V 1000
 Input12> ARETE I 4552 3 PRE V 1000
 Input12> 
 Input12> STRU ACC VAL 0 -9810 0
 Input12> 
 Input12>! Samcef Bank File: Elements Attributes
 Input12>! -------------------------------------
 Input12>.AEL
 Input12> I 3867 THETA -90
 Input12> I 3868 THETA 29.1579
 Input12> I 3869 THETA -30.9638
 Input12> I 3870 THETA 25.2779
 Input12> I 3871 THETA 77.8442
 Input12> I 3872 THETA -136.1
 Input12> I 3873 THETA 154.588
 Input12> I 3874 THETA 11.2153
 Input12> I 3875 THETA -119.208
 Input12> I 3876 THETA -168.785
 Input12> I 3877 THETA 34.9499
 Input12> I 3878 THETA -101.708
 Input12> I 3879 THETA -145.05
 Input12> I 3880 THETA 29.8371
 Input12> I 3881 THETA 154.55
 Input12> I 3882 THETA -87.9265
 Input12> I 3883 THETA -150.163
 Input12> I 3884 THETA -166.267
 Input12> I 3885 THETA 62.1915
 Input12> I 3886 THETA 13.7328
 Input12> I 3887 THETA -146.98
 Input12> I 3888 THETA 164.992
 Input12> I 3889 THETA -160.352
 Input12> I 3890 THETA 153.359
 Input12> I 3891 THETA -124.3
 Input12> I 3892 THETA -156.538
 Input12> I 3893 THETA 152.832
 Input12> I 3894 THETA -170.404
 Input12> I 3895 THETA 146.138
 Input12> I 3896 THETA -87.3502
 Input12> I 3897 THETA 78.4232
 Input12> I 3898 THETA 122.1
 Input12> I 3899 THETA -12.7159
 Input12> I 3900 THETA -57.9003
 Input12> I 3901 THETA 89.5965
 Input12> I 3902 THETA -23.2653
 Input12> I 3903 THETA -145.279
 Input12> I 3904 THETA 156.735
 Input12> I 3905 THETA 37.2439
 Input12> I 3906 THETA 86.5708
 Input12> I 3907 THETA 39.0024
 Input12> I 3908 THETA -176.12
 Input12> I 3909 THETA 90
 Input12> I 3910 THETA 91.6717
 Input12> I 3911 THETA -148.525
 Input12> I 3912 THETA 146.173
 Input12> I 3913 THETA 39.0052
 Input12> I 3914 THETA -24.2729
 Input12> I 3915 THETA -172.593
 Input12> I 3916 THETA 48.6837
 Input12> I 3917 THETA 7.40664
 Input12> I 3918 THETA -160.792
 Input12> I 3919 THETA 21.8001
 Input12> I 3920 THETA -120.673
 Input12> I 3921 THETA 149.458
 Input12> I 3922 THETA -101.035
 Input12> I 3923 THETA -158.2
 Input12> I 3924 THETA -68.7594
 Input12> I 3925 THETA 153.401
 Input12> I 3926 THETA 111.241
 Input12> I 3927 THETA 59.0373
 Input12> I 3928 THETA 14.3123
 Input12> I 3929 THETA 80.418
 Input12> I 3930 THETA -25.0941
 Input12> I 3931 THETA -99.582
 Input12> I 3932 THETA 26.7742
 Input12> I 3933 THETA -93.5311
 Input12> I 3934 THETA -153.226
 Input12> I 3935 THETA 21.1082
 Input12> I 3936 THETA 161.35
 Input12> I 3937 THETA -96.4936
 Input12> I 3938 THETA 54.6463
 Input12> I 3939 THETA -18.6498
 Input12> I 3940 THETA -143.171
 Input12> I 3941 THETA -11.5573
 Input12> I 3942 THETA -90
 Input12> I 3943 THETA -98.8462
 Input12> I 3944 THETA -125.596
 Input12> I 3945 THETA -171.902
 Input12> I 3946 THETA -147.682
 Input12> I 3947 THETA 170.784
 Input12> I 3948 THETA -143.155
 Input12> I 3949 THETA -52.7867
 Input12> I 3950 THETA 166.623
 Input12> I 3951 THETA -127.438
 Input12> I 3952 THETA -1.06494
 Input12> I 3953 THETA -90
 Input12> I 3954 THETA -54.3867
 Input12> I 3955 THETA -149.734
 Input12> I 3956 THETA 155.987
 Input12> I 3957 THETA -3.40601
 Input12> I 3958 THETA -136.874
 Input12> I 3959 THETA 176.594
 Input12> I 3960 THETA -113.279
 Input12> I 3961 THETA 8.30622
 Input12> I 3962 THETA 114.46
 Input12> I 3963 THETA 66.7214
 Input12> I 3964 THETA 146.581
 Input12> I 3965 THETA -160.747
 Input12> I 3966 THETA 67.9975
 Input12> I 3967 THETA 19.2527
 Input12> I 3968 THETA 21.7289
 Input12> I 3969 THETA -158.271
 Input12> I 3970 THETA 142.073
 Input12> I 3971 THETA -37.6279
 Input12> I 3972 THETA -158.047
 Input12> I 3973 THETA 142.372
 Input12> I 3974 THETA 124.305
 Input12> I 3975 THETA 66.4264
 Input12> I 3976 THETA 125.649
 Input12> I 3977 THETA -99.2917
 Input12> I 3978 THETA -167.96
 Input12> I 3979 THETA -44.5043
 Input12> I 3980 THETA -151.009
 Input12> I 3981 THETA 135.496
 Input12> I 3982 THETA -61.6672
 Input12> I 3983 THETA -10.3317
 Input12> I 3984 THETA -140.427
 Input12> I 3985 THETA 169.668
 Input12> I 3986 THETA -123.634
 Input12> I 3987 THETA 120.352
 Input12> I 3988 THETA -13.2676
 Input12> I 3989 THETA -59.6481
 Input12> I 3990 THETA -40.4747
 Input12> I 3991 THETA -153.842
 Input12> I 3992 THETA 139.525
 Input12> I 3993 THETA 130.859
 Input12> I 3994 THETA -115.25
 Input12> I 3995 THETA -174.585
 Input12> I 3996 THETA -33.5346
 Input12> I 3997 THETA -149.763
 Input12> I 3998 THETA 146.465
 Input12> I 3999 THETA 136.426
 Input12> I 4000 THETA -116.729
 Input12> I 4001 THETA -171.628
 Input12> I 4002 THETA -23.0834
 Input12> I 4003 THETA -152.576
 Input12> I 4004 THETA 156.917
 Input12> I 4005 THETA -130.382
 Input12> I 4006 THETA 175.868
 Input12> I 4007 THETA 84.1148
 Input12> I 4008 THETA 19.2083
 Input12> I 4009 THETA 78.7917
 Input12> I 4010 THETA 32.602
 Input12> I 4011 THETA 36.454
 Input12> I 4012 THETA -128.611
 Input12> I 4013 THETA -155.731
 Input12> I 4014 THETA -43.4989
 Input12> I 4015 THETA -101.462
 Input12> 
 Input12> I 4016 THETA 65.4145
 Input12> I 4017 THETA 41.1026
 Input12> I 4018 THETA 0
 Input12> I 4019 THETA -41.1026
 Input12> I 4020 THETA -114.585
 Input12> I 4021 THETA 3.31907
 Input12> I 4022 THETA -119.331
 Input12> I 4023 THETA 116.381
 Input12> I 4024 THETA 60.6685
 Input12> I 4025 THETA 138.343
 Input12> I 4026 THETA -74.6604
 Input12> I 4027 THETA -161.856
 Input12> I 4028 THETA 126.329
 Input12> I 4029 THETA -25.2376
 Input12> I 4030 THETA -162.032
 Input12> I 4031 THETA 154.762
 Input12> I 4032 THETA 58.5246
 Input12> I 4033 THETA 140.422
 Input12> I 4034 THETA 9.24691
 Input12> I 4035 THETA -39.5779
 Input12> I 4036 THETA -175.829
 Input12> I 4037 THETA -107.674
 Input12> I 4038 THETA 27.7134
 Input12> I 4039 THETA -33.8524
 Input12> I 4040 THETA -170.327
 Input12> I 4041 THETA 125.454
 Input12> I 4042 THETA 10.2083
 Input12> I 4043 THETA -90
 Input12> I 4044 THETA -169.792
 Input12> I 4045 THETA 57.5986
 Input12> I 4046 THETA -175.418
 Input12> I 4047 THETA -62.9496
 Input12> I 4048 THETA -122.401
 Input12> I 4049 THETA 61.6364
 Input12> I 4050 THETA -0.800797
 Input12> I 4051 THETA 57.9793
 Input12> I 4052 THETA -175.447
 Input12> I 4053 THETA 124.199
 Input12> I 4054 THETA -175.816
 Input12> I 4055 THETA -76.6685
 Input12> I 4056 THETA -27.7705
 Input12> I 4057 THETA 124.578
 Input12> I 4058 THETA 15.5911
 Input12> I 4059 THETA -55.4216
 Input12> I 4060 THETA 119.793
 Input12> I 4061 THETA -116.671
 Input12> I 4062 THETA 67.3166
 Input12> I 4063 THETA -63.9901
 Input12> I 4064 THETA 128.48
 Input12> I 4065 THETA -123.195
 Input12> I 4066 THETA 73.4482
 Input12> I 4067 THETA -75.3403
 Input12> I 4068 THETA 140.563
 Input12> I 4069 THETA 88.9252
 Input12> I 4070 THETA -143.396
 Input12> I 4071 THETA 180
 Input12> I 4072 THETA -121.317
 Input12> I 4073 THETA -63.2778
 Input12> I 4074 THETA -116.06
 Input12> I 4075 THETA -179.721
 Input12> I 4076 THETA 126.113
 Input12> I 4077 THETA 25.6963
 Input12> I 4078 THETA -104.848
 Input12> I 4079 THETA -154.304
 Input12> I 4080 THETA -4.18406
 Input12> I 4081 THETA -115.743
 Input12> I 4082 THETA 175.816
 Input12> I 4083 THETA 128.034
 Input12> I 4084 THETA 56.9963
 Input12> I 4085 THETA -57.1951
 Input12> I 4086 THETA -117.592
 Input12> I 4087 THETA -51.7089
 Input12> I 4088 THETA -117.655
 Input12> I 4089 THETA 110.3
 Input12> I 4090 THETA 128.474
 Input12> I 4091 THETA 63.2614
 Input12> I 4092 THETA 40.5459
 Input12> I 4093 THETA 0
 Input12> I 4094 THETA -38.965
 Input12> I 4095 THETA -90.5659
 Input12> 
 Input12> I 3815 THETA 90
 Input12> I 3816 THETA 176.917
 Input12> I 3817 THETA 90
 Input12> I 3818 THETA 174.324
 Input12> I 3819 THETA 90
 Input12> I 3820 THETA 172.231
 Input12> I 3821 THETA 90
 Input12> I 3822 THETA 170.641
 Input12> I 3823 THETA 90
 Input12> I 3824 THETA 169.555
 Input12> I 3825 THETA 90
 Input12> I 3826 THETA 168.973
 Input12> I 3827 THETA 90
 Input12> I 3828 THETA 168.9
 Input12> I 3829 THETA 90
 Input12> I 3830 THETA 169.346
 Input12> I 3831 THETA 90
 Input12> I 3832 THETA 170.327
 Input12> I 3833 THETA 90
 Input12> I 3834 THETA 171.861
 Input12> I 3835 THETA 90
 Input12> I 3836 THETA 173.972
 Input12> I 3837 THETA 90
 Input12> I 3838 THETA 176.681
 Input12> I 3839 THETA 90
 Input12> I 3840 THETA 180
 Input12> I 3841 THETA 90
 Input12> I 3842 THETA 180
 Input12> I 3843 THETA 90
 Input12> I 3844 THETA 176.681
 Input12> I 3845 THETA 90
 Input12> I 3846 THETA 173.972
 Input12> I 3847 THETA 90
 Input12> I 3848 THETA 171.861
 Input12> I 3849 THETA 90
 Input12> I 3850 THETA 170.327
 Input12> I 3851 THETA 90
 Input12> I 3852 THETA 169.346
 Input12> I 3853 THETA 90
 Input12> I 3854 THETA 168.9
 Input12> I 3855 THETA 90
 Input12> I 3856 THETA 168.973
 Input12> I 3857 THETA 90
 Input12> I 3858 THETA 169.555
 Input12> I 3859 THETA 90
 Input12> I 3860 THETA 170.641
 Input12> I 3861 THETA 90
 Input12> I 3862 THETA 172.231
 Input12> I 3863 THETA 90
 Input12> I 3864 THETA 174.324
 Input12> I 3865 THETA 90
 Input12> I 3866 THETA 176.917
 Input12> 
 Input12> I 4096 THETA -135
 Input12> I 4097 THETA -23.8904
 Input12> I 4098 THETA 57.8794
 Input12> I 4099 THETA 112.812
 Input12> I 4100 THETA -122.608
 Input12> I 4101 THETA -178.208
 Input12> I 4102 THETA 58.652
 Input12> I 4103 THETA -5.15887
 Input12> I 4104 THETA -137.743
 Input12> I 4105 THETA -12.118
 Input12> I 4106 THETA -63.3364
 Input12> I 4107 THETA -109.965
 Input12> I 4108 THETA 34.575
 Input12> I 4109 THETA -33.5896
 Input12> I 4110 THETA -161.196
 Input12> I 4111 THETA 146.41
 Input12> I 4112 THETA -10.12
 Input12> I 4113 THETA -134.303
 Input12> I 4114 THETA 169.88
 Input12> I 4115 THETA -138.987
 Input12> I 4116 THETA 170.189
 Input12> I 4117 THETA -85.5456
 Input12> I 4118 THETA -135
 Input12> I 4119 THETA -48.0826
 Input12> I 4120 THETA 175.208
 Input12> I 4121 THETA 131.917
 Input12> I 4122 THETA 42.9956
 Input12> I 4123 THETA -141.865
 Input12> I 4124 THETA 99.2053
 Input12> I 4125 THETA -151.329
 Input12> I 4126 THETA 156.909
 Input12> I 4127 THETA 53.909
 Input12> I 4128 THETA 165.313
 Input12> I 4129 THETA 90
 Input12> I 4130 THETA -1.37871
 Input12> I 4131 THETA -72.9475
 Input12> I 4132 THETA -15.4754
 Input12> I 4133 THETA 104.302
 Input12> I 4134 THETA 43.1886
 Input12> I 4135 THETA 153.233
 Input12> I 4136 THETA -81.9804
 Input12> I 4137 THETA -135
 Input12> I 4138 THETA -125.912
 Input12> I 4139 THETA -178.545
 Input12> I 4140 THETA -38.0537
 Input12> I 4141 THETA 18.6753
 Input12> I 4142 THETA -110.421
 Input12> I 4143 THETA -161.325
 Input12> I 4144 THETA 48.1762
 Input12> I 4145 THETA -15.2639
 Input12> I 4146 THETA -32.4633
 Input12> I 4147 THETA -95.6911
 Input12> I 4148 THETA -116.987
 Input12> I 4149 THETA -162.118
 Input12> I 4150 THETA -17.3118
 Input12> I 4151 THETA -83.0488
 Input12> I 4152 THETA -8.77469
 Input12> I 4153 THETA -67.6229
 Input12> I 4154 THETA -138.809
 Input12> I 4155 THETA -10.9017
 Input12> I 4156 THETA -78.4286
 Input12> I 4157 THETA -24.6747
 Input12> I 4158 THETA -82.3811
 Input12> I 4159 THETA -138.308
 Input12> I 4160 THETA -15.5238
 Input12> I 4161 THETA -86.1908
 Input12> I 4162 THETA -142.118
 Input12> I 4163 THETA 164.518
 Input12> I 4164 THETA -31.9116
 Input12> I 4165 THETA 14.2317
 Input12> I 4166 THETA -125.018
 Input12> I 4167 THETA -165.768
 Input12> I 4168 THETA -147.677
 Input12> I 4169 THETA 156.108
 Input12> I 4170 THETA -140.434
 Input12> I 4171 THETA 163.068
 Input12> I 4172 THETA 42.8467
 Input12> I 4173 THETA -16.9315
 Input12> I 4174 THETA 38.72
 Input12> I 4175 THETA -24.9254
 Input12> I 4176 THETA -146.895
 Input12> I 4177 THETA 155.261
 Input12> I 4178 THETA 31.4749
 Input12> I 4179 THETA -40.4627
 Input12> I 4180 THETA -145.433
 Input12> I 4181 THETA 154.947
 Input12> I 4182 THETA -135.579
 Input12> I 4183 THETA 3.59242
 Input12> I 4184 THETA -79.9343
 Input12> I 4185 THETA 33.4184
 Input12> I 4186 THETA -27.8487
 Input12> I 4187 THETA 30.0581
 Input12> I 4188 THETA -30.4228
 Input12> I 4189 THETA 48.6657
 Input12> I 4190 THETA 160.934
 Input12> I 4191 THETA -78.1278
 Input12> I 4192 THETA -131.334
 Input12> I 4193 THETA 90
 Input12> I 4194 THETA -64.4394
 Input12> I 4195 THETA -19.3327
 Input12> I 4196 THETA -159.368
 Input12> I 4197 THETA 160.667
 Input12> I 4198 THETA -169.177
 Input12> I 4199 THETA -44.6174
 Input12> I 4200 THETA -112.419
 Input12> I 4201 THETA 132.754
 Input12> I 4202 THETA 71.8166
 Input12> I 4203 THETA -97.2796
 Input12> I 4204 THETA 8.48417
 Input12> I 4205 THETA -45
 Input12> I 4206 THETA -90.6471
 Input12> I 4207 THETA -31.1957
 Input12> I 4208 THETA 96.5431
 Input12> I 4209 THETA 25.3995
 Input12> I 4210 THETA -95.4381
 Input12> I 4211 THETA 21.8595
 Input12> I 4212 THETA -45.4089
 Input12> I 4213 THETA -177.106
 Input12> I 4214 THETA 134.591
 Input12> I 4215 THETA -163.129
 Input12> I 4216 THETA -38.6804
 Input12> I 4217 THETA 82.0252
 Input12> I 4218 THETA 16.8707
 Input12> I 4219 THETA -37.3748
 Input12> I 4220 THETA -95.5101
 Input12> I 4221 THETA -43.5547
 Input12> I 4222 THETA -169.057
 Input12> I 4223 THETA 136.445
 Input12> I 4224 THETA -161.141
 Input12> I 4225 THETA 142.754
 Input12> I 4226 THETA 9.96758
 Input12> I 4227 THETA -94.0916
 Input12> I 4228 THETA -170.032
 Input12> I 4229 THETA -132.176
 Input12> I 4230 THETA 4.28432
 Input12> I 4231 THETA -53.2649
 Input12> I 4232 THETA 136.382
 Input12> I 4233 THETA 19.577
 Input12> I 4234 THETA -100.889
 Input12> I 4235 THETA -160.423
 Input12> I 4236 THETA 149.474
 Input12> I 4237 THETA 31.8473
 Input12> I 4238 THETA -91.2397
 Input12> I 4239 THETA -148.153
 Input12> I 4240 THETA -40.0744
 Input12> I 4241 THETA 17.4768
 Input12> I 4242 THETA -44.4871
 Input12> I 4243 THETA -154.469
 Input12> I 4244 THETA 135.513
 Input12> I 4245 THETA -36.2074
 Input12> I 4246 THETA -144.996
 Input12> I 4247 THETA 17.8863
 Input12> I 4248 THETA 171.845
 Input12> I 4249 THETA -52.6217
 Input12> I 4250 THETA -111.178
 Input12> I 4251 THETA -152.486
 Input12> I 4252 THETA -89.6788
 Input12> I 4253 THETA 30.4723
 Input12> I 4254 THETA -33.1932
 Input12> I 4255 THETA 30.3888
 Input12> I 4256 THETA -29.4347
 Input12> I 4257 THETA -148.358
 Input12> I 4258 THETA 150.734
 Input12> I 4259 THETA -139.169
 Input12> I 4260 THETA 25.1375
 Input12> I 4261 THETA -45.9698
 Input12> I 4262 THETA 176.713
 Input12> I 4263 THETA 134.03
 Input12> I 4264 THETA -151.35
 Input12> I 4265 THETA -37.3552
 Input12> I 4266 THETA -91.6529
 Input12> I 4267 THETA 25.5662
 Input12> I 4268 THETA 141.572
 Input12> I 4269 THETA 83.9387
 Input12> 
 Input12> I 4270 THETA -136.379
 Input12> I 4271 THETA 102.266
 Input12> I 4272 THETA -9.72956
 Input12> I 4273 THETA -77.7344
 Input12> I 4274 THETA 51.7313
 Input12> I 4275 THETA 176.37
 Input12> I 4276 THETA 109.56
 Input12> I 4277 THETA -39.43
 Input12> I 4278 THETA -90
 Input12> I 4279 THETA -11.1051
 Input12> I 4280 THETA -81.5086
 Input12> I 4281 THETA 141.065
 Input12> I 4282 THETA 44.8909
 Input12> I 4283 THETA -175.441
 Input12> I 4284 THETA 109.179
 Input12> I 4285 THETA -142.57
 Input12> I 4286 THETA -21.4213
 Input12> I 4287 THETA 104.718
 Input12> I 4288 THETA 37.4303
 Input12> I 4289 THETA 34.8626
 Input12> I 4290 THETA -14.3336
 Input12> I 4291 THETA -73.137
 Input12> I 4292 THETA 29.8604
 Input12> I 4293 THETA -18.429
 Input12> I 4294 THETA 40.6325
 Input12> I 4295 THETA -18.0941
 Input12> I 4296 THETA -66.9313
 Input12> I 4297 THETA -115.044
 Input12> I 4298 THETA 20.5689
 Input12> I 4299 THETA -31.3162
 Input12> I 4300 THETA -140.429
 Input12> I 4301 THETA 53.8072
 Input12> I 4302 THETA -7.39194
 Input12> I 4303 THETA 165.609
 Input12> I 4304 THETA 52.6272
 Input12> I 4305 THETA -14.3908
 Input12> I 4306 THETA -163.692
 Input12> I 4307 THETA 63.3065
 Input12> I 4308 THETA 16.3078
 Input12> I 4309 THETA 180
 Input12> I 4310 THETA 171.159
 Input12> I 4311 THETA 52.8851
 Input12> I 4312 THETA -8.84121
 Input12> I 4313 THETA 125.086
 Input12> I 4314 THETA -106.77
 Input12> I 4315 THETA 180
 Input12> I 4316 THETA 153.182
 Input12> I 4317 THETA 96.2857
 Input12> I 4318 THETA -67.308
 Input12> I 4319 THETA -73.5111
 Input12> I 4320 THETA -124.233
 Input12> I 4321 THETA -159.771
 Input12> I 4322 THETA 153.522
 Input12> I 4323 THETA 172.539
 Input12> I 4324 THETA 112.692
 Input12> I 4325 THETA -177.392
 Input12> I 4326 THETA 120.129
 Input12> I 4327 THETA 114.411
 Input12> I 4328 THETA -128.642
 Input12> I 4329 THETA -9.25627
 Input12> I 4330 THETA -65.5888
 Input12> I 4331 THETA 164.818
 Input12> I 4332 THETA 161.714
 Input12> I 4333 THETA 52.6327
 Input12> I 4334 THETA -18.2857
 Input12> I 4335 THETA -127.901
 Input12> I 4336 THETA -10.0122
 Input12> I 4337 THETA -65.436
 Input12> I 4338 THETA -58.3774
 Input12> I 4339 THETA -4.31822
 Input12> I 4340 THETA -61.7902
 Input12> I 4341 THETA 174.041
 Input12> I 4342 THETA 118.21
 Input12> I 4343 THETA 177.402
 Input12> I 4344 THETA 117.052
 Input12> I 4345 THETA -164.253
 Input12> I 4346 THETA -175.377
 Input12> I 4347 THETA 80.0237
 Input12> I 4348 THETA 4.6227
 Input12> I 4349 THETA 20.652
 Input12> I 4350 THETA -102.642
 Input12> I 4351 THETA -159.348
 Input12> I 4352 THETA 93.7685
 Input12> I 4353 THETA -150.327
 Input12> I 4354 THETA -26.4789
 Input12> I 4355 THETA -86.2315
 Input12> I 4356 THETA -58.6336
 Input12> I 4357 THETA 176.986
 Input12> I 4358 THETA 66.8355
 Input12> I 4359 THETA -3.01403
 Input12> I 4360 THETA -113.58
 Input12> I 4361 THETA -62.2955
 Input12> I 4362 THETA -118.899
 Input12> I 4363 THETA -71.2027
 Input12> I 4364 THETA 51.0318
 Input12> I 4365 THETA -17.3973
 Input12> I 4366 THETA 63.8918
 Input12> I 4367 THETA 174.865
 Input12> I 4368 THETA 118.618
 Input12> I 4369 THETA 32.1333
 Input12> I 4370 THETA 76.8755
 Input12> I 4371 THETA -115.122
 Input12> I 4372 THETA 120.786
 Input12> I 4373 THETA 64.8781
 Input12> I 4374 THETA 34.9134
 Input12> I 4375 THETA -78.7106
 Input12> I 4376 THETA 153.428
 Input12> I 4377 THETA 101.289
 Input12> I 4378 THETA 92.3374
 Input12> I 4379 THETA -94.5264
 Input12> I 4380 THETA 22.6694
 Input12> I 4381 THETA -34.8103
 Input12> I 4382 THETA 84.0112
 Input12> I 4383 THETA -118.132
 Input12> I 4384 THETA -73.7915
 Input12> I 4385 THETA -175.263
 Input12> I 4386 THETA -53.5913
 Input12> I 4387 THETA -95.9888
 Input12> 
 Input12> I 4388 THETA -129.674
 Input12> I 4389 THETA 114.686
 Input12> I 4390 THETA -1.68717
 Input12> I 4391 THETA -72.0244
 Input12> I 4392 THETA 57.4477
 Input12> I 4393 THETA -8.24682
 Input12> I 4394 THETA 114.442
 Input12> I 4395 THETA -123.794
 Input12> I 4396 THETA 178.313
 Input12> I 4397 THETA -176.002
 Input12> I 4398 THETA 68.1327
 Input12> I 4399 THETA 3.99845
 Input12> I 4400 THETA 154.307
 Input12> I 4401 THETA 45.6624
 Input12> I 4402 THETA -101.025
 Input12> I 4403 THETA -134.338
 Input12> I 4404 THETA -174.214
 Input12> I 4405 THETA 69.6317
 Input12> I 4406 THETA 5.78574
 Input12> I 4407 THETA 0.471263
 Input12> I 4408 THETA 120.798
 Input12> I 4409 THETA 62.2843
 Input12> I 4410 THETA -168.024
 Input12> I 4411 THETA 78.4839
 Input12> I 4412 THETA 11.9761
 Input12> I 4413 THETA 42.1841
 Input12> I 4414 THETA 135.137
 Input12> I 4415 THETA -1.72113
 Input12> I 4416 THETA -44.8627
 Input12> I 4417 THETA -28.4296
 Input12> I 4418 THETA -141.344
 Input12> I 4419 THETA 126.876
 Input12> I 4420 THETA -76.7003
 Input12> I 4421 THETA -118.446
 Input12> I 4422 THETA 81.2636
 Input12> I 4423 THETA -20.541
 Input12> I 4424 THETA -87.4789
 Input12> I 4425 THETA -142.045
 Input12> I 4426 THETA -179.45
 Input12> I 4427 THETA 137.612
 Input12> I 4428 THETA 179.356
 Input12> I 4429 THETA 61.9417
 Input12> I 4430 THETA -63.4019
 Input12> I 4431 THETA -118.058
 Input12> I 4432 THETA 40.4147
 Input12> I 4433 THETA -84.9454
 Input12> I 4434 THETA -139.585
 Input12> I 4435 THETA 168.356
 Input12> I 4436 THETA 57.4925
 Input12> I 4437 THETA -72.7285
 Input12> I 4438 THETA 53.6279
 Input12> I 4439 THETA -11.6442
 Input12> I 4440 THETA 114.275
 Input12> I 4441 THETA -124.938
 Input12> I 4442 THETA 180
 Input12> I 4443 THETA -4.86701
 Input12> I 4444 THETA 109.415
 Input12> I 4445 THETA 61.9117
 Input12> I 4446 THETA 172.718
 Input12> I 4447 THETA 114.689
 Input12> I 4448 THETA -0.632328
 Input12> I 4449 THETA -65.3111
 Input12> I 4450 THETA 92.1914
 Input12> I 4451 THETA 6.64494
 Input12> I 4452 THETA -173.355
 Input12> I 4453 THETA -87.8086
 Input12> I 4454 THETA 180
 Input12> I 4455 THETA 149.427
 Input12> I 4456 THETA 110.147
 Input12> I 4457 THETA 64.0994
 Input12> I 4458 THETA 158.182
 Input12> I 4459 THETA 111.923
 Input12> I 4460 THETA -15.8078
 Input12> I 4461 THETA -60.1343
 Input12> I 4462 THETA -6.57358
 Input12> I 4463 THETA 173.426
 Input12> I 4464 THETA -176.92
 Input12> I 4465 THETA 122.357
 Input12> I 4466 THETA 175.278
 Input12> I 4467 THETA 120.74
 Input12> I 4468 THETA 176.748
 Input12> I 4469 THETA 118.126
 Input12> I 4470 THETA 8.98689
 Input12> I 4471 THETA -51.5714
 Input12> I 4472 THETA -52.7149
 Input12> I 4473 THETA -177.371
 Input12> I 4474 THETA 127.285
 Input12> I 4475 THETA -162.856
 Input12> I 4476 THETA -56.4885
 Input12> I 4477 THETA -2.44515
 Input12> I 4478 THETA 155.558
 Input12> I 4479 THETA -71.6505
 Input12> I 4480 THETA -130.21
 Input12> I 4481 THETA 9.47195
 Input12> I 4482 THETA -113.041
 Input12> I 4483 THETA 134.072
 Input12> I 4484 THETA 66.9592
 Input12> I 4485 THETA -175.699
 Input12> I 4486 THETA -63.4644
 Input12> I 4487 THETA -119.033
 Input12> I 4488 THETA 116.854
 Input12> I 4489 THETA 47.6091
 Input12> I 4490 THETA -169.035
 Input12> I 4491 THETA -13.6975
 Input12> I 4492 THETA 147.415
 Input12> I 4493 THETA -75.0212
 Input12> I 4494 THETA -132.391
 Input12> I 4495 THETA -59.296
 Input12> I 4496 THETA 3.82288
 Input12> I 4497 THETA -55.6401
 Input12> I 4498 THETA -0.551824
 Input12> I 4499 THETA -59.1378
 Input12> I 4500 THETA -139.649
 Input12> I 4501 THETA -1.37271
 Input12> I 4502 THETA -63.1834
 Input12> I 4503 THETA -171.044
 Input12> I 4504 THETA 13.423
 Input12> I 4505 THETA -112.137
 Input12> I 4506 THETA -166.577
 Input12> I 4507 THETA 9.78755
 Input12> I 4508 THETA -48.6008
 Input12> I 4509 THETA -166.136
 Input12> I 4510 THETA 142.468
 Input12> I 4511 THETA -70.6215
 Input12> I 4512 THETA -123.952
 Input12> I 4513 THETA 54.9128
 Input12> I 4514 THETA -69.9841
 Input12> I 4515 THETA -125.087
 Input12> I 4516 THETA -145.758
 Input12> I 4517 THETA 164.955
 Input12> I 4518 THETA 31.5291
 Input12> I 4519 THETA 96.3681
 Input12> I 4520 THETA -144.019
 Input12> I 4521 THETA 170.348
 Input12> I 4522 THETA 10.142
 Input12> I 4523 THETA 122.004
 Input12> I 4524 THETA 67.8126
 Input12> I 4525 THETA 18.153
 Input12> I 4526 THETA -39.3056
 Input12> I 4527 THETA 53.92
 Input12> I 4528 THETA -178.347
 Input12> I 4529 THETA 105.324
 Input12> I 4530 THETA -59.7939
 Input12> I 4531 THETA -114.937
 Input12> I 4532 THETA 117.012
 Input12> I 4533 THETA 65.0628
 Input12> I 4534 THETA -65.2571
 Input12> I 4535 THETA 124.408
 Input12> I 4536 THETA 1.65907
 Input12> I 4537 THETA 168.081
 Input12> I 4538 THETA 114.743
 Input12> I 4539 THETA -173.291
 Input12> I 4540 THETA -57.318
 Input12> I 4541 THETA -103.045
 Input12> I 4542 THETA -46.7274
 Input12> I 4543 THETA -167.965
 Input12> I 4544 THETA 133.273
 Input12> I 4545 THETA 123.053
 Input12> I 4546 THETA 69.5429
 Input12> I 4547 THETA -47.1055
 Input12> I 4548 THETA -110.457
 Input12> I 4549 THETA -55.3425
 Input12> I 4550 THETA -160.486
 Input12> I 4551 THETA -110.798
 Input12> I 4552 THETA 112.906
 Input12> I 4553 THETA 69.2016
 Input12> 
 Input12> I 3815 J 4553 K 1 MAT 1
 Input12>! Samcef Bank File: .SAI
 Input12>! ----------------------
 Input12>.SAI
 Input12> ARCHIVE STRUCTURE STYPE -221 !Suppress obsolete code
 Input12>! Element Output Requests
 Input12> ARCHIVE STRUCTURE STYP 1437 1438  3437 3438   ! Normal Forces Moments (Samcef default)
 Input12> ARCHIVE STRUCTURE STYP 1524 1525 1251  3524 3525 3251   ! Shear Forces Moments (Samcef default)
 Input12> ARCHIVE STRUCTURE STYP 1440  3440   ! Normal Stress Beams Rods (Samcef default)
 Input12> ARCHIVE STRUCTURE STYP 1450  3450   ! Shear Stress Beams (Samcef default)
 Input12> ARCHIVE STRUCTURE STYP 1411 3411 1436 1435 1431 3436 3435 3431  ! Linear Stress Tensor (Samcef default)
 Input12> ARCHIVE STRUCTURE STYP 1421 3421 1446 1445  3446 3445  1528  3528   ! Total Strain Tensor (Samcef default)
 Input12>! Nodal Output Requests
 Input12> ARCHIVE STRUCTURE STYP 223   ! Force Reaction
 Input12> ARCHIVE STRUCTURE STYP 224   ! Torque Reaction
 Input12>! User Codes Output Requests
 Input12> 
 Input12>! Summary of the model
 Input12>! --------------------
 Input12>! Number of nodes: 447
 Input12>! Minimum node id: 173
 Input12>! Maximum node id: 2558
 Input12>! Number of elements: 739
 Input12>! Minimum element id: 3815
 Input12>! Maximum element id: 4553
 Input12> 
 Input12>!User Epilog
 Input12>!-------------
 Input12>! Declaration of abreviations for the Epilog:
 Input12>! ==========================================
 Input12>! Greater Node Number:     NUMBERMAXNODE
 Input12>#INQ (/NUMBERMAXNODE,NOD,,MAX)
 Input12>! Greater Element Number:  NUMBERMAXELEMENT
 Input12>#INQ (/NUMBERMAXELEMENT,ELE,,MAX)
 Input12>! Greater Function Number: NUMBERMAXFUNCTION
 Input12>#INQ (/NUMBERMAXFUNCTION,FUN,,MAX)
 Input12>! Greater Material Number: NUMBERMAXMATERIAL
 Input12>#INQ (/NUMBERMAXMATERIAL,MAT,,MAX)
 Input12>! No User Epilog defined for the current solution.
 Input12> 
 Input12> 
 Input12>! No Warning Messages
 Input12>! No Error Messages
 Input12>! No Critical Messages
 Input12> 
 Input12>RETURN

 Samcef File (Binary) :  3 - "Y:\NX\Rapports\T3 x 05\Intermediate\Half-Geometry-Intermediate_sim1-Solution_1.sam"


      SAMCEF FILE CREATION
      ********************
    NR  DATA TYPE            OBJECT NAME   RECORDS
 =================================================
     1  TITLE       
     2  NODES-.NOE            (.NOE)        447
     3  ELEMENT-.MAI          (.MAI)        739
     4  HYPOTHESIS            (.HYP)        739
     5  FIXATIONS             (.CLM)         23
     6  LOADS (.CHA)            ?CLM

      DB FILE CREATION
      ****************

 Saving the auxiliary memory in the DB ...
 Saving the rotation matrix in the DB ...
 Saving the ABREviations in the DB ...
 Saving the release flag in the DB ...
 Writing the DB on a binary file ...
 DB File     : "Y:\NX\Rapports\T3 x 05\Intermediate\Half-Geometry-Intermediate_sim1-Solution_1.sdb"

@@@CSH:SMGFIN: I_RUNSUCCESS
 -------------------------------------------------------------------------------
 File size statistics
 File name                                                            Size
 -------------------------------------------------------------------------------
 C:\PROGRA~1\Siemens\NX12~1.0\SIMULA~1\samcef\Exec\pilote.dat       189154 Bytes
 Y... ediate\Half-Geometry-Intermediate_sim1-Solution_1_ba.w02        6518 Bytes
 Y... ermediate\Half-Geometry-Intermediate_sim1-Solution_1.sam      197856 Bytes
 Y... ermediate\Half-Geometry-Intermediate_sim1-Solution_1.spy        1180 Bytes
 Y... ermediate\Half-Geometry-Intermediate_sim1-Solution_1.dat       66174 Bytes
 Y... ermediate\Half-Geometry-Intermediate_sim1-Solution_1.sdb     2374712 Bytes
 C:\PROGRA~1\Siemens\NX12~1.0\SIMULA~1\samcef\Exec\dic.dic          445236 Bytes
 C:\PROGRA~1\Siemens\NX12~1.0\SIMULA~1\samcef\Exec\samcef.proc       84311 Bytes
 -------------------------------------------------------------------------------
SAMCEF: Module bacon completed
SAMCEF: Running module asef
@@@CSH:SMGINI: ASEF
@@@CSH:SMGINT: PID =    12304 : Current Process ID
@@@CSH:SMGSTG:  1 /  4 : Data Analysis
@@@CSH:SMGSTG:  2 /  4 : Element Generation
@@@CSH:SMGSTG:  3 /  4 : Frontal Resolution
@@@CSH:SMGSTG:  4 /  4 : Stress Computation
@@@CSH:SMGBEG:  1 /  4 : Data Analysis
@@@CSH:SMGEVO:     1 /     4 : Front Width Optimization
@@@CSH:SMGEVO:     2 /     4 : Dof Numbering
@@@CSH:SMGEVO:     3 /     4 : Substructuring
@@@CSH:SMGEVO:     4 /     4 : Resource Estimation
@@@CSH:SMGINT: NBRDDL =      857 : Number of dof's
@@@CSH:SMGINF: Disk space report for device "Y:\"
@@@CSH:SMGREA: DISKFREE =   105624.516 : Free disk space (Mb).
@@@CSH:SMGREA: DISKREQUIRED =       14.000 : Required disk space (Mb).
@@@CSH:SMGEND: -1 /  4 : Data Analysis
@@@CSH:SMGBEG:  2 /  4 : Element Generation
@@@CSH:SMGEVO:     1 /   739 : Elements generated@@@CSH:SMGEVO:   739 /   739 : Elements generated
@@@CSH:SMGREA: TOTSURF%AREA = 4.2689428268546E5 : Total surface.
@@@CSH:SMGREA: TOTVOLUME%VOLUME = 1.2806828480564E7 : Total volume.
@@@CSH:SMGREA: TOTMASS%MASS = 1.0053360357243E2 : Total mass.
@@@CSH:SMGEND: -2 /  4 : Element Generation
@@@CSH:SMGBEG:  3 /  4 : Sparse Solver
@@@CSH:SMGEVO:     0 /   100 : Factorization %
@@@CSH:SMGREA: TOTENERGY%ENERGY =  6.30754319E+06 : Total potential energy, load case 1
@@@CSH:SMGEND: -3 /  4 : Sparse Solver
@@@CSH:SMGBEG:  4 /  4 : Stress Computation
@@@CSH:SMGEVO:     1 /   739 : Elements treated@@@CSH:SMGEVO:   739 /   739 : Elements treated
@@@CSH:SMGEND: -4 /  4 : Stress Computation
@@@CSH:SMGINT: NBRWRN =        0 : Number of warning(s)
@@@CSH:SMGINT: NBRERR =        0 : Number of error(s)
@@@CSH:SMGFIN: I_RUNSUCCESS
SAMCEF: Module asef completed
 User requested workspace             131000000 words  (    1048 MBytes)
@@@CSH:SMGINI: FAC
@@@CSH:SMGINT: PID =     9172 : Current Process ID
 Release : 18.1 (18.1-01) - Date : 7-Jun-2017  (LONG INTEGERS)

 ===============================================================================
 Status of the DB            : "Half-Geometry-Intermediate_sim1-Solution_1"
 ================
 DB created by BACON for Ismael (APR 21 2018 13:31:39)
 modified   by BACON for Ismael (APR 21 2018 13:31:39)
 modified   by ASEF for Ismael (APR 21 2018 13:31:39)
 Release                     :   18.1- 1
 DB file name                : "Y:\NX\Rapports\T3 x 05\Intermediate\Half-Geometry-Intermediate_sim1-Solution_1.sdb"
 DB size                     :         481799 (Max=       262257599)
 Memory allocated            :         482100
 Size of the garbage         :              3 (  0.00% of the DB size)
 Relational level            :              0
 Object counter              :           1200
 Pagination flag             :        on (not yet triggered)
 Swap count                  :             40 page I/O on disk
 Used pages in memory        :             50 on              50
 Used records in swap file   :              0 on           39713
 Page alignment garbage      :            301 (  0.06% of the DB size)
 Archive length :            :              0
 Archive garbage :           :              0
 Archive loading endian swap :              0
 ===============================================================================
----------------------------------------------------------------------
    MEMORY ALLOCATION / DB:                     130507897    482102
----------------------------------------------------------------------
 +===============================================================+======+======+
 !  Processed Data                                               ! Code ! Type !
 +===============================================================+======+======+
 ! "Creation date of the display file  [APR 21 2018 13:31:41]"   !   24 ! CHAR !
 !---------------------------------------------------------------!------!------!
 ! "Module name  [ASEF]"                                         !   23 ! CHAR !
 !---------------------------------------------------------------!------!------!
 ! "Number of errors  [0]"                                       !   59 ! INTG !
 !---------------------------------------------------------------!------!------!
 ! "Number of warnings  [0]"                                     !   60 ! INTG !
 !---------------------------------------------------------------!------!------!
 ! "CPU Time (Sec.)  [1]"                                        ! 1006 ! INTG !
 !---------------------------------------------------------------!------!------!
 ! "Elapsed Time (Sec.)  [2]"                                    ! 1007 ! INTG !
 !---------------------------------------------------------------!------!------!
 ! "Elements  [739]"                                             !    2 ! INTG !
 !---------------------------------------------------------------!------!------!
 ! "Nodes  [447]"                                                !    1 ! INTG !
 !---------------------------------------------------------------!------!------!
 ! "Nodal coordinates (X,Y,Z)"                                   !  153 ! REAL !
 !---------------------------------------------------------------!------!------!
 ! "Nodal displacements (DX,DY,DZ)"                              !  163 ! REAL !
 !---------------------------------------------------------------!------!------!
 ! "Reaction - effort"                                           !  223 ! REAL !
 !---------------------------------------------------------------!------!------!
 !  "Subset Nr          1"                                       !      !      !
 !---------------------------------------------------------------!------!------!
 ! "Stress tensor"                                               ! 1411 ! REAL !
 !---------------------------------------------------------------!------!------!
 ! "Strain tensor"                                               ! 1421 ! REAL !
 !---------------------------------------------------------------!------!------!
 ! "Stress tensor"                                               ! 3411 ! REAL !
 !---------------------------------------------------------------!------!------!
 ! "Strain tensor"                                               ! 3421 ! REAL !
 !---------------------------------------------------------------!------!------!
 ! "Status of the FAC program"                                   !   62 !      !
 !---------------------------------------------------------------!------!------!
 ! "FAC Pointers"                                                ! 1073 ! INTG !
 !---------------------------------------------------------------!------!------!
@@@CSH:SMGFIN: I_RUNSUCCESS
 -------------------------------------------------------------------------------
 File size statistics
 File name                                                            Size
 -------------------------------------------------------------------------------
 Half-Geometry-Intermediate_sim1-Solution_1_as.u18                 1344288 Bytes
 Half-Geometry-Intermediate_sim1-Solution_1_as.des                    4509 Bytes
 Half-Geometry-Intermediate_sim1-Solution_1_as.fac                  194356 Bytes
 C:\PROGRA~1\Siemens\NX12~1.0\SIMULA~1\samcef\Exec\dic.dic          445236 Bytes
 H... 96.dir\Half-Geometry-Intermediate_sim1-Solution_1_fa.w07      184032 Bytes
 H... 96.dir\Half-Geometry-Intermediate_sim1-Solution_1_fa.w10      697952 Bytes
 C:\PROGRA~1\Siemens\NX12~1.0\SIMULA~1\samcef\Exec\samdb.fde        292703 Bytes
 Y... ermediate\Half-Geometry-Intermediate_sim1-Solution_1.sdb     2903032 Bytes
 Y... 96.dir\Half-Geometry-Intermediate_sim1-Solution_1_fa.w80     1056000 Bytes
 C:\PROGRA~1\Siemens\NX12~1.0\SIMULA~1\samcef\Exec\samcef.proc       84311 Bytes
 -------------------------------------------------------------------------------
