SAMCEF: Running module bacon
 User requested workspace             131000000 words  (    1048 MBytes)
 Memory allocation / DB                65500000 /      65500000 words
@@@CSH:SMGINI: BACON
@@@CSH:SMGINT: PID =    12856 : Current Process ID
 Release : 18.1 (18.1-01) - Patch : c18101-170912 (LONG INTEGERS)
 Graphic driver used: Windows   
 
 >>> Sold-to info: 0001385912 <<<

 Input 1>!
 Input 1>!                    =====================================
 Input 1>!                    Programme   <BACON> : Version 18.1-01
 Input 1>!                    =====================================
 Input 1>!
 Input 1>!
 Input 1>MODE M 1
 Spy file :  9 - "Y:\NX\Rapports\Q8 x 075\Coarse Geometry\Coarse_Model_sim1-Solution_2.spy"
 Input 1>INPUT INIT
 Input 1>EXIT
 Input12>! $$$$$$$$$$$$$$$$$$$$$$$$$$$$$$$$$$$$$$$$$$$$$$$$$$$$$$$$$$$$$$$$$
 Input12>!
 Input12>!                     NX 12 TRANSLATOR
 Input12>!                     This file is compatible with Samcef 18 (18.0-03) and next versions
 Input12>!
 Input12>!              FEM FILE: Y:\NX\Rapports\Q8 x 075\Coarse Geometry\Coarse Model_sim1.sim
 Input12>!              SIM FILE: Y:\NX\Rapports\Q8 x 075\Coarse Geometry\Coarse Model_sim1.sim
 Input12>!         ANALYSIS TYPE: Samcef - Axisymmetric and Other 2D Structural
 Input12>!         SOLUTION NAME: Solution 2
 Input12>!         SOLUTION TYPE: Linear Static Analysis
 Input12>!     SOLVER INPUT FILE: Coarse_Model_sim1-Solution_2.dat
 Input12>!         CREATION DATE: 21-avril-2018
 Input12>!         CREATION TIME: 09:52:04
 Input12>!              HOSTNAME: ISMAELLOB5E2
 Input12>!              USERNAME: Ismael
 Input12>!
 Input12>! $$$$$$$$$$$$$$$$$$$$$$$$$$$$$$$$$$$$$$$$$$$$$$$$$$$$$$$$$$$$$$$$$
 Input12> 
 Input12>MODE M -1 LECTURE 256
 Input12>!User Prolog
 Input12>!-------------
 Input12>! No User Prolog defined for the current solution.
 Input12> 
 Input12>! Samcef Bank File: UNITS.
 Input12>! ------------------------
 Input12>.UNIT
 Input12> LENGTH 0.001 ! Unit = MilliMeter
 Input12> MASS 1 ! Unit = Kilogram
 Input12> CELSIUS
 Input12> TIME 1
 Input12> 
 Input12>! Samcef Bank File: Solution Parameters: .ALGO.
 Input12>! ---------------------------------------------
 Input12>.ALGO
 Input12> AXER 1 AXES 2
 Input12>.GEL
 Input12>TEMP 20 ! Default Temperature from Solution
 Input12> 
 Input12>! Samcef Bank File: NODES.
 Input12>! ------------------------
 Input12>.NOE
 Input12> I 905 X 780 Y -20 Z 0
 Input12> I 906 X 780 Y 30 Z 0
 Input12> I 907 X 780 Y 530 Z 0
 Input12> I 908 X 780 Y 580 Z 0
 Input12> I 909 X 1280 Y -20 Z 0
 Input12> I 910 X 1280 Y 580 Z 0
 Input12> I 911 X 1780 Y -320 Z 0
 Input12> I 912 X 1780 Y -220 Z 0
 Input12> I 913 X 2280 Y -320 Z 0
 Input12> I 914 X 2280 Y -220 Z 0
 Input12> I 705 X 780 Y 5 Z 0
 Input12> I 706 X 780 Y 555 Z 0
 Input12> I 707 X 1230.01125 Y -20 Z 0
 Input12> I 708 X 1180.4418 Y -20 Z 0
 Input12> I 709 X 1131.65822 Y -20 Z 0
 Input12> I 710 X 1083.93361 Y -20 Z 0
 Input12> I 711 X 1037.42588 Y -20 Z 0
 Input12> I 712 X 992.175591 Y -20 Z 0
 Input12> I 713 X 948.118236 Y -20 Z 0
 Input12> I 714 X 905.104332 Y -20 Z 0
 Input12> I 715 X 862.921341 Y -20 Z 0
 Input12> I 716 X 821.313765 Y -20 Z 0
 Input12> I 717 X 800.656883 Y -20 Z 0
 Input12> I 718 X 842.117553 Y -20 Z 0
 Input12> I 719 X 884.012836 Y -20 Z 0
 Input12> I 720 X 970.146913 Y -20 Z 0
 Input12> I 721 X 926.611284 Y -20 Z 0
 Input12> I 722 X 1107.79591 Y -20 Z 0
 Input12> I 723 X 1060.67974 Y -20 Z 0
 Input12> I 724 X 1156.05001 Y -20 Z 0
 Input12> I 725 X 1205.22652 Y -20 Z 0
 Input12> I 726 X 1255.00562 Y -20 Z 0
 Input12> I 727 X 1014.80073 Y -20 Z 0
 Input12> I 728 X 819.108641 Y 33.0780449 Z 0
 Input12> I 729 X 857.254233 Y 42.2359317 Z 0
 Input12> I 730 X 893.497575 Y 57.2484802 Z 0
 Input12> I 731 X 926.9462 Y 77.7459203 Z 0
 Input12> I 732 X 956.776505 Y 103.223508 Z 0
 Input12> I 733 X 982.253978 Y 133.053896 Z 0
 Input12> I 734 X 1002.75126 Y 166.502575 Z 0
 Input12> I 735 X 1017.76372 Y 202.745896 Z 0
 Input12> I 736 X 1026.92163 Y 240.891458 Z 0
 Input12> I 737 X 1029.9995 Y 280 Z 0
 Input12> I 738 X 1026.92163 Y 319.108541 Z 0
 Input12> I 739 X 1017.76371 Y 357.254102 Z 0
 Input12> I 740 X 1002.75126 Y 393.497426 Z 0
 Input12> I 741 X 982.253992 Y 426.946111 Z 0
 Input12> I 742 X 956.776509 Y 456.776491 Z 0
 Input12> I 743 X 926.9462 Y 482.254075 Z 0
 Input12> I 744 X 893.497582 Y 502.751524 Z 0
 Input12> I 745 X 857.254227 Y 517.764044 Z 0
 Input12> I 746 X 819.108642 Y 526.921956 Z 0
 Input12> I 747 X 799.614722 Y 529.222809 Z 0
 Input12> I 748 X 875.670686 Y 510.969479 Z 0
 Input12> I 749 X 942.361798 Y 470.101253 Z 0
 Input12> I 750 X 1023.09247 Y 338.36134 Z 0
 Input12> I 751 X 1010.96977 Y 375.670815 Z 0
 Input12> I 752 X 970.101312 Y 442.361867 Z 0
 Input12> I 753 X 993.159908 Y 410.624569 Z 0
 Input12> I 754 X 799.614722 Y 30.777194 Z 0
 Input12> I 755 X 875.670688 Y 49.0305068 Z 0
 Input12> I 756 X 910.624437 Y 66.840271 Z 0
 Input12> I 757 X 1029.22932 Y 260.385225 Z 0
 Input12> I 758 X 1010.96978 Y 184.329182 Z 0
 Input12> I 759 X 970.101303 Y 117.638136 Z 0
 Input12> I 760 X 942.361799 Y 89.8987412 Z 0
 Input12> I 761 X 910.624444 Y 493.159734 Z 0
 Input12> I 762 X 1023.09247 Y 221.638659 Z 0
 Input12> I 763 X 838.361225 Y 523.092019 Z 0
 Input12> I 764 X 1029.22932 Y 299.614774 Z 0
 Input12> I 765 X 838.361227 Y 36.9079697 Z 0
 Input12> I 766 X 993.159896 Y 149.375438 Z 0
 Input12> I 767 X 819.353468 Y 580 Z 0
 Input12> I 768 X 858.852417 Y 580 Z 0
 Input12> I 769 X 898.63542 Y 580 Z 0
 Input12> I 770 X 938.827034 Y 580 Z 0
 Input12> I 771 X 979.530424 Y 580 Z 0
 Input12> I 772 X 1020.81987 Y 580 Z 0
 Input12> I 773 X 1062.73369 Y 580 Z 0
 Input12> I 774 X 1105.26835 Y 580 Z 0
 Input12> I 775 X 1148.37511 Y 580 Z 0
 Input12> I 776 X 1191.96023 Y 580 Z 0
 Input12> I 777 X 1235.8899 Y 580 Z 0
 Input12> I 778 X 799.676734 Y 580 Z 0
 Input12> I 779 X 839.102942 Y 580 Z 0
 Input12> I 780 X 878.743918 Y 580 Z 0
 Input12> I 781 X 918.731227 Y 580 Z 0
 Input12> I 782 X 1000.17515 Y 580 Z 0
 Input12> I 783 X 959.178729 Y 580 Z 0
 Input12> I 784 X 1213.92506 Y 580 Z 0
 Input12> I 785 X 1170.16767 Y 580 Z 0
 Input12> I 786 X 1041.77678 Y 580 Z 0
 Input12> I 787 X 1126.82173 Y 580 Z 0
 Input12> I 788 X 1084.00102 Y 580 Z 0
 Input12> I 789 X 1257.94495 Y 580 Z 0
 Input12> I 790 X 1738.33333 Y -295 Z 0
 Input12> I 791 X 1696.66667 Y -270 Z 0
 Input12> I 792 X 1655 Y -245 Z 0
 Input12> I 793 X 1613.33333 Y -220 Z 0
 Input12> I 794 X 1571.66667 Y -195 Z 0
 Input12> I 795 X 1530 Y -170 Z 0
 Input12> I 796 X 1488.33333 Y -145 Z 0
 Input12> I 797 X 1446.66667 Y -120 Z 0
 Input12> I 798 X 1405 Y -95 Z 0
 Input12> I 799 X 1363.33333 Y -70 Z 0
 Input12> I 800 X 1321.66667 Y -45 Z 0
 Input12> I 801 X 1759.16667 Y -307.5 Z 0
 Input12> I 802 X 1717.5 Y -282.5 Z 0
 Input12> I 803 X 1675.83333 Y -257.5 Z 0
 Input12> I 804 X 1634.16667 Y -232.5 Z 0
 Input12> I 805 X 1592.5 Y -207.5 Z 0
 Input12> I 806 X 1550.83333 Y -182.5 Z 0
 Input12> I 807 X 1467.5 Y -132.5 Z 0
 Input12> I 808 X 1425.83333 Y -107.5 Z 0
 Input12> I 809 X 1300.83333 Y -32.5 Z 0
 Input12> I 810 X 1342.5 Y -57.5 Z 0
 Input12> I 811 X 1384.16667 Y -82.5 Z 0
 Input12> I 812 X 1509.16667 Y -157.5 Z 0
 Input12> I 813 X 1303.80952 Y 541.904762 Z 0
 Input12> I 814 X 1327.61905 Y 503.809524 Z 0
 Input12> I 815 X 1351.42857 Y 465.714286 Z 0
 Input12> I 816 X 1375.2381 Y 427.619048 Z 0
 Input12> I 817 X 1399.04762 Y 389.52381 Z 0
 Input12> I 818 X 1422.85714 Y 351.428571 Z 0
 Input12> I 819 X 1446.66667 Y 313.333333 Z 0
 Input12> I 820 X 1470.47619 Y 275.238095 Z 0
 Input12> I 821 X 1494.28571 Y 237.142857 Z 0
 Input12> I 822 X 1518.09524 Y 199.047619 Z 0
 Input12> I 823 X 1541.90476 Y 160.952381 Z 0
 Input12> I 824 X 1565.71429 Y 122.857143 Z 0
 Input12> I 825 X 1589.52381 Y 84.7619048 Z 0
 Input12> I 826 X 1613.33333 Y 46.6666667 Z 0
 Input12> I 827 X 1637.14286 Y 8.57142857 Z 0
 Input12> I 828 X 1660.95238 Y -29.5238095 Z 0
 Input12> I 829 X 1684.7619 Y -67.6190476 Z 0
 Input12> I 830 X 1708.57143 Y -105.714286 Z 0
 Input12> I 831 X 1732.38095 Y -143.809524 Z 0
 Input12> I 832 X 1756.19048 Y -181.904762 Z 0
 Input12> I 833 X 1315.71429 Y 522.857143 Z 0
 Input12> I 834 X 1339.52381 Y 484.761905 Z 0
 Input12> I 835 X 1363.33333 Y 446.666667 Z 0
 Input12> I 836 X 1291.90476 Y 560.952381 Z 0
 Input12> I 837 X 1387.14286 Y 408.571429 Z 0
 Input12> I 838 X 1410.95238 Y 370.47619 Z 0
 Input12> I 839 X 1482.38095 Y 256.190476 Z 0
 Input12> I 840 X 1506.19048 Y 218.095238 Z 0
 Input12> I 841 X 1434.7619 Y 332.380952 Z 0
 Input12> I 842 X 1458.57143 Y 294.285714 Z 0
 Input12> I 843 X 1744.28571 Y -162.857143 Z 0
 Input12> I 844 X 1696.66667 Y -86.6666667 Z 0
 Input12> I 845 X 1672.85714 Y -48.5714286 Z 0
 Input12> I 846 X 1625.2381 Y 27.6190476 Z 0
 Input12> I 847 X 1577.61905 Y 103.809524 Z 0
 Input12> I 848 X 1601.42857 Y 65.7142857 Z 0
 Input12> I 849 X 1553.80952 Y 141.904762 Z 0
 Input12> I 850 X 1530 Y 180 Z 0
 Input12> I 851 X 1768.09524 Y -200.952381 Z 0
 Input12> I 852 X 1720.47619 Y -124.761905 Z 0
 Input12> I 853 X 1649.04762 Y -10.4761905 Z 0
 Input12> I 854 X 2238.33333 Y -320 Z 0
 Input12> I 855 X 2196.66667 Y -320 Z 0
 Input12> I 856 X 2155 Y -320 Z 0
 Input12> I 857 X 2113.33333 Y -320 Z 0
 Input12> I 858 X 2071.66667 Y -320 Z 0
 Input12> I 859 X 2030 Y -320 Z 0
 Input12> I 860 X 1988.33333 Y -320 Z 0
 Input12> I 861 X 1946.66667 Y -320 Z 0
 Input12> I 862 X 1905 Y -320 Z 0
 Input12> I 863 X 1863.33333 Y -320 Z 0
 Input12> I 864 X 1821.66667 Y -320 Z 0
 Input12> I 865 X 2050.83333 Y -320 Z 0
 Input12> I 866 X 2134.16667 Y -320 Z 0
 Input12> I 867 X 2092.5 Y -320 Z 0
 Input12> I 868 X 2259.16667 Y -320 Z 0
 Input12> I 869 X 2217.5 Y -320 Z 0
 Input12> I 870 X 2175.83333 Y -320 Z 0
 Input12> I 871 X 2009.16667 Y -320 Z 0
 Input12> I 872 X 1967.5 Y -320 Z 0
 Input12> I 873 X 1925.83333 Y -320 Z 0
 Input12> I 874 X 1800.83333 Y -320 Z 0
 Input12> I 875 X 1884.16667 Y -320 Z 0
 Input12> I 876 X 1842.5 Y -320 Z 0
 Input12> I 877 X 1821.66667 Y -220 Z 0
 Input12> I 878 X 1863.33333 Y -220 Z 0
 Input12> I 879 X 1905 Y -220 Z 0
 Input12> I 880 X 1946.66667 Y -220 Z 0
 Input12> I 881 X 1988.33333 Y -220 Z 0
 Input12> I 882 X 2030 Y -220 Z 0
 Input12> I 883 X 2071.66667 Y -220 Z 0
 Input12> I 884 X 2113.33333 Y -220 Z 0
 Input12> I 885 X 2155 Y -220 Z 0
 Input12> I 886 X 2196.66667 Y -220 Z 0
 Input12> I 887 X 2238.33333 Y -220 Z 0
 Input12> I 888 X 2050.83333 Y -220 Z 0
 Input12> I 889 X 2092.5 Y -220 Z 0
 Input12> I 890 X 2134.16667 Y -220 Z 0
 Input12> I 891 X 2259.16667 Y -220 Z 0
 Input12> I 892 X 2175.83333 Y -220 Z 0
 Input12> I 893 X 2217.5 Y -220 Z 0
 Input12> I 894 X 1925.83333 Y -220 Z 0
 Input12> I 895 X 1967.5 Y -220 Z 0
 Input12> I 896 X 2009.16667 Y -220 Z 0
 Input12> I 897 X 1800.83333 Y -220 Z 0
 Input12> I 898 X 1842.5 Y -220 Z 0
 Input12> I 899 X 1884.16667 Y -220 Z 0
 Input12> I 900 X 2280 Y -253.333333 Z 0
 Input12> I 901 X 2280 Y -286.666667 Z 0
 Input12> I 902 X 2280 Y -303.333333 Z 0
 Input12> I 903 X 2280 Y -236.666667 Z 0
 Input12> I 904 X 2280 Y -270 Z 0
 Input12> I 1 X 2030.03491 Y -269.9943 Z 0
 Input12> I 2 X 2155.84098 Y -269.999813 Z 0
 Input12> I 3 X 2071.75728 Y -269.998146 Z 0
 Input12> I 4 X 2113.60621 Y -269.999402 Z 0
 Input12> I 5 X 2199.31122 Y -269.999946 Z 0
 Input12> I 6 X 1905.17292 Y -269.836243 Z 0
 Input12> I 7 X 1946.72598 Y -269.946443 Z 0
 Input12> I 8 X 1988.36114 Y -269.98251 Z 0
 Input12> I 9 X 1823.24559 Y -268.496014 Z 0
 Input12> I 10 X 1863.8574 Y -269.50109 Z 0
 Input12> I 11 X 1331.37712 Y 403.800933 Z 0
 Input12> I 12 X 1290.5885 Y 385.515378 Z 0
 Input12> I 13 X 1251.79713 Y 365.730756 Z 0
 Input12> I 14 X 1212.64401 Y 349.778604 Z 0
 Input12> I 15 X 1092.75327 Y 308.914956 Z 0
 Input12> I 16 X 1000.41913 Y 528.35812 Z 0
 Input12> I 17 X 977.870481 Y 489.054708 Z 0
 Input12> I 18 X 894.283743 Y 542.407631 Z 0
 Input12> I 19 X 947.572796 Y 506.046212 Z 0
 Input12> I 20 X 928.923489 Y 544.83894 Z 0
 Input12> I 21 X 963.584338 Y 538.88876 Z 0
 Input12> I 22 X 1052.04271 Y 379.406254 Z 0
 Input12> I 23 X 1123.02627 Y 424.682671 Z 0
 Input12> I 24 X 1157.55241 Y 444.98024 Z 0
 Input12> I 25 X 1263.23998 Y 518.14029 Z 0
 Input12> I 26 X 1177.10886 Y 413.466542 Z 0
 Input12> I 27 X 1196.24291 Y 381.338677 Z 0
 Input12> I 28 X 1108.6326 Y 369.153807 Z 0
 Input12> I 29 X 1070.52041 Y 344.133932 Z 0
 Input12> I 30 X 1143.03287 Y 392.140905 Z 0
 Input12> I 31 X 1211.25656 Y 435.027151 Z 0
 Input12> I 32 X 1232.16266 Y 401.060425 Z 0
 Input12> I 33 X 1245.71378 Y 458.474343 Z 0
 Input12> I 34 X 1269.4795 Y 422.100288 Z 0
 Input12> I 35 X 1286.61284 Y 480.895227 Z 0
 Input12> I 36 X 1309.68231 Y 443.111053 Z 0
 Input12> I 37 X 1139.57096 Y 474.532233 Z 0
 Input12> I 38 X 1119.30763 Y 504.82053 Z 0
 Input12> I 39 X 1095.13017 Y 530.431847 Z 0
 Input12> I 40 X 1201.78097 Y 540.473939 Z 0
 Input12> I 41 X 1154.26209 Y 532.887115 Z 0
 Input12> I 42 X 1057.75299 Y 467.041866 Z 0
 Input12> I 43 X 1089.32605 Y 482.372619 Z 0
 Input12> I 44 X 1106.83053 Y 454.803776 Z 0
 Input12> I 45 X 1039.46514 Y 511.15176 Z 0
 Input12> I 46 X 1072.8768 Y 504.884723 Z 0
 Input12> I 47 X 990.576808 Y 62.4097143 Z 0
 Input12> I 48 X 990.634211 Y 21.4452973 Z 0
 Input12> I 49 X 899.906705 Y 20.4839442 Z 0
 Input12> I 50 X 942.027594 Y 24.6642213 Z 0
 Input12> I 51 X 1271.4939 Y 178.006507 Z 0
 Input12> I 52 X 1151.71051 Y 171.827702 Z 0
 Input12> I 53 X 1114.92033 Y 166.15674 Z 0
 Input12> I 54 X 1081.91658 Y 164.620958 Z 0
 Input12> I 55 X 1045.76137 Y 166.254321 Z 0
 Input12> I 56 X 1227.43708 Y 315.04713 Z 0
 Input12> I 57 X 1237.92509 Y 281.080557 Z 0
 Input12> I 58 X 1249.78776 Y 247.311802 Z 0
 Input12> I 59 X 1261.9431 Y 212.954372 Z 0
 Input12> I 60 X 1109.74908 Y 270.664909 Z 0
 Input12> I 61 X 1128.41158 Y 237.389556 Z 0
 Input12> I 62 X 1142.18683 Y 206.261934 Z 0
 Input12> I 63 X 1067.73237 Y 243.768253 Z 0
 Input12> I 64 X 1054.04392 Y 202.049656 Z 0
 Input12> I 65 X 1179.49582 Y 218.696371 Z 0
 Input12> I 66 X 1214.22382 Y 233.633593 Z 0
 Input12> I 67 X 1164.91516 Y 253.584311 Z 0
 Input12> I 68 X 1201.46111 Y 267.721235 Z 0
 Input12> I 69 X 1150.36026 Y 290.085298 Z 0
 Input12> I 70 X 1188.76291 Y 302.3196 Z 0
 Input12> I 71 X 1382.67364 Y 323.661937 Z 0
 Input12> I 72 X 1349.08518 Y 298.108322 Z 0
 Input12> I 73 X 1316.34646 Y 277.470064 Z 0
 Input12> I 74 X 1284.91233 Y 261.295441 Z 0
 Input12> I 75 X 1370.6337 Y 263.112986 Z 0
 Input12> I 76 X 1390.36608 Y 224.716979 Z 0
 Input12> I 77 X 1334.53084 Y 243.963385 Z 0
 Input12> I 78 X 1300.17072 Y 226.370278 Z 0
 Input12> I 79 X 1408.41048 Y 285.592148 Z 0
 Input12> I 80 X 1117.1321 Y 131.498775 Z 0
 Input12> I 81 X 1118.4157 Y 94.9563819 Z 0
 Input12> I 82 X 1120.26876 Y 57.2780579 Z 0
 Input12> I 83 X 1124.09972 Y 18.8283602 Z 0
 Input12> I 84 X 999.269972 Y 97.8932862 Z 0
 Input12> I 85 X 1039.6373 Y 95.4803161 Z 0
 Input12> I 86 X 1079.4233 Y 94.520687 Z 0
 Input12> I 87 X 1080.92058 Y 18.9038575 Z 0
 Input12> I 88 X 1079.35769 Y 57.2583173 Z 0
 Input12> I 89 X 1036.72802 Y 58.5204462 Z 0
 Input12> I 90 X 1036.5039 Y 19.630211 Z 0
 Input12> I 91 X 1043.10557 Y 131.084903 Z 0
 Input12> I 92 X 1080.45861 Y 130.382822 Z 0
 Input12> I 93 X 1234.27617 Y 137.32337 Z 0
 Input12> I 94 X 1234.94608 Y 98.6028879 Z 0
 Input12> I 95 X 1234.66232 Y 59.6150587 Z 0
 Input12> I 96 X 1233.46429 Y 20.2946958 Z 0
 Input12> I 97 X 1159.42545 Y 57.9289398 Z 0
 Input12> I 98 X 1195.84926 Y 58.7461905 Z 0
 Input12> I 99 X 1157.22209 Y 96.3196302 Z 0
 Input12> I 100 X 1195.86893 Y 97.8034449 Z 0
 Input12> I 101 X 1155.35265 Y 134.290898 Z 0
 Input12> I 102 X 1195.56652 Y 137.4424 Z 0
 Input12> I 103 X 1274.45416 Y 138.976141 Z 0
 Input12> I 104 X 1274.97448 Y 99.4732801 Z 0
 Input12> I 105 X 1274.29914 Y 60.6721775 Z 0
 Input12> I 106 X 1274.76078 Y 22.0979545 Z 0
 Input12> I 107 X 1478.3411 Y -94.4882352 Z 0
 Input12> I 108 X 1508.48893 Y -66.7897416 Z 0
 Input12> I 109 X 1537.27163 Y -37.8607292 Z 0
 Input12> I 110 X 1564.57155 Y -8.85180903 Z 0
 Input12> I 111 X 1590.01056 Y 19.5539162 Z 0
 Input12> I 112 X 1603.42536 Y -159.937127 Z 0
 Input12> I 113 X 1632.30569 Y -127.293144 Z 0
 Input12> I 114 X 1659.22342 Y -96.6069562 Z 0
 Input12> I 115 X 1679.92177 Y -211.21595 Z 0
 Input12> I 116 X 1705.03549 Y -178.239659 Z 0
 Input12> I 117 X 1718.00297 Y -234.983508 Z 0
 Input12> I 118 X 1641.13188 Y -186.465078 Z 0
 Input12> I 119 X 1667.51609 Y -154.493803 Z 0
 Input12> I 120 X 1599.09094 Y -98.0456393 Z 0
 Input12> I 121 X 1567.43307 Y -68.0328757 Z 0
 Input12> I 122 X 1628.53816 Y -65.6996765 Z 0
 Input12> I 123 X 1595.22978 Y -38.2074466 Z 0
 Input12> I 124 X 1568.0104 Y -131.262496 Z 0
 Input12> I 125 X 1538.21272 Y -98.1212492 Z 0
 Input12> I 126 X 1403.58541 Y -53.7439574 Z 0
 Input12> I 127 X 1428.0898 Y -33.9921506 Z 0
 Input12> I 128 X 1454.3101 Y -8.16126806 Z 0
 Input12> I 129 X 1481.01694 Y 21.6578147 Z 0
 Input12> I 130 X 1508.36846 Y 49.6908279 Z 0
 Input12> I 131 X 1535.28386 Y 82.0523229 Z 0
 Input12> I 132 X 1480.13943 Y -36.9659919 Z 0
 Input12> I 133 X 1448.83493 Y -64.982654 Z 0
 Input12> I 134 X 1508.6233 Y -8.00049721 Z 0
 Input12> I 135 X 1536.0147 Y 21.0830949 Z 0
 Input12> I 136 X 1562.54487 Y 51.525808 Z 0
 Input12> I 137 X 1358.54232 Y 139.147649 Z 0
 Input12> I 138 X 1340.34726 Y -12.9449579 Z 0
 Input12> I 139 X 1316.18655 Y 99.484735 Z 0
 Input12> I 140 X 1317.21638 Y 141.019654 Z 0
 Input12> I 141 X 1312.71341 Y 61.339044 Z 0
 Input12> I 142 X 1311.51262 Y 27.0511097 Z 0
 Input12> I 143 X 1308.8809 Y -2.87919917 Z 0
 Input12> I 144 X 1415.14199 Y 65.5300007 Z 0
 Input12> I 145 X 1399.44285 Y 34.12065 Z 0
 Input12> I 146 X 1427.63887 Y 16.6815974 Z 0
 Input12> I 147 X 1435.34356 Y 133.225419 Z 0
 Input12> I 148 X 1424.86935 Y 96.8302263 Z 0
 Input12> I 149 X 1397.69304 Y 139.72619 Z 0
 Input12> I 150 X 1505.72269 Y 107.361239 Z 0
 Input12> I 151 X 1470.79604 Y 122.048938 Z 0
 Input12> I 152 X 921.684576 Y 516.77736 Z 0
 Input12> I 153 X 1120.914 Y 545.383924 Z 0
 Input12> I 154 X 1755.23938 Y -253.895332 Z 0
 Input12> I 155 X 1784.62124 Y -265.597836 Z 0
 Input12> I 156 X 1193.52462 Y 19.5362916 Z 0
 Input12> I 157 X 1164.3729 Y 19.0733979 Z 0
 Input12> I 158 X 1027.2559 Y 438.50357 Z 0
 Input12> I 159 X 1034.30472 Y 408.669602 Z 0
 Input12> I 160 X 1055.07954 Y 423.105241 Z 0
 Input12> I 161 X 1082.90596 Y 406.901857 Z 0
 Input12> I 162 X 1075.64226 Y 437.963185 Z 0
 Input12> I 163 X 1006.71138 Y 466.414037 Z 0
 Input12> I 164 X 2247.19558 Y -269.999989 Z 0
 Input12> I 165 X 857.374757 Y 541.773408 Z 0
 Input12> I 166 X 1054.35169 Y 287.947937 Z 0
 Input12> I 167 X 1138.1899 Y 333.170835 Z 0
 Input12> I 168 X 1175.74674 Y 336.560971 Z 0
 Input12> I 169 X 1163.30311 Y 360.802847 Z 0
 Input12> I 170 X 1245.22771 Y 554.653557 Z 0
 Input12> I 171 X 1174.68147 Y 492.489328 Z 0
 Input12> I 172 X 1189.64949 Y 466.976598 Z 0
 Input12> I 173 X 1215.01314 Y 495.3109 Z 0
 Input12> I 174 X 859.79773 Y 18.9494802 Z 0
 Input12> I 175 X 1110.18735 Y 196.643705 Z 0
 Input12> I 176 X 1098.03889 Y 218.349651 Z 0
 Input12> I 177 X 1086.04669 Y 195.415992 Z 0
 Input12> I 178 X 1197.08647 Y 180.51858 Z 0
 Input12> I 179 X 1232.30585 Y 174.070242 Z 0
 Input12> I 180 X 1226.38981 Y 200.294197 Z 0
 Input12> I 181 X 1309.68895 Y 349.805329 Z 0
 Input12> I 182 X 1326.39954 Y 328.37344 Z 0
 Input12> I 183 X 1349.83737 Y 359.03309 Z 0
 Input12> I 184 X 1272.89882 Y 293.786108 Z 0
 Input12> I 185 X 1296.8656 Y 306.468351 Z 0
 Input12> I 186 X 1271.73752 Y 326.167535 Z 0
 Input12> I 187 X 1319.78917 Y 186.86356 Z 0
 Input12> I 188 X 1358.99499 Y 179.932457 Z 0
 Input12> I 189 X 1350.92027 Y 208.869095 Z 0
 Input12> I 190 X 1406.58995 Y 184.735552 Z 0
 Input12> I 191 X 1448.449 Y 174.493195 Z 0
 Input12> I 192 X 1484.80619 Y 161.440312 Z 0
 Input12> I 193 X 1478.04405 Y 188.236278 Z 0
 Input12> I 194 X 1437.34458 Y 204.714684 Z 0
 Input12> I 195 X 1460.79698 Y 217.939955 Z 0
 Input12> I 196 X 1433.47886 Y 241.640372 Z 0
 Input12> I 197 X 1006.84519 Y 132.133665 Z 0
 Input12> I 198 X 1739.80723 Y -203.781982 Z 0
 Input12> I 199 X 1691.92297 Y -125.156142 Z 0
 Input12> I 200 X 1620.83389 Y -9.90147785 Z 0
 Input12> I 201 X 1508.72179 Y -126.902371 Z 0
 Input12> I 202 X 1379.11181 Y -28.2743825 Z 0
 Input12> I 203 X 1404.61602 Y -10.066917 Z 0
 Input12> I 204 X 1383.56365 Y 5.25469891 Z 0
 Input12> I 205 X 1370.97223 Y 48.8368088 Z 0
 Input12> I 206 X 1348.70779 Y 57.7313082 Z 0
 Input12> I 207 X 1351.02071 Y 25.1857935 Z 0
 Input12> I 208 X 1359.97042 Y 95.4323339 Z 0
 Input12> I 209 X 1384.48181 Y 78.1019238 Z 0
 Input12> I 210 X 1391.75365 Y 102.522668 Z 0
 Input12> I 211 X 1452.43343 Y 52.9409569 Z 0
 Input12> I 212 X 1480.96586 Y 74.1455637 Z 0
 Input12> I 213 X 1457.26617 Y 86.4914213 Z 0
 Input12> I 214 X 2071.71197 Y -294.999073 Z 0
 Input12> I 215 X 2030.01746 Y -294.99715 Z 0
 Input12> I 216 X 2050.89609 Y -269.996223 Z 0
 Input12> I 217 X 2030.01746 Y -244.99715 Z 0
 Input12> I 218 X 2071.71197 Y -244.999073 Z 0
 Input12> I 219 X 2113.46977 Y -244.999701 Z 0
 Input12> I 220 X 2092.68174 Y -269.998774 Z 0
 Input12> I 221 X 2155.42049 Y -244.999906 Z 0
 Input12> I 222 X 2134.72359 Y -269.999608 Z 0
 Input12> I 223 X 2155.42049 Y -294.999906 Z 0
 Input12> I 224 X 2113.46977 Y -294.999701 Z 0
 Input12> I 225 X 2242.76446 Y -294.999995 Z 0
 Input12> I 226 X 2263.59779 Y -278.333328 Z 0
 Input12> I 227 X 2263.59779 Y -261.666661 Z 0
 Input12> I 228 X 2242.76446 Y -244.999995 Z 0
 Input12> I 229 X 2197.98894 Y -294.999973 Z 0
 Input12> I 230 X 2223.2534 Y -269.999968 Z 0
 Input12> I 231 X 2177.5761 Y -269.99988 Z 0
 Input12> I 232 X 2197.98894 Y -244.999973 Z 0
 Input12> I 233 X 1946.69632 Y -244.973222 Z 0
 Input12> I 234 X 1925.94945 Y -269.891343 Z 0
 Input12> I 235 X 1905.08646 Y -244.918121 Z 0
 Input12> I 236 X 1988.34724 Y -244.991255 Z 0
 Input12> I 237 X 1967.54356 Y -269.964477 Z 0
 Input12> I 238 X 2009.19803 Y -269.988405 Z 0
 Input12> I 239 X 1988.34724 Y -294.991255 Z 0
 Input12> I 240 X 1946.69632 Y -294.973222 Z 0
 Input12> I 241 X 1905.08646 Y -294.918121 Z 0
 Input12> I 242 X 1782.31062 Y -242.798918 Z 0
 Input12> I 243 X 1822.45613 Y -244.248007 Z 0
 Input12> I 244 X 1803.93342 Y -267.046925 Z 0
 Input12> I 245 X 1746.78636 Y -274.447666 Z 0
 Input12> I 246 X 1769.93031 Y -259.746584 Z 0
 Input12> I 247 X 1782.31062 Y -292.798918 Z 0
 Input12> I 248 X 1822.45613 Y -294.248007 Z 0
 Input12> I 249 X 1863.59537 Y -244.750545 Z 0
 Input12> I 250 X 1843.5515 Y -268.998552 Z 0
 Input12> I 251 X 1884.51516 Y -269.668667 Z 0
 Input12> I 252 X 1863.59537 Y -294.750545 Z 0
 Input12> I 253 X 819.231055 Y 553.460978 Z 0
 Input12> I 254 X 838.241699 Y 534.347682 Z 0
 Input12> I 255 X 858.113587 Y 560.886704 Z 0
 Input12> I 256 X 893.890662 Y 522.579578 Z 0
 Input12> I 257 X 857.314492 Y 529.768726 Z 0
 Input12> I 258 X 875.82925 Y 542.090519 Z 0
 Input12> I 259 X 896.459582 Y 561.203816 Z 0
 Input12> I 260 X 962.721639 Y 497.55046 Z 0
 Input12> I 261 X 967.323495 Y 472.915599 Z 0
 Input12> I 262 X 937.259498 Y 494.150144 Z 0
 Input12> I 263 X 911.603616 Y 543.623285 Z 0
 Input12> I 264 X 933.875262 Y 562.41947 Z 0
 Input12> I 265 X 955.578567 Y 522.467486 Z 0
 Input12> I 266 X 982.001733 Y 533.62344 Z 0
 Input12> I 267 X 989.144805 Y 508.706414 Z 0
 Input12> I 268 X 1010.6195 Y 554.17906 Z 0
 Input12> I 269 X 971.557381 Y 559.44438 Z 0
 Input12> I 270 X 946.253914 Y 541.86385 Z 0
 Input12> I 271 X 1061.28156 Y 361.770093 Z 0
 Input12> I 272 X 1067.47433 Y 393.154056 Z 0
 Input12> I 273 X 1095.76928 Y 388.027832 Z 0
 Input12> I 274 X 1089.57651 Y 356.643869 Z 0
 Input12> I 275 X 1123.41125 Y 351.162321 Z 0
 Input12> I 276 X 1115.47159 Y 321.042895 Z 0
 Input12> I 277 X 1081.63684 Y 326.524444 Z 0
 Input12> I 278 X 1034.90321 Y 368.330178 Z 0
 Input12> I 279 X 1048.72102 Y 331.621236 Z 0
 Input12> I 280 X 1040.63666 Y 303.528239 Z 0
 Input12> I 281 X 1073.55248 Y 298.431447 Z 0
 Input12> I 282 X 1125.83273 Y 380.647356 Z 0
 Input12> I 283 X 1102.96611 Y 415.792264 Z 0
 Input12> I 284 X 1133.02957 Y 408.411788 Z 0
 Input12> I 285 X 1140.28934 Y 434.831455 Z 0
 Input12> I 286 X 1167.33063 Y 429.223391 Z 0
 Input12> I 287 X 1160.07086 Y 402.803723 Z 0
 Input12> I 288 X 1150.74651 Y 346.986841 Z 0
 Input12> I 289 X 1153.16799 Y 376.471876 Z 0
 Input12> I 290 X 1204.44346 Y 365.55864 Z 0
 Input12> I 291 X 1194.19538 Y 343.169788 Z 0
 Input12> I 292 X 1169.52492 Y 348.681909 Z 0
 Input12> I 293 X 1179.77301 Y 371.070762 Z 0
 Input12> I 294 X 1186.67589 Y 397.402609 Z 0
 Input12> I 295 X 1228.48517 Y 446.750747 Z 0
 Input12> I 296 X 1257.59664 Y 440.287315 Z 0
 Input12> I 297 X 1250.82108 Y 411.580356 Z 0
 Input12> I 298 X 1221.70961 Y 418.043788 Z 0
 Input12> I 299 X 1266.16331 Y 469.684785 Z 0
 Input12> I 300 X 1298.14757 Y 462.00314 Z 0
 Input12> I 301 X 1289.5809 Y 432.60567 Z 0
 Input12> I 302 X 1173.60095 Y 455.978419 Z 0
 Input12> I 303 X 1200.45303 Y 451.001875 Z 0
 Input12> I 304 X 1194.18271 Y 424.246847 Z 0
 Input12> I 305 X 1202.33132 Y 481.143749 Z 0
 Input12> I 306 X 1230.36346 Y 476.892621 Z 0
 Input12> I 307 X 1239.12656 Y 506.725595 Z 0
 Input12> I 308 X 1274.92641 Y 499.517758 Z 0
 Input12> I 309 X 1283.52475 Y 530.022526 Z 0
 Input12> I 310 X 1307.11595 Y 492.352375 Z 0
 Input12> I 311 X 1330.55544 Y 454.412669 Z 0
 Input12> I 312 X 1353.30761 Y 415.70999 Z 0
 Input12> I 313 X 1320.52971 Y 423.455993 Z 0
 Input12> I 314 X 1310.98281 Y 394.658155 Z 0
 Input12> I 315 X 1280.034 Y 403.807833 Z 0
 Input12> I 316 X 1271.19281 Y 375.623067 Z 0
 Input12> I 317 X 1241.9799 Y 383.39559 Z 0
 Input12> I 318 X 1214.20279 Y 391.199551 Z 0
 Input12> I 319 X 1232.22057 Y 357.75468 Z 0
 Input12> I 320 X 1044.69213 Y 415.887422 Z 0
 Input12> I 321 X 1068.99275 Y 415.003549 Z 0
 Input12> I 322 X 1043.17372 Y 394.037928 Z 0
 Input12> I 323 X 1018.52799 Y 401.083514 Z 0
 Input12> I 324 X 994.482685 Y 446.680074 Z 0
 Input12> I 325 X 992.29093 Y 477.734373 Z 0
 Input12> I 326 X 1030.78031 Y 423.586586 Z 0
 Input12> I 327 X 1004.75495 Y 432.724841 Z 0
 Input12> I 328 X 1262.61386 Y 567.326779 Z 0
 Input12> I 329 X 1254.23385 Y 536.396924 Z 0
 Input12> I 330 X 1196.8706 Y 560.23697 Z 0
 Input12> I 331 X 1240.5588 Y 567.326779 Z 0
 Input12> I 332 X 1223.50434 Y 547.563748 Z 0
 Input12> I 333 X 1208.39705 Y 517.892419 Z 0
 Input12> I 334 X 1178.02153 Y 536.680527 Z 0
 Input12> I 335 X 1151.3186 Y 556.443557 Z 0
 Input12> I 336 X 1194.84731 Y 493.900114 Z 0
 Input12> I 337 X 1164.47178 Y 512.688222 Z 0
 Input12> I 338 X 1129.43929 Y 489.676381 Z 0
 Input12> I 339 X 1136.78486 Y 518.853822 Z 0
 Input12> I 340 X 1157.12622 Y 483.51078 Z 0
 Input12> I 341 X 1182.16548 Y 479.732963 Z 0
 Input12> I 342 X 1148.56168 Y 459.756236 Z 0
 Input12> I 343 X 1098.07829 Y 468.588197 Z 0
 Input12> I 344 X 1104.31684 Y 493.596574 Z 0
 Input12> I 345 X 1123.20074 Y 464.668004 Z 0
 Input12> I 346 X 1114.9284 Y 439.743224 Z 0
 Input12> I 347 X 1079.27411 Y 422.432521 Z 0
 Input12> I 348 X 1091.23639 Y 446.383481 Z 0
 Input12> I 349 X 1073.53952 Y 474.707243 Z 0
 Input12> I 350 X 1066.69762 Y 452.502526 Z 0
 Input12> I 351 X 1065.3609 Y 430.534213 Z 0
 Input12> I 352 X 1041.16772 Y 430.804406 Z 0
 Input12> I 353 X 1042.50445 Y 452.772718 Z 0
 Input12> I 354 X 1048.60906 Y 489.096813 Z 0
 Input12> I 355 X 1016.98364 Y 452.458804 Z 0
 Input12> I 356 X 1023.08826 Y 488.782899 Z 0
 Input12> I 357 X 1019.94213 Y 519.75494 Z 0
 Input12> I 358 X 1084.00348 Y 517.658285 Z 0
 Input12> I 359 X 1107.2189 Y 517.626188 Z 0
 Input12> I 360 X 1081.10142 Y 493.628671 Z 0
 Input12> I 361 X 1056.17097 Y 508.018242 Z 0
 Input12> I 362 X 1051.09941 Y 545.57588 Z 0
 Input12> I 363 X 820.211203 Y 6.53902244 Z 0
 Input12> I 364 X 839.453186 Y 26.0137625 Z 0
 Input12> I 365 X 861.359536 Y -0.525259906 Z 0
 Input12> I 366 X 902.505518 Y 0.241972107 Z 0
 Input12> I 367 X 879.852218 Y 19.7167122 Z 0
 Input12> I 368 X 858.525981 Y 30.5927059 Z 0
 Input12> I 369 X 896.70214 Y 38.8662122 Z 0
 Input12> I 370 X 966.330902 Y 23.0547593 Z 0
 Input12> I 371 X 991.404901 Y 0.722648633 Z 0
 Input12> I 372 X 945.072915 Y 2.33211063 Z 0
 Input12> I 373 X 920.967149 Y 22.5740827 Z 0
 Input12> I 374 X 934.486897 Y 51.2050708 Z 0
 Input12> I 375 X 958.761504 Y 70.0778173 Z 0
 Input12> I 376 X 990.605509 Y 41.9275058 Z 0
 Input12> I 377 X 1042.1756 Y 283.973968 Z 0
 Input12> I 378 X 1061.04203 Y 265.858095 Z 0
 Input12> I 379 X 1047.327 Y 242.329856 Z 0
 Input12> I 380 X 1024.25632 Y 166.378448 Z 0
 Input12> I 381 X 1035.90382 Y 202.397776 Z 0
 Input12> I 382 X 1049.90265 Y 184.151989 Z 0
 Input12> I 383 X 1070.0453 Y 198.732824 Z 0
 Input12> I 384 X 1083.98163 Y 180.018475 Z 0
 Input12> I 385 X 1063.83898 Y 165.43764 Z 0
 Input12> I 386 X 1101.25118 Y 289.789932 Z 0
 Input12> I 387 X 1088.74073 Y 257.216581 Z 0
 Input12> I 388 X 1082.88563 Y 231.058952 Z 0
 Input12> I 389 X 1119.08033 Y 254.027232 Z 0
 Input12> I 390 X 1113.22523 Y 227.869604 Z 0
 Input12> I 391 X 1098.11702 Y 196.029849 Z 0
 Input12> I 392 X 1112.55384 Y 181.400222 Z 0
 Input12> I 393 X 1098.41845 Y 165.388849 Z 0
 Input12> I 394 X 1146.94867 Y 189.044818 Z 0
 Input12> I 395 X 1133.31542 Y 168.992221 Z 0
 Input12> I 396 X 1126.18709 Y 201.45282 Z 0
 Input12> I 397 X 1104.11312 Y 207.496678 Z 0
 Input12> I 398 X 1135.2992 Y 221.825745 Z 0
 Input12> I 399 X 1174.39849 Y 176.173141 Z 0
 Input12> I 400 X 1160.84132 Y 212.479153 Z 0
 Input12> I 401 X 1188.29114 Y 199.607475 Z 0
 Input12> I 402 X 1211.73814 Y 190.406388 Z 0
 Input12> I 403 X 1196.85982 Y 226.164982 Z 0
 Input12> I 404 X 1220.30681 Y 216.963895 Z 0
 Input12> I 405 X 1266.7185 Y 195.480439 Z 0
 Input12> I 406 X 1251.89987 Y 176.038374 Z 0
 Input12> I 407 X 1229.34783 Y 187.18222 Z 0
 Input12> I 408 X 1244.16645 Y 206.624285 Z 0
 Input12> I 409 X 1232.00579 Y 240.472698 Z 0
 Input12> I 410 X 1255.86543 Y 230.133087 Z 0
 Input12> I 411 X 1157.63771 Y 271.834805 Z 0
 Input12> I 412 X 1169.56159 Y 296.202449 Z 0
 Input12> I 413 X 1195.11201 Y 285.020417 Z 0
 Input12> I 414 X 1183.18813 Y 260.652773 Z 0
 Input12> I 415 X 1146.66337 Y 245.486934 Z 0
 Input12> I 416 X 1172.20549 Y 236.140341 Z 0
 Input12> I 417 X 1130.05467 Y 280.375103 Z 0
 Input12> I 418 X 1144.27508 Y 311.628067 Z 0
 Input12> I 419 X 1156.96832 Y 334.865903 Z 0
 Input12> I 420 X 1182.25483 Y 319.440285 Z 0
 Input12> I 421 X 1220.04055 Y 332.412867 Z 0
 Input12> I 422 X 1208.1 Y 308.683365 Z 0
 Input12> I 423 X 1232.68109 Y 298.063843 Z 0
 Input12> I 424 X 1219.6931 Y 274.400896 Z 0
 Input12> I 425 X 1207.84246 Y 250.677414 Z 0
 Input12> I 426 X 1243.85643 Y 264.196179 Z 0
 Input12> I 427 X 1340.60724 Y 381.417011 Z 0
 Input12> I 428 X 1374.4425 Y 374.27845 Z 0
 Input12> I 429 X 1402.76539 Y 337.545254 Z 0
 Input12> I 430 X 1366.2555 Y 341.347513 Z 0
 Input12> I 431 X 1365.87941 Y 310.885129 Z 0
 Input12> I 432 X 1337.74236 Y 313.240881 Z 0
 Input12> I 433 X 1338.11846 Y 343.703265 Z 0
 Input12> I 434 X 1329.76316 Y 354.41921 Z 0
 Input12> I 435 X 1300.13872 Y 367.660354 Z 0
 Input12> I 436 X 1249.5873 Y 320.607332 Z 0
 Input12> I 437 X 1261.76733 Y 345.949145 Z 0
 Input12> I 438 X 1290.71323 Y 337.986432 Z 0
 Input12> I 439 X 1284.30156 Y 316.317943 Z 0
 Input12> I 440 X 1318.04424 Y 339.089385 Z 0
 Input12> I 441 X 1311.63257 Y 317.420895 Z 0
 Input12> I 442 X 1332.71582 Y 287.789193 Z 0
 Input12> I 443 X 1306.60603 Y 291.969208 Z 0
 Input12> I 444 X 1272.31817 Y 309.976821 Z 0
 Input12> I 445 X 1255.41196 Y 287.433332 Z 0
 Input12> I 446 X 1267.35005 Y 254.303622 Z 0
 Input12> I 447 X 1278.90558 Y 277.540774 Z 0
 Input12> I 448 X 1284.88221 Y 300.127229 Z 0
 Input12> I 449 X 1300.6294 Y 269.382753 Z 0
 Input12> I 450 X 1292.54153 Y 243.83286 Z 0
 Input12> I 451 X 1281.05691 Y 219.662325 Z 0
 Input12> I 452 X 1325.43865 Y 260.716725 Z 0
 Input12> I 453 X 1317.35078 Y 235.166832 Z 0
 Input12> I 454 X 1359.85944 Y 280.610654 Z 0
 Input12> I 455 X 1352.58227 Y 253.538186 Z 0
 Input12> I 456 X 1295.64153 Y 182.435033 Z 0
 Input12> I 457 X 1309.97995 Y 206.616919 Z 0
 Input12> I 458 X 1335.35472 Y 197.866328 Z 0
 Input12> I 459 X 1342.72556 Y 226.41624 Z 0
 Input12> I 460 X 1398.47802 Y 204.726265 Z 0
 Input12> I 461 X 1382.79247 Y 182.334004 Z 0
 Input12> I 462 X 1354.95763 Y 194.400776 Z 0
 Input12> I 463 X 1370.64318 Y 216.793037 Z 0
 Input12> I 464 X 1380.49989 Y 243.914983 Z 0
 Input12> I 465 X 1421.96726 Y 194.725118 Z 0
 Input12> I 466 X 1411.92247 Y 233.178676 Z 0
 Input12> I 467 X 1435.41172 Y 223.177528 Z 0
 Input12> I 468 X 1447.13792 Y 229.790164 Z 0
 Input12> I 469 X 1451.97753 Y 258.439234 Z 0
 Input12> I 470 X 1477.54135 Y 227.541406 Z 0
 Input12> I 471 X 1463.24653 Y 181.364737 Z 0
 Input12> I 472 X 1442.89679 Y 189.60394 Z 0
 Input12> I 473 X 1449.07078 Y 211.32732 Z 0
 Input12> I 474 X 1469.42052 Y 203.088117 Z 0
 Input12> I 475 X 1498.06965 Y 193.641949 Z 0
 Input12> I 476 X 1389.52209 Y 274.352567 Z 0
 Input12> I 477 X 1420.94467 Y 263.61626 Z 0
 Input12> I 478 X 1395.54206 Y 304.627042 Z 0
 Input12> I 479 X 1427.53857 Y 299.462741 Z 0
 Input12> I 480 X 1119.34223 Y 76.1172199 Z 0
 Input12> I 481 X 1099.81323 Y 57.2681876 Z 0
 Input12> I 482 X 1079.39049 Y 75.8895021 Z 0
 Input12> I 483 X 1098.9195 Y 94.7385344 Z 0
 Input12> I 484 X 1122.18424 Y 38.0532091 Z 0
 Input12> I 485 X 1102.51015 Y 18.8661088 Z 0
 Input12> I 486 X 1080.13914 Y 38.0810874 Z 0
 Input12> I 487 X 1127.87897 Y -0.585819899 Z 0
 Input12> I 488 X 1082.42709 Y -0.548071266 Z 0
 Input12> I 489 X 1036.96489 Y -0.184894498 Z 0
 Input12> I 490 X 1058.71224 Y 19.2670342 Z 0
 Input12> I 491 X 1036.61596 Y 39.0753286 Z 0
 Input12> I 492 X 1058.04285 Y 57.8893818 Z 0
 Input12> I 493 X 1059.5303 Y 95.0005015 Z 0
 Input12> I 494 X 1038.18266 Y 77.0003812 Z 0
 Input12> I 495 X 1081.18759 Y 147.50189 Z 0
 Input12> I 496 X 1061.78209 Y 130.733862 Z 0
 Input12> I 497 X 1044.43347 Y 148.669612 Z 0
 Input12> I 498 X 1116.02621 Y 148.827757 Z 0
 Input12> I 499 X 1098.79535 Y 130.940798 Z 0
 Input12> I 500 X 1117.7739 Y 113.227578 Z 0
 Input12> I 501 X 1079.94095 Y 112.451754 Z 0
 Input12> I 502 X 1041.37144 Y 113.28261 Z 0
 Input12> I 503 X 1004.79823 Y 149.31812 Z 0
 Input12> I 504 X 1024.97538 Y 131.609284 Z 0
 Input12> I 505 X 1019.45364 Y 96.6868011 Z 0
 Input12> I 506 X 1003.05758 Y 115.013476 Z 0
 Input12> I 507 X 1144.23631 Y 18.9508791 Z 0
 Input12> I 508 X 1172.40735 Y -0.463301043 Z 0
 Input12> I 509 X 1186.98321 Y -0.231854194 Z 0
 Input12> I 510 X 1213.49446 Y 19.9154937 Z 0
 Input12> I 511 X 1231.73777 Y 0.147347923 Z 0
 Input12> I 512 X 1139.84711 Y 57.6034989 Z 0
 Input12> I 513 X 1161.89917 Y 38.5011689 Z 0
 Input12> I 514 X 1177.63735 Y 58.3375652 Z 0
 Input12> I 515 X 1194.68694 Y 39.1412411 Z 0
 Input12> I 516 X 1178.94876 Y 19.3048448 Z 0
 Input12> I 517 X 1215.25579 Y 59.1806246 Z 0
 Input12> I 518 X 1234.06331 Y 39.9548773 Z 0
 Input12> I 519 X 1156.28737 Y 115.305264 Z 0
 Input12> I 520 X 1175.45959 Y 135.866649 Z 0
 Input12> I 521 X 1195.71772 Y 117.622922 Z 0
 Input12> I 522 X 1176.54551 Y 97.0615376 Z 0
 Input12> I 523 X 1137.81889 Y 95.6380061 Z 0
 Input12> I 524 X 1158.32377 Y 77.124285 Z 0
 Input12> I 525 X 1136.24238 Y 132.894836 Z 0
 Input12> I 526 X 1153.53158 Y 153.0593 Z 0
 Input12> I 527 X 1196.32649 Y 158.98049 Z 0
 Input12> I 528 X 1214.69616 Y 177.294411 Z 0
 Input12> I 529 X 1233.29101 Y 155.696806 Z 0
 Input12> I 530 X 1214.92134 Y 137.382885 Z 0
 Input12> I 531 X 1234.61113 Y 117.963129 Z 0
 Input12> I 532 X 1215.40751 Y 98.2031664 Z 0
 Input12> I 533 X 1195.85909 Y 78.2748177 Z 0
 Input12> I 534 X 1234.8042 Y 79.1089733 Z 0
 Input12> I 535 X 1254.11253 Y 21.1963252 Z 0
 Input12> I 536 X 1277.38039 Y 1.04897724 Z 0
 Input12> I 537 X 1254.48073 Y 60.1436181 Z 0
 Input12> I 538 X 1274.52996 Y 41.385066 Z 0
 Input12> I 539 X 1254.96028 Y 99.038084 Z 0
 Input12> I 540 X 1274.63681 Y 80.0727288 Z 0
 Input12> I 541 X 1254.36516 Y 138.149755 Z 0
 Input12> I 542 X 1274.71432 Y 119.224711 Z 0
 Input12> I 543 X 1272.97403 Y 158.491324 Z 0
 Input12> I 544 X 1736.62117 Y -244.43942 Z 0
 Input12> I 545 X 1707.33482 Y -252.491754 Z 0
 Input12> I 546 X 1667.46089 Y -228.107975 Z 0
 Input12> I 547 X 1698.96237 Y -223.099729 Z 0
 Input12> I 548 X 1759.90362 Y -211.890991 Z 0
 Input12> I 549 X 1767.61969 Y -236.947666 Z 0
 Input12> I 550 X 1728.9051 Y -219.382745 Z 0
 Input12> I 551 X 1718.70822 Y -161.024591 Z 0
 Input12> I 552 X 1747.99885 Y -192.843372 Z 0
 Input12> I 553 X 1722.42136 Y -191.01082 Z 0
 Input12> I 554 X 1692.47863 Y -194.727804 Z 0
 Input12> I 555 X 1660.52683 Y -198.840514 Z 0
 Input12> I 556 X 1627.23261 Y -203.232539 Z 0
 Input12> I 557 X 1587.54601 Y -177.468564 Z 0
 Input12> I 558 X 1622.27862 Y -173.201103 Z 0
 Input12> I 559 X 1686.27579 Y -166.366731 Z 0
 Input12> I 560 X 1654.32398 Y -170.479441 Z 0
 Input12> I 561 X 1617.86552 Y -143.615136 Z 0
 Input12> I 562 X 1649.91089 Y -140.893474 Z 0
 Input12> I 563 X 1712.15196 Y -134.482833 Z 0
 Input12> I 564 X 1679.71953 Y -139.824973 Z 0
 Input12> I 565 X 1671.99266 Y -82.1130019 Z 0
 Input12> I 566 X 1700.2472 Y -115.435214 Z 0
 Input12> I 567 X 1675.57319 Y -110.881549 Z 0
 Input12> I 568 X 1645.76455 Y -111.95005 Z 0
 Input12> I 569 X 1644.74527 Y -47.611743 Z 0
 Input12> I 570 X 1643.88079 Y -81.1533163 Z 0
 Input12> I 571 X 1615.69832 Y -112.669392 Z 0
 Input12> I 572 X 1613.81455 Y -81.8726579 Z 0
 Input12> I 573 X 1611.88397 Y -51.9535616 Z 0
 Input12> I 574 X 1583.26201 Y -83.0392575 Z 0
 Input12> I 575 X 1581.33143 Y -53.1201612 Z 0
 Input12> I 576 X 1552.35235 Y -52.9468025 Z 0
 Input12> I 577 X 1550.92159 Y -23.3562691 Z 0
 Input12> I 578 X 1579.90067 Y -23.5296278 Z 0
 Input12> I 579 X 1640.89314 Y -19.7126437 Z 0
 Input12> I 580 X 1608.03184 Y -24.0544622 Z 0
 Input12> I 581 X 1601.67194 Y 33.1102914 Z 0
 Input12> I 582 X 1628.98838 Y -0.665024638 Z 0
 Input12> I 583 X 1605.42222 Y 4.82621918 Z 0
 Input12> I 584 X 1577.29105 Y 5.35105359 Z 0
 Input12> I 585 X 1583.55067 Y -114.654067 Z 0
 Input12> I 586 X 1585.71788 Y -145.599812 Z 0
 Input12> I 587 X 1549.0052 Y -150.631248 Z 0
 Input12> I 588 X 1523.35082 Y -82.4554954 Z 0
 Input12> I 589 X 1522.88028 Y -52.3252354 Z 0
 Input12> I 590 X 1552.82289 Y -83.0770625 Z 0
 Input12> I 591 X 1553.11156 Y -114.691872 Z 0
 Input12> I 592 X 1519.36089 Y -148.451186 Z 0
 Input12> I 593 X 1523.46725 Y -112.51181 Z 0
 Input12> I 594 X 1493.41502 Y -80.6389884 Z 0
 Input12> I 595 X 1493.53145 Y -110.695303 Z 0
 Input12> I 596 X 1498.52756 Y -135.951186 Z 0
 Input12> I 597 X 1462.50388 Y -107.244118 Z 0
 Input12> I 598 X 1438.46237 Y -49.4874023 Z 0
 Input12> I 599 X 1441.19995 Y -21.0767093 Z 0
 Input12> I 600 X 1467.22476 Y -22.56363 Z 0
 Input12> I 601 X 1464.48718 Y -50.974323 Z 0
 Input12> I 602 X 1494.31418 Y -51.8778667 Z 0
 Input12> I 603 X 1463.58802 Y -79.7354446 Z 0
 Input12> I 604 X 1426.91747 Y -79.991327 Z 0
 Input12> I 605 X 1404.29271 Y -74.3719787 Z 0
 Input12> I 606 X 1415.83761 Y -43.868054 Z 0
 Input12> I 607 X 1467.66352 Y 6.74827331 Z 0
 Input12> I 608 X 1494.82012 Y 6.82865873 Z 0
 Input12> I 609 X 1494.38136 Y -22.4832446 Z 0
 Input12> I 610 X 1494.6927 Y 35.6743213 Z 0
 Input12> I 611 X 1522.19158 Y 35.3869614 Z 0
 Input12> I 612 X 1522.319 Y 6.54129885 Z 0
 Input12> I 613 X 1521.82616 Y 65.8715754 Z 0
 Input12> I 614 X 1548.91437 Y 66.7890654 Z 0
 Input12> I 615 X 1549.27979 Y 36.3044515 Z 0
 Input12> I 616 X 1550.49907 Y 102.454733 Z 0
 Input12> I 617 X 1576.03434 Y 68.1438564 Z 0
 Input12> I 618 X 1576.27771 Y 35.5398621 Z 0
 Input12> I 619 X 1550.29312 Y 6.11564295 Z 0
 Input12> I 620 X 1522.94746 Y -22.9306132 Z 0
 Input12> I 621 X 1295.83527 Y 139.997897 Z 0
 Input12> I 622 X 1316.70146 Y 120.252194 Z 0
 Input12> I 623 X 1295.58051 Y 99.4790075 Z 0
 Input12> I 624 X 1318.50278 Y 163.941607 Z 0
 Input12> I 625 X 1339.39208 Y 183.398008 Z 0
 Input12> I 626 X 1358.76866 Y 159.540053 Z 0
 Input12> I 627 X 1337.87935 Y 140.083652 Z 0
 Input12> I 628 X 1359.25637 Y 117.289992 Z 0
 Input12> I 629 X 1338.07848 Y 97.4585344 Z 0
 Input12> I 630 X 1293.50628 Y 61.0056107 Z 0
 Input12> I 631 X 1314.44998 Y 80.4118895 Z 0
 Input12> I 632 X 1354.3391 Y 76.581821 Z 0
 Input12> I 633 X 1330.7106 Y 59.5351761 Z 0
 Input12> I 634 X 1331.00696 Y -28.972479 Z 0
 Input12> I 635 X 1294.44045 Y -11.4395996 Z 0
 Input12> I 636 X 1324.61408 Y -7.91207854 Z 0
 Input12> I 637 X 1293.1367 Y 24.5745321 Z 0
 Input12> I 638 X 1310.19676 Y 12.0859553 Z 0
 Input12> I 639 X 1331.26666 Y 26.1184516 Z 0
 Input12> I 640 X 1345.68398 Y 6.12041781 Z 0
 Input12> I 641 X 1349.86425 Y 41.4585508 Z 0
 Input12> I 642 X 1312.11301 Y 44.1950768 Z 0
 Input12> I 643 X 1416.35291 Y -22.0295338 Z 0
 Input12> I 644 X 1391.34861 Y -41.00917 Z 0
 Input12> I 645 X 1391.86392 Y -19.1706498 Z 0
 Input12> I 646 X 1381.33773 Y -11.5098418 Z 0
 Input12> I 647 X 1359.72954 Y -20.6096702 Z 0
 Input12> I 648 X 1367.29218 Y 15.2202462 Z 0
 Input12> I 649 X 1360.99647 Y 37.0113011 Z 0
 Input12> I 650 X 1385.20754 Y 41.4787294 Z 0
 Input12> I 651 X 1391.50325 Y 19.6876745 Z 0
 Input12> I 652 X 1399.8119 Y 71.8159623 Z 0
 Input12> I 653 X 1407.29242 Y 49.8253254 Z 0
 Input12> I 654 X 1377.72702 Y 63.4693663 Z 0
 Input12> I 655 X 1359.84001 Y 53.2840585 Z 0
 Input12> I 656 X 1372.22611 Y 86.7671289 Z 0
 Input12> I 657 X 1433.78771 Y 59.2354788 Z 0
 Input12> I 658 X 1440.03615 Y 34.8112772 Z 0
 Input12> I 659 X 1413.54086 Y 25.4011237 Z 0
 Input12> I 660 X 1466.72519 Y 37.2993858 Z 0
 Input12> I 661 X 1440.97448 Y 4.26016466 Z 0
 Input12> I 662 X 1416.12744 Y 3.30734018 Z 0
 Input12> I 663 X 1394.08983 Y -2.40610906 Z 0
 Input12> I 664 X 1378.11768 Y 139.43692 Z 0
 Input12> I 665 X 1402.14149 Y 162.230871 Z 0
 Input12> I 666 X 1427.51948 Y 179.614373 Z 0
 Input12> I 667 X 1441.89628 Y 153.859307 Z 0
 Input12> I 668 X 1416.5183 Y 136.475805 Z 0
 Input12> I 669 X 1375.86203 Y 98.9775012 Z 0
 Input12> I 670 X 1394.72334 Y 121.124429 Z 0
 Input12> I 671 X 1420.00567 Y 81.1801135 Z 0
 Input12> I 672 X 1388.11773 Y 90.3122962 Z 0
 Input12> I 673 X 1408.3115 Y 99.6764474 Z 0
 Input12> I 674 X 1430.10645 Y 115.027823 Z 0
 Input12> I 675 X 1520.50327 Y 94.7067811 Z 0
 Input12> I 676 X 1523.81373 Y 134.15681 Z 0
 Input12> I 677 X 1494.66716 Y 61.9181958 Z 0
 Input12> I 678 X 1493.34427 Y 90.7534016 Z 0
 Input12> I 679 X 1466.69964 Y 63.5432603 Z 0
 Input12> I 680 X 1466.62759 Y 167.966753 Z 0
 Input12> I 681 X 1477.80112 Y 141.744625 Z 0
 Input12> I 682 X 1453.0698 Y 127.637179 Z 0
 Input12> I 683 X 1488.25937 Y 114.705089 Z 0
 Input12> I 684 X 1513.35548 Y 161.196346 Z 0
 Input12> I 685 X 1481.42512 Y 174.838295 Z 0
 Input12> I 686 X 1454.8498 Y 69.7161891 Z 0
 Input12> I 687 X 1441.06776 Y 91.6608238 Z 0
 Input12> I 688 X 1469.11601 Y 80.3184925 Z 0
 Input12> I 689 X 1464.03111 Y 104.27018 Z 0
 Input12> I 690 X 1078.93193 Y 555.215923 Z 0
 Input12> I 691 X 994.549586 Y 132.593781 Z 0
 Input12> I 692 X 978.023239 Y 100.558397 Z 0
 Input12> I 693 X 994.92339 Y 80.1515003 Z 0
 Input12> I 694 X 1371.22257 Y -49.1371913 Z 0
 Input12> I 695 X 907.591079 Y 509.764442 Z 0
 Input12> I 696 X 934.628686 Y 511.411786 Z 0
 Input12> I 697 X 925.304033 Y 530.80815 Z 0
 Input12> I 698 X 1013.56905 Y 20.5377541 Z 0
 Input12> I 699 X 1013.65241 Y 60.4650803 Z 0
 Input12> I 700 X 1092.04279 Y 206.882822 Z 0
 Input12> I 701 X 1060.88814 Y 222.908955 Z 0
 Input12> I 702 X 1137.58805 Y 539.13552 Z 0
 Input12> I 703 X 1113.09118 Y 562.691962 Z 0
 Input12> I 704 X 1108.02209 Y 537.907886 Z 0
 Input12>! Samcef Bank File: ELEMENTS.
 Input12>! ---------------------------
 Input12>.MAI
 Input12> I 1 AT 1 0 N 3 -214 858 -865 859 -215 1 -216
 Input12> I 2 AT 1 0 N 3 -216 1 -217 882 -888 883 -218
 Input12> I 3 AT 1 0 N 883 -889 884 -219 4 -220 3 -218
 Input12> I 4 AT 1 0 N 884 -890 885 -221 2 -222 4 -219
 Input12> I 5 AT 1 0 N 4 -222 2 -223 856 -866 857 -224
 Input12> I 6 AT 1 0 N 3 -220 4 -224 857 -867 858 -214
 Input12> I 7 AT 1 0 N 901 -902 913 -868 854 -225 164 -226
 Input12> I 8 AT 1 0 N 900 -227 164 -228 887 -891 914 -903
 Input12> I 9 AT 1 0 N 854 -869 855 -229 5 -230 164 -225
 Input12> I 10 AT 1 0 N 855 -870 856 -223 2 -231 5 -229
 Input12> I 11 AT 1 0 N 5 -231 2 -221 885 -892 886 -232
 Input12> I 12 AT 1 0 N 164 -230 5 -232 886 -893 887 -228
 Input12> I 13 AT 1 0 N 879 -894 880 -233 7 -234 6 -235
 Input12> I 14 AT 1 0 N 880 -895 881 -236 8 -237 7 -233
 Input12> I 15 AT 1 0 N 881 -896 882 -217 1 -238 8 -236
 Input12> I 16 AT 1 0 N 8 -238 1 -215 859 -871 860 -239
 Input12> I 17 AT 1 0 N 7 -237 8 -239 860 -872 861 -240
 Input12> I 18 AT 1 0 N 6 -234 7 -240 861 -873 862 -241
 Input12> I 19 AT 1 0 N 155 -242 912 -897 877 -243 9 -244
 Input12> I 20 AT 1 0 N 911 -801 790 -245 154 -246 155 -247
 Input12> I 21 AT 1 0 N 911 -247 155 -244 9 -248 864 -874
 Input12> I 22 AT 1 0 N 877 -898 878 -249 10 -250 9 -243
 Input12> I 23 AT 1 0 N 878 -899 879 -235 6 -251 10 -249
 Input12> I 24 AT 1 0 N 10 -251 6 -241 862 -875 863 -252
 Input12> I 25 AT 1 0 N 9 -250 10 -252 863 -876 864 -248
 Input12> I 26 AT 1 0 N 746 -747 907 -706 908 -778 767 -253
 Input12> I 27 AT 1 0 N 165 -254 746 -253 767 -779 768 -255
 Input12> I 28 AT 1 0 N 18 -256 744 -748 745 -257 165 -258
 Input12> I 29 AT 1 0 N 18 -258 165 -255 768 -780 769 -259
 Input12> I 30 AT 1 0 N 19 -260 17 -261 742 -749 743 -262
 Input12> I 31 AT 1 0 N 20 -263 18 -259 769 -781 770 -264
 Input12> I 32 AT 1 0 N 19 -265 21 -266 16 -267 17 -260
 Input12> I 33 AT 1 0 N 771 -782 772 -268 16 -266 21 -269
 Input12> I 34 AT 1 0 N 771 -269 21 -270 20 -264 770 -783
 Input12> I 35 AT 1 0 N 29 -271 22 -272 161 -273 28 -274
 Input12> I 36 AT 1 0 N 29 -274 28 -275 167 -276 15 -277
 Input12> I 37 AT 1 0 N 738 -750 739 -278 22 -271 29 -279
 Input12> I 38 AT 1 0 N 166 -280 738 -279 29 -277 15 -281
 Input12> I 39 AT 1 0 N 30 -282 28 -273 161 -283 23 -284
 Input12> I 40 AT 1 0 N 30 -284 23 -285 24 -286 26 -287
 Input12> I 41 AT 1 0 N 169 -288 167 -275 28 -282 30 -289
 Input12> I 42 AT 1 0 N 27 -290 14 -291 168 -292 169 -293
 Input12> I 43 AT 1 0 N 27 -293 169 -289 30 -287 26 -294
 Input12> I 44 AT 1 0 N 31 -295 33 -296 34 -297 32 -298
 Input12> I 45 AT 1 0 N 33 -299 35 -300 36 -301 34 -296
 Input12> I 46 AT 1 0 N 24 -302 172 -303 31 -304 26 -286
 Input12> I 47 AT 1 0 N 172 -305 173 -306 33 -295 31 -303
 Input12> I 48 AT 1 0 N 173 -307 25 -308 35 -299 33 -306
 Input12> I 49 AT 1 0 N 25 -309 813 -833 814 -310 35 -308
 Input12> I 50 AT 1 0 N 35 -310 814 -834 815 -311 36 -300
 Input12> I 51 AT 1 0 N 36 -311 815 -835 816 -312 11 -313
 Input12> I 52 AT 1 0 N 34 -301 36 -313 11 -314 12 -315
 Input12> I 53 AT 1 0 N 32 -297 34 -315 12 -316 13 -317
 Input12> I 54 AT 1 0 N 27 -318 32 -317 13 -319 14 -290
 Input12> I 55 AT 1 0 N 26 -304 31 -298 32 -318 27 -294
 Input12> I 56 AT 1 0 N 159 -320 160 -321 161 -272 22 -322
 Input12> I 57 AT 1 0 N 159 -322 22 -278 739 -751 740 -323
 Input12> I 58 AT 1 0 N 163 -324 741 -752 742 -261 17 -325
 Input12> I 59 AT 1 0 N 158 -326 159 -323 740 -753 741 -327
 Input12> I 60 AT 1 0 N 170 -328 910 -836 813 -309 25 -329
 Input12> I 61 AT 1 0 N 40 -330 776 -784 777 -331 170 -332
 Input12> I 62 AT 1 0 N 40 -332 170 -329 25 -307 173 -333
 Input12> I 63 AT 1 0 N 775 -785 776 -330 40 -334 41 -335
 Input12> I 64 AT 1 0 N 173 -336 171 -337 41 -334 40 -333
 Input12> I 65 AT 1 0 N 37 -338 38 -339 41 -337 171 -340
 Input12> I 66 AT 1 0 N 37 -340 171 -341 172 -302 24 -342
 Input12> I 67 AT 1 0 N 44 -343 43 -344 38 -338 37 -345
 Input12> I 68 AT 1 0 N 44 -345 37 -342 24 -285 23 -346
 Input12> I 69 AT 1 0 N 161 -347 162 -348 44 -346 23 -283
 Input12> I 70 AT 1 0 N 42 -349 43 -343 44 -348 162 -350
 Input12> I 71 AT 1 0 N 42 -350 162 -351 160 -352 158 -353
 Input12> I 72 AT 1 0 N 45 -354 42 -353 158 -355 163 -356
 Input12> I 73 AT 1 0 N 45 -356 163 -325 17 -267 16 -357
 Input12> I 74 AT 1 0 N 46 -358 39 -359 38 -344 43 -360
 Input12> I 75 AT 1 0 N 46 -360 43 -349 42 -354 45 -361
 Input12> I 76 AT 1 0 N 773 -362 45 -357 16 -268 772 -786
 Input12> I 77 AT 1 0 N 716 -717 905 -705 906 -754 728 -363
 Input12> I 78 AT 1 0 N 728 -364 174 -365 715 -718 716 -363
 Input12> I 79 AT 1 0 N 49 -366 714 -719 715 -365 174 -367
 Input12> I 80 AT 1 0 N 49 -367 174 -368 729 -755 730 -369
 Input12> I 81 AT 1 0 N 50 -370 48 -371 712 -720 713 -372
 Input12> I 82 AT 1 0 N 50 -372 713 -721 714 -366 49 -373
 Input12> I 83 AT 1 0 N 50 -373 49 -369 730 -756 731 -374
 Input12> I 84 AT 1 0 N 731 -375 47 -376 48 -370 50 -374
 Input12> I 85 AT 1 0 N 736 -757 737 -377 166 -378 63 -379
 Input12> I 86 AT 1 0 N 55 -380 734 -758 735 -381 64 -382
 Input12> I 87 AT 1 0 N 55 -382 64 -383 177 -384 54 -385
 Input12> I 88 AT 1 0 N 63 -378 166 -281 15 -386 60 -387
 Input12> I 89 AT 1 0 N 176 -388 63 -387 60 -389 61 -390
 Input12> I 90 AT 1 0 N 177 -391 175 -392 53 -393 54 -384
 Input12> I 91 AT 1 0 N 62 -394 52 -395 53 -392 175 -396
 Input12> I 92 AT 1 0 N 62 -396 175 -397 176 -390 61 -398
 Input12> I 93 AT 1 0 N 178 -399 52 -394 62 -400 65 -401
 Input12> I 94 AT 1 0 N 180 -402 178 -401 65 -403 66 -404
 Input12> I 95 AT 1 0 N 59 -405 51 -406 179 -407 180 -408
 Input12> I 96 AT 1 0 N 59 -408 180 -404 66 -409 58 -410
 Input12> I 97 AT 1 0 N 67 -411 69 -412 70 -413 68 -414
 Input12> I 98 AT 1 0 N 62 -398 61 -415 67 -416 65 -400
 Input12> I 99 AT 1 0 N 61 -389 60 -417 69 -411 67 -415
 Input12> I 100 AT 1 0 N 60 -386 15 -276 167 -418 69 -417
 Input12> I 101 AT 1 0 N 69 -418 167 -419 168 -420 70 -412
 Input12> I 102 AT 1 0 N 70 -420 168 -291 14 -421 56 -422
 Input12> I 103 AT 1 0 N 68 -413 70 -422 56 -423 57 -424
 Input12> I 104 AT 1 0 N 66 -425 68 -424 57 -426 58 -409
 Input12> I 105 AT 1 0 N 65 -416 67 -414 68 -425 66 -403
 Input12> I 106 AT 1 0 N 183 -427 11 -312 816 -837 817 -428
 Input12> I 107 AT 1 0 N 183 -428 817 -838 818 -429 71 -430
 Input12> I 108 AT 1 0 N 183 -430 71 -431 72 -432 182 -433
 Input12> I 109 AT 1 0 N 183 -434 181 -435 12 -314 11 -427
 Input12> I 110 AT 1 0 N 186 -436 56 -421 14 -319 13 -437
 Input12> I 111 AT 1 0 N 186 -437 13 -316 12 -435 181 -438
 Input12> I 112 AT 1 0 N 185 -439 186 -438 181 -440 182 -441
 Input12> I 113 AT 1 0 N 185 -441 182 -432 72 -442 73 -443
 Input12> I 114 AT 1 0 N 186 -444 184 -445 57 -423 56 -436
 Input12> I 115 AT 1 0 N 74 -446 58 -426 57 -445 184 -447
 Input12> I 116 AT 1 0 N 74 -447 184 -448 185 -443 73 -449
 Input12> I 117 AT 1 0 N 58 -446 74 -450 78 -451 59 -410
 Input12> I 118 AT 1 0 N 74 -449 73 -452 77 -453 78 -450
 Input12> I 119 AT 1 0 N 73 -442 72 -454 75 -455 77 -452
 Input12> I 120 AT 1 0 N 187 -456 51 -405 59 -451 78 -457
 Input12> I 121 AT 1 0 N 189 -458 187 -457 78 -453 77 -459
 Input12> I 122 AT 1 0 N 76 -460 190 -461 188 -462 189 -463
 Input12> I 123 AT 1 0 N 76 -463 189 -459 77 -455 75 -464
 Input12> I 124 AT 1 0 N 194 -465 190 -460 76 -466 196 -467
 Input12> I 125 AT 1 0 N 195 -468 196 -469 820 -839 821 -470
 Input12> I 126 AT 1 0 N 193 -471 191 -472 194 -473 195 -474
 Input12> I 127 AT 1 0 N 193 -474 195 -470 821 -840 822 -475
 Input12> I 128 AT 1 0 N 76 -464 75 -476 79 -477 196 -466
 Input12> I 129 AT 1 0 N 75 -454 72 -431 71 -478 79 -476
 Input12> I 130 AT 1 0 N 79 -478 71 -429 818 -841 819 -479
 Input12> I 131 AT 1 0 N 196 -477 79 -479 819 -842 820 -469
 Input12> I 132 AT 1 0 N 81 -480 82 -481 88 -482 86 -483
 Input12> I 133 AT 1 0 N 82 -484 83 -485 87 -486 88 -481
 Input12> I 134 AT 1 0 N 83 -487 709 -722 710 -488 87 -485
 Input12> I 135 AT 1 0 N 87 -488 710 -723 711 -489 90 -490
 Input12> I 136 AT 1 0 N 87 -490 90 -491 89 -492 88 -486
 Input12> I 137 AT 1 0 N 85 -493 86 -482 88 -492 89 -494
 Input12> I 138 AT 1 0 N 55 -385 54 -495 92 -496 91 -497
 Input12> I 139 AT 1 0 N 54 -393 53 -498 80 -499 92 -495
 Input12> I 140 AT 1 0 N 92 -499 80 -500 81 -483 86 -501
 Input12> I 141 AT 1 0 N 91 -496 92 -501 86 -493 85 -502
 Input12> I 142 AT 1 0 N 197 -503 734 -380 55 -497 91 -504
 Input12> I 143 AT 1 0 N 197 -504 91 -502 85 -505 84 -506
 Input12> I 144 AT 1 0 N 708 -724 709 -487 83 -507 157 -508
 Input12> I 145 AT 1 0 N 708 -509 156 -510 96 -511 707 -725
 Input12> I 146 AT 1 0 N 82 -512 97 -513 157 -507 83 -484
 Input12> I 147 AT 1 0 N 97 -514 98 -515 156 -516 157 -513
 Input12> I 148 AT 1 0 N 98 -517 95 -518 96 -510 156 -515
 Input12> I 149 AT 1 0 N 99 -519 101 -520 102 -521 100 -522
 Input12> I 150 AT 1 0 N 82 -480 81 -523 99 -524 97 -512
 Input12> I 151 AT 1 0 N 81 -500 80 -525 101 -519 99 -523
 Input12> I 152 AT 1 0 N 80 -498 53 -395 52 -526 101 -525
 Input12> I 153 AT 1 0 N 101 -526 52 -399 178 -527 102 -520
 Input12> I 154 AT 1 0 N 102 -527 178 -528 179 -529 93 -530
 Input12> I 155 AT 1 0 N 100 -521 102 -530 93 -531 94 -532
 Input12> I 156 AT 1 0 N 98 -533 100 -532 94 -534 95 -517
 Input12> I 157 AT 1 0 N 97 -524 99 -522 100 -533 98 -514
 Input12> I 158 AT 1 0 N 707 -511 96 -535 106 -536 909 -726
 Input12> I 159 AT 1 0 N 96 -518 95 -537 105 -538 106 -535
 Input12> I 160 AT 1 0 N 95 -534 94 -539 104 -540 105 -537
 Input12> I 161 AT 1 0 N 94 -531 93 -541 103 -542 104 -539
 Input12> I 162 AT 1 0 N 93 -529 179 -406 51 -543 103 -541
 Input12> I 163 AT 1 0 N 117 -544 154 -245 790 -802 791 -545
 Input12> I 164 AT 1 0 N 117 -545 791 -803 792 -546 115 -547
 Input12> I 165 AT 1 0 N 198 -548 912 -549 154 -544 117 -550
 Input12> I 166 AT 1 0 N 116 -551 831 -843 832 -552 198 -553
 Input12> I 167 AT 1 0 N 116 -553 198 -550 117 -547 115 -554
 Input12> I 168 AT 1 0 N 118 -555 115 -546 792 -804 793 -556
 Input12> I 169 AT 1 0 N 118 -556 793 -805 794 -557 112 -558
 Input12> I 170 AT 1 0 N 119 -559 116 -554 115 -555 118 -560
 Input12> I 171 AT 1 0 N 119 -560 118 -558 112 -561 113 -562
 Input12> I 172 AT 1 0 N 199 -563 831 -551 116 -559 119 -564
 Input12> I 173 AT 1 0 N 114 -565 829 -844 830 -566 199 -567
 Input12> I 174 AT 1 0 N 114 -567 199 -564 119 -562 113 -568
 Input12> I 175 AT 1 0 N 122 -569 828 -845 829 -565 114 -570
 Input12> I 176 AT 1 0 N 122 -570 114 -568 113 -571 120 -572
 Input12> I 177 AT 1 0 N 123 -573 122 -572 120 -574 121 -575
 Input12> I 178 AT 1 0 N 123 -575 121 -576 109 -577 110 -578
 Input12> I 179 AT 1 0 N 200 -579 828 -569 122 -573 123 -580
 Input12> I 180 AT 1 0 N 111 -581 826 -846 827 -582 200 -583
 Input12> I 181 AT 1 0 N 111 -583 200 -580 123 -578 110 -584
 Input12> I 182 AT 1 0 N 124 -585 120 -571 113 -561 112 -586
 Input12> I 183 AT 1 0 N 124 -586 112 -557 794 -806 795 -587
 Input12> I 184 AT 1 0 N 125 -588 108 -589 109 -576 121 -590
 Input12> I 185 AT 1 0 N 125 -590 121 -574 120 -585 124 -591
 Input12> I 186 AT 1 0 N 795 -592 201 -593 125 -591 124 -587
 Input12> I 187 AT 1 0 N 107 -594 108 -588 125 -593 201 -595
 Input12> I 188 AT 1 0 N 107 -595 201 -596 796 -807 797 -597
 Input12> I 189 AT 1 0 N 133 -598 127 -599 128 -600 132 -601
 Input12> I 190 AT 1 0 N 133 -601 132 -602 108 -594 107 -603
 Input12> I 191 AT 1 0 N 133 -603 107 -597 797 -808 798 -604
 Input12> I 192 AT 1 0 N 798 -605 126 -606 127 -598 133 -604
 Input12> I 193 AT 1 0 N 128 -607 129 -608 134 -609 132 -600
 Input12> I 194 AT 1 0 N 129 -610 130 -611 135 -612 134 -608
 Input12> I 195 AT 1 0 N 130 -613 131 -614 136 -615 135 -611
 Input12> I 196 AT 1 0 N 131 -616 824 -847 825 -617 136 -614
 Input12> I 197 AT 1 0 N 136 -617 825 -848 826 -581 111 -618
 Input12> I 198 AT 1 0 N 135 -615 136 -618 111 -584 110 -619
 Input12> I 199 AT 1 0 N 134 -612 135 -619 110 -577 109 -620
 Input12> I 200 AT 1 0 N 132 -609 134 -620 109 -589 108 -602
 Input12> I 201 AT 1 0 N 104 -542 103 -621 140 -622 139 -623
 Input12> I 202 AT 1 0 N 103 -543 51 -456 187 -624 140 -621
 Input12> I 203 AT 1 0 N 140 -624 187 -625 188 -626 137 -627
 Input12> I 204 AT 1 0 N 139 -622 140 -627 137 -628 208 -629
 Input12> I 205 AT 1 0 N 141 -630 105 -540 104 -623 139 -631
 Input12> I 206 AT 1 0 N 141 -631 139 -629 208 -632 206 -633
 Input12> I 207 AT 1 0 N 138 -634 800 -809 909 -635 143 -636
 Input12> I 208 AT 1 0 N 909 -536 106 -637 142 -638 143 -635
 Input12> I 209 AT 1 0 N 138 -636 143 -638 142 -639 207 -640
 Input12> I 210 AT 1 0 N 141 -633 206 -641 207 -639 142 -642
 Input12> I 211 AT 1 0 N 141 -642 142 -637 106 -538 105 -630
 Input12> I 212 AT 1 0 N 203 -643 127 -606 126 -644 202 -645
 Input12> I 213 AT 1 0 N 204 -646 202 -647 138 -640 207 -648
 Input12> I 214 AT 1 0 N 207 -649 205 -650 145 -651 204 -648
 Input12> I 215 AT 1 0 N 209 -652 144 -653 145 -650 205 -654
 Input12> I 216 AT 1 0 N 209 -654 205 -655 206 -632 208 -656
 Input12> I 217 AT 1 0 N 144 -657 211 -658 146 -659 145 -653
 Input12> I 218 AT 1 0 N 211 -660 129 -607 128 -661 146 -658
 Input12> I 219 AT 1 0 N 146 -661 128 -599 127 -643 203 -662
 Input12> I 220 AT 1 0 N 145 -659 146 -662 203 -663 204 -651
 Input12> I 221 AT 1 0 N 149 -664 137 -626 188 -461 190 -665
 Input12> I 222 AT 1 0 N 149 -665 190 -666 191 -667 147 -668
 Input12> I 223 AT 1 0 N 210 -669 208 -628 137 -664 149 -670
 Input12> I 224 AT 1 0 N 148 -671 144 -652 209 -672 210 -673
 Input12> I 225 AT 1 0 N 148 -673 210 -670 149 -668 147 -674
 Input12> I 226 AT 1 0 N 824 -616 131 -675 150 -676 823 -849
 Input12> I 227 AT 1 0 N 131 -613 130 -677 212 -678 150 -675
 Input12> I 228 AT 1 0 N 130 -610 129 -660 211 -679 212 -677
 Input12> I 229 AT 1 0 N 191 -680 192 -681 151 -682 147 -667
 Input12> I 230 AT 1 0 N 823 -676 150 -683 151 -681 192 -684
 Input12> I 231 AT 1 0 N 823 -684 192 -685 193 -475 822 -850
 Input12> I 232 AT 1 0 N 213 -686 211 -657 144 -671 148 -687
 Input12> I 233 AT 1 0 N 151 -683 150 -678 212 -688 213 -689
 Input12> I 234 AT 1 0 N 151 -689 213 -687 148 -674 147 -682
 Input12> I 235 AT 1 0 N 39 -358 46 -361 45 -362 773 -690
 Input12> I 236 AT 1 0 N 732 -759 733 -691 197 -506 84 -692
 Input12> I 237 AT 1 0 N 732 -692 84 -693 47 -375 731 -760
 Input12> I 238 AT 1 0 N 799 -810 800 -634 138 -647 202 -694
 Input12> I 239 AT 1 0 N 799 -694 202 -644 126 -605 798 -811
 Input12> I 240 AT 1 0 N 19 -262 743 -761 744 -695 152 -696
 Input12> I 241 AT 1 0 N 152 -695 744 -256 18 -263 20 -697
 Input12> I 242 AT 1 0 N 152 -697 20 -270 21 -265 19 -696
 Input12> I 243 AT 1 0 N 711 -727 712 -371 48 -698 90 -489
 Input12> I 244 AT 1 0 N 90 -698 48 -376 47 -699 89 -491
 Input12> I 245 AT 1 0 N 89 -699 47 -693 84 -505 85 -494
 Input12> I 246 AT 1 0 N 63 -388 176 -700 177 -383 64 -701
 Input12> I 247 AT 1 0 N 64 -381 735 -762 736 -379 63 -701
 Input12> I 248 AT 1 0 N 774 -787 775 -335 41 -702 153 -703
 Input12> I 249 AT 1 0 N 41 -339 38 -359 39 -704 153 -702
 Input12> I 250 AT 1 0 N 39 -690 773 -788 774 -703 153 -704
 Input12> I 251 AT 1 0 N 900 -904 901 -226 164 -227
 Input12> I 252 AT 1 0 N 155 -246 154 -549 912 -242
 Input12> I 253 AT 1 0 N 165 -257 745 -763 746 -254
 Input12> I 254 AT 1 0 N 166 -377 737 -764 738 -280
 Input12> I 255 AT 1 0 N 169 -292 168 -419 167 -288
 Input12> I 256 AT 1 0 N 163 -355 158 -327 741 -324
 Input12> I 257 AT 1 0 N 158 -352 160 -320 159 -326
 Input12> I 258 AT 1 0 N 170 -331 777 -789 910 -328
 Input12> I 259 AT 1 0 N 173 -305 172 -341 171 -336
 Input12> I 260 AT 1 0 N 161 -321 160 -351 162 -347
 Input12> I 261 AT 1 0 N 728 -765 729 -368 174 -364
 Input12> I 262 AT 1 0 N 177 -700 176 -397 175 -391
 Input12> I 263 AT 1 0 N 180 -407 179 -528 178 -402
 Input12> I 264 AT 1 0 N 183 -433 182 -440 181 -434
 Input12> I 265 AT 1 0 N 186 -439 185 -448 184 -444
 Input12> I 266 AT 1 0 N 189 -462 188 -625 187 -458
 Input12> I 267 AT 1 0 N 194 -472 191 -666 190 -465
 Input12> I 268 AT 1 0 N 195 -473 194 -467 196 -468
 Input12> I 269 AT 1 0 N 197 -691 733 -766 734 -503
 Input12> I 270 AT 1 0 N 708 -508 157 -516 156 -509
 Input12> I 271 AT 1 0 N 198 -552 832 -851 912 -548
 Input12> I 272 AT 1 0 N 199 -566 830 -852 831 -563
 Input12> I 273 AT 1 0 N 200 -582 827 -853 828 -579
 Input12> I 274 AT 1 0 N 795 -812 796 -596 201 -592
 Input12> I 275 AT 1 0 N 204 -663 203 -645 202 -646
 Input12> I 276 AT 1 0 N 207 -641 206 -655 205 -649
 Input12> I 277 AT 1 0 N 210 -672 209 -656 208 -669
 Input12> I 278 AT 1 0 N 191 -471 193 -685 192 -680
 Input12> I 279 AT 1 0 N 213 -688 212 -679 211 -686
 Input12>! Samcef Bank File : GROUPS.
 Input12>! --------------------------
 Input12>.SEL
  Current accuracy =  2.40000000E-01
 Input12> GROUP 1 MAILLE NOM "2d_mesh(1)_0"
 Input12> I 1 J 279 K 1
 Input12> GROUP 2 NOEUDS NOM "Fixed(1)"
 Input12> I 854 J 876 K 1
 Input12> I 911
 Input12> I 913
 Input12> GROUP 3 NOEUDS NOM "UserDefined(1)"
 Input12> I 705
 Input12> I 706
 Input12> I 905 J 908 K 1
 Input12>! Samcef Bank File: MATERIALS.
 Input12>! ----------------------------
 Input12>.MAT
 Input12>! Isotropic::Coarse Model_fem1::[1]
 Input12>   I 1 BEHA "ELASTIC"
 Input12>   YT 2.1e+08  ! Young's modulus (E)
 Input12>   NT 0.3  ! Poisson's ratio (NU)
 Input12>   M 7.85e-06  !  Mass Density (Rho)
 Input12> 
 Input12>! Samcef Bank File: HYPOTHESES
 Input12>! ----------------------------
 Input12>.HYP MEMB BIDIM GROUP "2d_mesh(1)_0"
 Input12>! Samcef Bank File: Physicals Properties
 Input12>! --------------------------------------
 Input12>.PHP
 Input12>!Plane Stress XY(1)
 Input12> GROUP "2d_mesh(1)_0" THICK VAL 30 ! Thickness
 Input12>! Samcef Bank File: CONSTRAINTS.
 Input12>! ------------------------------
 Input12>.CLM ADD
 Input12>!
 Input12>! Fixed(1)
 Input12> GROUP "Fixed(1)" FIX C 1 2 3 4 5 6
 Input12> 
 Input12>!
 Input12>! UserDefined(1)
 Input12> GROUP "UserDefined(1)" FIX C 1 6
 Input12> 
 Input12>! Samcef Bank File: LOADS.
 Input12>! ------------------------
 Input12>.CLM ADD
 Input12> NOEUD 728 CHA  C 2 V 833334
 Input12> NOEUD 729 CHA  C 2 V 833334
 Input12> NOEUD 730 CHA  C 2 V 833334
 Input12> NOEUD 731 CHA  C 2 V 833334
 Input12> NOEUD 732 CHA  C 2 V 833333
 Input12> NOEUD 733 CHA  C 2 V 833333
 Input12> NOEUD 734 CHA  C 2 V 833333
 Input12> NOEUD 735 CHA  C 2 V 833333
 Input12> NOEUD 736 CHA  C 2 V 833333
 Input12> NOEUD 737 CHA  C 2 V 833333
 Input12> NOEUD 738 CHA  C 2 V 833333
 Input12> NOEUD 739 CHA  C 2 V 833333
 Input12> NOEUD 740 CHA  C 2 V 833333
 Input12> NOEUD 741 CHA  C 2 V 833333
 Input12> NOEUD 742 CHA  C 2 V 833333
 Input12> NOEUD 743 CHA  C 2 V 833334
 Input12> NOEUD 744 CHA  C 2 V 833334
 Input12> NOEUD 745 CHA  C 2 V 833334
 Input12> NOEUD 746 CHA  C 2 V 833334
 Input12> NOEUD 747 CHA  C 2 V 1.66667e+06
 Input12> NOEUD 748 CHA  C 2 V 1.66667e+06
 Input12> NOEUD 749 CHA  C 2 V 1.66667e+06
 Input12> NOEUD 750 CHA  C 2 V 1.66667e+06
 Input12> NOEUD 751 CHA  C 2 V 1.66667e+06
 Input12> NOEUD 752 CHA  C 2 V 1.66667e+06
 Input12> NOEUD 753 CHA  C 2 V 1.66667e+06
 Input12> NOEUD 754 CHA  C 2 V 1.66667e+06
 Input12> NOEUD 755 CHA  C 2 V 1.66667e+06
 Input12> NOEUD 756 CHA  C 2 V 1.66667e+06
 Input12> NOEUD 757 CHA  C 2 V 1.66667e+06
 Input12> NOEUD 758 CHA  C 2 V 1.66667e+06
 Input12> NOEUD 759 CHA  C 2 V 1.66667e+06
 Input12> NOEUD 760 CHA  C 2 V 1.66667e+06
 Input12> NOEUD 761 CHA  C 2 V 1.66667e+06
 Input12> NOEUD 762 CHA  C 2 V 1.66667e+06
 Input12> NOEUD 763 CHA  C 2 V 1.66667e+06
 Input12> NOEUD 764 CHA  C 2 V 1.66667e+06
 Input12> NOEUD 765 CHA  C 2 V 1.66667e+06
 Input12> NOEUD 766 CHA  C 2 V 1.66667e+06
 Input12> NOEUD 906 CHA  C 2 V 416667
 Input12> NOEUD 907 CHA  C 2 V 416667
 Input12> 
 Input12> ARETE I 26 1 PRE V 1000
 Input12> ARETE I 28 2 PRE V 1000
 Input12> ARETE I 30 3 PRE V 1000
 Input12> ARETE I 37 1 PRE V 1000
 Input12> ARETE I 57 3 PRE V 1000
 Input12> ARETE I 58 2 PRE V 1000
 Input12> ARETE I 59 3 PRE V 1000
 Input12> ARETE I 77 3 PRE V 1000
 Input12> ARETE I 80 3 PRE V 1000
 Input12> ARETE I 83 3 PRE V 1000
 Input12> ARETE I 85 1 PRE V 1000
 Input12> ARETE I 86 2 PRE V 1000
 Input12> ARETE I 236 1 PRE V 1000
 Input12> ARETE I 237 4 PRE V 1000
 Input12> ARETE I 240 2 PRE V 1000
 Input12> ARETE I 247 2 PRE V 1000
 Input12> ARETE I 253 2 PRE V 1000
 Input12> ARETE I 254 2 PRE V 1000
 Input12> ARETE I 261 1 PRE V 1000
 Input12> ARETE I 269 2 PRE V 1000
 Input12> 
 Input12> STRU ACC VAL 0 -9810 0
 Input12> 
 Input12>! Samcef Bank File: Elements Attributes
 Input12>! -------------------------------------
 Input12>.AEL
 Input12> I 1 THETA 90.1038
 Input12> I 2 THETA -179.995
 Input12> I 3 THETA 0
 Input12> I 4 THETA 0
 Input12> I 5 THETA 0
 Input12> I 6 THETA 0.00171935
 Input12> I 7 THETA 90
 Input12> I 8 THETA 153.067
 Input12> I 9 THETA 180
 Input12> I 10 THETA 180
 Input12> I 11 THETA -180
 Input12> I 12 THETA -180
 Input12> I 13 THETA 0
 Input12> I 14 THETA 0
 Input12> I 15 THETA 0
 Input12> I 16 THETA 0.0162089
 Input12> I 17 THETA 0.0496327
 Input12> I 18 THETA 0.151951
 Input12> I 19 THETA -95.787
 Input12> I 20 THETA -149.036
 Input12> I 21 THETA -85.1446
 Input12> I 22 THETA 0
 Input12> I 23 THETA 0
 Input12> I 24 THETA 0.464775
 Input12> I 25 THETA 1.41769
 Input12> I 26 THETA -175.5
 Input12> I 27 THETA 158.788
 Input12> I 28 THETA 91.1357
 Input12> I 29 THETA 179.016
 Input12> I 30 THETA 29.2845
 Input12> I 31 THETA 175.985
 Input12> I 32 THETA -64.0096
 Input12> I 33 THETA 0
 Input12> I 34 THETA 111.2
 Input12> I 35 THETA -117.648
 Input12> I 36 THETA -33.2841
 Input12> I 37 THETA -103.5
 Input12> I 38 THETA -131.357
 Input12> I 39 THETA 146.248
 Input12> I 40 THETA -121.583
 Input12> I 41 THETA 132.266
 Input12> I 42 THETA 62.5401
 Input12> I 43 THETA 148.059
 Input12> I 44 THETA -34.2342
 Input12> I 45 THETA -28.7316
 Input12> I 46 THETA -34.4231
 Input12> I 47 THETA -48.1665
 Input12> I 48 THETA -25.3317
 Input12> I 49 THETA -30.3605
 Input12> I 50 THETA -29.1965
 Input12> I 51 THETA -28.433
 Input12> I 52 THETA -27.5924
 Input12> I 53 THETA -29.415
 Input12> I 54 THETA -28.769
 Input12> I 55 THETA -32.268
 Input12> I 56 THETA -34.794
 Input12> I 57 THETA 58.7778
 Input12> I 58 THETA 121.786
 Input12> I 59 THETA 76.7066
 Input12> I 60 THETA -36.0893
 Input12> I 61 THETA -103.953
 Input12> I 62 THETA -18.075
 Input12> I 63 THETA 0
 Input12> I 64 THETA 175.998
 Input12> I 65 THETA -123.783
 Input12> I 66 THETA -27.0872
 Input12> I 67 THETA -122.413
 Input12> I 68 THETA -31.072
 Input12> I 69 THETA -103.162
 Input12> I 70 THETA -25.8996
 Input12> I 71 THETA 58.4001
 Input12> I 72 THETA 67.4812
 Input12> I 73 THETA 126.209
 Input12> I 74 THETA -48.9418
 Input12> I 75 THETA 53.845
 Input12> I 76 THETA 108.674
 Input12> I 77 THETA 180
 Input12> I 78 THETA 19.1487
 Input12> I 79 THETA 82.684
 Input12> I 80 THETA 177.809
 Input12> I 81 THETA 3.78882
 Input12> I 82 THETA 82.2347
 Input12> I 83 THETA 174.332
 Input12> I 84 THETA 13.5509
 Input12> I 85 THETA -85.5
 Input12> I 86 THETA -179.669
 Input12> I 87 THETA -76.9718
 Input12> I 88 THETA -106.85
 Input12> I 89 THETA -140.013
 Input12> I 90 THETA -2.91136
 Input12> I 91 THETA 74.5398
 Input12> I 92 THETA 163.271
 Input12> I 93 THETA 169.157
 Input12> I 94 THETA 145.986
 Input12> I 95 THETA 74.715
 Input12> I 96 THETA 160.4
 Input12> I 97 THETA -111.74
 Input12> I 98 THETA -113.871
 Input12> I 99 THETA -119.286
 Input12> I 100 THETA -113.957
 Input12> I 101 THETA -105.773
 Input12> I 102 THETA -110.813
 Input12> I 103 THETA -110.154
 Input12> I 104 THETA -110.526
 Input12> I 105 THETA -112.681
 Input12> I 106 THETA -112.409
 Input12> I 107 THETA -31.7824
 Input12> I 108 THETA 47.1284
 Input12> I 109 THETA 167.056
 Input12> I 110 THETA 165.909
 Input12> I 111 THETA -116.749
 Input12> I 112 THETA -141.905
 Input12> I 113 THETA -36.564
 Input12> I 114 THETA 87.9461
 Input12> I 115 THETA 158.292
 Input12> I 116 THETA -110.292
 Input12> I 117 THETA -21.7083
 Input12> I 118 THETA -27.2284
 Input12> I 119 THETA -32.227
 Input12> I 120 THETA 169.608
 Input12> I 121 THETA 144.745
 Input12> I 122 THETA 67.9134
 Input12> I 123 THETA 158.112
 Input12> I 124 THETA 146.991
 Input12> I 125 THETA -139.056
 Input12> I 126 THETA 155.091
 Input12> I 127 THETA -120.141
 Input12> I 128 THETA -117.199
 Input12> I 129 THETA -121.623
 Input12> I 130 THETA -124.06
 Input12> I 131 THETA -119.699
 Input12> I 132 THETA 87.1844
 Input12> I 133 THETA 84.3101
 Input12> I 134 THETA 78.9843
 Input12> I 135 THETA 85.5714
 Input12> I 136 THETA -179.063
 Input12> I 137 THETA 1.38169
 Input12> I 138 THETA 2.58666
 Input12> I 139 THETA -2.66426
 Input12> I 140 THETA -1.74294
 Input12> I 141 THETA 1.07679
 Input12> I 142 THETA -96.7929
 Input12> I 143 THETA 1.65671
 Input12> I 144 THETA 180
 Input12> I 145 THETA -71.6903
 Input12> I 146 THETA -0.952311
 Input12> I 147 THETA -1.28534
 Input12> I 148 THETA -1.28241
 Input12> I 149 THETA -92.8186
 Input12> I 150 THETA -92.8156
 Input12> I 151 THETA -92.0118
 Input12> I 152 THETA -93.6515
 Input12> I 153 THETA -95.542
 Input12> I 154 THETA -87.9791
 Input12> I 155 THETA -90.4371
 Input12> I 156 THETA -89.9711
 Input12> I 157 THETA -93.2848
 Input12> I 158 THETA -85.102
 Input12> I 159 THETA -88.2548
 Input12> I 160 THETA -89.583
 Input12> I 161 THETA -90.9912
 Input12> I 162 THETA -93.0692
 Input12> I 163 THETA 26.9253
 Input12> I 164 THETA 121.355
 Input12> I 165 THETA 21.9744
 Input12> I 166 THETA -51.5423
 Input12> I 167 THETA 36.2999
 Input12> I 168 THETA 32.5409
 Input12> I 169 THETA 129.657
 Input12> I 170 THETA 32.3295
 Input12> I 171 THETA 129.531
 Input12> I 172 THETA 24.7523
 Input12> I 173 THETA -48.6198
 Input12> I 174 THETA 41.1234
 Input12> I 175 THETA -48.1391
 Input12> I 176 THETA 45.2065
 Input12> I 177 THETA 39.5358
 Input12> I 178 THETA 132.984
 Input12> I 179 THETA 26.0637
 Input12> I 180 THETA -49.2974
 Input12> I 181 THETA 43.7
 Input12> I 182 THETA -46.903
 Input12> I 183 THETA 38.9962
 Input12> I 184 THETA -133.492
 Input12> I 185 THETA -45.8385
 Input12> I 186 THETA -116.277
 Input12> I 187 THETA -42.5754
 Input12> I 188 THETA 46.8547
 Input12> I 189 THETA -123.798
 Input12> I 190 THETA -41.8277
 Input12> I 191 THETA 44.9994
 Input12> I 192 THETA -91.9638
 Input12> I 193 THETA -48.1514
 Input12> I 194 THETA -45.705
 Input12> I 195 THETA -50.2493
 Input12> I 196 THETA -53.2861
 Input12> I 197 THETA -50.9325
 Input12> I 198 THETA -48.9285
 Input12> I 199 THETA -46.7163
 Input12> I 200 THETA -45.4803
 Input12> I 201 THETA -90.7546
 Input12> I 202 THETA -94.3373
 Input12> I 203 THETA -86.7879
 Input12> I 204 THETA -88.5797
 Input12> I 205 THETA 179.005
 Input12> I 206 THETA -84.7976
 Input12> I 207 THETA 120.232
 Input12> I 208 THETA -97.0942
 Input12> I 209 THETA -162.261
 Input12> I 210 THETA 5.72367
 Input12> I 211 THETA 92.0057
 Input12> I 212 THETA 45.5457
 Input12> I 213 THETA 97.5632
 Input12> I 214 THETA -49.8497
 Input12> I 215 THETA 22.2956
 Input12> I 216 THETA 114.779
 Input12> I 217 THETA 18.6539
 Input12> I 218 THETA 47.5819
 Input12> I 219 THETA 42.9673
 Input12> I 220 THETA 31.7365
 Input12> I 221 THETA 179.153
 Input12> I 222 THETA -78.8186
 Input12> I 223 THETA 167.424
 Input12> I 224 THETA 107.264
 Input12> I 225 THETA -170.246
 Input12> I 226 THETA 126.714
 Input12> I 227 THETA 129.751
 Input12> I 228 THETA 134.295
 Input12> I 229 THETA 19.749
 Input12> I 230 THETA 124.025
 Input12> I 231 THETA -179.51
 Input12> I 232 THETA 98.1967
 Input12> I 233 THETA 22.8082
 Input12> I 234 THETA 110.832
 Input12> I 235 THETA 131.058
 Input12> I 236 THETA -49.5001
 Input12> I 237 THETA 7.14963
 Input12> I 238 THETA -149.036
 Input12> I 239 THETA -69.286
 Input12> I 240 THETA 130.924
 Input12> I 241 THETA 153.545
 Input12> I 242 THETA -75.535
 Input12> I 243 THETA 180
 Input12> I 244 THETA -177.734
 Input12> I 245 THETA -175.183
 Input12> I 246 THETA 39.9871
 Input12> I 247 THETA -178.901
 Input12> I 248 THETA 0
 Input12> I 249 THETA 141.237
 Input12> I 250 THETA -123.168
 Input12> I 251 THETA 90
 Input12> I 252 THETA -158.283
 Input12> I 253 THETA 90.2876
 Input12> I 254 THETA 161.925
 Input12> I 255 THETA 62.828
 Input12> I 256 THETA 53.6437
 Input12> I 257 THETA 28.9613
 Input12> I 258 THETA -110.224
 Input12> I 259 THETA 131.834
 Input12> I 260 THETA -149.788
 Input12> I 261 THETA -13.4999
 Input12> I 262 THETA -62.3946
 Input12> I 263 THETA 77.2871
 Input12> I 264 THETA 127.396
 Input12> I 265 THETA 38.0947
 Input12> I 266 THETA 74.4083
 Input12> I 267 THETA 69.8249
 Input12> I 268 THETA 150.58
 Input12> I 269 THETA -177.857
 Input12> I 270 THETA -112.355
 Input12> I 271 THETA -53.1715
 Input12> I 272 THETA -49.4259
 Input12> I 273 THETA -48.5601
 Input12> I 274 THETA -149.036
 Input12> I 275 THETA 36.0466
 Input12> I 276 THETA -94.065
 Input12> I 277 THETA 106.582
 Input12> I 278 THETA -24.9088
 Input12> I 279 THETA 27.5163
 Input12> 
 Input12> I 1 J 279 K 1 MAT 1
 Input12>! Samcef Bank File: .SAI
 Input12>! ----------------------
 Input12>.SAI
 Input12> ARCHIVE STRUCTURE STYPE -221 !Suppress obsolete code
 Input12>! Element Output Requests
 Input12> ARCHIVE STRUCTURE STYP 1437 1438  3437 3438   ! Normal Forces Moments (Samcef default)
 Input12> ARCHIVE STRUCTURE STYP 1524 1525 1251  3524 3525 3251   ! Shear Forces Moments (Samcef default)
 Input12> ARCHIVE STRUCTURE STYP 1440  3440   ! Normal Stress Beams Rods (Samcef default)
 Input12> ARCHIVE STRUCTURE STYP 1450  3450   ! Shear Stress Beams (Samcef default)
 Input12> ARCHIVE STRUCTURE STYP 1411 3411 1436 1435 1431 3436 3435 3431  ! Linear Stress Tensor (Samcef default)
 Input12> ARCHIVE STRUCTURE STYP 1421 3421 1446 1445  3446 3445  1528  3528   ! Total Strain Tensor (Samcef default)
 Input12>! Nodal Output Requests
 Input12> ARCHIVE STRUCTURE STYP 223   ! Force Reaction
 Input12> ARCHIVE STRUCTURE STYP 224   ! Torque Reaction
 Input12>! User Codes Output Requests
 Input12> 
 Input12>! Summary of the model
 Input12>! --------------------
 Input12>! Number of nodes: 914
 Input12>! Minimum node id: 1
 Input12>! Maximum node id: 914
 Input12>! Number of elements: 279
 Input12>! Minimum element id: 1
 Input12>! Maximum element id: 279
 Input12> 
 Input12>!User Epilog
 Input12>!-------------
 Input12>! Declaration of abreviations for the Epilog:
 Input12>! ==========================================
 Input12>! Greater Node Number:     NUMBERMAXNODE
 Input12>#INQ (/NUMBERMAXNODE,NOD,,MAX)
 Input12>! Greater Element Number:  NUMBERMAXELEMENT
 Input12>#INQ (/NUMBERMAXELEMENT,ELE,,MAX)
 Input12>! Greater Function Number: NUMBERMAXFUNCTION
 Input12>#INQ (/NUMBERMAXFUNCTION,FUN,,MAX)
 Input12>! Greater Material Number: NUMBERMAXMATERIAL
 Input12>#INQ (/NUMBERMAXMATERIAL,MAT,,MAX)
 Input12>! No User Epilog defined for the current solution.
 Input12> 
 Input12> 
 Input12>! No Warning Messages
 Input12>! No Error Messages
 Input12>! No Critical Messages
 Input12> 
 Input12>RETURN

 Samcef File (Binary) :  3 - "Y:\NX\Rapports\Q8 x 075\Coarse Geometry\Coarse_Model_sim1-Solution_2.sam"


      SAMCEF FILE CREATION
      ********************
    NR  DATA TYPE            OBJECT NAME   RECORDS
 =================================================
     1  TITLE       
     2  NODES-.NOE            (.NOE)        914
     3  ELEMENT-.MAI          (.MAI)        279
     4  HYPOTHESIS            (.HYP)        279
     5  FIXATIONS             (.CLM)         31
     6  LOADS (.CHA)            ?CLM

      DB FILE CREATION
      ****************

 Saving the auxiliary memory in the DB ...
 Saving the rotation matrix in the DB ...
 Saving the ABREviations in the DB ...
 Saving the release flag in the DB ...
 Writing the DB on a binary file ...
 DB File     : "Y:\NX\Rapports\Q8 x 075\Coarse Geometry\Coarse_Model_sim1-Solution_2.sdb"

@@@CSH:SMGFIN: I_RUNSUCCESS
 -------------------------------------------------------------------------------
 File size statistics
 File name                                                            Size
 -------------------------------------------------------------------------------
 C:\PROGRA~1\Siemens\NX12~1.0\SIMULA~1\samcef\Exec\pilote.dat       189154 Bytes
 Y...  075\Coarse Geometry\Coarse_Model_sim1-Solution_2_ba.w02        6550 Bytes
 Y... 8 x 075\Coarse Geometry\Coarse_Model_sim1-Solution_2.sam      238752 Bytes
 Y... 8 x 075\Coarse Geometry\Coarse_Model_sim1-Solution_2.spy        1122 Bytes
 Y... 8 x 075\Coarse Geometry\Coarse_Model_sim1-Solution_2.dat       59670 Bytes
 Y... 8 x 075\Coarse Geometry\Coarse_Model_sim1-Solution_2.sdb     2269048 Bytes
 C:\PROGRA~1\Siemens\NX12~1.0\SIMULA~1\samcef\Exec\dic.dic          445236 Bytes
 C:\PROGRA~1\Siemens\NX12~1.0\SIMULA~1\samcef\Exec\samcef.proc       84311 Bytes
 -------------------------------------------------------------------------------
SAMCEF: Module bacon completed
SAMCEF: Running module asef
@@@CSH:SMGINI: ASEF
@@@CSH:SMGINT: PID =    10688 : Current Process ID
@@@CSH:SMGSTG:  1 /  4 : Data Analysis
@@@CSH:SMGSTG:  2 /  4 : Element Generation
@@@CSH:SMGSTG:  3 /  4 : Frontal Resolution
@@@CSH:SMGSTG:  4 /  4 : Stress Computation
@@@CSH:SMGBEG:  1 /  4 : Data Analysis
@@@CSH:SMGEVO:     1 /     4 : Front Width Optimization
@@@CSH:SMGEVO:     2 /     4 : Dof Numbering
@@@CSH:SMGEVO:     3 /     4 : Substructuring
@@@CSH:SMGEVO:     4 /     4 : Resource Estimation
@@@CSH:SMGINT: NBRDDL =     1772 : Number of dof's
@@@CSH:SMGINF: Disk space report for device "Y:\"
@@@CSH:SMGREA: DISKFREE =   106782.852 : Free disk space (Mb).
@@@CSH:SMGREA: DISKREQUIRED =       14.000 : Required disk space (Mb).
@@@CSH:SMGEND: -1 /  4 : Data Analysis
@@@CSH:SMGBEG:  2 /  4 : Element Generation
@@@CSH:SMGEVO:     1 /   279 : Elements generated@@@CSH:SMGEVO:   279 /   279 : Elements generated
@@@CSH:SMGREA: TOTSURF%AREA = 4.2682587639811E5 : Total surface.
@@@CSH:SMGREA: TOTVOLUME%VOLUME = 1.2804776291943E7 : Total volume.
@@@CSH:SMGREA: TOTMASS%MASS = 1.0051749389176E2 : Total mass.
@@@CSH:SMGEND: -2 /  4 : Element Generation
@@@CSH:SMGBEG:  3 /  4 : Sparse Solver
@@@CSH:SMGEVO:     0 /   100 : Factorization %
@@@CSH:SMGREA: TOTENERGY%ENERGY =  6.39017768E+06 : Total potential energy, load case 1
@@@CSH:SMGEND: -3 /  4 : Sparse Solver
@@@CSH:SMGBEG:  4 /  4 : Stress Computation
@@@CSH:SMGEVO:     1 /   279 : Elements treated@@@CSH:SMGEVO:   279 /   279 : Elements treated
@@@CSH:SMGEND: -4 /  4 : Stress Computation
@@@CSH:SMGINT: NBRWRN =        0 : Number of warning(s)
@@@CSH:SMGINT: NBRERR =        0 : Number of error(s)
@@@CSH:SMGFIN: I_RUNSUCCESS
SAMCEF: Module asef completed
 User requested workspace             131000000 words  (    1048 MBytes)
@@@CSH:SMGINI: FAC
@@@CSH:SMGINT: PID =    14184 : Current Process ID
 Release : 18.1 (18.1-01) - Date : 7-Jun-2017  (LONG INTEGERS)

 ===============================================================================
 Status of the DB            : "Coarse_Model_sim1-Solution_2"
 ================
 DB created by BACON for Ismael (APR 21 2018 09:52:08)
 modified   by BACON for Ismael (APR 21 2018 09:52:08)
 modified   by ASEF for Ismael (APR 21 2018 09:52:08)
 Release                     :   18.1- 1
 DB file name                : "Y:\NX\Rapports\Q8 x 075\Coarse Geometry\Coarse_Model_sim1-Solution_2.sdb"
 DB size                     :         448799 (Max=       262257599)
 Memory allocated            :         449100
 Size of the garbage         :              4 (  0.00% of the DB size)
 Relational level            :              0
 Object counter              :           1207
 Pagination flag             :        on (not yet triggered)
 Swap count                  :             40 page I/O on disk
 Used pages in memory        :             45 on              45
 Used records in swap file   :              0 on           39713
 Page alignment garbage      :            301 (  0.07% of the DB size)
 Archive length :            :              0
 Archive garbage :           :              0
 Archive loading endian swap :              0
 ===============================================================================
----------------------------------------------------------------------
    MEMORY ALLOCATION / DB:                     130540897    449102
----------------------------------------------------------------------
 +===============================================================+======+======+
 !  Processed Data                                               ! Code ! Type !
 +===============================================================+======+======+
 ! "Creation date of the display file  [APR 21 2018 09:52:10]"   !   24 ! CHAR !
 !---------------------------------------------------------------!------!------!
 ! "Module name  [ASEF]"                                         !   23 ! CHAR !
 !---------------------------------------------------------------!------!------!
 ! "Number of errors  [0]"                                       !   59 ! INTG !
 !---------------------------------------------------------------!------!------!
 ! "Number of warnings  [0]"                                     !   60 ! INTG !
 !---------------------------------------------------------------!------!------!
 ! "CPU Time (Sec.)  [1]"                                        ! 1006 ! INTG !
 !---------------------------------------------------------------!------!------!
 ! "Elapsed Time (Sec.)  [2]"                                    ! 1007 ! INTG !
 !---------------------------------------------------------------!------!------!
 ! "Elements  [279]"                                             !    2 ! INTG !
 !---------------------------------------------------------------!------!------!
 ! "Nodes  [914]"                                                !    1 ! INTG !
 !---------------------------------------------------------------!------!------!
 ! "Nodal coordinates (X,Y,Z)"                                   !  153 ! REAL !
 !---------------------------------------------------------------!------!------!
 ! "Nodal displacements (DX,DY,DZ)"                              !  163 ! REAL !
 !---------------------------------------------------------------!------!------!
 ! "Reaction - effort"                                           !  223 ! REAL !
 !---------------------------------------------------------------!------!------!
 !  "Subset Nr          1"                                       !      !      !
 !---------------------------------------------------------------!------!------!
 ! "Stress tensor"                                               ! 1411 ! REAL !
 !---------------------------------------------------------------!------!------!
 ! "Strain tensor"                                               ! 1421 ! REAL !
 !---------------------------------------------------------------!------!------!
 ! "Stress tensor"                                               ! 3411 ! REAL !
 !---------------------------------------------------------------!------!------!
 ! "Strain tensor"                                               ! 3421 ! REAL !
 !---------------------------------------------------------------!------!------!
 ! "Status of the FAC program"                                   !   62 !      !
 !---------------------------------------------------------------!------!------!
 ! "FAC Pointers"                                                ! 1073 ! INTG !
 !---------------------------------------------------------------!------!------!
@@@CSH:SMGFIN: I_RUNSUCCESS
 -------------------------------------------------------------------------------
 File size statistics
 File name                                                            Size
 -------------------------------------------------------------------------------
 Coarse_Model_sim1-Solution_2_as.u18                               1010752 Bytes
 Coarse_Model_sim1-Solution_2_as.des                                  4534 Bytes
 Coarse_Model_sim1-Solution_2_as.fac                                164760 Bytes
 C:\PROGRA~1\Siemens\NX12~1.0\SIMULA~1\samcef\Exec\dic.dic          445236 Bytes
 C... ution_2000014296.dir\Coarse_Model_sim1-Solution_2_fa.w07      224928 Bytes
 C... ution_2000014296.dir\Coarse_Model_sim1-Solution_2_fa.w10      415752 Bytes
 C:\PROGRA~1\Siemens\NX12~1.0\SIMULA~1\samcef\Exec\samdb.fde        292703 Bytes
 Y... 8 x 075\Coarse Geometry\Coarse_Model_sim1-Solution_2.sdb     2638872 Bytes
 Y... ution_2000014296.dir\Coarse_Model_sim1-Solution_2_fa.w80     1056000 Bytes
 C:\PROGRA~1\Siemens\NX12~1.0\SIMULA~1\samcef\Exec\samcef.proc       84311 Bytes
 -------------------------------------------------------------------------------
