@@@CSH:SMGINF: SamAPI Version 18 (BO 18.2-01 SA 17.1-05 / 11-Sep-2017) i8
@@@CSH:SMGINF: Memory(RAM+Swap)      :  1297125000 double, 10377 Mb
@@@CSH:SMGINF: Memory(RAM)           :  1009125000 double,  8073 Mb
@@@CSH:SMGINF: Memory(Infer/*.des)   :   131000000 double,  1048 Mb
@@@CSH:SMGINF: Memory(Used)          :   131000000 double,  1048 Mb
@@@CSH:SMGINF:  ##### Half_Geometry_sim1-Solution_1 as
@@@CSH:SMGINI: Model
@@@CSH:SMGBEG: Opening SDB
@@@CSH:SMGINF:... File : "C:\Users\antoi\Documents\Projet FEM\Projet-FEM\Half model - Copie\Half_Geometry_sim1-Solution_1.sdb"
@@@CSH:SMGINF:... Version 18.1-01 (i8)
@@@CSH:SMGINF:... Size 3 Mb
@@@CSH:SMGBEG: Opening DES/FAC
@@@CSH:SMGINF:... File : "C:\Users\antoi\Documents\Projet FEM\Projet-FEM\Half model - Copie\Half_Geometry_sim1-Solution_1_as.des/.fac"
@@@CSH:SMGINF:... Dic  : "Built-In V18.2-01/19.0-01 (11/Sep/2017)"
@@@CSH:SMGINF:... Run  : "ASEF 18.1-01 @ MAR 27 2018 13:49:21"
@@@CSH:SMGBEG: Query SDB
@@@CSH:SMGFIN: Model
@@@CSH:SMGINF: ... Memory(Estimate/Code 1411) :     1000000 double,     8 Mb
@@@CSH:SMGINF: ... Memory(Estimate/SDB in core) :     2000000 double,    16 Mb
@@@CSH:SMGINF: ... LibSamresApi Version 54 (11-Sep-2017)
@@@CSH:SMGINF: ... VKI_Samcef Version 442 (03-Aug-2017)
@@@CSH:SMGINI: Model
@@@CSH:SMGBEG: Reading Model Data
@@@CSH:SMGINF: Model
@@@CSH:SMGINF: ... Units: Mass=KILOGRAM Length=MILLIMETER Temperature=CELSIUS
@@@CSH:SMGBEG: Getting Nodes
@@@CSH:SMGINF: ... 564 Nodes    in [1-564]
@@@CSH:SMGBEG: Getting Elements
@@@CSH:SMGINF: ... 507 Elements in [1-507]
@@@CSH:SMGBEG: Getting Elements Properties
@@@CSH:SMGINF: ... 507 Structural Elements
@@@CSH:SMGINF: ... XY Plane Strain 2D Analysis
@@@CSH:SMGBEG: Getting Groups
@@@CSH:SMGINF: ... 2 Nodal Groups
@@@CSH:SMGINF: ... 1 Elemental Groups
@@@CSH:SMGBEG: Getting Frames
@@@CSH:SMGFIN: Model
@@@CSH:SMGINI: Results
@@@CSH:SMGINF: ... 1 Result References
@@@CSH:SMGINF: Results
@@@CSH:SMGINF: ...{Code 29} Potential energy
@@@CSH:SMGBEG: Processing code 29 / Poten. energy
@@@CSH:SMGLO1: 1 / 6
@@@CSH:SMGINF: ...{Code 163} Nodal displacements (DX,DY,DZ)
@@@CSH:SMGBEG: Processing code 163 / Displ.(X,Y,Z)
@@@CSH:SMGLO1: 2 / 6
@@@CSH:SMGINF: ...{Code 223} Reaction - effort
@@@CSH:SMGBEG: Processing code 223 / Reac-eff.
@@@CSH:SMGLO1: 3 / 6
@@@CSH:SMGINF: ...{Code 1411} Stress tensor
@@@CSH:SMGBEG: Processing code 1411 / sig
@@@CSH:SMGLO1: 4 / 6
@@@CSH:SMGINF: ...{Code 1421} Strain tensor
@@@CSH:SMGBEG: Processing code 1421 / eps
@@@CSH:SMGLO1: 5 / 6
@@@CSH:SMGINF: ...{Code 3411} Stress tensor
@@@CSH:SMGBEG: Processing code 3411 / Stress.
@@@CSH:SMGLO1: 6 / 6
@@@CSH:SMGINF: ...{Code 3421} Strain tensor
@@@CSH:SMGBEG: Processing code 3421 / Strains
@@@CSH:SMGLO1: 7 / 6
@@@CSH:SMGINF: ...Datasets
@@@CSH:SMGBEG: Processing datasets
@@@CSH:SMGLO1: 1 / 5
@@@CSH:SMGLO1: 2 / 5
@@@CSH:SMGLO1: 3 / 5
@@@CSH:SMGLO1: 4 / 5
@@@CSH:SMGLO1: 5 / 5
@@@CSH:SMGLO1: 6 / 5
@@@CSH:SMGINF: Ready
@@@CSH:SMGFIN: Results
@@@CSH:SMGINF: -> {Code 3411} Stress tensor / Load case 1
@@@CSH:SMGINF: -> {Code 163} Nodal displacements (DX,DY,DZ) / Load case 1
@@@CSH:SMGINF: -> {Code 3421} Strain tensor / Load case 1
@@@CSH:SMGINF: -> {Code 3421} Strain tensor / Load case 1
@@@CSH:SMGINF: -> {Code 163} Nodal displacements (DX,DY,DZ) / Load case 1
@@@CSH:SMGINF: -> {Code 163} Nodal displacements (DX,DY,DZ) / Load case 1
@@@CSH:SMGINF: -> {Code 163} Nodal displacements (DX,DY,DZ) / Load case 1
