SAMCEF: Running module bacon
 User requested workspace             131000000 words  (    1048 MBytes)
 Memory allocation / DB                65500000 /      65500000 words
@@@CSH:SMGINI: BACON
@@@CSH:SMGINT: PID =     3152 : Current Process ID
 Release : 18.1 (18.1-01) - Patch : c18101-170912 (LONG INTEGERS)
 Graphic driver used: Windows   
 
 >>> Sold-to info: 0001385912 <<<

 Input 1>!
 Input 1>!                    =====================================
 Input 1>!                    Programme   <BACON> : Version 18.1-01
 Input 1>!                    =====================================
 Input 1>!
 Input 1>!
 Input 1>MODE M 1
 Spy file :  9 - "Y:\NX\Rapports\Q8 x 05\Coarse Geometry\Coarse_Model_sim1-Solution_2.spy"
 Input 1>INPUT INIT
 Input 1>EXIT
 Input12>! $$$$$$$$$$$$$$$$$$$$$$$$$$$$$$$$$$$$$$$$$$$$$$$$$$$$$$$$$$$$$$$$$
 Input12>!
 Input12>!                     NX 12 TRANSLATOR
 Input12>!                     This file is compatible with Samcef 18 (18.0-03) and next versions
 Input12>!
 Input12>!              FEM FILE: Y:\NX\Rapports\Q8 x 05\Coarse Geometry\Coarse Model_sim1.sim
 Input12>!              SIM FILE: Y:\NX\Rapports\Q8 x 05\Coarse Geometry\Coarse Model_sim1.sim
 Input12>!         ANALYSIS TYPE: Samcef - Axisymmetric and Other 2D Structural
 Input12>!         SOLUTION NAME: Solution 2
 Input12>!         SOLUTION TYPE: Linear Static Analysis
 Input12>!     SOLVER INPUT FILE: Coarse_Model_sim1-Solution_2.dat
 Input12>!         CREATION DATE: 21-avril-2018
 Input12>!         CREATION TIME: 09:41:38
 Input12>!              HOSTNAME: ISMAELLOB5E2
 Input12>!              USERNAME: Ismael
 Input12>!
 Input12>! $$$$$$$$$$$$$$$$$$$$$$$$$$$$$$$$$$$$$$$$$$$$$$$$$$$$$$$$$$$$$$$$$
 Input12> 
 Input12>MODE M -1 LECTURE 256
 Input12>!User Prolog
 Input12>!-------------
 Input12>! No User Prolog defined for the current solution.
 Input12> 
 Input12>! Samcef Bank File: UNITS.
 Input12>! ------------------------
 Input12>.UNIT
 Input12> LENGTH 0.001 ! Unit = MilliMeter
 Input12> MASS 1 ! Unit = Kilogram
 Input12> CELSIUS
 Input12> TIME 1
 Input12> 
 Input12>! Samcef Bank File: Solution Parameters: .ALGO.
 Input12>! ---------------------------------------------
 Input12>.ALGO
 Input12> AXER 1 AXES 2
 Input12>.GEL
 Input12>TEMP 20 ! Default Temperature from Solution
 Input12> 
 Input12>! Samcef Bank File: NODES.
 Input12>! ------------------------
 Input12>.NOE
 Input12> I 423 X 780 Y -20 Z 0
 Input12> I 424 X 780 Y 30 Z 0
 Input12> I 425 X 780 Y 530 Z 0
 Input12> I 426 X 780 Y 580 Z 0
 Input12> I 427 X 1280 Y -20 Z 0
 Input12> I 428 X 1280 Y 580 Z 0
 Input12> I 429 X 1780 Y -320 Z 0
 Input12> I 430 X 1780 Y -220 Z 0
 Input12> I 431 X 2280 Y -320 Z 0
 Input12> I 432 X 2280 Y -220 Z 0
 Input12> I 289 X 780 Y 5 Z 0
 Input12> I 290 X 780 Y 555 Z 0
 Input12> I 291 X 1205.19895 Y -20 Z 0
 Input12> I 292 X 1132.75673 Y -20 Z 0
 Input12> I 293 X 1064.32727 Y -20 Z 0
 Input12> I 294 X 1000.55098 Y -20 Z 0
 Input12> I 295 X 941.17844 Y -20 Z 0
 Input12> I 296 X 885.387073 Y -20 Z 0
 Input12> I 297 X 832.067723 Y -20 Z 0
 Input12> I 298 X 806.033861 Y -20 Z 0
 Input12> I 299 X 858.727398 Y -20 Z 0
 Input12> I 300 X 970.864708 Y -20 Z 0
 Input12> I 301 X 913.282757 Y -20 Z 0
 Input12> I 302 X 1168.97784 Y -20 Z 0
 Input12> I 303 X 1032.43912 Y -20 Z 0
 Input12> I 304 X 1098.542 Y -20 Z 0
 Input12> I 305 X 1242.59947 Y -20 Z 0
 Input12> I 306 X 835.630134 Y 36.2684189 Z 0
 Input12> I 307 X 893.04292 Y 57.0174251 Z 0
 Input12> I 308 X 943.714932 Y 91.0628809 Z 0
 Input12> I 309 X 984.625208 Y 136.374013 Z 0
 Input12> I 310 X 1013.33382 Y 190.249436 Z 0
 Input12> I 311 X 1028.12937 Y 249.476461 Z 0
 Input12> I 312 X 1028.12937 Y 310.523538 Z 0
 Input12> I 313 X 1013.33382 Y 369.750561 Z 0
 Input12> I 314 X 984.625223 Y 423.625995 Z 0
 Input12> I 315 X 943.714931 Y 468.937114 Z 0
 Input12> I 316 X 893.042926 Y 502.982579 Z 0
 Input12> I 317 X 835.630132 Y 523.731572 Z 0
 Input12> I 318 X 807.991133 Y 528.424441 Z 0
 Input12> I 319 X 864.972295 Y 515.116285 Z 0
 Input12> I 320 X 965.558516 Y 447.535151 Z 0
 Input12> I 321 X 1029.9995 Y 280 Z 0
 Input12> I 322 X 1022.54652 Y 340.590439 Z 0
 Input12> I 323 X 1000.62996 Y 397.567743 Z 0
 Input12> I 324 X 807.991133 Y 31.5755615 Z 0
 Input12> I 325 X 864.972301 Y 44.8836919 Z 0
 Input12> I 326 X 919.421911 Y 72.4878353 Z 0
 Input12> I 327 X 1000.62996 Y 162.432259 Z 0
 Input12> I 328 X 1022.54651 Y 219.40956 Z 0
 Input12> I 329 X 919.421914 Y 487.512165 Z 0
 Input12> I 330 X 965.558509 Y 112.464851 Z 0
 Input12> I 331 X 828.03779 Y 580 Z 0
 Input12> I 332 X 876.821823 Y 580 Z 0
 Input12> I 333 X 927.070907 Y 580 Z 0
 Input12> I 334 X 979.433813 Y 580 Z 0
 Input12> I 335 X 1034.41858 Y 580 Z 0
 Input12> I 336 X 1092.28943 Y 580 Z 0
 Input12> I 337 X 1152.94785 Y 580 Z 0
 Input12> I 338 X 1215.8457 Y 580 Z 0
 Input12> I 339 X 804.018895 Y 580 Z 0
 Input12> I 340 X 901.946365 Y 580 Z 0
 Input12> I 341 X 1122.61864 Y 580 Z 0
 Input12> I 342 X 1247.92285 Y 580 Z 0
 Input12> I 343 X 1184.39678 Y 580 Z 0
 Input12> I 344 X 1063.354 Y 580 Z 0
 Input12> I 345 X 1006.92619 Y 580 Z 0
 Input12> I 346 X 953.25236 Y 580 Z 0
 Input12> I 347 X 852.429807 Y 580 Z 0
 Input12> I 348 X 1717.5 Y -282.5 Z 0
 Input12> I 349 X 1655 Y -245 Z 0
 Input12> I 350 X 1592.5 Y -207.5 Z 0
 Input12> I 351 X 1530 Y -170 Z 0
 Input12> I 352 X 1467.5 Y -132.5 Z 0
 Input12> I 353 X 1405 Y -95 Z 0
 Input12> I 354 X 1342.5 Y -57.5 Z 0
 Input12> I 355 X 1623.75 Y -226.25 Z 0
 Input12> I 356 X 1561.25 Y -188.75 Z 0
 Input12> I 357 X 1436.25 Y -113.75 Z 0
 Input12> I 358 X 1311.25 Y -38.75 Z 0
 Input12> I 359 X 1748.75 Y -301.25 Z 0
 Input12> I 360 X 1686.25 Y -263.75 Z 0
 Input12> I 361 X 1498.75 Y -151.25 Z 0
 Input12> I 362 X 1373.75 Y -76.25 Z 0
 Input12> I 363 X 1315.71429 Y 522.857143 Z 0
 Input12> I 364 X 1351.42857 Y 465.714286 Z 0
 Input12> I 365 X 1387.14286 Y 408.571429 Z 0
 Input12> I 366 X 1422.85714 Y 351.428571 Z 0
 Input12> I 367 X 1458.57143 Y 294.285714 Z 0
 Input12> I 368 X 1494.28571 Y 237.142857 Z 0
 Input12> I 369 X 1530 Y 180 Z 0
 Input12> I 370 X 1565.71429 Y 122.857143 Z 0
 Input12> I 371 X 1601.42857 Y 65.7142857 Z 0
 Input12> I 372 X 1637.14286 Y 8.57142857 Z 0
 Input12> I 373 X 1672.85714 Y -48.5714286 Z 0
 Input12> I 374 X 1708.57143 Y -105.714286 Z 0
 Input12> I 375 X 1744.28571 Y -162.857143 Z 0
 Input12> I 376 X 1297.85714 Y 551.428571 Z 0
 Input12> I 377 X 1369.28571 Y 437.142857 Z 0
 Input12> I 378 X 1333.57143 Y 494.285714 Z 0
 Input12> I 379 X 1405 Y 380 Z 0
 Input12> I 380 X 1440.71429 Y 322.857143 Z 0
 Input12> I 381 X 1476.42857 Y 265.714286 Z 0
 Input12> I 382 X 1762.14286 Y -191.428571 Z 0
 Input12> I 383 X 1726.42857 Y -134.285714 Z 0
 Input12> I 384 X 1690.71429 Y -77.1428571 Z 0
 Input12> I 385 X 1619.28571 Y 37.1428571 Z 0
 Input12> I 386 X 1655 Y -20 Z 0
 Input12> I 387 X 1512.14286 Y 208.571429 Z 0
 Input12> I 388 X 1583.57143 Y 94.2857143 Z 0
 Input12> I 389 X 1547.85714 Y 151.428571 Z 0
 Input12> I 390 X 2217.5 Y -320 Z 0
 Input12> I 391 X 2155 Y -320 Z 0
 Input12> I 392 X 2092.5 Y -320 Z 0
 Input12> I 393 X 2030 Y -320 Z 0
 Input12> I 394 X 1967.5 Y -320 Z 0
 Input12> I 395 X 1905 Y -320 Z 0
 Input12> I 396 X 1842.5 Y -320 Z 0
 Input12> I 397 X 2248.75 Y -320 Z 0
 Input12> I 398 X 2186.25 Y -320 Z 0
 Input12> I 399 X 2123.75 Y -320 Z 0
 Input12> I 400 X 2061.25 Y -320 Z 0
 Input12> I 401 X 1873.75 Y -320 Z 0
 Input12> I 402 X 1998.75 Y -320 Z 0
 Input12> I 403 X 1936.25 Y -320 Z 0
 Input12> I 404 X 1811.25 Y -320 Z 0
 Input12> I 405 X 1842.5 Y -220 Z 0
 Input12> I 406 X 1905 Y -220 Z 0
 Input12> I 407 X 1967.5 Y -220 Z 0
 Input12> I 408 X 2030 Y -220 Z 0
 Input12> I 409 X 2092.5 Y -220 Z 0
 Input12> I 410 X 2155 Y -220 Z 0
 Input12> I 411 X 2217.5 Y -220 Z 0
 Input12> I 412 X 2248.75 Y -220 Z 0
 Input12> I 413 X 2061.25 Y -220 Z 0
 Input12> I 414 X 2123.75 Y -220 Z 0
 Input12> I 415 X 2186.25 Y -220 Z 0
 Input12> I 416 X 1873.75 Y -220 Z 0
 Input12> I 417 X 1936.25 Y -220 Z 0
 Input12> I 418 X 1998.75 Y -220 Z 0
 Input12> I 419 X 1811.25 Y -220 Z 0
 Input12> I 420 X 2280 Y -270 Z 0
 Input12> I 421 X 2280 Y -245 Z 0
 Input12> I 422 X 2280 Y -295 Z 0
 Input12> I 1 X 2030.26676 Y -269.929387 Z 0
 Input12> I 2 X 2217.50205 Y -269.999591 Z 0
 Input12> I 3 X 2155.01093 Y -269.997244 Z 0
 Input12> I 4 X 2092.55432 Y -269.985648 Z 0
 Input12> I 5 X 1911.02021 Y -268.39582 Z 0
 Input12> I 6 X 1866.00898 Y -263.731476 Z 0
 Input12> I 7 X 1968.79777 Y -269.654284 Z 0
 Input12> I 8 X 1337.75624 Y 366.109728 Z 0
 Input12> I 9 X 1213.01781 Y 300.574689 Z 0
 Input12> I 10 X 1150.20029 Y 283.230934 Z 0
 Input12> I 11 X 1089.20643 Y 266.389031 Z 0
 Input12> I 12 X 1220.81194 Y 490.867491 Z 0
 Input12> I 13 X 1167.04721 Y 474.731731 Z 0
 Input12> I 14 X 1109.14585 Y 459.738464 Z 0
 Input12> I 15 X 1048.32638 Y 443.538987 Z 0
 Input12> I 16 X 1098.13715 Y 518.20519 Z 0
 Input12> I 17 X 1157.75 Y 527.348739 Z 0
 Input12> I 18 X 1212.33111 Y 536.219529 Z 0
 Input12> I 19 X 1254.30533 Y 544.862738 Z 0
 Input12> I 20 X 1033.13631 Y 505.091656 Z 0
 Input12> I 21 X 1196.84835 Y 363.035817 Z 0
 Input12> I 22 X 1180.59187 Y 421.039271 Z 0
 Input12> I 23 X 1234.90182 Y 443.866619 Z 0
 Input12> I 24 X 1255.57184 Y 387.717176 Z 0
 Input12> I 25 X 1307.15982 Y 423.796847 Z 0
 Input12> I 26 X 1137.83807 Y 343.786188 Z 0
 Input12> I 27 X 1123.48552 Y 402.566385 Z 0
 Input12> I 28 X 1080.70586 Y 326.607555 Z 0
 Input12> I 29 X 1066.53235 Y 385.638326 Z 0
 Input12> I 30 X 978.172262 Y 39.1590819 Z 0
 Input12> I 31 X 935.546834 Y 28.1825719 Z 0
 Input12> I 32 X 1160.8609 Y 222.587445 Z 0
 Input12> I 33 X 1174.13797 Y 162.086025 Z 0
 Input12> I 34 X 1186.67366 Y 102.663377 Z 0
 Input12> I 35 X 1197.77364 Y 42.7765983 Z 0
 Input12> I 36 X 1029.27638 Y 50.3920206 Z 0
 Input12> I 37 X 1074.97183 Y 72.9832879 Z 0
 Input12> I 38 X 1127.79083 Y 88.8912305 Z 0
 Input12> I 39 X 1137.78322 Y 33.8287852 Z 0
 Input12> I 40 X 1090.94504 Y 25.329449 Z 0
 Input12> I 41 X 1112.11846 Y 146.317676 Z 0
 Input12> I 42 X 1095.29532 Y 206.381238 Z 0
 Input12> I 43 X 1051.53456 Y 127.681965 Z 0
 Input12> I 44 X 1373.05619 Y 314.101915 Z 0
 Input12> I 45 X 1223.70682 Y 238.84079 Z 0
 Input12> I 46 X 1407.59001 Y 260.851855 Z 0
 Input12> I 47 X 1356.91084 Y 226.799123 Z 0
 Input12> I 48 X 1237.30012 Y 176.712237 Z 0
 Input12> I 49 X 1441.82552 Y 208.446418 Z 0
 Input12> I 50 X 1390.924 Y 178.90962 Z 0
 Input12> I 51 X 1247.15305 Y 116.992109 Z 0
 Input12> I 52 X 1462.73093 Y -54.8484385 Z 0
 Input12> I 53 X 1512.27566 Y -16.8063239 Z 0
 Input12> I 54 X 1558.24432 Y 22.0334691 Z 0
 Input12> I 55 X 1591.31921 Y -30.8877609 Z 0
 Input12> I 56 X 1547.50324 Y -67.7355939 Z 0
 Input12> I 57 X 1431.18857 Y -1.27437201 Z 0
 Input12> I 58 X 1400.12207 Y 49.7299896 Z 0
 Input12> I 59 X 1371.28896 Y 101.652134 Z 0
 Input12> I 60 X 1474.56443 Y 156.570883 Z 0
 Input12> I 61 X 1422.14043 Y 129.274095 Z 0
 Input12> I 62 X 1480.69238 Y 33.4519779 Z 0
 Input12> I 63 X 1451.97354 Y 80.026228 Z 0
 Input12> I 64 X 1320.62918 Y 77.3826194 Z 0
 Input12> I 65 X 1261.28872 Y 54.8963608 Z 0
 Input12> I 66 X 1345.90382 Y 18.680425 Z 0
 Input12> I 67 X 1268.04964 Y 508.292144 Z 0
 Input12> I 68 X 1281.45639 Y 474.703188 Z 0
 Input12> I 69 X 1504.91794 Y 107.73164 Z 0
 Input12> I 70 X 1527.39223 Y 71.5185574 Z 0
 Input12> I 71 X 1002.28777 Y 101.37772 Z 0
 Input12> I 72 X 1283.84361 Y 255.919266 Z 0
 Input12> I 73 X 1324.13851 Y 278.626782 Z 0
 Input12> I 74 X 1282.8656 Y 317.789528 Z 0
 Input12> I 75 X 1304.91822 Y 188.673546 Z 0
 Input12> I 76 X 1303.85438 Y 133.409451 Z 0
 Input12> I 77 X 1342.74639 Y 150.661188 Z 0
 Input12> I 78 X 1689.06152 Y -208.824974 Z 0
 Input12> I 79 X 1639.41542 Y -144.896757 Z 0
 Input12> I 80 X 1622.09685 Y -85.3491644 Z 0
 Input12> I 81 X 1584.75388 Y -116.995379 Z 0
 Input12> I 82 X 1501.93354 Y -106.271008 Z 0
 Input12> I 83 X 1381.1481 Y -33.7734867 Z 0
 Input12> I 84 X 2217.50102 Y -244.999796 Z 0
 Input12> I 85 X 2248.75102 Y -269.999796 Z 0
 Input12> I 86 X 2217.50102 Y -294.999796 Z 0
 Input12> I 87 X 2155.00547 Y -294.998622 Z 0
 Input12> I 88 X 2186.25649 Y -269.998418 Z 0
 Input12> I 89 X 2092.52716 Y -294.992824 Z 0
 Input12> I 90 X 2123.78263 Y -269.991446 Z 0
 Input12> I 91 X 2030.13338 Y -294.964693 Z 0
 Input12> I 92 X 2061.41054 Y -269.957518 Z 0
 Input12> I 93 X 2030.13338 Y -244.964693 Z 0
 Input12> I 94 X 2092.52716 Y -244.992824 Z 0
 Input12> I 95 X 2155.00547 Y -244.998622 Z 0
 Input12> I 96 X 1908.0101 Y -294.19791 Z 0
 Input12> I 97 X 1854.25449 Y -291.865738 Z 0
 Input12> I 98 X 1888.51459 Y -266.063648 Z 0
 Input12> I 99 X 1854.25449 Y -241.865738 Z 0
 Input12> I 100 X 1908.0101 Y -244.19791 Z 0
 Input12> I 101 X 1968.14889 Y -244.827142 Z 0
 Input12> I 102 X 1939.90899 Y -269.025052 Z 0
 Input12> I 103 X 1999.53227 Y -269.791835 Z 0
 Input12> I 104 X 1968.14889 Y -294.827142 Z 0
 Input12> I 105 X 831.833961 Y 551.865786 Z 0
 Input12> I 106 X 856.225977 Y 551.865786 Z 0
 Input12> I 107 X 910.056916 Y 541.49129 Z 0
 Input12> I 108 X 1162.3986 Y 501.040235 Z 0
 Input12> I 109 X 1138.09653 Y 467.235097 Z 0
 Input12> I 110 X 1103.6415 Y 488.971827 Z 0
 Input12> I 111 X 1127.94357 Y 522.776964 Z 0
 Input12> I 112 X 1095.21329 Y 549.102595 Z 0
 Input12> I 113 X 1155.34893 Y 553.674369 Z 0
 Input12> I 114 X 1291.88196 Y 515.574644 Z 0
 Input12> I 115 X 1261.17749 Y 526.577441 Z 0
 Input12> I 116 X 1267.15267 Y 562.431369 Z 0
 Input12> I 117 X 1244.43079 Y 499.579818 Z 0
 Input12> I 118 X 1216.57152 Y 513.54351 Z 0
 Input12> I 119 X 1233.31822 Y 540.541133 Z 0
 Input12> I 120 X 1214.0884 Y 558.109764 Z 0
 Input12> I 121 X 1185.04055 Y 531.784134 Z 0
 Input12> I 122 X 1193.92958 Y 482.799611 Z 0
 Input12> I 123 X 1033.77744 Y 542.545828 Z 0
 Input12> I 124 X 1065.63673 Y 511.648423 Z 0
 Input12> I 125 X 1078.73611 Y 451.638725 Z 0
 Input12> I 126 X 1040.73135 Y 474.315322 Z 0
 Input12> I 127 X 988.425622 Y 487.014385 Z 0
 Input12> I 128 X 1016.4758 Y 433.582491 Z 0
 Input12> I 129 X 1204.93308 Y 331.805253 Z 0
 Input12> I 130 X 1226.2101 Y 375.376496 Z 0
 Input12> I 131 X 1269.21872 Y 352.753352 Z 0
 Input12> I 132 X 1247.94171 Y 309.182109 Z 0
 Input12> I 133 X 1188.72011 Y 392.037544 Z 0
 Input12> I 134 X 1207.74684 Y 432.452945 Z 0
 Input12> I 135 X 1245.23683 Y 415.791897 Z 0
 Input12> I 136 X 1173.81954 Y 447.885501 Z 0
 Input12> I 137 X 1227.85688 Y 467.367055 Z 0
 Input12> I 138 X 1329.2942 Y 444.755566 Z 0
 Input12> I 139 X 1362.44955 Y 387.340579 Z 0
 Input12> I 140 X 1322.45803 Y 394.953288 Z 0
 Input12> I 141 X 1310.31092 Y 341.949628 Z 0
 Input12> I 142 X 1281.36583 Y 405.757011 Z 0
 Input12> I 143 X 1298.58534 Y 498.780166 Z 0
 Input12> I 144 X 1294.30811 Y 449.250018 Z 0
 Input12> I 145 X 1274.75302 Y 491.497666 Z 0
 Input12> I 146 X 1258.1791 Y 459.284903 Z 0
 Input12> I 147 X 1109.27196 Y 335.196871 Z 0
 Input12> I 148 X 1073.6191 Y 356.122941 Z 0
 Input12> I 149 X 1095.00893 Y 394.102356 Z 0
 Input12> I 150 X 1130.6618 Y 373.176286 Z 0
 Input12> I 151 X 1181.60905 Y 291.902811 Z 0
 Input12> I 152 X 1144.01918 Y 313.508561 Z 0
 Input12> I 153 X 1167.34321 Y 353.411002 Z 0
 Input12> I 154 X 1119.70336 Y 274.809982 Z 0
 Input12> I 155 X 1084.95614 Y 296.498293 Z 0
 Input12> I 156 X 1058.6679 Y 257.932746 Z 0
 Input12> I 157 X 1054.41761 Y 318.565547 Z 0
 Input12> I 158 X 1039.93308 Y 377.694444 Z 0
 Input12> I 159 X 1057.42936 Y 414.588657 Z 0
 Input12> I 160 X 1116.31568 Y 431.152424 Z 0
 Input12> I 161 X 1152.0387 Y 411.802828 Z 0
 Input12> I 162 X 833.848928 Y 8.13420944 Z 0
 Input12> I 163 X 889.214997 Y 18.5087126 Z 0
 Input12> I 164 X 989.361619 Y 9.57954093 Z 0
 Input12> I 165 X 938.362637 Y 4.09128594 Z 0
 Input12> I 166 X 956.859548 Y 33.6708269 Z 0
 Input12> I 167 X 914.294877 Y 42.5999985 Z 0
 Input12> I 168 X 960.943597 Y 65.1109814 Z 0
 Input12> I 169 X 1132.78702 Y 61.3600078 Z 0
 Input12> I 170 X 1157.23225 Y 95.7773039 Z 0
 Input12> I 171 X 1192.22365 Y 72.7199878 Z 0
 Input12> I 172 X 1167.77843 Y 38.3026918 Z 0
 Input12> I 173 X 1201.48629 Y 11.3882992 Z 0
 Input12> I 174 X 1135.26997 Y 6.91439261 Z 0
 Input12> I 175 X 1003.72432 Y 44.7755512 Z 0
 Input12> I 176 X 1046.80183 Y 15.1960103 Z 0
 Input12> I 177 X 1101.38133 Y 80.9372592 Z 0
 Input12> I 178 X 1114.36413 Y 29.5791171 Z 0
 Input12> I 179 X 1082.95843 Y 49.1563685 Z 0
 Input12> I 180 X 1077.63615 Y 2.66472452 Z 0
 Input12> I 181 X 1052.12411 Y 61.6876543 Z 0
 Input12> I 182 X 1155.5306 Y 252.909189 Z 0
 Input12> I 183 X 1128.07811 Y 214.484341 Z 0
 Input12> I 184 X 1092.25087 Y 236.385134 Z 0
 Input12> I 185 X 1167.49944 Y 192.336735 Z 0
 Input12> I 186 X 1143.12821 Y 154.20185 Z 0
 Input12> I 187 X 1103.70689 Y 176.349457 Z 0
 Input12> I 188 X 1180.40582 Y 132.374701 Z 0
 Input12> I 189 X 1119.95464 Y 117.604453 Z 0
 Input12> I 190 X 973.001351 Y 96.2203003 Z 0
 Input12> I 191 X 1015.78208 Y 75.8848702 Z 0
 Input12> I 192 X 1081.82651 Y 136.99982 Z 0
 Input12> I 193 X 1063.25319 Y 100.332626 Z 0
 Input12> I 194 X 1026.91116 Y 114.529842 Z 0
 Input12> I 195 X 993.456489 Y 118.875866 Z 0
 Input12> I 196 X 1032.43419 Y 158.9657 Z 0
 Input12> I 197 X 1054.31457 Y 198.315337 Z 0
 Input12> I 198 X 1397.95667 Y 332.765243 Z 0
 Input12> I 199 X 1355.40621 Y 340.105821 Z 0
 Input12> I 200 X 1192.28386 Y 230.714117 Z 0
 Input12> I 201 X 1218.36232 Y 269.70774 Z 0
 Input12> I 202 X 1348.59735 Y 296.364348 Z 0
 Input12> I 203 X 1303.50206 Y 298.208155 Z 0
 Input12> I 204 X 1283.35461 Y 286.854397 Z 0
 Input12> I 205 X 1253.77522 Y 247.380028 Z 0
 Input12> I 206 X 1230.50347 Y 207.776513 Z 0
 Input12> I 207 X 1205.71904 Y 169.399131 Z 0
 Input12> I 208 X 1294.38092 Y 222.296406 Z 0
 Input12> I 209 X 1271.10917 Y 182.692891 Z 0
 Input12> I 210 X 1303.99106 Y 267.273024 Z 0
 Input12> I 211 X 1340.52467 Y 252.712953 Z 0
 Input12> I 212 X 1330.91453 Y 207.736335 Z 0
 Input12> I 213 X 1390.3231 Y 287.476885 Z 0
 Input12> I 214 X 1382.25043 Y 243.825489 Z 0
 Input12> I 215 X 1433.08072 Y 277.568785 Z 0
 Input12> I 216 X 1468.05562 Y 222.794637 Z 0
 Input12> I 217 X 1424.70777 Y 234.649136 Z 0
 Input12> I 218 X 1216.91336 Y 109.827743 Z 0
 Input12> I 219 X 1242.22658 Y 146.852173 Z 0
 Input12> I 220 X 1416.37476 Y 193.678019 Z 0
 Input12> I 221 X 1373.91742 Y 202.854372 Z 0
 Input12> I 222 X 1275.50371 Y 125.20078 Z 0
 Input12> I 223 X 1304.3863 Y 161.041498 Z 0
 Input12> I 224 X 1323.8323 Y 169.667367 Z 0
 Input12> I 225 X 1366.8352 Y 164.785404 Z 0
 Input12> I 226 X 1703.28076 Y -245.662487 Z 0
 Input12> I 227 X 1716.67362 Y -185.841059 Z 0
 Input12> I 228 X 1748.75 Y -251.25 Z 0
 Input12> I 229 X 1673.99342 Y -125.305521 Z 0
 Input12> I 230 X 1664.23847 Y -176.860866 Z 0
 Input12> I 231 X 1672.03076 Y -226.912487 Z 0
 Input12> I 232 X 1615.95771 Y -176.198379 Z 0
 Input12> I 233 X 1647.477 Y -66.9602965 Z 0
 Input12> I 234 X 1630.75613 Y -115.122961 Z 0
 Input12> I 235 X 1612.08465 Y -130.946068 Z 0
 Input12> I 236 X 1557.37694 Y -143.497689 Z 0
 Input12> I 237 X 1574.78176 Y -4.42714589 Z 0
 Input12> I 238 X 1579.83644 Y 43.8738774 Z 0
 Input12> I 239 X 1614.23103 Y -11.1581662 Z 0
 Input12> I 240 X 1606.70803 Y -58.1184627 Z 0
 Input12> I 241 X 1529.88945 Y -42.2709589 Z 0
 Input12> I 242 X 1535.25999 Y 2.6135726 Z 0
 Input12> I 243 X 1569.41123 Y -49.3116774 Z 0
 Input12> I 244 X 1603.42536 Y -101.172272 Z 0
 Input12> I 245 X 1566.12856 Y -92.3654864 Z 0
 Input12> I 246 X 1515.96677 Y -138.135504 Z 0
 Input12> I 247 X 1524.71839 Y -87.003301 Z 0
 Input12> I 248 X 1487.50329 Y -35.8273812 Z 0
 Input12> I 249 X 1482.33224 Y -80.5597233 Z 0
 Input12> I 250 X 1484.71677 Y -119.385504 Z 0
 Input12> I 251 X 1433.86547 Y -74.9242193 Z 0
 Input12> I 252 X 1406.53222 Y 154.091858 Z 0
 Input12> I 253 X 1396.7147 Y 115.463114 Z 0
 Input12> I 254 X 1357.01768 Y 126.156661 Z 0
 Input12> I 255 X 1458.19497 Y 182.508651 Z 0
 Input12> I 256 X 1448.35243 Y 142.922489 Z 0
 Input12> I 257 X 1502.28221 Y 168.285442 Z 0
 Input12> I 258 X 1542.81827 Y 46.7760133 Z 0
 Input12> I 259 X 1546.55326 Y 97.1878502 Z 0
 Input12> I 260 X 1535.31611 Y 115.294391 Z 0
 Input12> I 261 X 1489.74118 Y 132.151262 Z 0
 Input12> I 262 X 1496.48402 Y 8.322827 Z 0
 Input12> I 263 X 1504.0423 Y 52.4852677 Z 0
 Input12> I 264 X 1446.95975 Y -28.0614053 Z 0
 Input12> I 265 X 1455.94047 Y 16.088803 Z 0
 Input12> I 266 X 1415.65532 Y 24.2278088 Z 0
 Input12> I 267 X 1426.0478 Y 64.8781088 Z 0
 Input12> I 268 X 1466.33296 Y 56.739103 Z 0
 Input12> I 269 X 1385.70551 Y 75.6910617 Z 0
 Input12> I 270 X 1437.05699 Y 104.650162 Z 0
 Input12> I 271 X 1478.44574 Y 93.8789339 Z 0
 Input12> I 272 X 1516.15509 Y 89.6250987 Z 0
 Input12> I 273 X 1254.22088 Y 85.9442351 Z 0
 Input12> I 274 X 1229.53118 Y 48.8364796 Z 0
 Input12> I 275 X 1312.24178 Y 105.396035 Z 0
 Input12> I 276 X 1290.95895 Y 66.1394901 Z 0
 Input12> I 277 X 1323.30038 Y 142.035319 Z 0
 Input12> I 278 X 1345.95907 Y 89.5173766 Z 0
 Input12> I 279 X 1393.07405 Y -64.3867434 Z 0
 Input12> I 280 X 1406.16833 Y -17.5239294 Z 0
 Input12> I 281 X 1333.2665 Y 48.0315222 Z 0
 Input12> I 282 X 1373.01294 Y 34.2052073 Z 0
 Input12> I 283 X 1363.52596 Y -7.54653087 Z 0
 Input12> I 284 X 1361.82405 Y -45.6367434 Z 0
 Input12> I 285 X 1312.95191 Y -0.659787493 Z 0
 Input12> I 286 X 1270.64436 Y 17.4481804 Z 0
 Input12> I 287 X 961.574372 Y 524.468557 Z 0
 Input12> I 288 X 1811.25 Y -270 Z 0
 Input12>! Samcef Bank File: ELEMENTS.
 Input12>! ---------------------------
 Input12>.MAI
 Input12> I 1 AT 1 0 N 2 -84 411 -412 432 -421 420 -85
 Input12> I 2 AT 1 0 N 2 -85 420 -422 431 -397 390 -86
 Input12> I 3 AT 1 0 N 390 -398 391 -87 3 -88 2 -86
 Input12> I 4 AT 1 0 N 391 -399 392 -89 4 -90 3 -87
 Input12> I 5 AT 1 0 N 392 -400 393 -91 1 -92 4 -89
 Input12> I 6 AT 1 0 N 4 -92 1 -93 408 -413 409 -94
 Input12> I 7 AT 1 0 N 3 -90 4 -94 409 -414 410 -95
 Input12> I 8 AT 1 0 N 2 -88 3 -95 410 -415 411 -84
 Input12> I 9 AT 1 0 N 5 -96 395 -401 396 -97 6 -98
 Input12> I 10 AT 1 0 N 5 -98 6 -99 405 -416 406 -100
 Input12> I 11 AT 1 0 N 406 -417 407 -101 7 -102 5 -100
 Input12> I 12 AT 1 0 N 407 -418 408 -93 1 -103 7 -101
 Input12> I 13 AT 1 0 N 7 -103 1 -91 393 -402 394 -104
 Input12> I 14 AT 1 0 N 5 -102 7 -104 394 -403 395 -96
 Input12> I 15 AT 1 0 N 317 -318 425 -290 426 -339 331 -105
 Input12> I 16 AT 1 0 N 317 -106 332 -340 333 -107 316 -319
 Input12> I 17 AT 1 0 N 17 -108 13 -109 14 -110 16 -111
 Input12> I 18 AT 1 0 N 17 -111 16 -112 336 -341 337 -113
 Input12> I 19 AT 1 0 N 428 -376 363 -114 67 -115 19 -116
 Input12> I 20 AT 1 0 N 67 -117 12 -118 18 -119 19 -115
 Input12> I 21 AT 1 0 N 428 -116 19 -119 18 -120 338 -342
 Input12> I 22 AT 1 0 N 17 -113 337 -343 338 -120 18 -121
 Input12> I 23 AT 1 0 N 17 -121 18 -118 12 -122 13 -108
 Input12> I 24 AT 1 0 N 20 -123 335 -344 336 -112 16 -124
 Input12> I 25 AT 1 0 N 20 -124 16 -110 14 -125 15 -126
 Input12> I 26 AT 1 0 N 315 -127 20 -126 15 -128 314 -320
 Input12> I 27 AT 1 0 N 9 -129 21 -130 24 -131 74 -132
 Input12> I 28 AT 1 0 N 21 -133 22 -134 23 -135 24 -130
 Input12> I 29 AT 1 0 N 22 -136 13 -122 12 -137 23 -134
 Input12> I 30 AT 1 0 N 25 -138 364 -377 365 -139 8 -140
 Input12> I 31 AT 1 0 N 25 -140 8 -141 74 -131 24 -142
 Input12> I 32 AT 1 0 N 68 -143 363 -378 364 -138 25 -144
 Input12> I 33 AT 1 0 N 23 -137 12 -117 67 -145 68 -146
 Input12> I 34 AT 1 0 N 23 -146 68 -144 25 -142 24 -135
 Input12> I 35 AT 1 0 N 26 -147 28 -148 29 -149 27 -150
 Input12> I 36 AT 1 0 N 9 -151 10 -152 26 -153 21 -129
 Input12> I 37 AT 1 0 N 10 -154 11 -155 28 -147 26 -152
 Input12> I 38 AT 1 0 N 11 -156 311 -321 312 -157 28 -155
 Input12> I 39 AT 1 0 N 28 -157 312 -322 313 -158 29 -148
 Input12> I 40 AT 1 0 N 29 -158 313 -323 314 -128 15 -159
 Input12> I 41 AT 1 0 N 27 -149 29 -159 15 -125 14 -160
 Input12> I 42 AT 1 0 N 22 -161 27 -160 14 -109 13 -136
 Input12> I 43 AT 1 0 N 21 -153 26 -150 27 -161 22 -133
 Input12> I 44 AT 1 0 N 297 -298 423 -289 424 -324 306 -162
 Input12> I 45 AT 1 0 N 296 -299 297 -162 306 -325 307 -163
 Input12> I 46 AT 1 0 N 30 -164 294 -300 295 -165 31 -166
 Input12> I 47 AT 1 0 N 295 -301 296 -163 307 -167 31 -165
 Input12> I 48 AT 1 0 N 30 -166 31 -167 307 -326 308 -168
 Input12> I 49 AT 1 0 N 39 -169 38 -170 34 -171 35 -172
 Input12> I 50 AT 1 0 N 39 -172 35 -173 291 -302 292 -174
 Input12> I 51 AT 1 0 N 293 -303 294 -164 30 -175 36 -176
 Input12> I 52 AT 1 0 N 37 -177 38 -169 39 -178 40 -179
 Input12> I 53 AT 1 0 N 39 -174 292 -304 293 -180 40 -178
 Input12> I 54 AT 1 0 N 37 -179 40 -180 293 -176 36 -181
 Input12> I 55 AT 1 0 N 10 -182 32 -183 42 -184 11 -154
 Input12> I 56 AT 1 0 N 32 -185 33 -186 41 -187 42 -183
 Input12> I 57 AT 1 0 N 33 -188 34 -170 38 -189 41 -186
 Input12> I 58 AT 1 0 N 308 -190 71 -191 36 -175 30 -168
 Input12> I 59 AT 1 0 N 43 -192 41 -189 38 -177 37 -193
 Input12> I 60 AT 1 0 N 43 -193 37 -181 36 -191 71 -194
 Input12> I 61 AT 1 0 N 43 -194 71 -195 309 -327 310 -196
 Input12> I 62 AT 1 0 N 310 -328 311 -156 11 -184 42 -197
 Input12> I 63 AT 1 0 N 310 -197 42 -187 41 -192 43 -196
 Input12> I 64 AT 1 0 N 8 -139 365 -379 366 -198 44 -199
 Input12> I 65 AT 1 0 N 45 -200 32 -182 10 -151 9 -201
 Input12> I 66 AT 1 0 N 74 -141 8 -199 44 -202 73 -203
 Input12> I 67 AT 1 0 N 74 -204 72 -205 45 -201 9 -132
 Input12> I 68 AT 1 0 N 32 -200 45 -206 48 -207 33 -185
 Input12> I 69 AT 1 0 N 45 -205 72 -208 75 -209 48 -206
 Input12> I 70 AT 1 0 N 72 -210 73 -211 47 -212 75 -208
 Input12> I 71 AT 1 0 N 73 -202 44 -213 46 -214 47 -211
 Input12> I 72 AT 1 0 N 44 -198 366 -380 367 -215 46 -213
 Input12> I 73 AT 1 0 N 46 -215 367 -381 368 -216 49 -217
 Input12> I 74 AT 1 0 N 51 -218 34 -188 33 -207 48 -219
 Input12> I 75 AT 1 0 N 47 -214 46 -217 49 -220 50 -221
 Input12> I 76 AT 1 0 N 76 -222 51 -219 48 -209 75 -223
 Input12> I 77 AT 1 0 N 77 -224 75 -212 47 -221 50 -225
 Input12> I 78 AT 1 0 N 348 -226 78 -227 375 -382 430 -228
 Input12> I 79 AT 1 0 N 79 -229 374 -383 375 -227 78 -230
 Input12> I 80 AT 1 0 N 79 -230 78 -231 349 -355 350 -232
 Input12> I 81 AT 1 0 N 80 -233 373 -384 374 -229 79 -234
 Input12> I 82 AT 1 0 N 81 -235 79 -232 350 -356 351 -236
 Input12> I 83 AT 1 0 N 55 -237 54 -238 371 -385 372 -239
 Input12> I 84 AT 1 0 N 55 -239 372 -386 373 -233 80 -240
 Input12> I 85 AT 1 0 N 56 -241 53 -242 54 -237 55 -243
 Input12> I 86 AT 1 0 N 56 -243 55 -240 80 -244 81 -245
 Input12> I 87 AT 1 0 N 351 -246 82 -247 56 -245 81 -236
 Input12> I 88 AT 1 0 N 52 -248 53 -241 56 -247 82 -249
 Input12> I 89 AT 1 0 N 52 -249 82 -250 352 -357 353 -251
 Input12> I 90 AT 1 0 N 77 -225 50 -252 61 -253 59 -254
 Input12> I 91 AT 1 0 N 50 -220 49 -255 60 -256 61 -252
 Input12> I 92 AT 1 0 N 49 -216 368 -387 369 -257 60 -255
 Input12> I 93 AT 1 0 N 370 -388 371 -238 54 -258 70 -259
 Input12> I 94 AT 1 0 N 370 -260 69 -261 60 -257 369 -389
 Input12> I 95 AT 1 0 N 54 -242 53 -262 62 -263 70 -258
 Input12> I 96 AT 1 0 N 53 -248 52 -264 57 -265 62 -262
 Input12> I 97 AT 1 0 N 62 -265 57 -266 58 -267 63 -268
 Input12> I 98 AT 1 0 N 63 -267 58 -269 59 -253 61 -270
 Input12> I 99 AT 1 0 N 69 -271 63 -270 61 -256 60 -261
 Input12> I 100 AT 1 0 N 70 -263 62 -268 63 -271 69 -272
 Input12> I 101 AT 1 0 N 34 -218 51 -273 65 -274 35 -171
 Input12> I 102 AT 1 0 N 51 -222 76 -275 64 -276 65 -273
 Input12> I 103 AT 1 0 N 76 -277 77 -254 59 -278 64 -275
 Input12> I 104 AT 1 0 N 353 -279 83 -280 57 -264 52 -251
 Input12> I 105 AT 1 0 N 66 -281 64 -278 59 -269 58 -282
 Input12> I 106 AT 1 0 N 66 -282 58 -266 57 -280 83 -283
 Input12> I 107 AT 1 0 N 66 -283 83 -284 354 -358 427 -285
 Input12> I 108 AT 1 0 N 427 -305 291 -173 35 -274 65 -286
 Input12> I 109 AT 1 0 N 427 -286 65 -276 64 -281 66 -285
 Input12> I 110 AT 1 0 N 334 -345 335 -123 20 -127 315 -287
 Input12> I 111 AT 1 0 N 334 -287 315 -329 316 -107 333 -346
 Input12> I 112 AT 1 0 N 429 -359 348 -228 430 -419 405 -288
 Input12> I 113 AT 1 0 N 405 -99 6 -97 396 -404 429 -288
 Input12> I 114 AT 1 0 N 317 -105 331 -347 332 -106
 Input12> I 115 AT 1 0 N 68 -145 67 -114 363 -143
 Input12> I 116 AT 1 0 N 308 -330 309 -195 71 -190
 Input12> I 117 AT 1 0 N 74 -203 73 -210 72 -204
 Input12> I 118 AT 1 0 N 77 -277 76 -223 75 -224
 Input12> I 119 AT 1 0 N 348 -360 349 -231 78 -226
 Input12> I 120 AT 1 0 N 81 -244 80 -234 79 -235
 Input12> I 121 AT 1 0 N 351 -361 352 -250 82 -246
 Input12> I 122 AT 1 0 N 370 -259 70 -272 69 -260
 Input12> I 123 AT 1 0 N 353 -362 354 -284 83 -279
 Input12>! Samcef Bank File : GROUPS.
 Input12>! --------------------------
 Input12>.SEL
  Current accuracy =  2.40000000E-01
 Input12> GROUP 1 MAILLE NOM "2d_mesh(1)_0"
 Input12> I 1 J 123 K 1
 Input12> GROUP 2 NOEUDS NOM "Fixed(1)"
 Input12> I 390 J 404 K 1
 Input12> I 429
 Input12> I 431
 Input12> GROUP 3 NOEUDS NOM "UserDefined(1)"
 Input12> I 289
 Input12> I 290
 Input12> I 423 J 426 K 1
 Input12>! Samcef Bank File: MATERIALS.
 Input12>! ----------------------------
 Input12>.MAT
 Input12>! Isotropic::Coarse Model_fem1::[1]
 Input12>   I 1 BEHA "ELASTIC"
 Input12>   YT 2.1e+08  ! Young's modulus (E)
 Input12>   NT 0.3  ! Poisson's ratio (NU)
 Input12>   M 7.85e-06  !  Mass Density (Rho)
 Input12> 
 Input12>! Samcef Bank File: HYPOTHESES
 Input12>! ----------------------------
 Input12>.HYP MEMB BIDIM GROUP "2d_mesh(1)_0"
 Input12>! Samcef Bank File: Physicals Properties
 Input12>! --------------------------------------
 Input12>.PHP
 Input12>!Plane Stress XY(1)
 Input12> GROUP "2d_mesh(1)_0" THICK VAL 30 ! Thickness
 Input12>! Samcef Bank File: CONSTRAINTS.
 Input12>! ------------------------------
 Input12>.CLM ADD
 Input12>!
 Input12>! Fixed(1)
 Input12> GROUP "Fixed(1)" FIX C 1 2 3 4 5 6
 Input12> 
 Input12>!
 Input12>! UserDefined(1)
 Input12> GROUP "UserDefined(1)" FIX C 1 6
 Input12> 
 Input12>! Samcef Bank File: LOADS.
 Input12>! ------------------------
 Input12>.CLM ADD
 Input12> NOEUD 306 CHA  C 2 V 1.24476e+06
 Input12> NOEUD 307 CHA  C 2 V 1.29863e+06
 Input12> NOEUD 308 CHA  C 2 V 1.29863e+06
 Input12> NOEUD 309 CHA  C 2 V 1.29863e+06
 Input12> NOEUD 310 CHA  C 2 V 1.29863e+06
 Input12> NOEUD 311 CHA  C 2 V 1.29863e+06
 Input12> NOEUD 312 CHA  C 2 V 1.29863e+06
 Input12> NOEUD 313 CHA  C 2 V 1.29863e+06
 Input12> NOEUD 314 CHA  C 2 V 1.29863e+06
 Input12> NOEUD 315 CHA  C 2 V 1.29863e+06
 Input12> NOEUD 316 CHA  C 2 V 1.29863e+06
 Input12> NOEUD 317 CHA  C 2 V 1.24476e+06
 Input12> NOEUD 318 CHA  C 2 V 2.38177e+06
 Input12> NOEUD 319 CHA  C 2 V 2.59726e+06
 Input12> NOEUD 320 CHA  C 2 V 2.59726e+06
 Input12> NOEUD 321 CHA  C 2 V 2.59725e+06
 Input12> NOEUD 322 CHA  C 2 V 2.59725e+06
 Input12> NOEUD 323 CHA  C 2 V 2.59725e+06
 Input12> NOEUD 324 CHA  C 2 V 2.38177e+06
 Input12> NOEUD 325 CHA  C 2 V 2.59725e+06
 Input12> NOEUD 326 CHA  C 2 V 2.59725e+06
 Input12> NOEUD 327 CHA  C 2 V 2.59725e+06
 Input12> NOEUD 328 CHA  C 2 V 2.59725e+06
 Input12> NOEUD 329 CHA  C 2 V 2.59725e+06
 Input12> NOEUD 330 CHA  C 2 V 2.59726e+06
 Input12> NOEUD 424 CHA  C 2 V 595442
 Input12> NOEUD 425 CHA  C 2 V 595442
 Input12> 
 Input12> ARETE I 15 1 PRE V 1000
 Input12> ARETE I 16 4 PRE V 1000
 Input12> ARETE I 26 4 PRE V 1000
 Input12> ARETE I 38 2 PRE V 1000
 Input12> ARETE I 39 2 PRE V 1000
 Input12> ARETE I 40 2 PRE V 1000
 Input12> ARETE I 44 3 PRE V 1000
 Input12> ARETE I 45 3 PRE V 1000
 Input12> ARETE I 48 3 PRE V 1000
 Input12> ARETE I 61 3 PRE V 1000
 Input12> ARETE I 62 1 PRE V 1000
 Input12> ARETE I 111 2 PRE V 1000
 Input12> ARETE I 116 1 PRE V 1000
 Input12> 
 Input12> STRU ACC VAL 0 -9810 0
 Input12> 
 Input12>! Samcef Bank File: Elements Attributes
 Input12>! -------------------------------------
 Input12>.AEL
 Input12> I 1 THETA -90.0023
 Input12> I 2 THETA 0
 Input12> I 3 THETA 180
 Input12> I 4 THETA 180
 Input12> I 5 THETA 180
 Input12> I 6 THETA -179.948
 Input12> I 7 THETA -179.989
 Input12> I 8 THETA -179.998
 Input12> I 9 THETA 96.6541
 Input12> I 10 THETA -174.084
 Input12> I 11 THETA 0
 Input12> I 12 THETA 0
 Input12> I 13 THETA 0.256424
 Input12> I 14 THETA 1.24777
 Input12> I 15 THETA -173.571
 Input12> I 16 THETA -53.7937
 Input12> I 17 THETA 79.9795
 Input12> I 18 THETA 171.28
 Input12> I 19 THETA 57.9946
 Input12> I 20 THETA 159.752
 Input12> I 21 THETA 126.177
 Input12> I 22 THETA -95.2113
 Input12> I 23 THETA -9.23128
 Input12> I 24 THETA -89.0193
 Input12> I 25 THETA -11.406
 Input12> I 26 THETA -22.0143
 Input12> I 27 THETA -104.514
 Input12> I 28 THETA -105.656
 Input12> I 29 THETA -104.158
 Input12> I 30 THETA -43.4373
 Input12> I 31 THETA 62.0592
 Input12> I 32 THETA -54.571
 Input12> I 33 THETA -106.688
 Input12> I 34 THETA -33.5195
 Input12> I 35 THETA 163.265
 Input12> I 36 THETA 164.565
 Input12> I 37 THETA 164.564
 Input12> I 38 THETA 164.522
 Input12> I 39 THETA 162.99
 Input12> I 40 THETA 163.372
 Input12> I 41 THETA 163.447
 Input12> I 42 THETA 162.075
 Input12> I 43 THETA 161.933
 Input12> I 44 THETA 180
 Input12> I 45 THETA 180
 Input12> I 46 THETA 69.2794
 Input12> I 47 THETA 180
 Input12> I 48 THETA 165.559
 Input12> I 49 THETA -100.286
 Input12> I 50 THETA -8.48336
 Input12> I 51 THETA 180
 Input12> I 52 THETA -16.7612
 Input12> I 53 THETA 95.3348
 Input12> I 54 THETA 71.4692
 Input12> I 55 THETA 80.0298
 Input12> I 56 THETA 77.6226
 Input12> I 57 THETA 78.0876
 Input12> I 58 THETA -9.98754
 Input12> I 59 THETA -17.098
 Input12> I 60 THETA 66.8059
 Input12> I 61 THETA 151.892
 Input12> I 62 THETA -75.974
 Input12> I 63 THETA -11.1347
 Input12> I 64 THETA -40.6883
 Input12> I 65 THETA 165.5
 Input12> I 66 THETA -41.3574
 Input12> I 67 THETA 89.0944
 Input12> I 68 THETA -14.5002
 Input12> I 69 THETA -15.8542
 Input12> I 70 THETA -29.4027
 Input12> I 71 THETA -35.9496
 Input12> I 72 THETA -36.8522
 Input12> I 73 THETA -33.2571
 Input12> I 74 THETA 166.671
 Input12> I 75 THETA -33.8982
 Input12> I 76 THETA 163.852
 Input12> I 77 THETA -134.861
 Input12> I 78 THETA -111.107
 Input12> I 79 THETA -29.5351
 Input12> I 80 THETA 52.1674
 Input12> I 81 THETA -35.9247
 Input12> I 82 THETA 27.0415
 Input12> I 83 THETA -122.005
 Input12> I 84 THETA -40.7321
 Input12> I 85 THETA -124.671
 Input12> I 86 THETA -40.0628
 Input12> I 87 THETA -113.769
 Input12> I 88 THETA -37.5183
 Input12> I 89 THETA 52.6795
 Input12> I 90 THETA -30.3848
 Input12> I 91 THETA -30.1255
 Input12> I 92 THETA -28.6793
 Input12> I 93 THETA 57.9946
 Input12> I 94 THETA 166.029
 Input12> I 95 THETA 139.805
 Input12> I 96 THETA 142.482
 Input12> I 97 THETA 144.951
 Input12> I 98 THETA 149.703
 Input12> I 99 THETA 152.377
 Input12> I 100 THETA 140.815
 Input12> I 101 THETA -13.3287
 Input12> I 102 THETA -16.1479
 Input12> I 103 THETA -23.9211
 Input12> I 104 THETA -111.284
 Input12> I 105 THETA -113.295
 Input12> I 106 THETA -29.7988
 Input12> I 107 THETA 56.1025
 Input12> I 108 THETA 180
 Input12> I 109 THETA -104.027
 Input12> I 110 THETA 0
 Input12> I 111 THETA 107.828
 Input12> I 112 THETA -149.036
 Input12> I 113 THETA 61.7386
 Input12> I 114 THETA -97.6846
 Input12> I 115 THETA -111.759
 Input12> I 116 THETA -47.9219
 Input12> I 117 THETA 43.4972
 Input12> I 118 THETA 156.079
 Input12> I 119 THETA -149.036
 Input12> I 120 THETA -40.2795
 Input12> I 121 THETA -149.036
 Input12> I 122 THETA 126.74
 Input12> I 123 THETA -149.036
 Input12> 
 Input12> I 1 J 123 K 1 MAT 1
 Input12>! Samcef Bank File: .SAI
 Input12>! ----------------------
 Input12>.SAI
 Input12> ARCHIVE STRUCTURE STYPE -221 !Suppress obsolete code
 Input12>! Element Output Requests
 Input12> ARCHIVE STRUCTURE STYP 1437 1438  3437 3438   ! Normal Forces Moments (Samcef default)
 Input12> ARCHIVE STRUCTURE STYP 1524 1525 1251  3524 3525 3251   ! Shear Forces Moments (Samcef default)
 Input12> ARCHIVE STRUCTURE STYP 1440  3440   ! Normal Stress Beams Rods (Samcef default)
 Input12> ARCHIVE STRUCTURE STYP 1450  3450   ! Shear Stress Beams (Samcef default)
 Input12> ARCHIVE STRUCTURE STYP 1411 3411 1436 1435 1431 3436 3435 3431  ! Linear Stress Tensor (Samcef default)
 Input12> ARCHIVE STRUCTURE STYP 1421 3421 1446 1445  3446 3445  1528  3528   ! Total Strain Tensor (Samcef default)
 Input12>! Nodal Output Requests
 Input12> ARCHIVE STRUCTURE STYP 223   ! Force Reaction
 Input12> ARCHIVE STRUCTURE STYP 224   ! Torque Reaction
 Input12>! User Codes Output Requests
 Input12> 
 Input12>! Summary of the model
 Input12>! --------------------
 Input12>! Number of nodes: 432
 Input12>! Minimum node id: 1
 Input12>! Maximum node id: 432
 Input12>! Number of elements: 123
 Input12>! Minimum element id: 1
 Input12>! Maximum element id: 123
 Input12> 
 Input12>!User Epilog
 Input12>!-------------
 Input12>! Declaration of abreviations for the Epilog:
 Input12>! ==========================================
 Input12>! Greater Node Number:     NUMBERMAXNODE
 Input12>#INQ (/NUMBERMAXNODE,NOD,,MAX)
 Input12>! Greater Element Number:  NUMBERMAXELEMENT
 Input12>#INQ (/NUMBERMAXELEMENT,ELE,,MAX)
 Input12>! Greater Function Number: NUMBERMAXFUNCTION
 Input12>#INQ (/NUMBERMAXFUNCTION,FUN,,MAX)
 Input12>! Greater Material Number: NUMBERMAXMATERIAL
 Input12>#INQ (/NUMBERMAXMATERIAL,MAT,,MAX)
 Input12>! No User Epilog defined for the current solution.
 Input12> 
 Input12> 
 Input12>! No Warning Messages
 Input12>! No Error Messages
 Input12>! No Critical Messages
 Input12> 
 Input12>RETURN

 Samcef File (Binary) :  3 - "Y:\NX\Rapports\Q8 x 05\Coarse Geometry\Coarse_Model_sim1-Solution_2.sam"


      SAMCEF FILE CREATION
      ********************
    NR  DATA TYPE            OBJECT NAME   RECORDS
 =================================================
     1  TITLE       
     2  NODES-.NOE            (.NOE)        432
     3  ELEMENT-.MAI          (.MAI)        123
     4  HYPOTHESIS            (.HYP)        123
     5  FIXATIONS             (.CLM)         23
     6  LOADS (.CHA)            ?CLM

      DB FILE CREATION
      ****************

 Saving the auxiliary memory in the DB ...
 Saving the rotation matrix in the DB ...
 Saving the ABREviations in the DB ...
 Saving the release flag in the DB ...
 Writing the DB on a binary file ...
 DB File     : "Y:\NX\Rapports\Q8 x 05\Coarse Geometry\Coarse_Model_sim1-Solution_2.sdb"

@@@CSH:SMGFIN: I_RUNSUCCESS
 -------------------------------------------------------------------------------
 File size statistics
 File name                                                            Size
 -------------------------------------------------------------------------------
 C:\PROGRA~1\Siemens\NX12~1.0\SIMULA~1\samcef\Exec\pilote.dat       189154 Bytes
 Y... x 05\Coarse Geometry\Coarse_Model_sim1-Solution_2_ba.w02        4598 Bytes
 Y... Q8 x 05\Coarse Geometry\Coarse_Model_sim1-Solution_2.sam      121248 Bytes
 Y... Q8 x 05\Coarse Geometry\Coarse_Model_sim1-Solution_2.spy        1119 Bytes
 Y... Q8 x 05\Coarse Geometry\Coarse_Model_sim1-Solution_2.dat       29400 Bytes
 Y... Q8 x 05\Coarse Geometry\Coarse_Model_sim1-Solution_2.sdb     2163384 Bytes
 C:\PROGRA~1\Siemens\NX12~1.0\SIMULA~1\samcef\Exec\dic.dic          445236 Bytes
 C:\PROGRA~1\Siemens\NX12~1.0\SIMULA~1\samcef\Exec\samcef.proc       84311 Bytes
 -------------------------------------------------------------------------------
SAMCEF: Module bacon completed
SAMCEF: Running module asef
@@@CSH:SMGINI: ASEF
@@@CSH:SMGINT: PID =    12040 : Current Process ID
@@@CSH:SMGSTG:  1 /  4 : Data Analysis
@@@CSH:SMGSTG:  2 /  4 : Element Generation
@@@CSH:SMGSTG:  3 /  4 : Frontal Resolution
@@@CSH:SMGSTG:  4 /  4 : Stress Computation
@@@CSH:SMGBEG:  1 /  4 : Data Analysis
@@@CSH:SMGEVO:     1 /     4 : Front Width Optimization
@@@CSH:SMGEVO:     2 /     4 : Dof Numbering
@@@CSH:SMGEVO:     3 /     4 : Substructuring
@@@CSH:SMGEVO:     4 /     4 : Resource Estimation
@@@CSH:SMGINT: NBRDDL =      824 : Number of dof's
@@@CSH:SMGINF: Disk space report for device "Y:\"
@@@CSH:SMGREA: DISKFREE =   106811.898 : Free disk space (Mb).
@@@CSH:SMGREA: DISKREQUIRED =       12.000 : Required disk space (Mb).
@@@CSH:SMGEND: -1 /  4 : Data Analysis
@@@CSH:SMGBEG:  2 /  4 : Element Generation
@@@CSH:SMGEVO:     1 /   123 : Elements generated@@@CSH:SMGEVO:   123 /   123 : Elements generated
@@@CSH:SMGREA: TOTSURF%AREA = 4.2682637288384E5 : Total surface.
@@@CSH:SMGREA: TOTVOLUME%VOLUME = 1.2804791186515E7 : Total volume.
@@@CSH:SMGREA: TOTMASS%MASS = 1.0051761081414E2 : Total mass.
@@@CSH:SMGEND: -2 /  4 : Element Generation
@@@CSH:SMGBEG:  3 /  4 : Sparse Solver
@@@CSH:SMGEVO:     1 /   100 : Factorization %
@@@CSH:SMGREA: TOTENERGY%ENERGY =  6.32301183E+06 : Total potential energy, load case 1
@@@CSH:SMGEND: -3 /  4 : Sparse Solver
@@@CSH:SMGBEG:  4 /  4 : Stress Computation
@@@CSH:SMGEVO:     1 /   123 : Elements treated@@@CSH:SMGEVO:   123 /   123 : Elements treated
@@@CSH:SMGEND: -4 /  4 : Stress Computation
@@@CSH:SMGINT: NBRWRN =        0 : Number of warning(s)
@@@CSH:SMGINT: NBRERR =        0 : Number of error(s)
@@@CSH:SMGFIN: I_RUNSUCCESS
SAMCEF: Module asef completed
 User requested workspace             131000000 words  (    1048 MBytes)
@@@CSH:SMGINI: FAC
@@@CSH:SMGINT: PID =     9708 : Current Process ID
 Release : 18.1 (18.1-01) - Date : 7-Jun-2017  (LONG INTEGERS)

 ===============================================================================
 Status of the DB            : "Coarse_Model_sim1-Solution_2"
 ================
 DB created by BACON for Ismael (APR 21 2018 09:41:42)
 modified   by BACON for Ismael (APR 21 2018 09:41:42)
 modified   by ASEF for Ismael (APR 21 2018 09:41:42)
 Release                     :   18.1- 1
 DB file name                : "Y:\NX\Rapports\Q8 x 05\Coarse Geometry\Coarse_Model_sim1-Solution_2.sdb"
 DB size                     :         422399 (Max=       262257599)
 Memory allocated            :         422700
 Size of the garbage         :              4 (  0.00% of the DB size)
 Relational level            :              0
 Object counter              :            569
 Pagination flag             :        on (not yet triggered)
 Swap count                  :             40 page I/O on disk
 Used pages in memory        :             41 on              41
 Used records in swap file   :              0 on           39713
 Page alignment garbage      :            301 (  0.07% of the DB size)
 Archive length :            :              0
 Archive garbage :           :              0
 Archive loading endian swap :              0
 ===============================================================================
----------------------------------------------------------------------
    MEMORY ALLOCATION / DB:                     130567297    422702
----------------------------------------------------------------------
 +===============================================================+======+======+
 !  Processed Data                                               ! Code ! Type !
 +===============================================================+======+======+
 ! "Creation date of the display file  [APR 21 2018 09:41:44]"   !   24 ! CHAR !
 !---------------------------------------------------------------!------!------!
 ! "Module name  [ASEF]"                                         !   23 ! CHAR !
 !---------------------------------------------------------------!------!------!
 ! "Number of errors  [0]"                                       !   59 ! INTG !
 !---------------------------------------------------------------!------!------!
 ! "Number of warnings  [0]"                                     !   60 ! INTG !
 !---------------------------------------------------------------!------!------!
 ! "CPU Time (Sec.)  [1]"                                        ! 1006 ! INTG !
 !---------------------------------------------------------------!------!------!
 ! "Elapsed Time (Sec.)  [2]"                                    ! 1007 ! INTG !
 !---------------------------------------------------------------!------!------!
 ! "Elements  [123]"                                             !    2 ! INTG !
 !---------------------------------------------------------------!------!------!
 ! "Nodes  [432]"                                                !    1 ! INTG !
 !---------------------------------------------------------------!------!------!
 ! "Nodal coordinates (X,Y,Z)"                                   !  153 ! REAL !
 !---------------------------------------------------------------!------!------!
 ! "Nodal displacements (DX,DY,DZ)"                              !  163 ! REAL !
 !---------------------------------------------------------------!------!------!
 ! "Reaction - effort"                                           !  223 ! REAL !
 !---------------------------------------------------------------!------!------!
 !  "Subset Nr          1"                                       !      !      !
 !---------------------------------------------------------------!------!------!
 ! "Stress tensor"                                               ! 1411 ! REAL !
 !---------------------------------------------------------------!------!------!
 ! "Strain tensor"                                               ! 1421 ! REAL !
 !---------------------------------------------------------------!------!------!
 ! "Stress tensor"                                               ! 3411 ! REAL !
 !---------------------------------------------------------------!------!------!
 ! "Strain tensor"                                               ! 3421 ! REAL !
 !---------------------------------------------------------------!------!------!
 ! "Status of the FAC program"                                   !   62 !      !
 !---------------------------------------------------------------!------!------!
 ! "FAC Pointers"                                                ! 1073 ! INTG !
 !---------------------------------------------------------------!------!------!
@@@CSH:SMGFIN: I_RUNSUCCESS
 -------------------------------------------------------------------------------
 File size statistics
 File name                                                            Size
 -------------------------------------------------------------------------------
 Coarse_Model_sim1-Solution_2_as.u18                                473136 Bytes
 Coarse_Model_sim1-Solution_2_as.des                                  4460 Bytes
 Coarse_Model_sim1-Solution_2_as.fac                                 74120 Bytes
 C:\PROGRA~1\Siemens\NX12~1.0\SIMULA~1\samcef\Exec\dic.dic          445236 Bytes
 C... ution_2000012252.dir\Coarse_Model_sim1-Solution_2_fa.w07      107424 Bytes
 C... ution_2000012252.dir\Coarse_Model_sim1-Solution_2_fa.w10      190808 Bytes
 C:\PROGRA~1\Siemens\NX12~1.0\SIMULA~1\samcef\Exec\samdb.fde        292703 Bytes
 Y... Q8 x 05\Coarse Geometry\Coarse_Model_sim1-Solution_2.sdb     2427544 Bytes
 Y... ution_2000012252.dir\Coarse_Model_sim1-Solution_2_fa.w80     1056000 Bytes
 C:\PROGRA~1\Siemens\NX12~1.0\SIMULA~1\samcef\Exec\samcef.proc       84311 Bytes
 -------------------------------------------------------------------------------
