SAMCEF: Running module bacon
 User requested workspace             131000000 words  (    1048 MBytes)
 Memory allocation / DB                65500000 /      65500000 words
@@@CSH:SMGINI: BACON
@@@CSH:SMGINT: PID =     9060 : Current Process ID
 Release : 18.1 (18.1-01) - Patch : c18101-170912 (LONG INTEGERS)
 Graphic driver used: Windows   
 
 >>> Sold-to info: 0001385912 <<<

 Input 1>!
 Input 1>!                    =====================================
 Input 1>!                    Programme   <BACON> : Version 18.1-01
 Input 1>!                    =====================================
 Input 1>!
 Input 1>!
 Input 1>MODE M 1
 Spy file :  9 - "Y:\NX\Rapports\T6 x 05\Coarse\Coarse_Model_sim1-Solution_1.spy"
 Input 1>INPUT INIT
 Input 1>EXIT
 Input12>! $$$$$$$$$$$$$$$$$$$$$$$$$$$$$$$$$$$$$$$$$$$$$$$$$$$$$$$$$$$$$$$$$
 Input12>!
 Input12>!                     NX 12 TRANSLATOR
 Input12>!                     This file is compatible with Samcef 18 (18.0-03) and next versions
 Input12>!
 Input12>!              FEM FILE: Y:\NX\Rapports\T6 x 05\Coarse\Coarse Model_sim1.sim
 Input12>!              SIM FILE: Y:\NX\Rapports\T6 x 05\Coarse\Coarse Model_sim1.sim
 Input12>!         ANALYSIS TYPE: Samcef - Axisymmetric and Other 2D Structural
 Input12>!         SOLUTION NAME: Solution 1
 Input12>!         SOLUTION TYPE: Linear Static Analysis
 Input12>!     SOLVER INPUT FILE: Coarse_Model_sim1-Solution_1.dat
 Input12>!         CREATION DATE: 21-avril-2018
 Input12>!         CREATION TIME: 11:45:50
 Input12>!              HOSTNAME: ISMAELLOB5E2
 Input12>!              USERNAME: Ismael
 Input12>!
 Input12>! $$$$$$$$$$$$$$$$$$$$$$$$$$$$$$$$$$$$$$$$$$$$$$$$$$$$$$$$$$$$$$$$$
 Input12> 
 Input12>MODE M -1 LECTURE 256
 Input12>!User Prolog
 Input12>!-------------
 Input12>! No User Prolog defined for the current solution.
 Input12> 
 Input12>! Samcef Bank File: UNITS.
 Input12>! ------------------------
 Input12>.UNIT
 Input12> LENGTH 0.001 ! Unit = MilliMeter
 Input12> MASS 1 ! Unit = Kilogram
 Input12> CELSIUS
 Input12> TIME 1
 Input12> 
 Input12>! Samcef Bank File: Solution Parameters: .ALGO.
 Input12>! ---------------------------------------------
 Input12>.ALGO
 Input12> AXER 1 AXES 2
 Input12>.GEL
 Input12>TEMP 20 ! Default Temperature from Solution
 Input12> 
 Input12>! Samcef Bank File: NODES.
 Input12>! ------------------------
 Input12>.NOE
 Input12> I 592 X 5.55111512e-14 Y -300 Z 0
 Input12> I 593 X 5.55111512e-14 Y -250 Z 0
 Input12> I 594 X 5.55111512e-14 Y 250 Z 0
 Input12> I 595 X -5.55111512e-14 Y 300 Z 0
 Input12> I 596 X 500 Y -300 Z 0
 Input12> I 597 X 500 Y 300 Z 0
 Input12> I 598 X 1000 Y -600 Z 0
 Input12> I 599 X 1000 Y -500 Z 0
 Input12> I 600 X 1500 Y -600 Z 0
 Input12> I 601 X 1500 Y -500 Z 0
 Input12> I 458 X 5.55111512e-14 Y -275 Z 0
 Input12> I 459 X 0 Y 275 Z 0
 Input12> I 460 X 425.198945 Y -300 Z 0
 Input12> I 461 X 352.756726 Y -300 Z 0
 Input12> I 462 X 284.32727 Y -300 Z 0
 Input12> I 463 X 220.550976 Y -300 Z 0
 Input12> I 464 X 161.17844 Y -300 Z 0
 Input12> I 465 X 105.387073 Y -300 Z 0
 Input12> I 466 X 52.067723 Y -300 Z 0
 Input12> I 467 X 190.864708 Y -300 Z 0
 Input12> I 468 X 78.7273982 Y -300 Z 0
 Input12> I 469 X 26.0338615 Y -300 Z 0
 Input12> I 470 X 133.282757 Y -300 Z 0
 Input12> I 471 X 318.541998 Y -300 Z 0
 Input12> I 472 X 252.439123 Y -300 Z 0
 Input12> I 473 X 388.977836 Y -300 Z 0
 Input12> I 474 X 462.599473 Y -300 Z 0
 Input12> I 475 X 55.6301345 Y -243.731586 Z 0
 Input12> I 476 X 113.042917 Y -222.982572 Z 0
 Input12> I 477 X 163.714935 Y -188.937123 Z 0
 Input12> I 478 X 204.625207 Y -143.625988 Z 0
 Input12> I 479 X 233.333831 Y -89.7505718 Z 0
 Input12> I 480 X 248.129366 Y -30.5235379 Z 0
 Input12> I 481 X 248.129366 Y 30.5235379 Z 0
 Input12> I 482 X 233.333831 Y 89.7505718 Z 0
 Input12> I 483 X 204.625207 Y 143.625988 Z 0
 Input12> I 484 X 163.714935 Y 188.937123 Z 0
 Input12> I 485 X 113.042917 Y 222.982572 Z 0
 Input12> I 486 X 55.6301345 Y 243.731586 Z 0
 Input12> I 487 X 84.9723013 Y 235.116311 Z 0
 Input12> I 488 X 27.9911334 Y 248.424442 Z 0
 Input12> I 489 X 185.558513 Y 167.535153 Z 0
 Input12> I 490 X 139.421911 Y 207.512164 Z 0
 Input12> I 491 X 220.62997 Y 117.567749 Z 0
 Input12> I 492 X 249.999508 Y 0 Z 0
 Input12> I 493 X 242.546487 Y 60.590435 Z 0
 Input12> I 494 X 27.9911334 Y -248.424442 Z 0
 Input12> I 495 X 139.421911 Y -207.512164 Z 0
 Input12> I 496 X 84.9723013 Y -235.116311 Z 0
 Input12> I 497 X 185.558513 Y -167.535153 Z 0
 Input12> I 498 X 220.62997 Y -117.567749 Z 0
 Input12> I 499 X 242.546487 Y -60.590435 Z 0
 Input12> I 500 X 48.0377905 Y 300 Z 0
 Input12> I 501 X 96.8218229 Y 300 Z 0
 Input12> I 502 X 147.070907 Y 300 Z 0
 Input12> I 503 X 199.433813 Y 300 Z 0
 Input12> I 504 X 254.418577 Y 300 Z 0
 Input12> I 505 X 312.289433 Y 300 Z 0
 Input12> I 506 X 372.947854 Y 300 Z 0
 Input12> I 507 X 435.845702 Y 300 Z 0
 Input12> I 508 X 24.0188952 Y 300 Z 0
 Input12> I 509 X 72.4298067 Y 300 Z 0
 Input12> I 510 X 283.354005 Y 300 Z 0
 Input12> I 511 X 226.926195 Y 300 Z 0
 Input12> I 512 X 173.25236 Y 300 Z 0
 Input12> I 513 X 121.946365 Y 300 Z 0
 Input12> I 514 X 342.618644 Y 300 Z 0
 Input12> I 515 X 404.396778 Y 300 Z 0
 Input12> I 516 X 467.922851 Y 300 Z 0
 Input12> I 517 X 937.5 Y -562.5 Z 0
 Input12> I 518 X 875 Y -525 Z 0
 Input12> I 519 X 812.5 Y -487.5 Z 0
 Input12> I 520 X 750 Y -450 Z 0
 Input12> I 521 X 687.5 Y -412.5 Z 0
 Input12> I 522 X 625 Y -375 Z 0
 Input12> I 523 X 562.5 Y -337.5 Z 0
 Input12> I 524 X 593.75 Y -356.25 Z 0
 Input12> I 525 X 656.25 Y -393.75 Z 0
 Input12> I 526 X 531.25 Y -318.75 Z 0
 Input12> I 527 X 718.75 Y -431.25 Z 0
 Input12> I 528 X 781.25 Y -468.75 Z 0
 Input12> I 529 X 843.75 Y -506.25 Z 0
 Input12> I 530 X 968.75 Y -581.25 Z 0
 Input12> I 531 X 906.25 Y -543.75 Z 0
 Input12> I 532 X 535.714286 Y 242.857143 Z 0
 Input12> I 533 X 571.428571 Y 185.714286 Z 0
 Input12> I 534 X 607.142857 Y 128.571429 Z 0
 Input12> I 535 X 642.857143 Y 71.4285714 Z 0
 Input12> I 536 X 678.571429 Y 14.2857143 Z 0
 Input12> I 537 X 714.285714 Y -42.8571429 Z 0
 Input12> I 538 X 750 Y -100 Z 0
 Input12> I 539 X 785.714286 Y -157.142857 Z 0
 Input12> I 540 X 821.428571 Y -214.285714 Z 0
 Input12> I 541 X 857.142857 Y -271.428571 Z 0
 Input12> I 542 X 892.857143 Y -328.571429 Z 0
 Input12> I 543 X 928.571429 Y -385.714286 Z 0
 Input12> I 544 X 964.285714 Y -442.857143 Z 0
 Input12> I 545 X 517.857143 Y 271.428571 Z 0
 Input12> I 546 X 553.571429 Y 214.285714 Z 0
 Input12> I 547 X 589.285714 Y 157.142857 Z 0
 Input12> I 548 X 625 Y 100 Z 0
 Input12> I 549 X 803.571429 Y -185.714286 Z 0
 Input12> I 550 X 732.142857 Y -71.4285714 Z 0
 Input12> I 551 X 696.428571 Y -14.2857143 Z 0
 Input12> I 552 X 767.857143 Y -128.571429 Z 0
 Input12> I 553 X 660.714286 Y 42.8571429 Z 0
 Input12> I 554 X 839.285714 Y -242.857143 Z 0
 Input12> I 555 X 875 Y -300 Z 0
 Input12> I 556 X 910.714286 Y -357.142857 Z 0
 Input12> I 557 X 946.428571 Y -414.285714 Z 0
 Input12> I 558 X 982.142857 Y -471.428571 Z 0
 Input12> I 559 X 1437.5 Y -600 Z 0
 Input12> I 560 X 1375 Y -600 Z 0
 Input12> I 561 X 1312.5 Y -600 Z 0
 Input12> I 562 X 1250 Y -600 Z 0
 Input12> I 563 X 1187.5 Y -600 Z 0
 Input12> I 564 X 1125 Y -600 Z 0
 Input12> I 565 X 1062.5 Y -600 Z 0
 Input12> I 566 X 1093.75 Y -600 Z 0
 Input12> I 567 X 1156.25 Y -600 Z 0
 Input12> I 568 X 1218.75 Y -600 Z 0
 Input12> I 569 X 1281.25 Y -600 Z 0
 Input12> I 570 X 1343.75 Y -600 Z 0
 Input12> I 571 X 1406.25 Y -600 Z 0
 Input12> I 572 X 1468.75 Y -600 Z 0
 Input12> I 573 X 1031.25 Y -600 Z 0
 Input12> I 574 X 1062.5 Y -500 Z 0
 Input12> I 575 X 1125 Y -500 Z 0
 Input12> I 576 X 1187.5 Y -500 Z 0
 Input12> I 577 X 1250 Y -500 Z 0
 Input12> I 578 X 1312.5 Y -500 Z 0
 Input12> I 579 X 1375 Y -500 Z 0
 Input12> I 580 X 1437.5 Y -500 Z 0
 Input12> I 581 X 1031.25 Y -500 Z 0
 Input12> I 582 X 1093.75 Y -500 Z 0
 Input12> I 583 X 1156.25 Y -500 Z 0
 Input12> I 584 X 1218.75 Y -500 Z 0
 Input12> I 585 X 1281.25 Y -500 Z 0
 Input12> I 586 X 1343.75 Y -500 Z 0
 Input12> I 587 X 1406.25 Y -500 Z 0
 Input12> I 588 X 1468.75 Y -500 Z 0
 Input12> I 589 X 1500 Y -550 Z 0
 Input12> I 590 X 1500 Y -575 Z 0
 Input12> I 591 X 1500 Y -525 Z 0
 Input12> I 1 X 1027.99856 Y -551.860162 Z 0
 Input12> I 2 X 1093.28463 Y -550.347218 Z 0
 Input12> I 3 X 1156.17952 Y -550.065991 Z 0
 Input12> I 4 X 1218.73882 Y -550.012569 Z 0
 Input12> I 5 X 1281.22234 Y -550.002396 Z 0
 Input12> I 6 X 1343.58632 Y -550.000456 Z 0
 Input12> I 7 X 1405.15979 Y -550.000087 Z 0
 Input12> I 8 X 1461.98338 Y -550.000016 Z 0
 Input12> I 9 X 580.314058 Y 53.9893388 Z 0
 Input12> I 10 X 521.628349 Y 36.4358531 Z 0
 Input12> I 11 X 469.851438 Y 22.177129 Z 0
 Input12> I 12 X 419.350184 Y 9.94708438 Z 0
 Input12> I 13 X 364.757142 Y -1.85058921 Z 0
 Input12> I 14 X 304.547742 Y -15.1787627 Z 0
 Input12> I 15 X 277.381559 Y 247.080193 Z 0
 Input12> I 16 X 239.162766 Y 193.91552 Z 0
 Input12> I 17 X 215.724205 Y 248.912493 Z 0
 Input12> I 18 X 156.726754 Y 259.252434 Z 0
 Input12> I 19 X 470.012126 Y 242.320354 Z 0
 Input12> I 20 X 403.452383 Y 243.08336 Z 0
 Input12> I 21 X 339.275676 Y 245.547605 Z 0
 Input12> I 22 X 303.268816 Y 193.047087 Z 0
 Input12> I 23 X 267.356772 Y 141.697133 Z 0
 Input12> I 24 X 506.81504 Y 187.211025 Z 0
 Input12> I 25 X 436.251988 Y 179.11715 Z 0
 Input12> I 26 X 366.419884 Y 189.49102 Z 0
 Input12> I 27 X 540.154084 Y 144.839409 Z 0
 Input12> I 28 X 483.870201 Y 127.593487 Z 0
 Input12> I 29 X 432.867204 Y 124.767612 Z 0
 Input12> I 30 X 388.112854 Y 135.717495 Z 0
 Input12> I 31 X 329.308939 Y 140.084932 Z 0
 Input12> I 32 X 355.912582 Y 91.1521874 Z 0
 Input12> I 33 X 385.738013 Y 48.2150892 Z 0
 Input12> I 34 X 326.582554 Y 40.5244185 Z 0
 Input12> I 35 X 293.716864 Y 89.359061 Z 0
 Input12> I 36 X 408.359722 Y 91.7886032 Z 0
 Input12> I 37 X 435.815654 Y 56.3444911 Z 0
 Input12> I 38 X 448.043161 Y 93.9441267 Z 0
 Input12> I 39 X 534.769143 Y 92.9326732 Z 0
 Input12> I 40 X 482.08225 Y 71.1565984 Z 0
 Input12> I 41 X 197.610543 Y -247.416538 Z 0
 Input12> I 42 X 148.528874 Y -252.401931 Z 0
 Input12> I 43 X 272.675313 Y -137.687556 Z 0
 Input12> I 44 X 293.062573 Y -196.944786 Z 0
 Input12> I 45 X 320.429036 Y -247.672413 Z 0
 Input12> I 46 X 257.925877 Y -247.595654 Z 0
 Input12> I 47 X 231.703887 Y -193.975927 Z 0
 Input12> I 48 X 757.308272 Y -216.018688 Z 0
 Input12> I 49 X 693.25718 Y -217.948295 Z 0
 Input12> I 50 X 630.896061 Y -219.749479 Z 0
 Input12> I 51 X 571.559679 Y -222.618464 Z 0
 Input12> I 52 X 513.434927 Y -230.919703 Z 0
 Input12> I 53 X 450.500432 Y -240.788599 Z 0
 Input12> I 54 X 384.695389 Y -245.811731 Z 0
 Input12> I 55 X 597.78898 Y -166.400615 Z 0
 Input12> I 56 X 625.352575 Y -108.311263 Z 0
 Input12> I 57 X 652.35605 Y -48.6020398 Z 0
 Input12> I 58 X 687.20799 Y -103.772042 Z 0
 Input12> I 59 X 722.118578 Y -159.621995 Z 0
 Input12> I 60 X 659.388644 Y -162.601156 Z 0
 Input12> I 61 X 350.709053 Y -197.421393 Z 0
 Input12> I 62 X 409.733515 Y -190.695422 Z 0
 Input12> I 63 X 472.145284 Y -180.366879 Z 0
 Input12> I 64 X 535.706326 Y -171.25965 Z 0
 Input12> I 65 X 402.746387 Y -40.6649444 Z 0
 Input12> I 66 X 387.700827 Y -93.9256361 Z 0
 Input12> I 67 X 372.287201 Y -147.229126 Z 0
 Input12> I 68 X 347.139444 Y -55.8049774 Z 0
 Input12> I 69 X 332.866991 Y -110.634475 Z 0
 Input12> I 70 X 289.867511 Y -73.0320809 Z 0
 Input12> I 71 X 324.911716 Y -158.138483 Z 0
 Input12> I 72 X 442.199138 Y -77.2238794 Z 0
 Input12> I 73 X 485.696126 Y -57.5148413 Z 0
 Input12> I 74 X 533.206139 Y -59.5477075 Z 0
 Input12> I 75 X 591.544281 Y -55.0165572 Z 0
 Input12> I 76 X 563.247643 Y -112.221264 Z 0
 Input12> I 77 X 429.380461 Y -133.802331 Z 0
 Input12> I 78 X 494.489583 Y -113.220713 Z 0
 Input12> I 79 X 454.031891 Y -26.3821357 Z 0
 Input12> I 80 X 503.517537 Y -15.1954491 Z 0
 Input12> I 81 X 557.691562 Y -5.89092422 Z 0
 Input12> I 82 X 617.054293 Y 4.81974483 Z 0
 Input12> I 83 X 727.895037 Y -274.032391 Z 0
 Input12> I 84 X 693.096644 Y -338.37657 Z 0
 Input12> I 85 X 662.305587 Y -273.421017 Z 0
 Input12> I 86 X 629.045659 Y -319.003548 Z 0
 Input12> I 87 X 601.554332 Y -273.126834 Z 0
 Input12> I 88 X 549.836119 Y -271.791178 Z 0
 Input12> I 89 X 828.30517 Y -324.178075 Z 0
 Input12> I 90 X 766.834538 Y -326.898836 Z 0
 Input12> I 91 X 793.208476 Y -271.182834 Z 0
 Input12> I 92 X 751.907209 Y -385.92755 Z 0
 Input12> I 93 X 856.90489 Y -378.315152 Z 0
 Input12> I 94 X 802.557073 Y -366.794218 Z 0
 Input12> I 95 X 808.842688 Y -419.10309 Z 0
 Input12> I 96 X 882.459478 Y -447.550976 Z 0
 Input12> I 97 X 932.008004 Y -495.542739 Z 0
 Input12> I 98 X 1077.89231 Y -575.173609 Z 0
 Input12> I 99 X 1109.14231 Y -575.173609 Z 0
 Input12> I 100 X 1045.24928 Y -575.930081 Z 0
 Input12> I 101 X 1060.64159 Y -551.10369 Z 0
 Input12> I 102 X 1045.24928 Y -525.930081 Z 0
 Input12> I 103 X 1013.99928 Y -525.930081 Z 0
 Input12> I 104 X 1077.89231 Y -525.173609 Z 0
 Input12> I 105 X 1140.58976 Y -575.032995 Z 0
 Input12> I 106 X 1171.83976 Y -575.032995 Z 0
 Input12> I 107 X 1124.73207 Y -550.206604 Z 0
 Input12> I 108 X 1109.14231 Y -525.173609 Z 0
 Input12> I 109 X 1140.58976 Y -525.032995 Z 0
 Input12> I 110 X 1203.11941 Y -575.006285 Z 0
 Input12> I 111 X 1234.36941 Y -575.006285 Z 0
 Input12> I 112 X 1187.45917 Y -550.03928 Z 0
 Input12> I 113 X 1171.83976 Y -525.032995 Z 0
 Input12> I 114 X 1203.11941 Y -525.006285 Z 0
 Input12> I 115 X 1265.61117 Y -575.001198 Z 0
 Input12> I 116 X 1296.86117 Y -575.001198 Z 0
 Input12> I 117 X 1249.98058 Y -550.007483 Z 0
 Input12> I 118 X 1234.36941 Y -525.006285 Z 0
 Input12> I 119 X 1265.61117 Y -525.001198 Z 0
 Input12> I 120 X 1328.04316 Y -575.000228 Z 0
 Input12> I 121 X 1359.29316 Y -575.000228 Z 0
 Input12> I 122 X 1312.40433 Y -550.001426 Z 0
 Input12> I 123 X 1296.86117 Y -525.001198 Z 0
 Input12> I 124 X 1328.04316 Y -525.000228 Z 0
 Input12> I 125 X 1390.07989 Y -575.000043 Z 0
 Input12> I 126 X 1421.32989 Y -575.000043 Z 0
 Input12> I 127 X 1374.37305 Y -550.000272 Z 0
 Input12> I 128 X 1359.29316 Y -525.000228 Z 0
 Input12> I 129 X 1390.07989 Y -525.000043 Z 0
 Input12> I 130 X 1421.32989 Y -525.000043 Z 0
 Input12> I 131 X 1449.74169 Y -575.000008 Z 0
 Input12> I 132 X 1433.57158 Y -550.000051 Z 0
 Input12> I 133 X 1480.99169 Y -575.000008 Z 0
 Input12> I 134 X 1480.99169 Y -550.000008 Z 0
 Input12> I 135 X 1449.74169 Y -525.000008 Z 0
 Input12> I 136 X 1480.99169 Y -525.000008 Z 0
 Input12> I 137 X 76.2259787 Y 271.865793 Z 0
 Input12> I 138 X 104.93237 Y 261.491286 Z 0
 Input12> I 139 X 24.0188952 Y 275 Z 0
 Input12> I 140 X 51.8339625 Y 271.865793 Z 0
 Input12> I 141 X 265.900068 Y 273.540096 Z 0
 Input12> I 142 X 294.835496 Y 273.540096 Z 0
 Input12> I 143 X 235.071391 Y 274.456246 Z 0
 Input12> I 144 X 207.579009 Y 274.456246 Z 0
 Input12> I 145 X 246.552882 Y 247.996343 Z 0
 Input12> I 146 X 258.272162 Y 220.497856 Z 0
 Input12> I 147 X 227.443485 Y 221.414006 Z 0
 Input12> I 148 X 201.43885 Y 191.426321 Z 0
 Input12> I 149 X 189.71957 Y 218.924808 Z 0
 Input12> I 150 X 221.893986 Y 168.770754 Z 0
 Input12> I 151 X 178.080284 Y 279.626217 Z 0
 Input12> I 152 X 151.898831 Y 279.626217 Z 0
 Input12> I 153 X 126.774289 Y 279.626217 Z 0
 Input12> I 154 X 134.884836 Y 241.117503 Z 0
 Input12> I 155 X 186.22548 Y 254.082463 Z 0
 Input12> I 156 X 160.220845 Y 224.094778 Z 0
 Input12> I 157 X 325.782554 Y 272.773803 Z 0
 Input12> I 158 X 308.328617 Y 246.313899 Z 0
 Input12> I 159 X 356.111765 Y 272.773803 Z 0
 Input12> I 160 X 388.200118 Y 271.54168 Z 0
 Input12> I 161 X 371.364029 Y 244.315482 Z 0
 Input12> I 162 X 419.649042 Y 271.54168 Z 0
 Input12> I 163 X 452.928914 Y 271.160177 Z 0
 Input12> I 164 X 436.732254 Y 242.701857 Z 0
 Input12> I 165 X 485.006063 Y 271.160177 Z 0
 Input12> I 166 X 502.863206 Y 242.588749 Z 0
 Input12> I 167 X 290.325187 Y 220.06364 Z 0
 Input12> I 168 X 321.272246 Y 219.297346 Z 0
 Input12> I 169 X 235.990989 Y 142.66156 Z 0
 Input12> I 170 X 250.345301 Y 115.723852 Z 0
 Input12> I 171 X 253.259769 Y 167.806326 Z 0
 Input12> I 172 X 271.215791 Y 193.481303 Z 0
 Input12> I 173 X 285.312794 Y 167.37211 Z 0
 Input12> I 174 X 352.84778 Y 217.519313 Z 0
 Input12> I 175 X 334.84435 Y 191.269054 Z 0
 Input12> I 176 X 521.264663 Y 215.034084 Z 0
 Input12> I 177 X 539.121806 Y 186.462655 Z 0
 Input12> I 178 X 488.413583 Y 214.765689 Z 0
 Input12> I 179 X 471.533514 Y 183.164087 Z 0
 Input12> I 180 X 453.132057 Y 210.718752 Z 0
 Input12> I 181 X 384.936133 Y 216.28719 Z 0
 Input12> I 182 X 419.852185 Y 211.100255 Z 0
 Input12> I 183 X 401.335936 Y 184.304085 Z 0
 Input12> I 184 X 316.288877 Y 166.56601 Z 0
 Input12> I 185 X 298.332856 Y 140.891032 Z 0
 Input12> I 186 X 555.791328 Y 165.276848 Z 0
 Input12> I 187 X 573.64847 Y 136.705419 Z 0
 Input12> I 188 X 347.864412 Y 164.787976 Z 0
 Input12> I 189 X 523.484562 Y 166.025217 Z 0
 Input12> I 190 X 377.266369 Y 162.604258 Z 0
 Input12> I 191 X 358.710897 Y 137.901213 Z 0
 Input12> I 192 X 495.34262 Y 157.402256 Z 0
 Input12> I 193 X 512.012142 Y 136.216448 Z 0
 Input12> I 194 X 412.182421 Y 157.417323 Z 0
 Input12> I 195 X 434.559596 Y 151.942381 Z 0
 Input12> I 196 X 410.490029 Y 130.242553 Z 0
 Input12> I 197 X 460.061094 Y 153.355319 Z 0
 Input12> I 198 X 458.368702 Y 126.18055 Z 0
 Input12> I 199 X 345.669848 Y 19.3369147 Z 0
 Input12> I 200 X 334.652442 Y -8.51467593 Z 0
 Input12> I 201 X 315.565148 Y 12.6728279 Z 0
 Input12> I 202 X 375.247577 Y 23.18225 Z 0
 Input12> I 203 X 402.544098 Y 29.0810868 Z 0
 Input12> I 204 X 392.053663 Y 4.04824759 Z 0
 Input12> I 205 X 356.160284 Y 44.3697538 Z 0
 Input12> I 206 X 341.247568 Y 65.838303 Z 0
 Input12> I 207 X 370.825297 Y 69.6836383 Z 0
 Input12> I 208 X 311.512902 Y 114.721997 Z 0
 Input12> I 209 X 280.536818 Y 115.528097 Z 0
 Input12> I 210 X 324.814723 Y 90.2556242 Z 0
 Input12> I 211 X 310.149709 Y 64.9417397 Z 0
 Input12> I 212 X 342.610761 Y 115.61856 Z 0
 Input12> I 213 X 263.525348 Y 89.5548164 Z 0
 Input12> I 214 X 276.338554 Y 7.67238763 Z 0
 Input12> I 215 X 276.338554 Y -22.8511503 Z 0
 Input12> I 216 X 287.35596 Y 35.5239782 Z 0
 Input12> I 217 X 270.923115 Y 59.9412994 Z 0
 Input12> I 218 X 372.012718 Y 113.434841 Z 0
 Input12> I 219 X 382.136152 Y 91.4703953 Z 0
 Input12> I 220 X 397.048868 Y 70.0018462 Z 0
 Input12> I 221 X 398.236288 Y 113.753049 Z 0
 Input12> I 222 X 420.613463 Y 108.278108 Z 0
 Input12> I 223 X 410.776833 Y 52.2797902 Z 0
 Input12> I 224 X 422.087688 Y 74.0665472 Z 0
 Input12> I 225 X 427.582919 Y 33.1457878 Z 0
 Input12> I 226 X 452.833546 Y 39.2608101 Z 0
 Input12> I 227 X 444.600811 Y 16.0621067 Z 0
 Input12> I 228 X 593.728458 Y 91.2803837 Z 0
 Input12> I 229 X 611.5856 Y 62.7089551 Z 0
 Input12> I 230 X 428.201442 Y 92.866365 Z 0
 Input12> I 231 X 441.929408 Y 75.1443089 Z 0
 Input12> I 232 X 440.455183 Y 109.355869 Z 0
 Input12> I 233 X 465.956681 Y 110.768807 Z 0
 Input12> I 234 X 557.541601 Y 73.461006 Z 0
 Input12> I 235 X 550.971204 Y 45.212596 Z 0
 Input12> I 236 X 528.198746 Y 64.6842632 Z 0
 Input12> I 237 X 570.956 Y 110.752051 Z 0
 Input12> I 238 X 537.461613 Y 118.886041 Z 0
 Input12> I 239 X 458.948952 Y 63.7505448 Z 0
 Input12> I 240 X 465.062706 Y 82.5503626 Z 0
 Input12> I 241 X 475.966844 Y 46.6668637 Z 0
 Input12> I 242 X 501.8553 Y 53.7962258 Z 0
 Input12> I 243 X 495.739894 Y 29.3064911 Z 0
 Input12> I 244 X 508.425697 Y 82.0446358 Z 0
 Input12> I 245 X 509.319672 Y 110.26308 Z 0
 Input12> I 246 X 482.976225 Y 99.3750429 Z 0
 Input12> I 247 X 179.394492 Y -273.708269 Z 0
 Input12> I 248 X 209.08076 Y -273.708269 Z 0
 Input12> I 249 X 53.8489288 Y -271.865793 Z 0
 Input12> I 250 X 80.508604 Y -271.865793 Z 0
 Input12> I 251 X 26.0338615 Y -275 Z 0
 Input12> I 252 X 173.069709 Y -249.909235 Z 0
 Input12> I 253 X 154.853657 Y -276.200966 Z 0
 Input12> I 254 X 156.121905 Y -220.669527 Z 0
 Input12> I 255 X 130.785896 Y -237.692251 Z 0
 Input12> I 256 X 180.662739 Y -218.176831 Z 0
 Input12> I 257 X 126.957974 Y -276.200966 Z 0
 Input12> I 258 X 109.214995 Y -261.491286 Z 0
 Input12> I 259 X 302.378153 Y -273.836206 Z 0
 Input12> I 260 X 271.126573 Y -273.797827 Z 0
 Input12> I 261 X 289.177457 Y -247.634033 Z 0
 Input12> I 262 X 336.592881 Y -273.836206 Z 0
 Input12> I 263 X 239.238426 Y -273.797827 Z 0
 Input12> I 264 X 227.76821 Y -247.506096 Z 0
 Input12> I 265 X 197.709411 Y -191.456525 Z 0
 Input12> I 266 X 214.657215 Y -220.696233 Z 0
 Input12> I 267 X 218.164547 Y -168.800958 Z 0
 Input12> I 268 X 238.65026 Y -140.656772 Z 0
 Input12> I 269 X 253.004572 Y -113.719064 Z 0
 Input12> I 270 X 252.1896 Y -165.831742 Z 0
 Input12> I 271 X 244.814882 Y -220.785791 Z 0
 Input12> I 272 X 262.38323 Y -195.460357 Z 0
 Input12> I 273 X 282.868943 Y -167.316171 Z 0
 Input12> I 274 X 275.494225 Y -222.27022 Z 0
 Input12> I 275 X 306.745805 Y -222.308599 Z 0
 Input12> I 276 X 771.511279 Y -186.580772 Z 0
 Input12> I 277 X 789.368422 Y -215.152201 Z 0
 Input12> I 278 X 700.746852 Y -73.3145924 Z 0
 Input12> I 279 X 718.603995 Y -101.886021 Z 0
 Input12> I 280 X 683.320882 Y -45.7295913 Z 0
 Input12> I 281 X 665.463739 Y -17.1581628 Z 0
 Input12> I 282 X 669.78202 Y -76.1870409 Z 0
 Input12> I 283 X 656.280282 Y -106.041652 Z 0
 Input12> I 284 X 638.854312 Y -78.4566512 Z 0
 Input12> I 285 X 753.916432 Y -158.382426 Z 0
 Input12> I 286 X 739.713425 Y -187.820341 Z 0
 Input12> I 287 X 736.059289 Y -129.810997 Z 0
 Input12> I 288 X 704.663284 Y -131.697018 Z 0
 Input12> I 289 X 642.370609 Y -135.456209 Z 0
 Input12> I 290 X 628.588812 Y -164.500886 Z 0
 Input12> I 291 X 611.570777 Y -137.355939 Z 0
 Input12> I 292 X 673.298317 Y -133.186599 Z 0
 Input12> I 293 X 690.753611 Y -161.111575 Z 0
 Input12> I 294 X 707.687879 Y -188.785145 Z 0
 Input12> I 295 X 676.322912 Y -190.274725 Z 0
 Input12> I 296 X 725.282726 Y -216.983491 Z 0
 Input12> I 297 X 614.342521 Y -193.075047 Z 0
 Input12> I 298 X 601.22787 Y -221.183972 Z 0
 Input12> I 299 X 584.674329 Y -194.509539 Z 0
 Input12> I 300 X 645.142352 Y -191.175318 Z 0
 Input12> I 301 X 662.076621 Y -218.848887 Z 0
 Input12> I 302 X 553.633002 Y -196.939057 Z 0
 Input12> I 303 X 566.747653 Y -168.830133 Z 0
 Input12> I 304 X 542.497303 Y -226.769083 Z 0
 Input12> I 305 X 524.570626 Y -201.089677 Z 0
 Input12> I 306 X 492.790105 Y -205.643291 Z 0
 Input12> I 307 X 481.967679 Y -235.854151 Z 0
 Input12> I 308 X 461.322858 Y -210.577739 Z 0
 Input12> I 309 X 503.925805 Y -175.813265 Z 0
 Input12> I 310 X 430.116973 Y -215.74201 Z 0
 Input12> I 311 X 440.939399 Y -185.531151 Z 0
 Input12> I 312 X 417.59791 Y -243.300165 Z 0
 Input12> I 313 X 397.214452 Y -218.253577 Z 0
 Input12> I 314 X 367.702221 Y -221.616562 Z 0
 Input12> I 315 X 380.221284 Y -194.058407 Z 0
 Input12> I 316 X 335.569044 Y -222.546903 Z 0
 Input12> I 317 X 321.885813 Y -197.18309 Z 0
 Input12> I 318 X 352.562213 Y -246.742072 Z 0
 Input12> I 319 X 374.942916 Y -48.2349609 Z 0
 Input12> I 320 X 395.223607 Y -67.2952903 Z 0
 Input12> I 321 X 367.420136 Y -74.8653068 Z 0
 Input12> I 322 X 355.948293 Y -28.8277833 Z 0
 Input12> I 323 X 325.843593 Y -35.49187 Z 0
 Input12> I 324 X 383.751765 Y -21.2577668 Z 0
 Input12> I 325 X 411.048286 Y -15.35893 Z 0
 Input12> I 326 X 297.207626 Y -44.1054218 Z 0
 Input12> I 327 X 268.998438 Y -51.7778094 Z 0
 Input12> I 328 X 318.503477 Y -64.4185292 Z 0
 Input12> I 329 X 360.283909 Y -102.280056 Z 0
 Input12> I 330 X 379.994014 Y -120.577381 Z 0
 Input12> I 331 X 352.577096 Y -128.9318 Z 0
 Input12> I 332 X 340.003218 Y -83.2197263 Z 0
 Input12> I 333 X 311.367251 Y -91.8332781 Z 0
 Input12> I 334 X 348.599458 Y -152.683804 Z 0
 Input12> I 335 X 328.889353 Y -134.386479 Z 0
 Input12> I 336 X 337.810384 Y -177.779938 Z 0
 Input12> I 337 X 308.987144 Y -177.541635 Z 0
 Input12> I 338 X 361.498127 Y -172.325259 Z 0
 Input12> I 339 X 298.793514 Y -147.913019 Z 0
 Input12> I 340 X 261.600671 Y -81.3913264 Z 0
 Input12> I 341 X 281.271412 Y -105.359818 Z 0
 Input12> I 342 X 302.771152 Y -124.161016 Z 0
 Input12> I 343 X 608.448428 Y -81.6639098 Z 0
 Input12> I 344 X 594.300109 Y -110.266263 Z 0
 Input12> I 345 X 577.395962 Y -83.6189104 Z 0
 Input12> I 346 X 621.950165 Y -51.8092985 Z 0
 Input12> I 347 X 580.518311 Y -139.310939 Z 0
 Input12> I 348 X 549.476984 Y -141.740457 Z 0
 Input12> I 349 X 515.097954 Y -142.240182 Z 0
 Input12> I 350 X 528.868613 Y -112.720988 Z 0
 Input12> I 351 X 483.317434 Y -146.793796 Z 0
 Input12> I 352 X 391.010358 Y -168.962274 Z 0
 Input12> I 353 X 400.833831 Y -140.515728 Z 0
 Input12> I 354 X 419.556988 Y -162.248877 Z 0
 Input12> I 355 X 450.762872 Y -157.084605 Z 0
 Input12> I 356 X 461.935022 Y -123.511522 Z 0
 Input12> I 357 X 548.226891 Y -85.8844856 Z 0
 Input12> I 358 X 562.37521 Y -57.2821324 Z 0
 Input12> I 359 X 408.540644 Y -113.863984 Z 0
 Input12> I 360 X 435.789799 Y -105.513105 Z 0
 Input12> I 361 X 414.949983 Y -85.5747578 Z 0
 Input12> I 362 X 513.847861 Y -86.3842104 Z 0
 Input12> I 363 X 490.092855 Y -85.3677772 Z 0
 Input12> I 364 X 509.451132 Y -58.5312744 Z 0
 Input12> I 365 X 468.344361 Y -95.2222963 Z 0
 Input12> I 366 X 463.947632 Y -67.3693603 Z 0
 Input12> I 367 X 448.115515 Y -51.8030075 Z 0
 Input12> I 368 X 469.864008 Y -41.9484885 Z 0
 Input12> I 369 X 422.472763 Y -58.9444119 Z 0
 Input12> I 370 X 428.389139 Y -33.5235401 Z 0
 Input12> I 371 X 436.691037 Y -8.21752566 Z 0
 Input12> I 372 X 461.941665 Y -2.10250335 Z 0
 Input12> I 373 X 486.684488 Y 3.49083993 Z 0
 Input12> I 374 X 512.572943 Y 10.620202 Z 0
 Input12> I 375 X 478.774714 Y -20.7887924 Z 0
 Input12> I 376 X 494.606831 Y -36.3551452 Z 0
 Input12> I 377 X 518.361838 Y -37.3715783 Z 0
 Input12> I 378 X 530.60455 Y -10.5431867 Z 0
 Input12> I 379 X 545.448851 Y -32.7193159 Z 0
 Input12> I 380 X 539.659956 Y 15.2724645 Z 0
 Input12> I 381 X 569.00281 Y 24.0492073 Z 0
 Input12> I 382 X 598.684176 Y 29.4045418 Z 0
 Input12> I 383 X 587.372928 Y -0.535589695 Z 0
 Input12> I 384 X 629.955718 Y 38.1241581 Z 0
 Input12> I 385 X 647.812861 Y 9.55272956 Z 0
 Input12> I 386 X 574.617921 Y -30.4537407 Z 0
 Input12> I 387 X 604.299287 Y -25.0984062 Z 0
 Input12> I 388 X 634.705172 Y -21.8911475 Z 0
 Input12> I 389 X 368.726057 Y -272.905866 Z 0
 Input12> I 390 X 404.947167 Y -272.905866 Z 0
 Input12> I 391 X 1013.99928 Y -575.930081 Z 0
 Input12> I 392 X 437.849688 Y -270.394299 Z 0
 Input12> I 393 X 710.576109 Y -245.990343 Z 0
 Input12> I 394 X 742.601655 Y -245.025539 Z 0
 Input12> I 395 X 695.100312 Y -273.726704 Z 0
 Input12> I 396 X 710.49584 Y -306.204481 Z 0
 Input12> I 397 X 677.701115 Y -305.898794 Z 0
 Input12> I 398 X 677.781383 Y -245.684656 Z 0
 Input12> I 399 X 646.600824 Y -246.585248 Z 0
 Input12> I 400 X 475.250216 Y -270.394299 Z 0
 Input12> I 401 X 627.02283 Y -347.001774 Z 0
 Input12> I 402 X 595.77283 Y -328.251774 Z 0
 Input12> I 403 X 659.048322 Y -356.688285 Z 0
 Input12> I 404 X 690.298322 Y -375.438285 Z 0
 Input12> I 405 X 661.071152 Y -328.690059 Z 0
 Input12> I 406 X 645.675623 Y -296.212282 Z 0
 Input12> I 407 X 616.225196 Y -246.438157 Z 0
 Input12> I 408 X 586.557005 Y -247.872649 Z 0
 Input12> I 409 X 631.929959 Y -273.273925 Z 0
 Input12> I 410 X 615.299995 Y -296.065191 Z 0
 Input12> I 411 X 556.168059 Y -304.645589 Z 0
 Input12> I 412 X 524.918059 Y -285.895589 Z 0
 Input12> I 413 X 582.027166 Y -305.313417 Z 0
 Input12> I 414 X 575.695225 Y -272.459006 Z 0
 Input12> I 415 X 560.697899 Y -247.204821 Z 0
 Input12> I 416 X 531.635523 Y -251.355441 Z 0
 Input12> I 417 X 506.717464 Y -265.459852 Z 0
 Input12> I 418 X 807.318524 Y -242.734274 Z 0
 Input12> I 419 X 825.175667 Y -271.305703 Z 0
 Input12> I 420 X 775.258374 Y -243.600761 Z 0
 Input12> I 421 X 760.551756 Y -272.607612 Z 0
 Input12> I 422 X 842.724014 Y -297.803323 Z 0
 Input12> I 423 X 810.756823 Y -297.680455 Z 0
 Input12> I 424 X 860.581157 Y -326.374752 Z 0
 Input12> I 425 X 747.364787 Y -300.465613 Z 0
 Input12> I 426 X 729.965591 Y -332.637703 Z 0
 Input12> I 427 X 780.021507 Y -299.040835 Z 0
 Input12> I 428 X 797.569854 Y -325.538456 Z 0
 Input12> I 429 X 722.501926 Y -362.15206 Z 0
 Input12> I 430 X 759.370873 Y -356.413193 Z 0
 Input12> I 431 X 719.703604 Y -399.213775 Z 0
 Input12> I 432 X 750.953604 Y -417.963775 Z 0
 Input12> I 433 X 874.881016 Y -353.44329 Z 0
 Input12> I 434 X 842.60503 Y -351.246613 Z 0
 Input12> I 435 X 892.738159 Y -382.014719 Z 0
 Input12> I 436 X 784.695805 Y -346.846527 Z 0
 Input12> I 437 X 777.232141 Y -376.360884 Z 0
 Input12> I 438 X 815.431122 Y -345.486146 Z 0
 Input12> I 439 X 829.730981 Y -372.554685 Z 0
 Input12> I 440 X 780.374948 Y -402.51532 Z 0
 Input12> I 441 X 805.69988 Y -392.948654 Z 0
 Input12> I 442 X 779.421344 Y -434.551545 Z 0
 Input12> I 443 X 810.671344 Y -453.301545 Z 0
 Input12> I 444 X 869.682184 Y -412.933064 Z 0
 Input12> I 445 X 905.515453 Y -416.632631 Z 0
 Input12> I 446 X 847.479739 Y -467.525488 Z 0
 Input12> I 447 X 878.729739 Y -486.275488 Z 0
 Input12> I 448 X 832.873789 Y -398.709121 Z 0
 Input12> I 449 X 845.651083 Y -433.327033 Z 0
 Input12> I 450 X 923.372596 Y -445.20406 Z 0
 Input12> I 451 X 982.74928 Y -557.180081 Z 0
 Input12> I 452 X 968.75 Y -531.25 Z 0
 Input12> I 453 X 934.754002 Y -529.021369 Z 0
 Input12> I 454 X 966.004002 Y -497.771369 Z 0
 Input12> I 455 X 948.146859 Y -469.199941 Z 0
 Input12> I 456 X 907.233741 Y -471.546857 Z 0
 Input12> I 457 X 903.504002 Y -510.271369 Z 0
 Input12>! Samcef Bank File: ELEMENTS.
 Input12>! ---------------------------
 Input12>.MAI
 Input12> I 1 AT 1 0 N 565 -98 2 -99 564 -566
 Input12> I 2 AT 1 0 N 565 -100 1 -101 2 -98
 Input12> I 3 AT 1 0 N 574 -102 1 -103 599 -581
 Input12> I 4 AT 1 0 N 574 -104 2 -101 1 -102
 Input12> I 5 AT 1 0 N 564 -105 3 -106 563 -567
 Input12> I 6 AT 1 0 N 564 -99 2 -107 3 -105
 Input12> I 7 AT 1 0 N 575 -108 2 -104 574 -582
 Input12> I 8 AT 1 0 N 575 -109 3 -107 2 -108
 Input12> I 9 AT 1 0 N 563 -110 4 -111 562 -568
 Input12> I 10 AT 1 0 N 563 -106 3 -112 4 -110
 Input12> I 11 AT 1 0 N 576 -113 3 -109 575 -583
 Input12> I 12 AT 1 0 N 576 -114 4 -112 3 -113
 Input12> I 13 AT 1 0 N 562 -115 5 -116 561 -569
 Input12> I 14 AT 1 0 N 562 -111 4 -117 5 -115
 Input12> I 15 AT 1 0 N 577 -118 4 -114 576 -584
 Input12> I 16 AT 1 0 N 577 -119 5 -117 4 -118
 Input12> I 17 AT 1 0 N 561 -120 6 -121 560 -570
 Input12> I 18 AT 1 0 N 561 -116 5 -122 6 -120
 Input12> I 19 AT 1 0 N 578 -123 5 -119 577 -585
 Input12> I 20 AT 1 0 N 578 -124 6 -122 5 -123
 Input12> I 21 AT 1 0 N 560 -125 7 -126 559 -571
 Input12> I 22 AT 1 0 N 560 -121 6 -127 7 -125
 Input12> I 23 AT 1 0 N 579 -128 6 -124 578 -586
 Input12> I 24 AT 1 0 N 579 -129 7 -127 6 -128
 Input12> I 25 AT 1 0 N 580 -130 7 -129 579 -587
 Input12> I 26 AT 1 0 N 8 -131 559 -126 7 -132
 Input12> I 27 AT 1 0 N 600 -133 8 -134 589 -590
 Input12> I 28 AT 1 0 N 600 -572 559 -131 8 -133
 Input12> I 29 AT 1 0 N 580 -135 8 -132 7 -130
 Input12> I 30 AT 1 0 N 8 -136 601 -591 589 -134
 Input12> I 31 AT 1 0 N 8 -135 580 -588 601 -136
 Input12> I 32 AT 1 0 N 486 -137 501 -138 485 -487
 Input12> I 33 AT 1 0 N 500 -139 594 -459 595 -508
 Input12> I 34 AT 1 0 N 486 -140 500 -509 501 -137
 Input12> I 35 AT 1 0 N 486 -488 594 -139 500 -140
 Input12> I 36 AT 1 0 N 15 -141 504 -510 505 -142
 Input12> I 37 AT 1 0 N 504 -143 17 -144 503 -511
 Input12> I 38 AT 1 0 N 17 -145 15 -146 16 -147
 Input12> I 39 AT 1 0 N 17 -143 504 -141 15 -145
 Input12> I 40 AT 1 0 N 16 -148 484 -149 17 -147
 Input12> I 41 AT 1 0 N 16 -150 483 -489 484 -148
 Input12> I 42 AT 1 0 N 503 -151 18 -152 502 -512
 Input12> I 43 AT 1 0 N 501 -153 18 -154 485 -138
 Input12> I 44 AT 1 0 N 501 -513 502 -152 18 -153
 Input12> I 45 AT 1 0 N 17 -155 18 -151 503 -144
 Input12> I 46 AT 1 0 N 18 -156 484 -490 485 -154
 Input12> I 47 AT 1 0 N 18 -155 17 -149 484 -156
 Input12> I 48 AT 1 0 N 505 -157 21 -158 15 -142
 Input12> I 49 AT 1 0 N 505 -514 506 -159 21 -157
 Input12> I 50 AT 1 0 N 506 -160 20 -161 21 -159
 Input12> I 51 AT 1 0 N 507 -162 20 -160 506 -515
 Input12> I 52 AT 1 0 N 507 -163 19 -164 20 -162
 Input12> I 53 AT 1 0 N 19 -165 597 -545 532 -166
 Input12> I 54 AT 1 0 N 19 -163 507 -516 597 -165
 Input12> I 55 AT 1 0 N 22 -167 15 -158 21 -168
 Input12> I 56 AT 1 0 N 483 -169 23 -170 482 -491
 Input12> I 57 AT 1 0 N 483 -150 16 -171 23 -169
 Input12> I 58 AT 1 0 N 22 -172 16 -146 15 -167
 Input12> I 59 AT 1 0 N 22 -173 23 -171 16 -172
 Input12> I 60 AT 1 0 N 21 -174 26 -175 22 -168
 Input12> I 61 AT 1 0 N 24 -176 532 -546 533 -177
 Input12> I 62 AT 1 0 N 19 -178 24 -179 25 -180
 Input12> I 63 AT 1 0 N 19 -166 532 -176 24 -178
 Input12> I 64 AT 1 0 N 20 -181 26 -174 21 -161
 Input12> I 65 AT 1 0 N 25 -182 20 -164 19 -180
 Input12> I 66 AT 1 0 N 25 -183 26 -181 20 -182
 Input12> I 67 AT 1 0 N 22 -184 31 -185 23 -173
 Input12> I 68 AT 1 0 N 27 -186 533 -547 534 -187
 Input12> I 69 AT 1 0 N 26 -188 31 -184 22 -175
 Input12> I 70 AT 1 0 N 27 -189 24 -177 533 -186
 Input12> I 71 AT 1 0 N 26 -190 30 -191 31 -188
 Input12> I 72 AT 1 0 N 28 -192 24 -189 27 -193
 Input12> I 73 AT 1 0 N 25 -194 30 -190 26 -183
 Input12> I 74 AT 1 0 N 25 -195 29 -196 30 -194
 Input12> I 75 AT 1 0 N 28 -197 25 -179 24 -192
 Input12> I 76 AT 1 0 N 28 -198 29 -195 25 -197
 Input12> I 77 AT 1 0 N 34 -199 13 -200 14 -201
 Input12> I 78 AT 1 0 N 13 -202 33 -203 12 -204
 Input12> I 79 AT 1 0 N 33 -205 34 -206 32 -207
 Input12> I 80 AT 1 0 N 33 -202 13 -199 34 -205
 Input12> I 81 AT 1 0 N 31 -208 35 -209 23 -185
 Input12> I 82 AT 1 0 N 35 -210 32 -206 34 -211
 Input12> I 83 AT 1 0 N 35 -208 31 -212 32 -210
 Input12> I 84 AT 1 0 N 35 -213 482 -170 23 -209
 Input12> I 85 AT 1 0 N 481 -214 14 -215 480 -492
 Input12> I 86 AT 1 0 N 481 -216 34 -201 14 -214
 Input12> I 87 AT 1 0 N 35 -217 481 -493 482 -213
 Input12> I 88 AT 1 0 N 35 -211 34 -216 481 -217
 Input12> I 89 AT 1 0 N 30 -218 32 -212 31 -191
 Input12> I 90 AT 1 0 N 32 -219 36 -220 33 -207
 Input12> I 91 AT 1 0 N 36 -221 30 -196 29 -222
 Input12> I 92 AT 1 0 N 36 -219 32 -218 30 -221
 Input12> I 93 AT 1 0 N 37 -223 33 -220 36 -224
 Input12> I 94 AT 1 0 N 12 -225 37 -226 11 -227
 Input12> I 95 AT 1 0 N 12 -203 33 -223 37 -225
 Input12> I 96 AT 1 0 N 9 -228 534 -548 535 -229
 Input12> I 97 AT 1 0 N 36 -230 38 -231 37 -224
 Input12> I 98 AT 1 0 N 38 -232 29 -198 28 -233
 Input12> I 99 AT 1 0 N 38 -230 36 -222 29 -232
 Input12> I 100 AT 1 0 N 39 -234 9 -235 10 -236
 Input12> I 101 AT 1 0 N 534 -237 39 -238 27 -187
 Input12> I 102 AT 1 0 N 534 -228 9 -234 39 -237
 Input12> I 103 AT 1 0 N 40 -239 37 -231 38 -240
 Input12> I 104 AT 1 0 N 11 -241 40 -242 10 -243
 Input12> I 105 AT 1 0 N 11 -226 37 -239 40 -241
 Input12> I 106 AT 1 0 N 40 -244 39 -236 10 -242
 Input12> I 107 AT 1 0 N 39 -245 28 -193 27 -238
 Input12> I 108 AT 1 0 N 28 -246 40 -240 38 -233
 Input12> I 109 AT 1 0 N 28 -245 39 -244 40 -246
 Input12> I 110 AT 1 0 N 464 -247 41 -248 463 -467
 Input12> I 111 AT 1 0 N 466 -249 475 -250 465 -468
 Input12> I 112 AT 1 0 N 593 -251 466 -469 592 -458
 Input12> I 113 AT 1 0 N 593 -494 475 -249 466 -251
 Input12> I 114 AT 1 0 N 42 -252 41 -247 464 -253
 Input12> I 115 AT 1 0 N 477 -254 42 -255 476 -495
 Input12> I 116 AT 1 0 N 477 -256 41 -252 42 -254
 Input12> I 117 AT 1 0 N 465 -257 42 -253 464 -470
 Input12> I 118 AT 1 0 N 476 -258 465 -250 475 -496
 Input12> I 119 AT 1 0 N 476 -255 42 -257 465 -258
 Input12> I 120 AT 1 0 N 45 -259 462 -260 46 -261
 Input12> I 121 AT 1 0 N 45 -262 461 -471 462 -259
 Input12> I 122 AT 1 0 N 46 -263 463 -248 41 -264
 Input12> I 123 AT 1 0 N 46 -260 462 -472 463 -263
 Input12> I 124 AT 1 0 N 477 -265 47 -266 41 -256
 Input12> I 125 AT 1 0 N 477 -497 478 -267 47 -265
 Input12> I 126 AT 1 0 N 43 -268 478 -498 479 -269
 Input12> I 127 AT 1 0 N 43 -270 47 -267 478 -268
 Input12> I 128 AT 1 0 N 47 -271 46 -264 41 -266
 Input12> I 129 AT 1 0 N 44 -272 47 -270 43 -273
 Input12> I 130 AT 1 0 N 46 -274 44 -275 45 -261
 Input12> I 131 AT 1 0 N 46 -271 47 -272 44 -274
 Input12> I 132 AT 1 0 N 48 -276 539 -549 540 -277
 Input12> I 133 AT 1 0 N 58 -278 537 -550 538 -279
 Input12> I 134 AT 1 0 N 537 -280 57 -281 536 -551
 Input12> I 135 AT 1 0 N 57 -282 58 -283 56 -284
 Input12> I 136 AT 1 0 N 57 -280 537 -278 58 -282
 Input12> I 137 AT 1 0 N 59 -285 539 -276 48 -286
 Input12> I 138 AT 1 0 N 538 -287 59 -288 58 -279
 Input12> I 139 AT 1 0 N 538 -552 539 -285 59 -287
 Input12> I 140 AT 1 0 N 56 -289 60 -290 55 -291
 Input12> I 141 AT 1 0 N 60 -292 58 -288 59 -293
 Input12> I 142 AT 1 0 N 60 -289 56 -283 58 -292
 Input12> I 143 AT 1 0 N 59 -294 49 -295 60 -293
 Input12> I 144 AT 1 0 N 59 -286 48 -296 49 -294
 Input12> I 145 AT 1 0 N 55 -297 50 -298 51 -299
 Input12> I 146 AT 1 0 N 50 -300 60 -295 49 -301
 Input12> I 147 AT 1 0 N 50 -297 55 -290 60 -300
 Input12> I 148 AT 1 0 N 51 -302 64 -303 55 -299
 Input12> I 149 AT 1 0 N 51 -304 52 -305 64 -302
 Input12> I 150 AT 1 0 N 63 -306 52 -307 53 -308
 Input12> I 151 AT 1 0 N 63 -309 64 -305 52 -306
 Input12> I 152 AT 1 0 N 53 -310 62 -311 63 -308
 Input12> I 153 AT 1 0 N 53 -312 54 -313 62 -310
 Input12> I 154 AT 1 0 N 54 -314 61 -315 62 -313
 Input12> I 155 AT 1 0 N 61 -316 45 -275 44 -317
 Input12> I 156 AT 1 0 N 61 -314 54 -318 45 -316
 Input12> I 157 AT 1 0 N 68 -319 65 -320 66 -321
 Input12> I 158 AT 1 0 N 13 -322 68 -323 14 -200
 Input12> I 159 AT 1 0 N 65 -324 13 -204 12 -325
 Input12> I 160 AT 1 0 N 65 -319 68 -322 13 -324
 Input12> I 161 AT 1 0 N 14 -326 70 -327 480 -215
 Input12> I 162 AT 1 0 N 14 -323 68 -328 70 -326
 Input12> I 163 AT 1 0 N 69 -329 66 -330 67 -331
 Input12> I 164 AT 1 0 N 68 -332 69 -333 70 -328
 Input12> I 165 AT 1 0 N 68 -321 66 -329 69 -332
 Input12> I 166 AT 1 0 N 67 -334 71 -335 69 -331
 Input12> I 167 AT 1 0 N 71 -336 61 -317 44 -337
 Input12> I 168 AT 1 0 N 71 -334 67 -338 61 -336
 Input12> I 169 AT 1 0 N 43 -339 71 -337 44 -273
 Input12> I 170 AT 1 0 N 70 -340 479 -499 480 -327
 Input12> I 171 AT 1 0 N 70 -341 43 -269 479 -340
 Input12> I 172 AT 1 0 N 43 -342 69 -335 71 -339
 Input12> I 173 AT 1 0 N 43 -341 70 -333 69 -342
 Input12> I 174 AT 1 0 N 75 -343 56 -344 76 -345
 Input12> I 175 AT 1 0 N 75 -346 57 -284 56 -343
 Input12> I 176 AT 1 0 N 76 -347 55 -303 64 -348
 Input12> I 177 AT 1 0 N 76 -344 56 -291 55 -347
 Input12> I 178 AT 1 0 N 64 -349 78 -350 76 -348
 Input12> I 179 AT 1 0 N 64 -309 63 -351 78 -349
 Input12> I 180 AT 1 0 N 67 -352 62 -315 61 -338
 Input12> I 181 AT 1 0 N 67 -353 77 -354 62 -352
 Input12> I 182 AT 1 0 N 63 -355 77 -356 78 -351
 Input12> I 183 AT 1 0 N 63 -311 62 -354 77 -355
 Input12> I 184 AT 1 0 N 76 -357 74 -358 75 -345
 Input12> I 185 AT 1 0 N 66 -359 77 -353 67 -330
 Input12> I 186 AT 1 0 N 72 -360 77 -359 66 -361
 Input12> I 187 AT 1 0 N 78 -362 74 -357 76 -350
 Input12> I 188 AT 1 0 N 78 -363 73 -364 74 -362
 Input12> I 189 AT 1 0 N 72 -365 78 -356 77 -360
 Input12> I 190 AT 1 0 N 72 -366 73 -363 78 -365
 Input12> I 191 AT 1 0 N 72 -367 79 -368 73 -366
 Input12> I 192 AT 1 0 N 65 -369 72 -361 66 -320
 Input12> I 193 AT 1 0 N 79 -370 65 -325 12 -371
 Input12> I 194 AT 1 0 N 79 -367 72 -369 65 -370
 Input12> I 195 AT 1 0 N 11 -372 79 -371 12 -227
 Input12> I 196 AT 1 0 N 80 -373 11 -243 10 -374
 Input12> I 197 AT 1 0 N 79 -375 80 -376 73 -368
 Input12> I 198 AT 1 0 N 79 -372 11 -373 80 -375
 Input12> I 199 AT 1 0 N 74 -377 80 -378 81 -379
 Input12> I 200 AT 1 0 N 74 -364 73 -376 80 -377
 Input12> I 201 AT 1 0 N 81 -380 10 -235 9 -381
 Input12> I 202 AT 1 0 N 81 -378 80 -374 10 -380
 Input12> I 203 AT 1 0 N 9 -382 82 -383 81 -381
 Input12> I 204 AT 1 0 N 82 -384 535 -553 536 -385
 Input12> I 205 AT 1 0 N 82 -382 9 -229 535 -384
 Input12> I 206 AT 1 0 N 81 -386 75 -358 74 -379
 Input12> I 207 AT 1 0 N 81 -383 82 -387 75 -386
 Input12> I 208 AT 1 0 N 57 -388 82 -385 536 -281
 Input12> I 209 AT 1 0 N 57 -346 75 -387 82 -388
 Input12> I 210 AT 1 0 N 54 -389 461 -262 45 -318
 Input12> I 211 AT 1 0 N 54 -390 460 -473 461 -389
 Input12> I 212 AT 1 0 N 598 -391 1 -100 565 -573
 Input12> I 213 AT 1 0 N 53 -392 460 -390 54 -312
 Input12> I 214 AT 1 0 N 83 -393 49 -296 48 -394
 Input12> I 215 AT 1 0 N 85 -395 83 -396 84 -397
 Input12> I 216 AT 1 0 N 49 -398 85 -399 50 -301
 Input12> I 217 AT 1 0 N 49 -393 83 -395 85 -398
 Input12> I 218 AT 1 0 N 53 -400 596 -474 460 -392
 Input12> I 219 AT 1 0 N 86 -401 522 -524 523 -402
 Input12> I 220 AT 1 0 N 522 -403 84 -404 521 -525
 Input12> I 221 AT 1 0 N 84 -405 86 -406 85 -397
 Input12> I 222 AT 1 0 N 84 -403 522 -401 86 -405
 Input12> I 223 AT 1 0 N 50 -407 87 -408 51 -298
 Input12> I 224 AT 1 0 N 87 -409 85 -406 86 -410
 Input12> I 225 AT 1 0 N 87 -407 50 -399 85 -409
 Input12> I 226 AT 1 0 N 88 -411 523 -526 596 -412
 Input12> I 227 AT 1 0 N 523 -413 87 -410 86 -402
 Input12> I 228 AT 1 0 N 523 -411 88 -414 87 -413
 Input12> I 229 AT 1 0 N 51 -415 88 -416 52 -304
 Input12> I 230 AT 1 0 N 51 -408 87 -414 88 -415
 Input12> I 231 AT 1 0 N 52 -417 596 -400 53 -307
 Input12> I 232 AT 1 0 N 52 -416 88 -412 596 -417
 Input12> I 233 AT 1 0 N 91 -418 540 -554 541 -419
 Input12> I 234 AT 1 0 N 48 -420 91 -421 83 -394
 Input12> I 235 AT 1 0 N 48 -277 540 -418 91 -420
 Input12> I 236 AT 1 0 N 541 -422 89 -423 91 -419
 Input12> I 237 AT 1 0 N 541 -555 542 -424 89 -422
 Input12> I 238 AT 1 0 N 83 -425 90 -426 84 -396
 Input12> I 239 AT 1 0 N 90 -427 91 -423 89 -428
 Input12> I 240 AT 1 0 N 90 -425 83 -421 91 -427
 Input12> I 241 AT 1 0 N 92 -429 84 -426 90 -430
 Input12> I 242 AT 1 0 N 521 -431 92 -432 520 -527
 Input12> I 243 AT 1 0 N 521 -404 84 -429 92 -431
 Input12> I 244 AT 1 0 N 542 -433 93 -434 89 -424
 Input12> I 245 AT 1 0 N 542 -556 543 -435 93 -433
 Input12> I 246 AT 1 0 N 90 -436 94 -437 92 -430
 Input12> I 247 AT 1 0 N 94 -438 89 -434 93 -439
 Input12> I 248 AT 1 0 N 94 -436 90 -428 89 -438
 Input12> I 249 AT 1 0 N 95 -440 92 -437 94 -441
 Input12> I 250 AT 1 0 N 520 -442 95 -443 519 -528
 Input12> I 251 AT 1 0 N 520 -432 92 -440 95 -442
 Input12> I 252 AT 1 0 N 96 -444 93 -435 543 -445
 Input12> I 253 AT 1 0 N 519 -446 96 -447 518 -529
 Input12> I 254 AT 1 0 N 93 -448 95 -441 94 -439
 Input12> I 255 AT 1 0 N 95 -449 96 -446 519 -443
 Input12> I 256 AT 1 0 N 95 -448 93 -444 96 -449
 Input12> I 257 AT 1 0 N 544 -450 96 -445 543 -557
 Input12> I 258 AT 1 0 N 1 -451 517 -452 599 -103
 Input12> I 259 AT 1 0 N 1 -391 598 -530 517 -451
 Input12> I 260 AT 1 0 N 517 -453 97 -454 599 -452
 Input12> I 261 AT 1 0 N 97 -455 544 -558 599 -454
 Input12> I 262 AT 1 0 N 97 -456 96 -450 544 -455
 Input12> I 263 AT 1 0 N 518 -457 97 -453 517 -531
 Input12> I 264 AT 1 0 N 518 -447 96 -456 97 -457
 Input12>! Samcef Bank File : GROUPS.
 Input12>! --------------------------
 Input12>.SEL
  Current accuracy =  2.40000000E-01
 Input12> GROUP 1 MAILLE NOM "2d_mesh(1)_0"
 Input12> I 1 J 264 K 1
 Input12> GROUP 2 NOEUDS NOM "Fixed(1)"
 Input12> I 559 J 573 K 1
 Input12> I 598
 Input12> I 600
 Input12> GROUP 3 NOEUDS NOM "UserDefined(1)"
 Input12> I 458
 Input12> I 459
 Input12> I 592 J 595 K 1
 Input12>! Samcef Bank File: MATERIALS.
 Input12>! ----------------------------
 Input12>.MAT
 Input12>! Materiau 1::Coarse Model_fem1::[1]
 Input12>   I 1 BEHA "ELASTIC"
 Input12>   YT 2.1e+08  ! Young's modulus (E)
 Input12>   NT 0.3  ! Poisson's ratio (NU)
 Input12>   M 7.85e-06  !  Mass Density (Rho)
 Input12> 
 Input12>! Samcef Bank File: HYPOTHESES
 Input12>! ----------------------------
 Input12>.HYP MEMB BIDIM GROUP "2d_mesh(1)_0"
 Input12>! Samcef Bank File: Physicals Properties
 Input12>! --------------------------------------
 Input12>.PHP
 Input12>!Plane Stress XY(1)
 Input12> GROUP "2d_mesh(1)_0" THICK VAL 30 ! Thickness
 Input12>! Samcef Bank File: CONSTRAINTS.
 Input12>! ------------------------------
 Input12>.CLM ADD
 Input12>!
 Input12>! Fixed(1)
 Input12> GROUP "Fixed(1)" FIX C 1 2 3 4 5 6
 Input12> 
 Input12>!
 Input12>! UserDefined(1)
 Input12> GROUP "UserDefined(1)" FIX C 1 6
 Input12> 
 Input12>! Samcef Bank File: LOADS.
 Input12>! ------------------------
 Input12>.CLM ADD
 Input12> STRU ACC VAL 0 -9810 0
 Input12> 
 Input12> ARETE I 32 3 PRE V 1000
 Input12> ARETE I 35 1 PRE V 1000
 Input12> ARETE I 41 2 PRE V 1000
 Input12> ARETE I 46 2 PRE V 1000
 Input12> ARETE I 56 3 PRE V 1000
 Input12> ARETE I 85 3 PRE V 1000
 Input12> ARETE I 87 2 PRE V 1000
 Input12> ARETE I 113 1 PRE V 1000
 Input12> ARETE I 115 3 PRE V 1000
 Input12> ARETE I 118 3 PRE V 1000
 Input12> ARETE I 125 1 PRE V 1000
 Input12> ARETE I 126 2 PRE V 1000
 Input12> ARETE I 170 2 PRE V 1000
 Input12> 
 Input12> NOEUD 475 CHA  C 2 V 1.24476e+06
 Input12> NOEUD 476 CHA  C 2 V 1.29863e+06
 Input12> NOEUD 477 CHA  C 2 V 1.29863e+06
 Input12> NOEUD 478 CHA  C 2 V 1.29863e+06
 Input12> NOEUD 479 CHA  C 2 V 1.29863e+06
 Input12> NOEUD 480 CHA  C 2 V 1.29863e+06
 Input12> NOEUD 481 CHA  C 2 V 1.29863e+06
 Input12> NOEUD 482 CHA  C 2 V 1.29863e+06
 Input12> NOEUD 483 CHA  C 2 V 1.29863e+06
 Input12> NOEUD 484 CHA  C 2 V 1.29863e+06
 Input12> NOEUD 485 CHA  C 2 V 1.29863e+06
 Input12> NOEUD 486 CHA  C 2 V 1.24476e+06
 Input12> NOEUD 487 CHA  C 2 V 2.59725e+06
 Input12> NOEUD 488 CHA  C 2 V 2.38177e+06
 Input12> NOEUD 489 CHA  C 2 V 2.59726e+06
 Input12> NOEUD 490 CHA  C 2 V 2.59725e+06
 Input12> NOEUD 491 CHA  C 2 V 2.59725e+06
 Input12> NOEUD 492 CHA  C 2 V 2.59725e+06
 Input12> NOEUD 493 CHA  C 2 V 2.59726e+06
 Input12> NOEUD 494 CHA  C 2 V 2.38177e+06
 Input12> NOEUD 495 CHA  C 2 V 2.59725e+06
 Input12> NOEUD 496 CHA  C 2 V 2.59725e+06
 Input12> NOEUD 497 CHA  C 2 V 2.59726e+06
 Input12> NOEUD 498 CHA  C 2 V 2.59725e+06
 Input12> NOEUD 499 CHA  C 2 V 2.59726e+06
 Input12> NOEUD 593 CHA  C 2 V 595442
 Input12> NOEUD 594 CHA  C 2 V 595442
 Input12> 
 Input12>! Samcef Bank File: Elements Attributes
 Input12>! -------------------------------------
 Input12>.AEL
 Input12> I 1 THETA -58.2012
 Input12> I 2 THETA -125.629
 Input12> I 3 THETA 123.635
 Input12> I 4 THETA 58.5564
 Input12> I 5 THETA -58.0187
 Input12> I 6 THETA -122.568
 Input12> I 7 THETA 122.208
 Input12> I 8 THETA 58.0866
 Input12> I 9 THETA -57.9974
 Input12> I 10 THETA -122.097
 Input12> I 11 THETA 122.029
 Input12> I 12 THETA 58.0103
 Input12> I 13 THETA -58.0162
 Input12> I 14 THETA -122.021
 Input12> I 15 THETA 122.008
 Input12> I 16 THETA 58.0187
 Input12> I 17 THETA -58.1295
 Input12> I 18 THETA -122.029
 Input12> I 19 THETA 122.027
 Input12> I 20 THETA 58.1299
 Input12> I 21 THETA -58.9018
 Input12> I 22 THETA -122.14
 Input12> I 23 THETA 122.14
 Input12> I 24 THETA 58.9018
 Input12> I 25 THETA 122.895
 Input12> I 26 THETA 116.09
 Input12> I 27 THETA -127.247
 Input12> I 28 THETA 180
 Input12> I 29 THETA 63.9105
 Input12> I 30 THETA -52.7531
 Input12> I 31 THETA -116.089
 Input12> I 32 THETA -53.7937
 Input12> I 33 THETA 133.853
 Input12> I 34 THETA -97.6846
 Input12> I 35 THETA -173.571
 Input12> I 36 THETA -113.457
 Input12> I 37 THETA 127.141
 Input12> I 38 THETA 1.70218
 Input12> I 39 THETA -52.8592
 Input12> I 40 THETA 176.225
 Input12> I 41 THETA 124.48
 Input12> I 42 THETA 136.345
 Input12> I 43 THETA 34.2237
 Input12> I 44 THETA 0
 Input12> I 45 THETA -170.059
 Input12> I 46 THETA 84.3244
 Input12> I 47 THETA 9.94074
 Input12> I 48 THETA 63.6373
 Input12> I 49 THETA 0
 Input12> I 50 THETA 61.8109
 Input12> I 51 THETA 119.646
 Input12> I 52 THETA 59.3597
 Input12> I 53 THETA -62.5299
 Input12> I 54 THETA -120.64
 Input12> I 55 THETA -115.599
 Input12> I 56 THETA 1.76116
 Input12> I 57 THETA -55.5197
 Input12> I 58 THETA -179.224
 Input12> I 59 THETA 124.967
 Input12> I 60 THETA 64.1624
 Input12> I 61 THETA -62.5554
 Input12> I 62 THETA 56.2644
 Input12> I 63 THETA -0.468098
 Input12> I 64 THETA 124.645
 Input12> I 65 THETA -117.147
 Input12> I 66 THETA -171.55
 Input12> I 67 THETA 63.8178
 Input12> I 68 THETA -52.5794
 Input12> I 69 THETA 126.912
 Input12> I 70 THETA -128.197
 Input12> I 71 THETA 68.0302
 Input12> I 72 THETA -68.9499
 Input12> I 73 THETA 137.964
 Input12> I 74 THETA 93.5637
 Input12> I 75 THETA -132.744
 Input12> I 76 THETA 176.829
 Input12> I 77 THETA 47.9851
 Input12> I 78 THETA -67.2631
 Input12> I 79 THETA 172.593
 Input12> I 80 THETA 112.737
 Input12> I 81 THETA 125.056
 Input12> I 82 THETA -1.6514
 Input12> I 83 THETA -54.9444
 Input12> I 84 THETA -179.629
 Input12> I 85 THETA 39.0096
 Input12> I 86 THETA -7.26464
 Input12> I 87 THETA 127.77
 Input12> I 88 THETA 56.0595
 Input12> I 89 THETA 125.85
 Input12> I 90 THETA -0.695217
 Input12> I 91 THETA -114.745
 Input12> I 92 THETA 179.305
 Input12> I 93 THETA 170.779
 Input12> I 94 THETA -70.4613
 Input12> I 95 THETA -131.294
 Input12> I 96 THETA -70.2152
 Input12> I 97 THETA -3.10913
 Input12> I 98 THETA -116.213
 Input12> I 99 THETA 176.891
 Input12> I 100 THETA 40.5322
 Input12> I 101 THETA 153.783
 Input12> I 102 THETA 109.785
 Input12> I 103 THETA 162.248
 Input12> I 104 THETA -75.9792
 Input12> I 105 THETA -134.889
 Input12> I 106 THETA -22.4558
 Input12> I 107 THETA -145.746
 Input12> I 108 THETA 91.8146
 Input12> I 109 THETA 34.2538
 Input12> I 110 THETA -55.2841
 Input12> I 111 THETA -86.3774
 Input12> I 112 THETA 43.8394
 Input12> I 113 THETA -6.42898
 Input12> I 114 THETA -5.79984
 Input12> I 115 THETA 103.457
 Input12> I 116 THETA 59.9027
 Input12> I 117 THETA -47.8116
 Input12> I 118 THETA 95.6768
 Input12> I 119 THETA 39.6602
 Input12> I 120 THETA 124.603
 Input12> I 121 THETA 58.2925
 Input12> I 122 THETA 125.497
 Input12> I 123 THETA 63.261
 Input12> I 124 THETA 4.23856
 Input12> I 125 THETA -47.9219
 Input12> I 126 THETA 175.013
 Input12> I 127 THETA 126.05
 Input12> I 128 THETA 63.9397
 Input12> I 129 THETA -177.23
 Input12> I 130 THETA -55.2508
 Input12> I 131 THETA -116.06
 Input12> I 132 THETA -64.2439
 Input12> I 133 THETA -66.034
 Input12> I 134 THETA 174.7
 Input12> I 135 THETA 57.7186
 Input12> I 136 THETA -5.29987
 Input12> I 137 THETA -2.23242
 Input12> I 138 THETA 115.063
 Input12> I 139 THETA 57.9946
 Input12> I 140 THETA 57.9151
 Input12> I 141 THETA -64.6913
 Input12> I 142 THETA -122.085
 Input12> I 143 THETA 116.327
 Input12> I 144 THETA 58.0372
 Input12> I 145 THETA 58.1772
 Input12> I 146 THETA -63.5004
 Input12> I 147 THETA -121.823
 Input12> I 148 THETA -124.919
 Input12> I 149 THETA 171.872
 Input12> I 150 THETA 50.7593
 Input12> I 151 THETA -8.15402
 Input12> I 152 THETA -129.139
 Input12> I 153 THETA 175.635
 Input12> I 154 THETA -125.082
 Input12> I 155 THETA 121.072
 Input12> I 156 THETA 54.9182
 Input12> I 157 THETA -15.2307
 Input12> I 158 THETA 108.083
 Input12> I 159 THETA -134.384
 Input12> I 160 THETA 164.769
 Input12> I 161 THETA 104.238
 Input12> I 162 THETA 43.647
 Input12> I 163 THETA -16.9469
 Input12> I 164 THETA 104.591
 Input12> I 165 THETA 43.2232
 Input12> I 166 THETA 167.032
 Input12> I 167 THETA 56.7068
 Input12> I 168 THETA -12.9677
 Input12> I 169 THETA 21.3807
 Input12> I 170 THETA 163.526
 Input12> I 171 THETA 104.891
 Input12> I 172 THETA -24.2015
 Input12> I 173 THETA -75.1093
 Input12> I 174 THETA 57.6104
 Input12> I 175 THETA -6.02138
 Input12> I 176 THETA 57.481
 Input12> I 177 THETA -3.60247
 Input12> I 178 THETA -125.381
 Input12> I 179 THETA 171.846
 Input12> I 180 THETA 49.255
 Input12> I 181 THETA -13.2339
 Input12> I 182 THETA -132.564
 Input12> I 183 THETA 170.603
 Input12> I 184 THETA -119.698
 Input12> I 185 THETA 43.7336
 Input12> I 186 THETA 102.766
 Input12> I 187 THETA -54.1955
 Input12> I 188 THETA -98.9704
 Input12> I 189 THETA 34.5436
 Input12> I 190 THETA -24.3759
 Input12> I 191 THETA -76.8984
 Input12> I 192 THETA 42.8198
 Input12> I 193 THETA 164.438
 Input12> I 194 THETA 103.102
 Input12> I 195 THETA 108.044
 Input12> I 196 THETA -132.013
 Input12> I 197 THETA -12.7381
 Input12> I 198 THETA -71.9555
 Input12> I 199 THETA -123.798
 Input12> I 200 THETA -177.55
 Input12> I 201 THETA -130.432
 Input12> I 202 THETA 170.254
 Input12> I 203 THETA 53.2324
 Input12> I 204 THETA -68.8247
 Input12> I 205 THETA -126.768
 Input12> I 206 THETA 55.4291
 Input12> I 207 THETA -10.2277
 Input12> I 208 THETA -123.457
 Input12> I 209 THETA 173.979
 Input12> I 210 THETA 120.515
 Input12> I 211 THETA 53.2234
 Input12> I 212 THETA -59.8173
 Input12> I 213 THETA 113.137
 Input12> I 214 THETA -121.7
 Input12> I 215 THETA 0.534051
 Input12> I 216 THETA 119.16
 Input12> I 217 THETA 58.3003
 Input12> I 218 THETA 50.105
 Input12> I 219 THETA 94.1324
 Input12> I 220 THETA -28.2721
 Input12> I 221 THETA -163.171
 Input12> I 222 THETA 151.728
 Input12> I 223 THETA 118.798
 Input12> I 224 THETA 0.277448
 Input12> I 225 THETA -61.2022
 Input12> I 226 THETA 79.0913
 Input12> I 227 THETA -58.7554
 Input12> I 228 THETA -100.909
 Input12> I 229 THETA 113.835
 Input12> I 230 THETA 59.2958
 Input12> I 231 THETA 101.006
 Input12> I 232 THETA 48.3109
 Input12> I 233 THETA -63.6193
 Input12> I 234 THETA 56.9444
 Input12> I 235 THETA -1.54815
 Input12> I 236 THETA 118.665
 Input12> I 237 THETA 57.9946
 Input12> I 238 THETA 53.626
 Input12> I 239 THETA -64.6688
 Input12> I 240 THETA -126.374
 Input12> I 241 THETA -141.043
 Input12> I 242 THETA -22.4196
 Input12> I 243 THETA -85.6821
 Input12> I 244 THETA 125.858
 Input12> I 245 THETA 57.9946
 Input12> I 246 THETA 48.1586
 Input12> I 247 THETA -58.8602
 Input12> I 248 THETA -131.841
 Input12> I 249 THETA -149.771
 Input12> I 250 THETA -27.7029
 Input12> I 251 THETA -88.295
 Input12> I 252 THETA -110.259
 Input12> I 253 THETA -29.7277
 Input12> I 254 THETA 139.68
 Input12> I 255 THETA 21.1281
 Input12> I 256 THETA -40.3196
 Input12> I 257 THETA 176.717
 Input12> I 258 THETA 173.295
 Input12> I 259 THETA 120.183
 Input12> I 260 THETA -94.689
 Input12> I 261 THETA -58.5064
 Input12> I 262 THETA -135.914
 Input12> I 263 THETA -27.3264
 Input12> I 264 THETA -84.4985
 Input12> 
 Input12> I 1 J 264 K 1 MAT 1
 Input12>! Samcef Bank File: .SAI
 Input12>! ----------------------
 Input12>.SAI
 Input12> ARCHIVE STRUCTURE STYPE -221 !Suppress obsolete code
 Input12>! Element Output Requests
 Input12> ARCHIVE STRUCTURE STYP 1437 1438  3437 3438   ! Normal Forces Moments (Samcef default)
 Input12> ARCHIVE STRUCTURE STYP 1524 1525 1251  3524 3525 3251   ! Shear Forces Moments (Samcef default)
 Input12> ARCHIVE STRUCTURE STYP 1440  3440   ! Normal Stress Beams Rods (Samcef default)
 Input12> ARCHIVE STRUCTURE STYP 1450  3450   ! Shear Stress Beams (Samcef default)
 Input12> ARCHIVE STRUCTURE STYP 1411 3411 1436 1435 1431 3436 3435 3431  ! Linear Stress Tensor (Samcef default)
 Input12> ARCHIVE STRUCTURE STYP 1421 3421 1446 1445  3446 3445  1528  3528   ! Total Strain Tensor (Samcef default)
 Input12>! Nodal Output Requests
 Input12> ARCHIVE STRUCTURE STYP 223   ! Force Reaction
 Input12> ARCHIVE STRUCTURE STYP 224   ! Torque Reaction
 Input12>! User Codes Output Requests
 Input12> 
 Input12>! Summary of the model
 Input12>! --------------------
 Input12>! Number of nodes: 601
 Input12>! Minimum node id: 1
 Input12>! Maximum node id: 601
 Input12>! Number of elements: 264
 Input12>! Minimum element id: 1
 Input12>! Maximum element id: 264
 Input12> 
 Input12>!User Epilog
 Input12>!-------------
 Input12>! Declaration of abreviations for the Epilog:
 Input12>! ==========================================
 Input12>! Greater Node Number:     NUMBERMAXNODE
 Input12>#INQ (/NUMBERMAXNODE,NOD,,MAX)
 Input12>! Greater Element Number:  NUMBERMAXELEMENT
 Input12>#INQ (/NUMBERMAXELEMENT,ELE,,MAX)
 Input12>! Greater Function Number: NUMBERMAXFUNCTION
 Input12>#INQ (/NUMBERMAXFUNCTION,FUN,,MAX)
 Input12>! Greater Material Number: NUMBERMAXMATERIAL
 Input12>#INQ (/NUMBERMAXMATERIAL,MAT,,MAX)
 Input12>! No User Epilog defined for the current solution.
 Input12> 
 Input12> 
 Input12>! No Warning Messages
 Input12>! No Error Messages
 Input12>! No Critical Messages
 Input12> 
 Input12>RETURN

 Samcef File (Binary) :  3 - "Y:\NX\Rapports\T6 x 05\Coarse\Coarse_Model_sim1-Solution_1.sam"


      SAMCEF FILE CREATION
      ********************
    NR  DATA TYPE            OBJECT NAME   RECORDS
 =================================================
     1  TITLE       
     2  NODES-.NOE            (.NOE)        601
     3  ELEMENT-.MAI          (.MAI)        264
     4  HYPOTHESIS            (.HYP)        264
     5  FIXATIONS             (.CLM)         23
     6  LOADS (.CHA)            ?CLM

      DB FILE CREATION
      ****************

 Saving the auxiliary memory in the DB ...
 Saving the rotation matrix in the DB ...
 Saving the ABREviations in the DB ...
 Saving the release flag in the DB ...
 Writing the DB on a binary file ...
 DB File     : "Y:\NX\Rapports\T6 x 05\Coarse\Coarse_Model_sim1-Solution_1.sdb"

@@@CSH:SMGFIN: I_RUNSUCCESS
 -------------------------------------------------------------------------------
 File size statistics
 File name                                                            Size
 -------------------------------------------------------------------------------
 C:\PROGRA~1\Siemens\NX12~1.0\SIMULA~1\samcef\Exec\pilote.dat       189154 Bytes
 Y... ports\T6 x 05\Coarse\Coarse_Model_sim1-Solution_1_ba.w02        4598 Bytes
 Y... Rapports\T6 x 05\Coarse\Coarse_Model_sim1-Solution_1.sam      186192 Bytes
 Y... Rapports\T6 x 05\Coarse\Coarse_Model_sim1-Solution_1.spy        1092 Bytes
 Y... Rapports\T6 x 05\Coarse\Coarse_Model_sim1-Solution_1.dat       44237 Bytes
 Y... Rapports\T6 x 05\Coarse\Coarse_Model_sim1-Solution_1.sdb     2269048 Bytes
 C:\PROGRA~1\Siemens\NX12~1.0\SIMULA~1\samcef\Exec\dic.dic          445236 Bytes
 C:\PROGRA~1\Siemens\NX12~1.0\SIMULA~1\samcef\Exec\samcef.proc       84311 Bytes
 -------------------------------------------------------------------------------
SAMCEF: Module bacon completed
SAMCEF: Running module asef
@@@CSH:SMGINI: ASEF
@@@CSH:SMGINT: PID =    13964 : Current Process ID
@@@CSH:SMGSTG:  1 /  4 : Data Analysis
@@@CSH:SMGSTG:  2 /  4 : Element Generation
@@@CSH:SMGSTG:  3 /  4 : Frontal Resolution
@@@CSH:SMGSTG:  4 /  4 : Stress Computation
@@@CSH:SMGBEG:  1 /  4 : Data Analysis
@@@CSH:SMGEVO:     1 /     4 : Front Width Optimization
@@@CSH:SMGEVO:     2 /     4 : Dof Numbering
@@@CSH:SMGEVO:     3 /     4 : Substructuring
@@@CSH:SMGEVO:     4 /     4 : Resource Estimation
@@@CSH:SMGINT: NBRDDL =     1162 : Number of dof's
@@@CSH:SMGINF: Disk space report for device "Y:\"
@@@CSH:SMGREA: DISKFREE =   105875.398 : Free disk space (Mb).
@@@CSH:SMGREA: DISKREQUIRED =       12.000 : Required disk space (Mb).
@@@CSH:SMGEND: -1 /  4 : Data Analysis
@@@CSH:SMGBEG:  2 /  4 : Element Generation
@@@CSH:SMGEVO:     1 /   264 : Elements generated@@@CSH:SMGEVO:   264 /   264 : Elements generated
@@@CSH:SMGREA: TOTSURF%AREA = 4.2682637201044E5 : Total surface.
@@@CSH:SMGREA: TOTVOLUME%VOLUME = 1.2804791160313E7 : Total volume.
@@@CSH:SMGREA: TOTMASS%MASS = 1.0051761060846E2 : Total mass.
@@@CSH:SMGEND: -2 /  4 : Element Generation
@@@CSH:SMGBEG:  3 /  4 : Sparse Solver
@@@CSH:SMGEVO:     0 /   100 : Factorization %
@@@CSH:SMGREA: TOTENERGY%ENERGY =  6.34352261E+06 : Total potential energy, load case 1
@@@CSH:SMGEND: -3 /  4 : Sparse Solver
@@@CSH:SMGBEG:  4 /  4 : Stress Computation
@@@CSH:SMGEVO:     1 /   264 : Elements treated@@@CSH:SMGEVO:   264 /   264 : Elements treated
@@@CSH:SMGEND: -4 /  4 : Stress Computation
@@@CSH:SMGINT: NBRWRN =        0 : Number of warning(s)
@@@CSH:SMGINT: NBRERR =        0 : Number of error(s)
@@@CSH:SMGFIN: I_RUNSUCCESS
SAMCEF: Module asef completed
 User requested workspace             131000000 words  (    1048 MBytes)
@@@CSH:SMGINI: FAC
@@@CSH:SMGINT: PID =    13336 : Current Process ID
 Release : 18.1 (18.1-01) - Date : 7-Jun-2017  (LONG INTEGERS)

 ===============================================================================
 Status of the DB            : "Coarse_Model_sim1-Solution_1"
 ================
 DB created by BACON for Ismael (APR 21 2018 11:45:54)
 modified   by BACON for Ismael (APR 21 2018 11:45:54)
 modified   by ASEF for Ismael (APR 21 2018 11:45:54)
 Release                     :   18.1- 1
 DB file name                : "Y:\NX\Rapports\T6 x 05\Coarse\Coarse_Model_sim1-Solution_1.sdb"
 DB size                     :         448799 (Max=       262257599)
 Memory allocated            :         449100
 Size of the garbage         :              4 (  0.00% of the DB size)
 Relational level            :              0
 Object counter              :            879
 Pagination flag             :        on (not yet triggered)
 Swap count                  :             40 page I/O on disk
 Used pages in memory        :             45 on              45
 Used records in swap file   :              0 on           39713
 Page alignment garbage      :            301 (  0.07% of the DB size)
 Archive length :            :              0
 Archive garbage :           :              0
 Archive loading endian swap :              0
 ===============================================================================
----------------------------------------------------------------------
    MEMORY ALLOCATION / DB:                     130540897    449102
----------------------------------------------------------------------
 +===============================================================+======+======+
 !  Processed Data                                               ! Code ! Type !
 +===============================================================+======+======+
 ! "Creation date of the display file  [APR 21 2018 11:45:56]"   !   24 ! CHAR !
 !---------------------------------------------------------------!------!------!
 ! "Module name  [ASEF]"                                         !   23 ! CHAR !
 !---------------------------------------------------------------!------!------!
 ! "Number of errors  [0]"                                       !   59 ! INTG !
 !---------------------------------------------------------------!------!------!
 ! "Number of warnings  [0]"                                     !   60 ! INTG !
 !---------------------------------------------------------------!------!------!
 ! "CPU Time (Sec.)  [1]"                                        ! 1006 ! INTG !
 !---------------------------------------------------------------!------!------!
 ! "Elapsed Time (Sec.)  [2]"                                    ! 1007 ! INTG !
 !---------------------------------------------------------------!------!------!
 ! "Elements  [264]"                                             !    2 ! INTG !
 !---------------------------------------------------------------!------!------!
 ! "Nodes  [601]"                                                !    1 ! INTG !
 !---------------------------------------------------------------!------!------!
 ! "Nodal coordinates (X,Y,Z)"                                   !  153 ! REAL !
 !---------------------------------------------------------------!------!------!
 ! "Nodal displacements (DX,DY,DZ)"                              !  163 ! REAL !
 !---------------------------------------------------------------!------!------!
 ! "Reaction - effort"                                           !  223 ! REAL !
 !---------------------------------------------------------------!------!------!
 !  "Subset Nr          1"                                       !      !      !
 !---------------------------------------------------------------!------!------!
 ! "Stress tensor"                                               ! 1411 ! REAL !
 !---------------------------------------------------------------!------!------!
 ! "Strain tensor"                                               ! 1421 ! REAL !
 !---------------------------------------------------------------!------!------!
 ! "Stress tensor"                                               ! 3411 ! REAL !
 !---------------------------------------------------------------!------!------!
 ! "Strain tensor"                                               ! 3421 ! REAL !
 !---------------------------------------------------------------!------!------!
 ! "Status of the FAC program"                                   !   62 !      !
 !---------------------------------------------------------------!------!------!
 ! "FAC Pointers"                                                ! 1073 ! INTG !
 !---------------------------------------------------------------!------!------!
@@@CSH:SMGFIN: I_RUNSUCCESS
 -------------------------------------------------------------------------------
 File size statistics
 File name                                                            Size
 -------------------------------------------------------------------------------
 Coarse_Model_sim1-Solution_1_as.u18                                780560 Bytes
 Coarse_Model_sim1-Solution_1_as.des                                  4477 Bytes
 Coarse_Model_sim1-Solution_1_as.fac                                123668 Bytes
 C:\PROGRA~1\Siemens\NX12~1.0\SIMULA~1\samcef\Exec\dic.dic          445236 Bytes
 C... ution_1000014720.dir\Coarse_Model_sim1-Solution_1_fa.w07      172368 Bytes
 C... ution_1000014720.dir\Coarse_Model_sim1-Solution_1_fa.w10      320416 Bytes
 C:\PROGRA~1\Siemens\NX12~1.0\SIMULA~1\samcef\Exec\samdb.fde        292703 Bytes
 Y... Rapports\T6 x 05\Coarse\Coarse_Model_sim1-Solution_1.sdb     2638872 Bytes
 Y... ution_1000014720.dir\Coarse_Model_sim1-Solution_1_fa.w80     1056000 Bytes
 C:\PROGRA~1\Siemens\NX12~1.0\SIMULA~1\samcef\Exec\samcef.proc       84311 Bytes
 -------------------------------------------------------------------------------
